CONSULTA 2

MIL
ITERACION 1
"Limit  (cost=95.44..95.44 rows=1 width=44) (actual time=17.407..17.422 rows=1 loops=1)"
"  ->  Sort  (cost=95.44..95.45 rows=4 width=44) (actual time=17.405..17.418 rows=1 loops=1)"
"        Sort Key: (sum(b.monto)) DESC"
"        Sort Method: top-N heapsort  Memory: 25kB"
"        ->  GroupAggregate  (cost=95.35..95.42 rows=4 width=44) (actual time=16.848..17.390 rows=10 loops=1)"
"              Group Key: t.direccion"
"              ->  Sort  (cost=95.35..95.36 rows=4 width=40) (actual time=16.767..16.915 rows=360 loops=1)"
"                    Sort Key: t.direccion"
"                    Sort Method: quicksort  Memory: 55kB"
"                    ->  Append  (cost=4.57..95.31 rows=4 width=40) (actual time=0.116..15.818 rows=360 loops=1)"
"                          ->  Nested Loop  (cost=4.57..44.62 rows=2 width=40) (actual time=0.115..6.963 rows=155 loops=1)"
"                                ->  Nested Loop  (cost=4.29..43.89 rows=2 width=13) (actual time=0.087..4.255 rows=155 loops=1)"
"                                      ->  Seq Scan on boleta b  (cost=0.00..34.00 rows=1 width=13) (actual time=0.036..1.358 rows=84 loops=1)"
"                                            Filter: ((date_part('MONTH'::text, (fecha)::timestamp without time zone) = '2'::double precision) AND (date_part('YEAR'::text, (fecha)::timestamp without time zone) = '2020'::double precision))"
"                                            Rows Removed by Filter: 916"
"                                      ->  Bitmap Heap Scan on realiza_boleta rb  (cost=4.29..9.87 rows=2 width=18) (actual time=0.023..0.027 rows=2 loops=84)"
"                                            Recheck Cond: ((dni_cliente)::text = (b.dni)::text)"
"                                            Heap Blocks: exact=148"
"                                            ->  Bitmap Index Scan on pk_realiza_boleta  (cost=0.00..4.29 rows=2 width=0) (actual time=0.016..0.016 rows=2 loops=84)"
"                                                  Index Cond: ((dni_cliente)::text = (b.dni)::text)"
"                                ->  Index Scan using pk_terapista on terapista t  (cost=0.28..0.37 rows=1 width=45) (actual time=0.014..0.014 rows=1 loops=155)"
"                                      Index Cond: ((dni)::text = (rb.dni_terapista)::text)"
"                          ->  Nested Loop  (cost=4.57..50.62 rows=2 width=40) (actual time=0.098..8.640 rows=205 loops=1)"
"                                ->  Nested Loop  (cost=4.29..49.89 rows=2 width=13) (actual time=0.075..4.848 rows=205 loops=1)"
"                                      ->  Seq Scan on factura f  (cost=0.00..40.00 rows=1 width=13) (actual time=0.044..1.497 rows=90 loops=1)"
"                                            Filter: ((date_part('MONTH'::text, (fecha)::timestamp without time zone) = '2'::double precision) AND (date_part('YEAR'::text, (fecha)::timestamp without time zone) = '2020'::double precision))"
"                                            Rows Removed by Filter: 910"
"                                      ->  Bitmap Heap Scan on realiza_factura rf  (cost=4.29..9.87 rows=2 width=18) (actual time=0.024..0.030 rows=2 loops=90)"
"                                            Recheck Cond: ((dni_cliente)::text = (f.dni)::text)"
"                                            Heap Blocks: exact=185"
"                                            ->  Bitmap Index Scan on pk_realiza_factura  (cost=0.00..4.29 rows=2 width=0) (actual time=0.017..0.017 rows=2 loops=90)"
"                                                  Index Cond: ((dni_cliente)::text = (f.dni)::text)"
"                                ->  Index Scan using pk_terapista on terapista t_1  (cost=0.28..0.37 rows=1 width=45) (actual time=0.015..0.015 rows=1 loops=205)"
"                                      Index Cond: ((dni)::text = (rf.dni_terapista)::text)"
"Planning Time: 7.722 ms"
"Execution Time: 17.635 ms"

ITERACION 2
"Limit  (cost=95.44..95.44 rows=1 width=44) (actual time=4.145..4.151 rows=1 loops=1)"
"  ->  Sort  (cost=95.44..95.45 rows=4 width=44) (actual time=4.143..4.149 rows=1 loops=1)"
"        Sort Key: (sum(b.monto)) DESC"
"        Sort Method: top-N heapsort  Memory: 25kB"
"        ->  GroupAggregate  (cost=95.35..95.42 rows=4 width=44) (actual time=3.966..4.138 rows=10 loops=1)"
"              Group Key: t.direccion"
"              ->  Sort  (cost=95.35..95.36 rows=4 width=40) (actual time=3.941..3.992 rows=360 loops=1)"
"                    Sort Key: t.direccion"
"                    Sort Method: quicksort  Memory: 55kB"
"                    ->  Append  (cost=4.57..95.31 rows=4 width=40) (actual time=0.051..3.693 rows=360 loops=1)"
"                          ->  Nested Loop  (cost=4.57..44.62 rows=2 width=40) (actual time=0.050..1.453 rows=155 loops=1)"
"                                ->  Nested Loop  (cost=4.29..43.89 rows=2 width=13) (actual time=0.037..0.906 rows=155 loops=1)"
"                                      ->  Seq Scan on boleta b  (cost=0.00..34.00 rows=1 width=13) (actual time=0.021..0.262 rows=84 loops=1)"
"                                            Filter: ((date_part('MONTH'::text, (fecha)::timestamp without time zone) = '2'::double precision) AND (date_part('YEAR'::text, (fecha)::timestamp without time zone) = '2020'::double precision))"
"                                            Rows Removed by Filter: 916"
"                                      ->  Bitmap Heap Scan on realiza_boleta rb  (cost=4.29..9.87 rows=2 width=18) (actual time=0.005..0.006 rows=2 loops=84)"
"                                            Recheck Cond: ((dni_cliente)::text = (b.dni)::text)"
"                                            Heap Blocks: exact=148"
"                                            ->  Bitmap Index Scan on pk_realiza_boleta  (cost=0.00..4.29 rows=2 width=0) (actual time=0.004..0.004 rows=2 loops=84)"
"                                                  Index Cond: ((dni_cliente)::text = (b.dni)::text)"
"                                ->  Index Scan using pk_terapista on terapista t  (cost=0.28..0.37 rows=1 width=45) (actual time=0.003..0.003 rows=1 loops=155)"
"                                      Index Cond: ((dni)::text = (rb.dni_terapista)::text)"
"                          ->  Nested Loop  (cost=4.57..50.62 rows=2 width=40) (actual time=0.034..2.197 rows=205 loops=1)"
"                                ->  Nested Loop  (cost=4.29..49.89 rows=2 width=13) (actual time=0.027..1.346 rows=205 loops=1)"
"                                      ->  Seq Scan on factura f  (cost=0.00..40.00 rows=1 width=13) (actual time=0.013..0.508 rows=90 loops=1)"
"                                            Filter: ((date_part('MONTH'::text, (fecha)::timestamp without time zone) = '2'::double precision) AND (date_part('YEAR'::text, (fecha)::timestamp without time zone) = '2020'::double precision))"
"                                            Rows Removed by Filter: 910"
"                                      ->  Bitmap Heap Scan on realiza_factura rf  (cost=4.29..9.87 rows=2 width=18) (actual time=0.006..0.007 rows=2 loops=90)"
"                                            Recheck Cond: ((dni_cliente)::text = (f.dni)::text)"
"                                            Heap Blocks: exact=185"
"                                            ->  Bitmap Index Scan on pk_realiza_factura  (cost=0.00..4.29 rows=2 width=0) (actual time=0.004..0.004 rows=2 loops=90)"
"                                                  Index Cond: ((dni_cliente)::text = (f.dni)::text)"
"                                ->  Index Scan using pk_terapista on terapista t_1  (cost=0.28..0.37 rows=1 width=45) (actual time=0.003..0.003 rows=1 loops=205)"
"                                      Index Cond: ((dni)::text = (rf.dni_terapista)::text)"
"Planning Time: 2.827 ms"
"Execution Time: 4.246 ms"

ITERACION 3
"Limit  (cost=95.44..95.44 rows=1 width=44) (actual time=7.730..7.741 rows=1 loops=1)"
"  ->  Sort  (cost=95.44..95.45 rows=4 width=44) (actual time=7.729..7.739 rows=1 loops=1)"
"        Sort Key: (sum(b.monto)) DESC"
"        Sort Method: top-N heapsort  Memory: 25kB"
"        ->  GroupAggregate  (cost=95.35..95.42 rows=4 width=44) (actual time=7.523..7.723 rows=10 loops=1)"
"              Group Key: t.direccion"
"              ->  Sort  (cost=95.35..95.36 rows=4 width=40) (actual time=7.489..7.554 rows=360 loops=1)"
"                    Sort Key: t.direccion"
"                    Sort Method: quicksort  Memory: 55kB"
"                    ->  Append  (cost=4.57..95.31 rows=4 width=40) (actual time=0.045..7.039 rows=360 loops=1)"
"                          ->  Nested Loop  (cost=4.57..44.62 rows=2 width=40) (actual time=0.045..1.827 rows=155 loops=1)"
"                                ->  Nested Loop  (cost=4.29..43.89 rows=2 width=13) (actual time=0.034..1.127 rows=155 loops=1)"
"                                      ->  Seq Scan on boleta b  (cost=0.00..34.00 rows=1 width=13) (actual time=0.014..0.332 rows=84 loops=1)"
"                                            Filter: ((date_part('MONTH'::text, (fecha)::timestamp without time zone) = '2'::double precision) AND (date_part('YEAR'::text, (fecha)::timestamp without time zone) = '2020'::double precision))"
"                                            Rows Removed by Filter: 916"
"                                      ->  Bitmap Heap Scan on realiza_boleta rb  (cost=4.29..9.87 rows=2 width=18) (actual time=0.006..0.007 rows=2 loops=84)"
"                                            Recheck Cond: ((dni_cliente)::text = (b.dni)::text)"
"                                            Heap Blocks: exact=148"
"                                            ->  Bitmap Index Scan on pk_realiza_boleta  (cost=0.00..4.29 rows=2 width=0) (actual time=0.005..0.005 rows=2 loops=84)"
"                                                  Index Cond: ((dni_cliente)::text = (b.dni)::text)"
"                                ->  Index Scan using pk_terapista on terapista t  (cost=0.28..0.37 rows=1 width=45) (actual time=0.004..0.004 rows=1 loops=155)"
"                                      Index Cond: ((dni)::text = (rb.dni_terapista)::text)"
"                          ->  Nested Loop  (cost=4.57..50.62 rows=2 width=40) (actual time=0.031..5.134 rows=205 loops=1)"
"                                ->  Nested Loop  (cost=4.29..49.89 rows=2 width=13) (actual time=0.024..2.874 rows=205 loops=1)"
"                                      ->  Seq Scan on factura f  (cost=0.00..40.00 rows=1 width=13) (actual time=0.014..0.882 rows=90 loops=1)"
"                                            Filter: ((date_part('MONTH'::text, (fecha)::timestamp without time zone) = '2'::double precision) AND (date_part('YEAR'::text, (fecha)::timestamp without time zone) = '2020'::double precision))"
"                                            Rows Removed by Filter: 910"
"                                      ->  Bitmap Heap Scan on realiza_factura rf  (cost=4.29..9.87 rows=2 width=18) (actual time=0.014..0.018 rows=2 loops=90)"
"                                            Recheck Cond: ((dni_cliente)::text = (f.dni)::text)"
"                                            Heap Blocks: exact=185"
"                                            ->  Bitmap Index Scan on pk_realiza_factura  (cost=0.00..4.29 rows=2 width=0) (actual time=0.010..0.010 rows=2 loops=90)"
"                                                  Index Cond: ((dni_cliente)::text = (f.dni)::text)"
"                                ->  Index Scan using pk_terapista on terapista t_1  (cost=0.28..0.37 rows=1 width=45) (actual time=0.009..0.009 rows=1 loops=205)"
"                                      Index Cond: ((dni)::text = (rf.dni_terapista)::text)"
"Planning Time: 3.233 ms"
"Execution Time: 7.835 ms"

ITERACION 4
"Limit  (cost=95.44..95.44 rows=1 width=44) (actual time=4.010..4.015 rows=1 loops=1)"
"  ->  Sort  (cost=95.44..95.45 rows=4 width=44) (actual time=4.008..4.013 rows=1 loops=1)"
"        Sort Key: (sum(b.monto)) DESC"
"        Sort Method: top-N heapsort  Memory: 25kB"
"        ->  GroupAggregate  (cost=95.35..95.42 rows=4 width=44) (actual time=3.945..4.003 rows=10 loops=1)"
"              Group Key: t.direccion"
"              ->  Sort  (cost=95.35..95.36 rows=4 width=40) (actual time=3.925..3.947 rows=360 loops=1)"
"                    Sort Key: t.direccion"
"                    Sort Method: quicksort  Memory: 55kB"
"                    ->  Append  (cost=4.57..95.31 rows=4 width=40) (actual time=0.067..3.748 rows=360 loops=1)"
"                          ->  Nested Loop  (cost=4.57..44.62 rows=2 width=40) (actual time=0.067..2.221 rows=155 loops=1)"
"                                ->  Nested Loop  (cost=4.29..43.89 rows=2 width=13) (actual time=0.053..1.350 rows=155 loops=1)"
"                                      ->  Seq Scan on boleta b  (cost=0.00..34.00 rows=1 width=13) (actual time=0.026..0.426 rows=84 loops=1)"
"                                            Filter: ((date_part('MONTH'::text, (fecha)::timestamp without time zone) = '2'::double precision) AND (date_part('YEAR'::text, (fecha)::timestamp without time zone) = '2020'::double precision))"
"                                            Rows Removed by Filter: 916"
"                                      ->  Bitmap Heap Scan on realiza_boleta rb  (cost=4.29..9.87 rows=2 width=18) (actual time=0.007..0.009 rows=2 loops=84)"
"                                            Recheck Cond: ((dni_cliente)::text = (b.dni)::text)"
"                                            Heap Blocks: exact=148"
"                                            ->  Bitmap Index Scan on pk_realiza_boleta  (cost=0.00..4.29 rows=2 width=0) (actual time=0.005..0.005 rows=2 loops=84)"
"                                                  Index Cond: ((dni_cliente)::text = (b.dni)::text)"
"                                ->  Index Scan using pk_terapista on terapista t  (cost=0.28..0.37 rows=1 width=45) (actual time=0.005..0.005 rows=1 loops=155)"
"                                      Index Cond: ((dni)::text = (rb.dni_terapista)::text)"
"                          ->  Nested Loop  (cost=4.57..50.62 rows=2 width=40) (actual time=0.039..1.483 rows=205 loops=1)"
"                                ->  Nested Loop  (cost=4.29..49.89 rows=2 width=13) (actual time=0.028..0.870 rows=205 loops=1)"
"                                      ->  Seq Scan on factura f  (cost=0.00..40.00 rows=1 width=13) (actual time=0.015..0.255 rows=90 loops=1)"
"                                            Filter: ((date_part('MONTH'::text, (fecha)::timestamp without time zone) = '2'::double precision) AND (date_part('YEAR'::text, (fecha)::timestamp without time zone) = '2020'::double precision))"
"                                            Rows Removed by Filter: 910"
"                                      ->  Bitmap Heap Scan on realiza_factura rf  (cost=4.29..9.87 rows=2 width=18) (actual time=0.004..0.005 rows=2 loops=90)"
"                                            Recheck Cond: ((dni_cliente)::text = (f.dni)::text)"
"                                            Heap Blocks: exact=185"
"                                            ->  Bitmap Index Scan on pk_realiza_factura  (cost=0.00..4.29 rows=2 width=0) (actual time=0.003..0.003 rows=2 loops=90)"
"                                                  Index Cond: ((dni_cliente)::text = (f.dni)::text)"
"                                ->  Index Scan using pk_terapista on terapista t_1  (cost=0.28..0.37 rows=1 width=45) (actual time=0.002..0.002 rows=1 loops=205)"
"                                      Index Cond: ((dni)::text = (rf.dni_terapista)::text)"
"Planning Time: 1.863 ms"
"Execution Time: 4.099 ms"

ITERACION 5
"Limit  (cost=95.44..95.44 rows=1 width=44) (actual time=4.080..4.089 rows=1 loops=1)"
"  ->  Sort  (cost=95.44..95.45 rows=4 width=44) (actual time=4.078..4.086 rows=1 loops=1)"
"        Sort Key: (sum(b.monto)) DESC"
"        Sort Method: top-N heapsort  Memory: 25kB"
"        ->  GroupAggregate  (cost=95.35..95.42 rows=4 width=44) (actual time=3.970..4.076 rows=10 loops=1)"
"              Group Key: t.direccion"
"              ->  Sort  (cost=95.35..95.36 rows=4 width=40) (actual time=3.940..3.976 rows=360 loops=1)"
"                    Sort Key: t.direccion"
"                    Sort Method: quicksort  Memory: 55kB"
"                    ->  Append  (cost=4.57..95.31 rows=4 width=40) (actual time=0.030..3.721 rows=360 loops=1)"
"                          ->  Nested Loop  (cost=4.57..44.62 rows=2 width=40) (actual time=0.030..1.223 rows=155 loops=1)"
"                                ->  Nested Loop  (cost=4.29..43.89 rows=2 width=13) (actual time=0.023..0.755 rows=155 loops=1)"
"                                      ->  Seq Scan on boleta b  (cost=0.00..34.00 rows=1 width=13) (actual time=0.010..0.220 rows=84 loops=1)"
"                                            Filter: ((date_part('MONTH'::text, (fecha)::timestamp without time zone) = '2'::double precision) AND (date_part('YEAR'::text, (fecha)::timestamp without time zone) = '2020'::double precision))"
"                                            Rows Removed by Filter: 916"
"                                      ->  Bitmap Heap Scan on realiza_boleta rb  (cost=4.29..9.87 rows=2 width=18) (actual time=0.004..0.005 rows=2 loops=84)"
"                                            Recheck Cond: ((dni_cliente)::text = (b.dni)::text)"
"                                            Heap Blocks: exact=148"
"                                            ->  Bitmap Index Scan on pk_realiza_boleta  (cost=0.00..4.29 rows=2 width=0) (actual time=0.003..0.003 rows=2 loops=84)"
"                                                  Index Cond: ((dni_cliente)::text = (b.dni)::text)"
"                                ->  Index Scan using pk_terapista on terapista t  (cost=0.28..0.37 rows=1 width=45) (actual time=0.003..0.003 rows=1 loops=155)"
"                                      Index Cond: ((dni)::text = (rb.dni_terapista)::text)"
"                          ->  Nested Loop  (cost=4.57..50.62 rows=2 width=40) (actual time=0.022..2.450 rows=205 loops=1)"
"                                ->  Nested Loop  (cost=4.29..49.89 rows=2 width=13) (actual time=0.017..1.396 rows=205 loops=1)"
"                                      ->  Seq Scan on factura f  (cost=0.00..40.00 rows=1 width=13) (actual time=0.009..0.437 rows=90 loops=1)"
"                                            Filter: ((date_part('MONTH'::text, (fecha)::timestamp without time zone) = '2'::double precision) AND (date_part('YEAR'::text, (fecha)::timestamp without time zone) = '2020'::double precision))"
"                                            Rows Removed by Filter: 910"
"                                      ->  Bitmap Heap Scan on realiza_factura rf  (cost=4.29..9.87 rows=2 width=18) (actual time=0.007..0.008 rows=2 loops=90)"
"                                            Recheck Cond: ((dni_cliente)::text = (f.dni)::text)"
"                                            Heap Blocks: exact=185"
"                                            ->  Bitmap Index Scan on pk_realiza_factura  (cost=0.00..4.29 rows=2 width=0) (actual time=0.005..0.005 rows=2 loops=90)"
"                                                  Index Cond: ((dni_cliente)::text = (f.dni)::text)"
"                                ->  Index Scan using pk_terapista on terapista t_1  (cost=0.28..0.37 rows=1 width=45) (actual time=0.004..0.004 rows=1 loops=205)"
"                                      Index Cond: ((dni)::text = (rf.dni_terapista)::text)"
"Planning Time: 1.450 ms"
"Execution Time: 4.153 ms"

ITERACION 6
"Limit  (cost=95.44..95.44 rows=1 width=44) (actual time=14.276..14.289 rows=1 loops=1)"
"  ->  Sort  (cost=95.44..95.45 rows=4 width=44) (actual time=14.274..14.285 rows=1 loops=1)"
"        Sort Key: (sum(b.monto)) DESC"
"        Sort Method: top-N heapsort  Memory: 25kB"
"        ->  GroupAggregate  (cost=95.35..95.42 rows=4 width=44) (actual time=13.668..14.261 rows=10 loops=1)"
"              Group Key: t.direccion"
"              ->  Sort  (cost=95.35..95.36 rows=4 width=40) (actual time=13.612..13.737 rows=360 loops=1)"
"                    Sort Key: t.direccion"
"                    Sort Method: quicksort  Memory: 55kB"
"                    ->  Append  (cost=4.57..95.31 rows=4 width=40) (actual time=0.078..12.561 rows=360 loops=1)"
"                          ->  Nested Loop  (cost=4.57..44.62 rows=2 width=40) (actual time=0.077..5.763 rows=155 loops=1)"
"                                ->  Nested Loop  (cost=4.29..43.89 rows=2 width=13) (actual time=0.059..3.610 rows=155 loops=1)"
"                                      ->  Seq Scan on boleta b  (cost=0.00..34.00 rows=1 width=13) (actual time=0.026..0.929 rows=84 loops=1)"
"                                            Filter: ((date_part('MONTH'::text, (fecha)::timestamp without time zone) = '2'::double precision) AND (date_part('YEAR'::text, (fecha)::timestamp without time zone) = '2020'::double precision))"
"                                            Rows Removed by Filter: 916"
"                                      ->  Bitmap Heap Scan on realiza_boleta rb  (cost=4.29..9.87 rows=2 width=18) (actual time=0.023..0.026 rows=2 loops=84)"
"                                            Recheck Cond: ((dni_cliente)::text = (b.dni)::text)"
"                                            Heap Blocks: exact=148"
"                                            ->  Bitmap Index Scan on pk_realiza_boleta  (cost=0.00..4.29 rows=2 width=0) (actual time=0.018..0.018 rows=2 loops=84)"
"                                                  Index Cond: ((dni_cliente)::text = (b.dni)::text)"
"                                ->  Index Scan using pk_terapista on terapista t  (cost=0.28..0.37 rows=1 width=45) (actual time=0.011..0.011 rows=1 loops=155)"
"                                      Index Cond: ((dni)::text = (rb.dni_terapista)::text)"
"                          ->  Nested Loop  (cost=4.57..50.62 rows=2 width=40) (actual time=0.062..6.635 rows=205 loops=1)"
"                                ->  Nested Loop  (cost=4.29..49.89 rows=2 width=13) (actual time=0.047..3.784 rows=205 loops=1)"
"                                      ->  Seq Scan on factura f  (cost=0.00..40.00 rows=1 width=13) (actual time=0.026..1.146 rows=90 loops=1)"
"                                            Filter: ((date_part('MONTH'::text, (fecha)::timestamp without time zone) = '2'::double precision) AND (date_part('YEAR'::text, (fecha)::timestamp without time zone) = '2020'::double precision))"
"                                            Rows Removed by Filter: 910"
"                                      ->  Bitmap Heap Scan on realiza_factura rf  (cost=4.29..9.87 rows=2 width=18) (actual time=0.019..0.023 rows=2 loops=90)"
"                                            Recheck Cond: ((dni_cliente)::text = (f.dni)::text)"
"                                            Heap Blocks: exact=185"
"                                            ->  Bitmap Index Scan on pk_realiza_factura  (cost=0.00..4.29 rows=2 width=0) (actual time=0.013..0.013 rows=2 loops=90)"
"                                                  Index Cond: ((dni_cliente)::text = (f.dni)::text)"
"                                ->  Index Scan using pk_terapista on terapista t_1  (cost=0.28..0.37 rows=1 width=45) (actual time=0.011..0.011 rows=1 loops=205)"
"                                      Index Cond: ((dni)::text = (rf.dni_terapista)::text)"
"Planning Time: 5.228 ms"
"Execution Time: 14.430 ms"

ITERACION 7
"Limit  (cost=95.44..95.44 rows=1 width=44) (actual time=9.489..9.496 rows=1 loops=1)"
"  ->  Sort  (cost=95.44..95.45 rows=4 width=44) (actual time=9.487..9.493 rows=1 loops=1)"
"        Sort Key: (sum(b.monto)) DESC"
"        Sort Method: top-N heapsort  Memory: 25kB"
"        ->  GroupAggregate  (cost=95.35..95.42 rows=4 width=44) (actual time=9.234..9.479 rows=10 loops=1)"
"              Group Key: t.direccion"
"              ->  Sort  (cost=95.35..95.36 rows=4 width=40) (actual time=9.200..9.270 rows=360 loops=1)"
"                    Sort Key: t.direccion"
"                    Sort Method: quicksort  Memory: 55kB"
"                    ->  Append  (cost=4.57..95.31 rows=4 width=40) (actual time=0.081..8.745 rows=360 loops=1)"
"                          ->  Nested Loop  (cost=4.57..44.62 rows=2 width=40) (actual time=0.079..4.423 rows=155 loops=1)"
"                                ->  Nested Loop  (cost=4.29..43.89 rows=2 width=13) (actual time=0.060..2.646 rows=155 loops=1)"
"                                      ->  Seq Scan on boleta b  (cost=0.00..34.00 rows=1 width=13) (actual time=0.027..0.868 rows=84 loops=1)"
"                                            Filter: ((date_part('MONTH'::text, (fecha)::timestamp without time zone) = '2'::double precision) AND (date_part('YEAR'::text, (fecha)::timestamp without time zone) = '2020'::double precision))"
"                                            Rows Removed by Filter: 916"
"                                      ->  Bitmap Heap Scan on realiza_boleta rb  (cost=4.29..9.87 rows=2 width=18) (actual time=0.014..0.017 rows=2 loops=84)"
"                                            Recheck Cond: ((dni_cliente)::text = (b.dni)::text)"
"                                            Heap Blocks: exact=148"
"                                            ->  Bitmap Index Scan on pk_realiza_boleta  (cost=0.00..4.29 rows=2 width=0) (actual time=0.010..0.010 rows=2 loops=84)"
"                                                  Index Cond: ((dni_cliente)::text = (b.dni)::text)"
"                                ->  Index Scan using pk_terapista on terapista t  (cost=0.28..0.37 rows=1 width=45) (actual time=0.009..0.009 rows=1 loops=155)"
"                                      Index Cond: ((dni)::text = (rb.dni_terapista)::text)"
"                          ->  Nested Loop  (cost=4.57..50.62 rows=2 width=40) (actual time=0.058..4.202 rows=205 loops=1)"
"                                ->  Nested Loop  (cost=4.29..49.89 rows=2 width=13) (actual time=0.045..2.404 rows=205 loops=1)"
"                                      ->  Seq Scan on factura f  (cost=0.00..40.00 rows=1 width=13) (actual time=0.025..0.762 rows=90 loops=1)"
"                                            Filter: ((date_part('MONTH'::text, (fecha)::timestamp without time zone) = '2'::double precision) AND (date_part('YEAR'::text, (fecha)::timestamp without time zone) = '2020'::double precision))"
"                                            Rows Removed by Filter: 910"
"                                      ->  Bitmap Heap Scan on realiza_factura rf  (cost=4.29..9.87 rows=2 width=18) (actual time=0.012..0.014 rows=2 loops=90)"
"                                            Recheck Cond: ((dni_cliente)::text = (f.dni)::text)"
"                                            Heap Blocks: exact=185"
"                                            ->  Bitmap Index Scan on pk_realiza_factura  (cost=0.00..4.29 rows=2 width=0) (actual time=0.008..0.008 rows=2 loops=90)"
"                                                  Index Cond: ((dni_cliente)::text = (f.dni)::text)"
"                                ->  Index Scan using pk_terapista on terapista t_1  (cost=0.28..0.37 rows=1 width=45) (actual time=0.007..0.007 rows=1 loops=205)"
"                                      Index Cond: ((dni)::text = (rf.dni_terapista)::text)"
"Planning Time: 5.243 ms"
"Execution Time: 9.637 ms"

ITERACION 8
"Limit  (cost=95.44..95.44 rows=1 width=44) (actual time=7.901..7.909 rows=1 loops=1)"
"  ->  Sort  (cost=95.44..95.45 rows=4 width=44) (actual time=7.898..7.905 rows=1 loops=1)"
"        Sort Key: (sum(b.monto)) DESC"
"        Sort Method: top-N heapsort  Memory: 25kB"
"        ->  GroupAggregate  (cost=95.35..95.42 rows=4 width=44) (actual time=7.726..7.887 rows=10 loops=1)"
"              Group Key: t.direccion"
"              ->  Sort  (cost=95.35..95.36 rows=4 width=40) (actual time=7.686..7.742 rows=360 loops=1)"
"                    Sort Key: t.direccion"
"                    Sort Method: quicksort  Memory: 55kB"
"                    ->  Append  (cost=4.57..95.31 rows=4 width=40) (actual time=0.138..7.312 rows=360 loops=1)"
"                          ->  Nested Loop  (cost=4.57..44.62 rows=2 width=40) (actual time=0.136..4.262 rows=155 loops=1)"
"                                ->  Nested Loop  (cost=4.29..43.89 rows=2 width=13) (actual time=0.104..2.600 rows=155 loops=1)"
"                                      ->  Seq Scan on boleta b  (cost=0.00..34.00 rows=1 width=13) (actual time=0.037..0.775 rows=84 loops=1)"
"                                            Filter: ((date_part('MONTH'::text, (fecha)::timestamp without time zone) = '2'::double precision) AND (date_part('YEAR'::text, (fecha)::timestamp without time zone) = '2020'::double precision))"
"                                            Rows Removed by Filter: 916"
"                                      ->  Bitmap Heap Scan on realiza_boleta rb  (cost=4.29..9.87 rows=2 width=18) (actual time=0.014..0.017 rows=2 loops=84)"
"                                            Recheck Cond: ((dni_cliente)::text = (b.dni)::text)"
"                                            Heap Blocks: exact=148"
"                                            ->  Bitmap Index Scan on pk_realiza_boleta  (cost=0.00..4.29 rows=2 width=0) (actual time=0.010..0.010 rows=2 loops=84)"
"                                                  Index Cond: ((dni_cliente)::text = (b.dni)::text)"
"                                ->  Index Scan using pk_terapista on terapista t  (cost=0.28..0.37 rows=1 width=45) (actual time=0.009..0.009 rows=1 loops=155)"
"                                      Index Cond: ((dni)::text = (rb.dni_terapista)::text)"
"                          ->  Nested Loop  (cost=4.57..50.62 rows=2 width=40) (actual time=0.048..2.963 rows=205 loops=1)"
"                                ->  Nested Loop  (cost=4.29..49.89 rows=2 width=13) (actual time=0.037..1.702 rows=205 loops=1)"
"                                      ->  Seq Scan on factura f  (cost=0.00..40.00 rows=1 width=13) (actual time=0.020..0.476 rows=90 loops=1)"
"                                            Filter: ((date_part('MONTH'::text, (fecha)::timestamp without time zone) = '2'::double precision) AND (date_part('YEAR'::text, (fecha)::timestamp without time zone) = '2020'::double precision))"
"                                            Rows Removed by Filter: 910"
"                                      ->  Bitmap Heap Scan on realiza_factura rf  (cost=4.29..9.87 rows=2 width=18) (actual time=0.008..0.011 rows=2 loops=90)"
"                                            Recheck Cond: ((dni_cliente)::text = (f.dni)::text)"
"                                            Heap Blocks: exact=185"
"                                            ->  Bitmap Index Scan on pk_realiza_factura  (cost=0.00..4.29 rows=2 width=0) (actual time=0.006..0.006 rows=2 loops=90)"
"                                                  Index Cond: ((dni_cliente)::text = (f.dni)::text)"
"                                ->  Index Scan using pk_terapista on terapista t_1  (cost=0.28..0.37 rows=1 width=45) (actual time=0.005..0.005 rows=1 loops=205)"
"                                      Index Cond: ((dni)::text = (rf.dni_terapista)::text)"
"Planning Time: 5.560 ms"
"Execution Time: 8.088 ms"

ITERACION 9
"Limit  (cost=95.44..95.44 rows=1 width=44) (actual time=2.928..2.932 rows=1 loops=1)"
"  ->  Sort  (cost=95.44..95.45 rows=4 width=44) (actual time=2.925..2.928 rows=1 loops=1)"
"        Sort Key: (sum(b.monto)) DESC"
"        Sort Method: top-N heapsort  Memory: 25kB"
"        ->  GroupAggregate  (cost=95.35..95.42 rows=4 width=44) (actual time=2.862..2.919 rows=10 loops=1)"
"              Group Key: t.direccion"
"              ->  Sort  (cost=95.35..95.36 rows=4 width=40) (actual time=2.849..2.869 rows=360 loops=1)"
"                    Sort Key: t.direccion"
"                    Sort Method: quicksort  Memory: 55kB"
"                    ->  Append  (cost=4.57..95.31 rows=4 width=40) (actual time=0.068..2.708 rows=360 loops=1)"
"                          ->  Nested Loop  (cost=4.57..44.62 rows=2 width=40) (actual time=0.067..1.334 rows=155 loops=1)"
"                                ->  Nested Loop  (cost=4.29..43.89 rows=2 width=13) (actual time=0.055..0.821 rows=155 loops=1)"
"                                      ->  Seq Scan on boleta b  (cost=0.00..34.00 rows=1 width=13) (actual time=0.032..0.248 rows=84 loops=1)"
"                                            Filter: ((date_part('MONTH'::text, (fecha)::timestamp without time zone) = '2'::double precision) AND (date_part('YEAR'::text, (fecha)::timestamp without time zone) = '2020'::double precision))"
"                                            Rows Removed by Filter: 916"
"                                      ->  Bitmap Heap Scan on realiza_boleta rb  (cost=4.29..9.87 rows=2 width=18) (actual time=0.004..0.005 rows=2 loops=84)"
"                                            Recheck Cond: ((dni_cliente)::text = (b.dni)::text)"
"                                            Heap Blocks: exact=148"
"                                            ->  Bitmap Index Scan on pk_realiza_boleta  (cost=0.00..4.29 rows=2 width=0) (actual time=0.003..0.003 rows=2 loops=84)"
"                                                  Index Cond: ((dni_cliente)::text = (b.dni)::text)"
"                                ->  Index Scan using pk_terapista on terapista t  (cost=0.28..0.37 rows=1 width=45) (actual time=0.003..0.003 rows=1 loops=155)"
"                                      Index Cond: ((dni)::text = (rb.dni_terapista)::text)"
"                          ->  Nested Loop  (cost=4.57..50.62 rows=2 width=40) (actual time=0.027..1.343 rows=205 loops=1)"
"                                ->  Nested Loop  (cost=4.29..49.89 rows=2 width=13) (actual time=0.023..0.791 rows=205 loops=1)"
"                                      ->  Seq Scan on factura f  (cost=0.00..40.00 rows=1 width=13) (actual time=0.014..0.230 rows=90 loops=1)"
"                                            Filter: ((date_part('MONTH'::text, (fecha)::timestamp without time zone) = '2'::double precision) AND (date_part('YEAR'::text, (fecha)::timestamp without time zone) = '2020'::double precision))"
"                                            Rows Removed by Filter: 910"
"                                      ->  Bitmap Heap Scan on realiza_factura rf  (cost=4.29..9.87 rows=2 width=18) (actual time=0.004..0.005 rows=2 loops=90)"
"                                            Recheck Cond: ((dni_cliente)::text = (f.dni)::text)"
"                                            Heap Blocks: exact=185"
"                                            ->  Bitmap Index Scan on pk_realiza_factura  (cost=0.00..4.29 rows=2 width=0) (actual time=0.003..0.003 rows=2 loops=90)"
"                                                  Index Cond: ((dni_cliente)::text = (f.dni)::text)"
"                                ->  Index Scan using pk_terapista on terapista t_1  (cost=0.28..0.37 rows=1 width=45) (actual time=0.002..0.002 rows=1 loops=205)"
"                                      Index Cond: ((dni)::text = (rf.dni_terapista)::text)"
"Planning Time: 2.066 ms"
"Execution Time: 3.030 ms"

ITERACION 10
"Limit  (cost=95.44..95.44 rows=1 width=44) (actual time=13.468..13.482 rows=1 loops=1)"
"  ->  Sort  (cost=95.44..95.45 rows=4 width=44) (actual time=13.466..13.478 rows=1 loops=1)"
"        Sort Key: (sum(b.monto)) DESC"
"        Sort Method: top-N heapsort  Memory: 25kB"
"        ->  GroupAggregate  (cost=95.35..95.42 rows=4 width=44) (actual time=13.275..13.462 rows=10 loops=1)"
"              Group Key: t.direccion"
"              ->  Sort  (cost=95.35..95.36 rows=4 width=40) (actual time=13.241..13.310 rows=360 loops=1)"
"                    Sort Key: t.direccion"
"                    Sort Method: quicksort  Memory: 55kB"
"                    ->  Append  (cost=4.57..95.31 rows=4 width=40) (actual time=0.077..12.657 rows=360 loops=1)"
"                          ->  Nested Loop  (cost=4.57..44.62 rows=2 width=40) (actual time=0.075..4.308 rows=155 loops=1)"
"                                ->  Nested Loop  (cost=4.29..43.89 rows=2 width=13) (actual time=0.058..2.661 rows=155 loops=1)"
"                                      ->  Seq Scan on boleta b  (cost=0.00..34.00 rows=1 width=13) (actual time=0.025..0.799 rows=84 loops=1)"
"                                            Filter: ((date_part('MONTH'::text, (fecha)::timestamp without time zone) = '2'::double precision) AND (date_part('YEAR'::text, (fecha)::timestamp without time zone) = '2020'::double precision))"
"                                            Rows Removed by Filter: 916"
"                                      ->  Bitmap Heap Scan on realiza_boleta rb  (cost=4.29..9.87 rows=2 width=18) (actual time=0.015..0.017 rows=2 loops=84)"
"                                            Recheck Cond: ((dni_cliente)::text = (b.dni)::text)"
"                                            Heap Blocks: exact=148"
"                                            ->  Bitmap Index Scan on pk_realiza_boleta  (cost=0.00..4.29 rows=2 width=0) (actual time=0.010..0.010 rows=2 loops=84)"
"                                                  Index Cond: ((dni_cliente)::text = (b.dni)::text)"
"                                ->  Index Scan using pk_terapista on terapista t  (cost=0.28..0.37 rows=1 width=45) (actual time=0.009..0.009 rows=1 loops=155)"
"                                      Index Cond: ((dni)::text = (rb.dni_terapista)::text)"
"                          ->  Nested Loop  (cost=4.57..50.62 rows=2 width=40) (actual time=0.106..8.193 rows=205 loops=1)"
"                                ->  Nested Loop  (cost=4.29..49.89 rows=2 width=13) (actual time=0.082..4.747 rows=205 loops=1)"
"                                      ->  Seq Scan on factura f  (cost=0.00..40.00 rows=1 width=13) (actual time=0.050..1.380 rows=90 loops=1)"
"                                            Filter: ((date_part('MONTH'::text, (fecha)::timestamp without time zone) = '2'::double precision) AND (date_part('YEAR'::text, (fecha)::timestamp without time zone) = '2020'::double precision))"
"                                            Rows Removed by Filter: 910"
"                                      ->  Bitmap Heap Scan on realiza_factura rf  (cost=4.29..9.87 rows=2 width=18) (actual time=0.024..0.029 rows=2 loops=90)"
"                                            Recheck Cond: ((dni_cliente)::text = (f.dni)::text)"
"                                            Heap Blocks: exact=185"
"                                            ->  Bitmap Index Scan on pk_realiza_factura  (cost=0.00..4.29 rows=2 width=0) (actual time=0.016..0.016 rows=2 loops=90)"
"                                                  Index Cond: ((dni_cliente)::text = (f.dni)::text)"
"                                ->  Index Scan using pk_terapista on terapista t_1  (cost=0.28..0.37 rows=1 width=45) (actual time=0.014..0.014 rows=1 loops=205)"
"                                      Index Cond: ((dni)::text = (rf.dni_terapista)::text)"
"Planning Time: 4.945 ms"
"Execution Time: 13.647 ms"


MIL_I
ITERACION 1
"Limit  (cost=94.34..94.34 rows=1 width=44) (actual time=31.050..31.058 rows=1 loops=1)"
"  ->  Sort  (cost=94.34..94.35 rows=4 width=44) (actual time=31.047..31.054 rows=1 loops=1)"
"        Sort Key: (sum(b.monto)) DESC"
"        Sort Method: top-N heapsort  Memory: 25kB"
"        ->  GroupAggregate  (cost=94.25..94.32 rows=4 width=44) (actual time=30.859..31.038 rows=10 loops=1)"
"              Group Key: t.direccion"
"              ->  Sort  (cost=94.25..94.26 rows=4 width=40) (actual time=30.829..30.891 rows=360 loops=1)"
"                    Sort Key: t.direccion"
"                    Sort Method: quicksort  Memory: 55kB"
"                    ->  Append  (cost=4.29..94.21 rows=4 width=40) (actual time=18.721..30.352 rows=360 loops=1)"
"                          ->  Nested Loop  (cost=4.29..44.07 rows=2 width=40) (actual time=18.720..24.241 rows=155 loops=1)"
"                                ->  Nested Loop  (cost=4.29..43.89 rows=2 width=13) (actual time=0.220..4.536 rows=155 loops=1)"
"                                      ->  Seq Scan on boleta b  (cost=0.00..34.00 rows=1 width=13) (actual time=0.043..1.038 rows=84 loops=1)"
"                                            Filter: ((date_part('MONTH'::text, (fecha)::timestamp without time zone) = '2'::double precision) AND (date_part('YEAR'::text, (fecha)::timestamp without time zone) = '2020'::double precision))"
"                                            Rows Removed by Filter: 916"
"                                      ->  Bitmap Heap Scan on realiza_boleta rb  (cost=4.29..9.87 rows=2 width=18) (actual time=0.032..0.035 rows=2 loops=84)"
"                                            Recheck Cond: ((dni_cliente)::text = (b.dni)::text)"
"                                            Heap Blocks: exact=148"
"                                            ->  Bitmap Index Scan on pk_realiza_boleta  (cost=0.00..4.29 rows=2 width=0) (actual time=0.026..0.026 rows=2 loops=84)"
"                                                  Index Cond: ((dni_cliente)::text = (b.dni)::text)"
"                                ->  Index Scan using index_dni_t on terapista t  (cost=0.00..0.09 rows=1 width=45) (actual time=0.125..0.125 rows=1 loops=155)"
"                                      Index Cond: ((dni)::text = (rb.dni_terapista)::text)"
"                          ->  Nested Loop  (cost=4.29..50.07 rows=2 width=40) (actual time=0.340..5.987 rows=205 loops=1)"
"                                ->  Nested Loop  (cost=4.29..49.89 rows=2 width=13) (actual time=0.321..4.861 rows=205 loops=1)"
"                                      ->  Seq Scan on factura f  (cost=0.00..40.00 rows=1 width=13) (actual time=0.043..1.141 rows=90 loops=1)"
"                                            Filter: ((date_part('MONTH'::text, (fecha)::timestamp without time zone) = '2'::double precision) AND (date_part('YEAR'::text, (fecha)::timestamp without time zone) = '2020'::double precision))"
"                                            Rows Removed by Filter: 910"
"                                      ->  Bitmap Heap Scan on realiza_factura rf  (cost=4.29..9.87 rows=2 width=18) (actual time=0.029..0.036 rows=2 loops=90)"
"                                            Recheck Cond: ((dni_cliente)::text = (f.dni)::text)"
"                                            Heap Blocks: exact=185"
"                                            ->  Bitmap Index Scan on pk_realiza_factura  (cost=0.00..4.29 rows=2 width=0) (actual time=0.024..0.024 rows=2 loops=90)"
"                                                  Index Cond: ((dni_cliente)::text = (f.dni)::text)"
"                                ->  Index Scan using index_dni_t on terapista t_1  (cost=0.00..0.09 rows=1 width=45) (actual time=0.003..0.003 rows=1 loops=205)"
"                                      Index Cond: ((dni)::text = (rf.dni_terapista)::text)"
"Planning Time: 99.434 ms"
"Execution Time: 31.195 ms"

ITERACION 2
"Limit  (cost=94.34..94.34 rows=1 width=44) (actual time=3.747..3.752 rows=1 loops=1)"
"  ->  Sort  (cost=94.34..94.35 rows=4 width=44) (actual time=3.746..3.750 rows=1 loops=1)"
"        Sort Key: (sum(b.monto)) DESC"
"        Sort Method: top-N heapsort  Memory: 25kB"
"        ->  GroupAggregate  (cost=94.25..94.32 rows=4 width=44) (actual time=3.664..3.741 rows=10 loops=1)"
"              Group Key: t.direccion"
"              ->  Sort  (cost=94.25..94.26 rows=4 width=40) (actual time=3.649..3.676 rows=360 loops=1)"
"                    Sort Key: t.direccion"
"                    Sort Method: quicksort  Memory: 55kB"
"                    ->  Append  (cost=4.29..94.21 rows=4 width=40) (actual time=0.054..3.459 rows=360 loops=1)"
"                          ->  Nested Loop  (cost=4.29..44.07 rows=2 width=40) (actual time=0.054..1.575 rows=155 loops=1)"
"                                ->  Nested Loop  (cost=4.29..43.89 rows=2 width=13) (actual time=0.043..1.196 rows=155 loops=1)"
"                                      ->  Seq Scan on boleta b  (cost=0.00..34.00 rows=1 width=13) (actual time=0.019..0.356 rows=84 loops=1)"
"                                            Filter: ((date_part('MONTH'::text, (fecha)::timestamp without time zone) = '2'::double precision) AND (date_part('YEAR'::text, (fecha)::timestamp without time zone) = '2020'::double precision))"
"                                            Rows Removed by Filter: 916"
"                                      ->  Bitmap Heap Scan on realiza_boleta rb  (cost=4.29..9.87 rows=2 width=18) (actual time=0.007..0.008 rows=2 loops=84)"
"                                            Recheck Cond: ((dni_cliente)::text = (b.dni)::text)"
"                                            Heap Blocks: exact=148"
"                                            ->  Bitmap Index Scan on pk_realiza_boleta  (cost=0.00..4.29 rows=2 width=0) (actual time=0.005..0.005 rows=2 loops=84)"
"                                                  Index Cond: ((dni_cliente)::text = (b.dni)::text)"
"                                ->  Index Scan using index_dni_t on terapista t  (cost=0.00..0.09 rows=1 width=45) (actual time=0.002..0.002 rows=1 loops=155)"
"                                      Index Cond: ((dni)::text = (rb.dni_terapista)::text)"
"                          ->  Nested Loop  (cost=4.29..50.07 rows=2 width=40) (actual time=0.028..1.837 rows=205 loops=1)"
"                                ->  Nested Loop  (cost=4.29..49.89 rows=2 width=13) (actual time=0.023..1.349 rows=205 loops=1)"
"                                      ->  Seq Scan on factura f  (cost=0.00..40.00 rows=1 width=13) (actual time=0.013..0.398 rows=90 loops=1)"
"                                            Filter: ((date_part('MONTH'::text, (fecha)::timestamp without time zone) = '2'::double precision) AND (date_part('YEAR'::text, (fecha)::timestamp without time zone) = '2020'::double precision))"
"                                            Rows Removed by Filter: 910"
"                                      ->  Bitmap Heap Scan on realiza_factura rf  (cost=4.29..9.87 rows=2 width=18) (actual time=0.007..0.008 rows=2 loops=90)"
"                                            Recheck Cond: ((dni_cliente)::text = (f.dni)::text)"
"                                            Heap Blocks: exact=185"
"                                            ->  Bitmap Index Scan on pk_realiza_factura  (cost=0.00..4.29 rows=2 width=0) (actual time=0.005..0.005 rows=2 loops=90)"
"                                                  Index Cond: ((dni_cliente)::text = (f.dni)::text)"
"                                ->  Index Scan using index_dni_t on terapista t_1  (cost=0.00..0.09 rows=1 width=45) (actual time=0.001..0.001 rows=1 loops=205)"
"                                      Index Cond: ((dni)::text = (rf.dni_terapista)::text)"
"Planning Time: 2.726 ms"
"Execution Time: 3.858 ms"

ITERACION 3
"Limit  (cost=94.34..94.34 rows=1 width=44) (actual time=12.751..12.763 rows=1 loops=1)"
"  ->  Sort  (cost=94.34..94.35 rows=4 width=44) (actual time=12.748..12.758 rows=1 loops=1)"
"        Sort Key: (sum(b.monto)) DESC"
"        Sort Method: top-N heapsort  Memory: 25kB"
"        ->  GroupAggregate  (cost=94.25..94.32 rows=4 width=44) (actual time=12.272..12.715 rows=10 loops=1)"
"              Group Key: t.direccion"
"              ->  Sort  (cost=94.25..94.26 rows=4 width=40) (actual time=12.214..12.338 rows=360 loops=1)"
"                    Sort Key: t.direccion"
"                    Sort Method: quicksort  Memory: 55kB"
"                    ->  Append  (cost=4.29..94.21 rows=4 width=40) (actual time=0.107..11.485 rows=360 loops=1)"
"                          ->  Nested Loop  (cost=4.29..44.07 rows=2 width=40) (actual time=0.105..5.290 rows=155 loops=1)"
"                                ->  Nested Loop  (cost=4.29..43.89 rows=2 width=13) (actual time=0.085..4.041 rows=155 loops=1)"
"                                      ->  Seq Scan on boleta b  (cost=0.00..34.00 rows=1 width=13) (actual time=0.037..1.321 rows=84 loops=1)"
"                                            Filter: ((date_part('MONTH'::text, (fecha)::timestamp without time zone) = '2'::double precision) AND (date_part('YEAR'::text, (fecha)::timestamp without time zone) = '2020'::double precision))"
"                                            Rows Removed by Filter: 916"
"                                      ->  Bitmap Heap Scan on realiza_boleta rb  (cost=4.29..9.87 rows=2 width=18) (actual time=0.022..0.026 rows=2 loops=84)"
"                                            Recheck Cond: ((dni_cliente)::text = (b.dni)::text)"
"                                            Heap Blocks: exact=148"
"                                            ->  Bitmap Index Scan on pk_realiza_boleta  (cost=0.00..4.29 rows=2 width=0) (actual time=0.016..0.016 rows=2 loops=84)"
"                                                  Index Cond: ((dni_cliente)::text = (b.dni)::text)"
"                                ->  Index Scan using index_dni_t on terapista t  (cost=0.00..0.09 rows=1 width=45) (actual time=0.005..0.005 rows=1 loops=155)"
"                                      Index Cond: ((dni)::text = (rb.dni_terapista)::text)"
"                          ->  Nested Loop  (cost=4.29..50.07 rows=2 width=40) (actual time=0.089..6.005 rows=205 loops=1)"
"                                ->  Nested Loop  (cost=4.29..49.89 rows=2 width=13) (actual time=0.075..4.440 rows=205 loops=1)"
"                                      ->  Seq Scan on factura f  (cost=0.00..40.00 rows=1 width=13) (actual time=0.044..1.381 rows=90 loops=1)"
"                                            Filter: ((date_part('MONTH'::text, (fecha)::timestamp without time zone) = '2'::double precision) AND (date_part('YEAR'::text, (fecha)::timestamp without time zone) = '2020'::double precision))"
"                                            Rows Removed by Filter: 910"
"                                      ->  Bitmap Heap Scan on realiza_factura rf  (cost=4.29..9.87 rows=2 width=18) (actual time=0.022..0.027 rows=2 loops=90)"
"                                            Recheck Cond: ((dni_cliente)::text = (f.dni)::text)"
"                                            Heap Blocks: exact=185"
"                                            ->  Bitmap Index Scan on pk_realiza_factura  (cost=0.00..4.29 rows=2 width=0) (actual time=0.016..0.016 rows=2 loops=90)"
"                                                  Index Cond: ((dni_cliente)::text = (f.dni)::text)"
"                                ->  Index Scan using index_dni_t on terapista t_1  (cost=0.00..0.09 rows=1 width=45) (actual time=0.005..0.005 rows=1 loops=205)"
"                                      Index Cond: ((dni)::text = (rf.dni_terapista)::text)"
"Planning Time: 7.724 ms"
"Execution Time: 12.970 ms"

ITERACION 4
"Limit  (cost=94.34..94.34 rows=1 width=44) (actual time=4.854..4.861 rows=1 loops=1)"
"  ->  Sort  (cost=94.34..94.35 rows=4 width=44) (actual time=4.852..4.858 rows=1 loops=1)"
"        Sort Key: (sum(b.monto)) DESC"
"        Sort Method: top-N heapsort  Memory: 25kB"
"        ->  GroupAggregate  (cost=94.25..94.32 rows=4 width=44) (actual time=4.661..4.847 rows=10 loops=1)"
"              Group Key: t.direccion"
"              ->  Sort  (cost=94.25..94.26 rows=4 width=40) (actual time=4.636..4.688 rows=360 loops=1)"
"                    Sort Key: t.direccion"
"                    Sort Method: quicksort  Memory: 55kB"
"                    ->  Append  (cost=4.29..94.21 rows=4 width=40) (actual time=0.056..4.334 rows=360 loops=1)"
"                          ->  Nested Loop  (cost=4.29..44.07 rows=2 width=40) (actual time=0.055..2.312 rows=155 loops=1)"
"                                ->  Nested Loop  (cost=4.29..43.89 rows=2 width=13) (actual time=0.044..1.756 rows=155 loops=1)"
"                                      ->  Seq Scan on boleta b  (cost=0.00..34.00 rows=1 width=13) (actual time=0.020..0.565 rows=84 loops=1)"
"                                            Filter: ((date_part('MONTH'::text, (fecha)::timestamp without time zone) = '2'::double precision) AND (date_part('YEAR'::text, (fecha)::timestamp without time zone) = '2020'::double precision))"
"                                            Rows Removed by Filter: 916"
"                                      ->  Bitmap Heap Scan on realiza_boleta rb  (cost=4.29..9.87 rows=2 width=18) (actual time=0.010..0.011 rows=2 loops=84)"
"                                            Recheck Cond: ((dni_cliente)::text = (b.dni)::text)"
"                                            Heap Blocks: exact=148"
"                                            ->  Bitmap Index Scan on pk_realiza_boleta  (cost=0.00..4.29 rows=2 width=0) (actual time=0.007..0.007 rows=2 loops=84)"
"                                                  Index Cond: ((dni_cliente)::text = (b.dni)::text)"
"                                ->  Index Scan using index_dni_t on terapista t  (cost=0.00..0.09 rows=1 width=45) (actual time=0.002..0.002 rows=1 loops=155)"
"                                      Index Cond: ((dni)::text = (rb.dni_terapista)::text)"
"                          ->  Nested Loop  (cost=4.29..50.07 rows=2 width=40) (actual time=0.047..1.961 rows=205 loops=1)"
"                                ->  Nested Loop  (cost=4.29..49.89 rows=2 width=13) (actual time=0.038..1.437 rows=205 loops=1)"
"                                      ->  Seq Scan on factura f  (cost=0.00..40.00 rows=1 width=13) (actual time=0.022..0.433 rows=90 loops=1)"
"                                            Filter: ((date_part('MONTH'::text, (fecha)::timestamp without time zone) = '2'::double precision) AND (date_part('YEAR'::text, (fecha)::timestamp without time zone) = '2020'::double precision))"
"                                            Rows Removed by Filter: 910"
"                                      ->  Bitmap Heap Scan on realiza_factura rf  (cost=4.29..9.87 rows=2 width=18) (actual time=0.007..0.009 rows=2 loops=90)"
"                                            Recheck Cond: ((dni_cliente)::text = (f.dni)::text)"
"                                            Heap Blocks: exact=185"
"                                            ->  Bitmap Index Scan on pk_realiza_factura  (cost=0.00..4.29 rows=2 width=0) (actual time=0.005..0.005 rows=2 loops=90)"
"                                                  Index Cond: ((dni_cliente)::text = (f.dni)::text)"
"                                ->  Index Scan using index_dni_t on terapista t_1  (cost=0.00..0.09 rows=1 width=45) (actual time=0.002..0.002 rows=1 loops=205)"
"                                      Index Cond: ((dni)::text = (rf.dni_terapista)::text)"
"Planning Time: 2.637 ms"
"Execution Time: 4.966 ms"

ITERACION 5
"Limit  (cost=94.34..94.34 rows=1 width=44) (actual time=5.994..6.001 rows=1 loops=1)"
"  ->  Sort  (cost=94.34..94.35 rows=4 width=44) (actual time=5.992..5.998 rows=1 loops=1)"
"        Sort Key: (sum(b.monto)) DESC"
"        Sort Method: top-N heapsort  Memory: 25kB"
"        ->  GroupAggregate  (cost=94.25..94.32 rows=4 width=44) (actual time=5.818..5.983 rows=10 loops=1)"
"              Group Key: t.direccion"
"              ->  Sort  (cost=94.25..94.26 rows=4 width=40) (actual time=5.788..5.841 rows=360 loops=1)"
"                    Sort Key: t.direccion"
"                    Sort Method: quicksort  Memory: 55kB"
"                    ->  Append  (cost=4.29..94.21 rows=4 width=40) (actual time=0.080..5.237 rows=360 loops=1)"
"                          ->  Nested Loop  (cost=4.29..44.07 rows=2 width=40) (actual time=0.078..2.251 rows=155 loops=1)"
"                                ->  Nested Loop  (cost=4.29..43.89 rows=2 width=13) (actual time=0.063..1.708 rows=155 loops=1)"
"                                      ->  Seq Scan on boleta b  (cost=0.00..34.00 rows=1 width=13) (actual time=0.030..0.513 rows=84 loops=1)"
"                                            Filter: ((date_part('MONTH'::text, (fecha)::timestamp without time zone) = '2'::double precision) AND (date_part('YEAR'::text, (fecha)::timestamp without time zone) = '2020'::double precision))"
"                                            Rows Removed by Filter: 916"
"                                      ->  Bitmap Heap Scan on realiza_boleta rb  (cost=4.29..9.87 rows=2 width=18) (actual time=0.009..0.011 rows=2 loops=84)"
"                                            Recheck Cond: ((dni_cliente)::text = (b.dni)::text)"
"                                            Heap Blocks: exact=148"
"                                            ->  Bitmap Index Scan on pk_realiza_boleta  (cost=0.00..4.29 rows=2 width=0) (actual time=0.007..0.007 rows=2 loops=84)"
"                                                  Index Cond: ((dni_cliente)::text = (b.dni)::text)"
"                                ->  Index Scan using index_dni_t on terapista t  (cost=0.00..0.09 rows=1 width=45) (actual time=0.002..0.002 rows=1 loops=155)"
"                                      Index Cond: ((dni)::text = (rb.dni_terapista)::text)"
"                          ->  Nested Loop  (cost=4.29..50.07 rows=2 width=40) (actual time=0.073..2.910 rows=205 loops=1)"
"                                ->  Nested Loop  (cost=4.29..49.89 rows=2 width=13) (actual time=0.062..2.144 rows=205 loops=1)"
"                                      ->  Seq Scan on factura f  (cost=0.00..40.00 rows=1 width=13) (actual time=0.031..0.595 rows=90 loops=1)"
"                                            Filter: ((date_part('MONTH'::text, (fecha)::timestamp without time zone) = '2'::double precision) AND (date_part('YEAR'::text, (fecha)::timestamp without time zone) = '2020'::double precision))"
"                                            Rows Removed by Filter: 910"
"                                      ->  Bitmap Heap Scan on realiza_factura rf  (cost=4.29..9.87 rows=2 width=18) (actual time=0.011..0.013 rows=2 loops=90)"
"                                            Recheck Cond: ((dni_cliente)::text = (f.dni)::text)"
"                                            Heap Blocks: exact=185"
"                                            ->  Bitmap Index Scan on pk_realiza_factura  (cost=0.00..4.29 rows=2 width=0) (actual time=0.008..0.008 rows=2 loops=90)"
"                                                  Index Cond: ((dni_cliente)::text = (f.dni)::text)"
"                                ->  Index Scan using index_dni_t on terapista t_1  (cost=0.00..0.09 rows=1 width=45) (actual time=0.002..0.002 rows=1 loops=205)"
"                                      Index Cond: ((dni)::text = (rf.dni_terapista)::text)"
"Planning Time: 4.000 ms"
"Execution Time: 6.124 ms"

ITERACION 6
"Limit  (cost=94.34..94.34 rows=1 width=44) (actual time=12.023..12.032 rows=1 loops=1)"
"  ->  Sort  (cost=94.34..94.35 rows=4 width=44) (actual time=12.021..12.028 rows=1 loops=1)"
"        Sort Key: (sum(b.monto)) DESC"
"        Sort Method: top-N heapsort  Memory: 25kB"
"        ->  GroupAggregate  (cost=94.25..94.32 rows=4 width=44) (actual time=11.713..12.010 rows=10 loops=1)"
"              Group Key: t.direccion"
"              ->  Sort  (cost=94.25..94.26 rows=4 width=40) (actual time=11.674..11.755 rows=360 loops=1)"
"                    Sort Key: t.direccion"
"                    Sort Method: quicksort  Memory: 55kB"
"                    ->  Append  (cost=4.29..94.21 rows=4 width=40) (actual time=0.106..11.086 rows=360 loops=1)"
"                          ->  Nested Loop  (cost=4.29..44.07 rows=2 width=40) (actual time=0.104..5.151 rows=155 loops=1)"
"                                ->  Nested Loop  (cost=4.29..43.89 rows=2 width=13) (actual time=0.084..3.925 rows=155 loops=1)"
"                                      ->  Seq Scan on boleta b  (cost=0.00..34.00 rows=1 width=13) (actual time=0.035..1.244 rows=84 loops=1)"
"                                            Filter: ((date_part('MONTH'::text, (fecha)::timestamp without time zone) = '2'::double precision) AND (date_part('YEAR'::text, (fecha)::timestamp without time zone) = '2020'::double precision))"
"                                            Rows Removed by Filter: 916"
"                                      ->  Bitmap Heap Scan on realiza_boleta rb  (cost=4.29..9.87 rows=2 width=18) (actual time=0.021..0.025 rows=2 loops=84)"
"                                            Recheck Cond: ((dni_cliente)::text = (b.dni)::text)"
"                                            Heap Blocks: exact=148"
"                                            ->  Bitmap Index Scan on pk_realiza_boleta  (cost=0.00..4.29 rows=2 width=0) (actual time=0.015..0.015 rows=2 loops=84)"
"                                                  Index Cond: ((dni_cliente)::text = (b.dni)::text)"
"                                ->  Index Scan using index_dni_t on terapista t  (cost=0.00..0.09 rows=1 width=45) (actual time=0.005..0.005 rows=1 loops=155)"
"                                      Index Cond: ((dni)::text = (rb.dni_terapista)::text)"
"                          ->  Nested Loop  (cost=4.29..50.07 rows=2 width=40) (actual time=0.089..5.759 rows=205 loops=1)"
"                                ->  Nested Loop  (cost=4.29..49.89 rows=2 width=13) (actual time=0.072..4.327 rows=205 loops=1)"
"                                      ->  Seq Scan on factura f  (cost=0.00..40.00 rows=1 width=13) (actual time=0.042..1.239 rows=90 loops=1)"
"                                            Filter: ((date_part('MONTH'::text, (fecha)::timestamp without time zone) = '2'::double precision) AND (date_part('YEAR'::text, (fecha)::timestamp without time zone) = '2020'::double precision))"
"                                            Rows Removed by Filter: 910"
"                                      ->  Bitmap Heap Scan on realiza_factura rf  (cost=4.29..9.87 rows=2 width=18) (actual time=0.020..0.025 rows=2 loops=90)"
"                                            Recheck Cond: ((dni_cliente)::text = (f.dni)::text)"
"                                            Heap Blocks: exact=185"
"                                            ->  Bitmap Index Scan on pk_realiza_factura  (cost=0.00..4.29 rows=2 width=0) (actual time=0.014..0.014 rows=2 loops=90)"
"                                                  Index Cond: ((dni_cliente)::text = (f.dni)::text)"
"                                ->  Index Scan using index_dni_t on terapista t_1  (cost=0.00..0.09 rows=1 width=45) (actual time=0.004..0.004 rows=1 loops=205)"
"                                      Index Cond: ((dni)::text = (rf.dni_terapista)::text)"
"Planning Time: 8.053 ms"
"Execution Time: 12.220 ms"

ITERACION 7
"Limit  (cost=94.34..94.34 rows=1 width=44) (actual time=4.269..4.274 rows=1 loops=1)"
"  ->  Sort  (cost=94.34..94.35 rows=4 width=44) (actual time=4.267..4.271 rows=1 loops=1)"
"        Sort Key: (sum(b.monto)) DESC"
"        Sort Method: top-N heapsort  Memory: 25kB"
"        ->  GroupAggregate  (cost=94.25..94.32 rows=4 width=44) (actual time=4.166..4.260 rows=10 loops=1)"
"              Group Key: t.direccion"
"              ->  Sort  (cost=94.25..94.26 rows=4 width=40) (actual time=4.150..4.183 rows=360 loops=1)"
"                    Sort Key: t.direccion"
"                    Sort Method: quicksort  Memory: 55kB"
"                    ->  Append  (cost=4.29..94.21 rows=4 width=40) (actual time=0.078..3.933 rows=360 loops=1)"
"                          ->  Nested Loop  (cost=4.29..44.07 rows=2 width=40) (actual time=0.077..2.052 rows=155 loops=1)"
"                                ->  Nested Loop  (cost=4.29..43.89 rows=2 width=13) (actual time=0.063..1.562 rows=155 loops=1)"
"                                      ->  Seq Scan on boleta b  (cost=0.00..34.00 rows=1 width=13) (actual time=0.028..0.465 rows=84 loops=1)"
"                                            Filter: ((date_part('MONTH'::text, (fecha)::timestamp without time zone) = '2'::double precision) AND (date_part('YEAR'::text, (fecha)::timestamp without time zone) = '2020'::double precision))"
"                                            Rows Removed by Filter: 916"
"                                      ->  Bitmap Heap Scan on realiza_boleta rb  (cost=4.29..9.87 rows=2 width=18) (actual time=0.008..0.010 rows=2 loops=84)"
"                                            Recheck Cond: ((dni_cliente)::text = (b.dni)::text)"
"                                            Heap Blocks: exact=148"
"                                            ->  Bitmap Index Scan on pk_realiza_boleta  (cost=0.00..4.29 rows=2 width=0) (actual time=0.006..0.006 rows=2 loops=84)"
"                                                  Index Cond: ((dni_cliente)::text = (b.dni)::text)"
"                                ->  Index Scan using index_dni_t on terapista t  (cost=0.00..0.09 rows=1 width=45) (actual time=0.002..0.002 rows=1 loops=155)"
"                                      Index Cond: ((dni)::text = (rb.dni_terapista)::text)"
"                          ->  Nested Loop  (cost=4.29..50.07 rows=2 width=40) (actual time=0.037..1.827 rows=205 loops=1)"
"                                ->  Nested Loop  (cost=4.29..49.89 rows=2 width=13) (actual time=0.031..1.352 rows=205 loops=1)"
"                                      ->  Seq Scan on factura f  (cost=0.00..40.00 rows=1 width=13) (actual time=0.017..0.385 rows=90 loops=1)"
"                                            Filter: ((date_part('MONTH'::text, (fecha)::timestamp without time zone) = '2'::double precision) AND (date_part('YEAR'::text, (fecha)::timestamp without time zone) = '2020'::double precision))"
"                                            Rows Removed by Filter: 910"
"                                      ->  Bitmap Heap Scan on realiza_factura rf  (cost=4.29..9.87 rows=2 width=18) (actual time=0.007..0.008 rows=2 loops=90)"
"                                            Recheck Cond: ((dni_cliente)::text = (f.dni)::text)"
"                                            Heap Blocks: exact=185"
"                                            ->  Bitmap Index Scan on pk_realiza_factura  (cost=0.00..4.29 rows=2 width=0) (actual time=0.005..0.005 rows=2 loops=90)"
"                                                  Index Cond: ((dni_cliente)::text = (f.dni)::text)"
"                                ->  Index Scan using index_dni_t on terapista t_1  (cost=0.00..0.09 rows=1 width=45) (actual time=0.001..0.001 rows=1 loops=205)"
"                                      Index Cond: ((dni)::text = (rf.dni_terapista)::text)"
"Planning Time: 5.766 ms"
"Execution Time: 4.409 ms"

ITERACION 8
"Limit  (cost=94.34..94.34 rows=1 width=44) (actual time=7.479..7.486 rows=1 loops=1)"
"  ->  Sort  (cost=94.34..94.35 rows=4 width=44) (actual time=7.477..7.484 rows=1 loops=1)"
"        Sort Key: (sum(b.monto)) DESC"
"        Sort Method: top-N heapsort  Memory: 25kB"
"        ->  GroupAggregate  (cost=94.25..94.32 rows=4 width=44) (actual time=7.347..7.472 rows=10 loops=1)"
"              Group Key: t.direccion"
"              ->  Sort  (cost=94.25..94.26 rows=4 width=40) (actual time=7.325..7.369 rows=360 loops=1)"
"                    Sort Key: t.direccion"
"                    Sort Method: quicksort  Memory: 55kB"
"                    ->  Append  (cost=4.29..94.21 rows=4 width=40) (actual time=0.059..6.979 rows=360 loops=1)"
"                          ->  Nested Loop  (cost=4.29..44.07 rows=2 width=40) (actual time=0.058..2.967 rows=155 loops=1)"
"                                ->  Nested Loop  (cost=4.29..43.89 rows=2 width=13) (actual time=0.046..2.265 rows=155 loops=1)"
"                                      ->  Seq Scan on boleta b  (cost=0.00..34.00 rows=1 width=13) (actual time=0.020..0.727 rows=84 loops=1)"
"                                            Filter: ((date_part('MONTH'::text, (fecha)::timestamp without time zone) = '2'::double precision) AND (date_part('YEAR'::text, (fecha)::timestamp without time zone) = '2020'::double precision))"
"                                            Rows Removed by Filter: 916"
"                                      ->  Bitmap Heap Scan on realiza_boleta rb  (cost=4.29..9.87 rows=2 width=18) (actual time=0.012..0.014 rows=2 loops=84)"
"                                            Recheck Cond: ((dni_cliente)::text = (b.dni)::text)"
"                                            Heap Blocks: exact=148"
"                                            ->  Bitmap Index Scan on pk_realiza_boleta  (cost=0.00..4.29 rows=2 width=0) (actual time=0.009..0.009 rows=2 loops=84)"
"                                                  Index Cond: ((dni_cliente)::text = (b.dni)::text)"
"                                ->  Index Scan using index_dni_t on terapista t  (cost=0.00..0.09 rows=1 width=45) (actual time=0.003..0.003 rows=1 loops=155)"
"                                      Index Cond: ((dni)::text = (rb.dni_terapista)::text)"
"                          ->  Nested Loop  (cost=4.29..50.07 rows=2 width=40) (actual time=0.040..3.890 rows=205 loops=1)"
"                                ->  Nested Loop  (cost=4.29..49.89 rows=2 width=13) (actual time=0.033..2.859 rows=205 loops=1)"
"                                      ->  Seq Scan on factura f  (cost=0.00..40.00 rows=1 width=13) (actual time=0.018..0.823 rows=90 loops=1)"
"                                            Filter: ((date_part('MONTH'::text, (fecha)::timestamp without time zone) = '2'::double precision) AND (date_part('YEAR'::text, (fecha)::timestamp without time zone) = '2020'::double precision))"
"                                            Rows Removed by Filter: 910"
"                                      ->  Bitmap Heap Scan on realiza_factura rf  (cost=4.29..9.87 rows=2 width=18) (actual time=0.015..0.018 rows=2 loops=90)"
"                                            Recheck Cond: ((dni_cliente)::text = (f.dni)::text)"
"                                            Heap Blocks: exact=185"
"                                            ->  Bitmap Index Scan on pk_realiza_factura  (cost=0.00..4.29 rows=2 width=0) (actual time=0.011..0.011 rows=2 loops=90)"
"                                                  Index Cond: ((dni_cliente)::text = (f.dni)::text)"
"                                ->  Index Scan using index_dni_t on terapista t_1  (cost=0.00..0.09 rows=1 width=45) (actual time=0.003..0.003 rows=1 loops=205)"
"                                      Index Cond: ((dni)::text = (rf.dni_terapista)::text)"
"Planning Time: 4.539 ms"
"Execution Time: 7.592 ms"

ITERACION 9
"Limit  (cost=94.34..94.34 rows=1 width=44) (actual time=3.959..3.965 rows=1 loops=1)"
"  ->  Sort  (cost=94.34..94.35 rows=4 width=44) (actual time=3.958..3.963 rows=1 loops=1)"
"        Sort Key: (sum(b.monto)) DESC"
"        Sort Method: top-N heapsort  Memory: 25kB"
"        ->  GroupAggregate  (cost=94.25..94.32 rows=4 width=44) (actual time=3.827..3.954 rows=10 loops=1)"
"              Group Key: t.direccion"
"              ->  Sort  (cost=94.25..94.26 rows=4 width=40) (actual time=3.805..3.847 rows=360 loops=1)"
"                    Sort Key: t.direccion"
"                    Sort Method: quicksort  Memory: 55kB"
"                    ->  Append  (cost=4.29..94.21 rows=4 width=40) (actual time=0.037..3.569 rows=360 loops=1)"
"                          ->  Nested Loop  (cost=4.29..44.07 rows=2 width=40) (actual time=0.036..1.241 rows=155 loops=1)"
"                                ->  Nested Loop  (cost=4.29..43.89 rows=2 width=13) (actual time=0.029..0.950 rows=155 loops=1)"
"                                      ->  Seq Scan on boleta b  (cost=0.00..34.00 rows=1 width=13) (actual time=0.012..0.276 rows=84 loops=1)"
"                                            Filter: ((date_part('MONTH'::text, (fecha)::timestamp without time zone) = '2'::double precision) AND (date_part('YEAR'::text, (fecha)::timestamp without time zone) = '2020'::double precision))"
"                                            Rows Removed by Filter: 916"
"                                      ->  Bitmap Heap Scan on realiza_boleta rb  (cost=4.29..9.87 rows=2 width=18) (actual time=0.005..0.006 rows=2 loops=84)"
"                                            Recheck Cond: ((dni_cliente)::text = (b.dni)::text)"
"                                            Heap Blocks: exact=148"
"                                            ->  Bitmap Index Scan on pk_realiza_boleta  (cost=0.00..4.29 rows=2 width=0) (actual time=0.004..0.004 rows=2 loops=84)"
"                                                  Index Cond: ((dni_cliente)::text = (b.dni)::text)"
"                                ->  Index Scan using index_dni_t on terapista t  (cost=0.00..0.09 rows=1 width=45) (actual time=0.001..0.001 rows=1 loops=155)"
"                                      Index Cond: ((dni)::text = (rb.dni_terapista)::text)"
"                          ->  Nested Loop  (cost=4.29..50.07 rows=2 width=40) (actual time=0.038..2.284 rows=205 loops=1)"
"                                ->  Nested Loop  (cost=4.29..49.89 rows=2 width=13) (actual time=0.031..1.678 rows=205 loops=1)"
"                                      ->  Seq Scan on factura f  (cost=0.00..40.00 rows=1 width=13) (actual time=0.017..0.493 rows=90 loops=1)"
"                                            Filter: ((date_part('MONTH'::text, (fecha)::timestamp without time zone) = '2'::double precision) AND (date_part('YEAR'::text, (fecha)::timestamp without time zone) = '2020'::double precision))"
"                                            Rows Removed by Filter: 910"
"                                      ->  Bitmap Heap Scan on realiza_factura rf  (cost=4.29..9.87 rows=2 width=18) (actual time=0.009..0.011 rows=2 loops=90)"
"                                            Recheck Cond: ((dni_cliente)::text = (f.dni)::text)"
"                                            Heap Blocks: exact=185"
"                                            ->  Bitmap Index Scan on pk_realiza_factura  (cost=0.00..4.29 rows=2 width=0) (actual time=0.006..0.006 rows=2 loops=90)"
"                                                  Index Cond: ((dni_cliente)::text = (f.dni)::text)"
"                                ->  Index Scan using index_dni_t on terapista t_1  (cost=0.00..0.09 rows=1 width=45) (actual time=0.002..0.002 rows=1 loops=205)"
"                                      Index Cond: ((dni)::text = (rf.dni_terapista)::text)"
"Planning Time: 3.424 ms"
"Execution Time: 4.036 ms"

ITERACION 10
"Limit  (cost=94.34..94.34 rows=1 width=44) (actual time=4.110..4.118 rows=1 loops=1)"
"  ->  Sort  (cost=94.34..94.35 rows=4 width=44) (actual time=4.108..4.115 rows=1 loops=1)"
"        Sort Key: (sum(b.monto)) DESC"
"        Sort Method: top-N heapsort  Memory: 25kB"
"        ->  GroupAggregate  (cost=94.25..94.32 rows=4 width=44) (actual time=3.985..4.105 rows=10 loops=1)"
"              Group Key: t.direccion"
"              ->  Sort  (cost=94.25..94.26 rows=4 width=40) (actual time=3.965..4.001 rows=360 loops=1)"
"                    Sort Key: t.direccion"
"                    Sort Method: quicksort  Memory: 55kB"
"                    ->  Append  (cost=4.29..94.21 rows=4 width=40) (actual time=0.035..3.766 rows=360 loops=1)"
"                          ->  Nested Loop  (cost=4.29..44.07 rows=2 width=40) (actual time=0.034..1.563 rows=155 loops=1)"
"                                ->  Nested Loop  (cost=4.29..43.89 rows=2 width=13) (actual time=0.028..1.163 rows=155 loops=1)"
"                                      ->  Seq Scan on boleta b  (cost=0.00..34.00 rows=1 width=13) (actual time=0.014..0.371 rows=84 loops=1)"
"                                            Filter: ((date_part('MONTH'::text, (fecha)::timestamp without time zone) = '2'::double precision) AND (date_part('YEAR'::text, (fecha)::timestamp without time zone) = '2020'::double precision))"
"                                            Rows Removed by Filter: 916"
"                                      ->  Bitmap Heap Scan on realiza_boleta rb  (cost=4.29..9.87 rows=2 width=18) (actual time=0.006..0.008 rows=2 loops=84)"
"                                            Recheck Cond: ((dni_cliente)::text = (b.dni)::text)"
"                                            Heap Blocks: exact=148"
"                                            ->  Bitmap Index Scan on pk_realiza_boleta  (cost=0.00..4.29 rows=2 width=0) (actual time=0.005..0.005 rows=2 loops=84)"
"                                                  Index Cond: ((dni_cliente)::text = (b.dni)::text)"
"                                ->  Index Scan using index_dni_t on terapista t  (cost=0.00..0.09 rows=1 width=45) (actual time=0.002..0.002 rows=1 loops=155)"
"                                      Index Cond: ((dni)::text = (rb.dni_terapista)::text)"
"                          ->  Nested Loop  (cost=4.29..50.07 rows=2 width=40) (actual time=0.032..2.149 rows=205 loops=1)"
"                                ->  Nested Loop  (cost=4.29..49.89 rows=2 width=13) (actual time=0.026..1.653 rows=205 loops=1)"
"                                      ->  Seq Scan on factura f  (cost=0.00..40.00 rows=1 width=13) (actual time=0.014..0.454 rows=90 loops=1)"
"                                            Filter: ((date_part('MONTH'::text, (fecha)::timestamp without time zone) = '2'::double precision) AND (date_part('YEAR'::text, (fecha)::timestamp without time zone) = '2020'::double precision))"
"                                            Rows Removed by Filter: 910"
"                                      ->  Bitmap Heap Scan on realiza_factura rf  (cost=4.29..9.87 rows=2 width=18) (actual time=0.010..0.011 rows=2 loops=90)"
"                                            Recheck Cond: ((dni_cliente)::text = (f.dni)::text)"
"                                            Heap Blocks: exact=185"
"                                            ->  Bitmap Index Scan on pk_realiza_factura  (cost=0.00..4.29 rows=2 width=0) (actual time=0.008..0.008 rows=2 loops=90)"
"                                                  Index Cond: ((dni_cliente)::text = (f.dni)::text)"
"                                ->  Index Scan using index_dni_t on terapista t_1  (cost=0.00..0.09 rows=1 width=45) (actual time=0.001..0.001 rows=1 loops=205)"
"                                      Index Cond: ((dni)::text = (rf.dni_terapista)::text)"
"Planning Time: 2.023 ms"
"Execution Time: 4.221 ms"

MIL_10
ITERACION 1
"Limit  (cost=754.77..754.77 rows=1 width=44) (actual time=27.461..27.464 rows=1 loops=1)"
"  ->  Sort  (cost=754.77..754.78 rows=4 width=44) (actual time=27.460..27.463 rows=1 loops=1)"
"        Sort Key: (sum(b.monto)) DESC"
"        Sort Method: top-N heapsort  Memory: 25kB"
"        ->  GroupAggregate  (cost=754.68..754.75 rows=4 width=44) (actual time=27.098..27.455 rows=10 loops=1)"
"              Group Key: t.direccion"
"              ->  Sort  (cost=754.68..754.69 rows=4 width=40) (actual time=27.049..27.181 rows=3238 loops=1)"
"                    Sort Key: t.direccion"
"                    Sort Method: quicksort  Memory: 349kB"
"                    ->  Append  (cost=4.59..754.64 rows=4 width=40) (actual time=0.053..25.860 rows=3238 loops=1)"
"                          ->  Nested Loop  (cost=4.59..346.29 rows=2 width=40) (actual time=0.052..14.148 rows=1659 loops=1)"
"                                ->  Nested Loop  (cost=4.30..345.55 rows=2 width=13) (actual time=0.042..7.797 rows=1659 loops=1)"
"                                      ->  Seq Scan on boleta b  (cost=0.00..334.00 rows=1 width=13) (actual time=0.022..1.990 rows=822 loops=1)"
"                                            Filter: ((date_part('MONTH'::text, (fecha)::timestamp without time zone) = '2'::double precision) AND (date_part('YEAR'::text, (fecha)::timestamp without time zone) = '2020'::double precision))"
"                                            Rows Removed by Filter: 9178"
"                                      ->  Bitmap Heap Scan on realiza_boleta rb  (cost=4.30..11.53 rows=2 width=18) (actual time=0.005..0.006 rows=2 loops=822)"
"                                            Recheck Cond: ((dni_cliente)::text = (b.dni)::text)"
"                                            Heap Blocks: exact=1644"
"                                            ->  Bitmap Index Scan on pk_realiza_boleta  (cost=0.00..4.30 rows=2 width=0) (actual time=0.004..0.004 rows=2 loops=822)"
"                                                  Index Cond: ((dni_cliente)::text = (b.dni)::text)"
"                                ->  Index Scan using pk_terapista on terapista t  (cost=0.29..0.37 rows=1 width=45) (actual time=0.003..0.003 rows=1 loops=1659)"
"                                      Index Cond: ((dni)::text = (rb.dni_terapista)::text)"
"                          ->  Nested Loop  (cost=4.59..408.29 rows=2 width=40) (actual time=0.021..11.473 rows=1579 loops=1)"
"                                ->  Nested Loop  (cost=4.30..407.55 rows=2 width=13) (actual time=0.016..6.494 rows=1579 loops=1)"
"                                      ->  Seq Scan on factura f  (cost=0.00..396.00 rows=1 width=13) (actual time=0.007..1.868 rows=796 loops=1)"
"                                            Filter: ((date_part('MONTH'::text, (fecha)::timestamp without time zone) = '2'::double precision) AND (date_part('YEAR'::text, (fecha)::timestamp without time zone) = '2020'::double precision))"
"                                            Rows Removed by Filter: 9204"
"                                      ->  Bitmap Heap Scan on realiza_factura rf  (cost=4.30..11.53 rows=2 width=18) (actual time=0.004..0.005 rows=2 loops=796)"
"                                            Recheck Cond: ((dni_cliente)::text = (f.dni)::text)"
"                                            Heap Blocks: exact=1570"
"                                            ->  Bitmap Index Scan on pk_realiza_factura  (cost=0.00..4.30 rows=2 width=0) (actual time=0.003..0.003 rows=2 loops=796)"
"                                                  Index Cond: ((dni_cliente)::text = (f.dni)::text)"
"                                ->  Index Scan using pk_terapista on terapista t_1  (cost=0.29..0.37 rows=1 width=45) (actual time=0.003..0.003 rows=1 loops=1579)"
"                                      Index Cond: ((dni)::text = (rf.dni_terapista)::text)"
"Planning Time: 1.859 ms"
"Execution Time: 27.534 ms"

ITERACION 2
"Limit  (cost=754.77..754.77 rows=1 width=44) (actual time=76.348..76.351 rows=1 loops=1)"
"  ->  Sort  (cost=754.77..754.78 rows=4 width=44) (actual time=76.345..76.348 rows=1 loops=1)"
"        Sort Key: (sum(b.monto)) DESC"
"        Sort Method: top-N heapsort  Memory: 25kB"
"        ->  GroupAggregate  (cost=754.68..754.75 rows=4 width=44) (actual time=75.901..76.337 rows=10 loops=1)"
"              Group Key: t.direccion"
"              ->  Sort  (cost=754.68..754.69 rows=4 width=40) (actual time=75.846..76.001 rows=3238 loops=1)"
"                    Sort Key: t.direccion"
"                    Sort Method: quicksort  Memory: 349kB"
"                    ->  Append  (cost=4.59..754.64 rows=4 width=40) (actual time=0.170..73.691 rows=3238 loops=1)"
"                          ->  Nested Loop  (cost=4.59..346.29 rows=2 width=40) (actual time=0.168..54.513 rows=1659 loops=1)"
"                                ->  Nested Loop  (cost=4.30..345.55 rows=2 width=13) (actual time=0.135..29.850 rows=1659 loops=1)"
"                                      ->  Seq Scan on boleta b  (cost=0.00..334.00 rows=1 width=13) (actual time=0.066..8.719 rows=822 loops=1)"
"                                            Filter: ((date_part('MONTH'::text, (fecha)::timestamp without time zone) = '2'::double precision) AND (date_part('YEAR'::text, (fecha)::timestamp without time zone) = '2020'::double precision))"
"                                            Rows Removed by Filter: 9178"
"                                      ->  Bitmap Heap Scan on realiza_boleta rb  (cost=4.30..11.53 rows=2 width=18) (actual time=0.018..0.021 rows=2 loops=822)"
"                                            Recheck Cond: ((dni_cliente)::text = (b.dni)::text)"
"                                            Heap Blocks: exact=1644"
"                                            ->  Bitmap Index Scan on pk_realiza_boleta  (cost=0.00..4.30 rows=2 width=0) (actual time=0.013..0.013 rows=2 loops=822)"
"                                                  Index Cond: ((dni_cliente)::text = (b.dni)::text)"
"                                ->  Index Scan using pk_terapista on terapista t  (cost=0.29..0.37 rows=1 width=45) (actual time=0.013..0.013 rows=1 loops=1659)"
"                                      Index Cond: ((dni)::text = (rb.dni_terapista)::text)"
"                          ->  Nested Loop  (cost=4.59..408.29 rows=2 width=40) (actual time=0.058..18.340 rows=1579 loops=1)"
"                                ->  Nested Loop  (cost=4.30..407.55 rows=2 width=13) (actual time=0.044..10.450 rows=1579 loops=1)"
"                                      ->  Seq Scan on factura f  (cost=0.00..396.00 rows=1 width=13) (actual time=0.023..3.077 rows=796 loops=1)"
"                                            Filter: ((date_part('MONTH'::text, (fecha)::timestamp without time zone) = '2'::double precision) AND (date_part('YEAR'::text, (fecha)::timestamp without time zone) = '2020'::double precision))"
"                                            Rows Removed by Filter: 9204"
"                                      ->  Bitmap Heap Scan on realiza_factura rf  (cost=4.30..11.53 rows=2 width=18) (actual time=0.006..0.008 rows=2 loops=796)"
"                                            Recheck Cond: ((dni_cliente)::text = (f.dni)::text)"
"                                            Heap Blocks: exact=1570"
"                                            ->  Bitmap Index Scan on pk_realiza_factura  (cost=0.00..4.30 rows=2 width=0) (actual time=0.005..0.005 rows=2 loops=796)"
"                                                  Index Cond: ((dni_cliente)::text = (f.dni)::text)"
"                                ->  Index Scan using pk_terapista on terapista t_1  (cost=0.29..0.37 rows=1 width=45) (actual time=0.004..0.004 rows=1 loops=1579)"
"                                      Index Cond: ((dni)::text = (rf.dni_terapista)::text)"
"Planning Time: 6.328 ms"
"Execution Time: 76.533 ms"

ITERACION 3
"Limit  (cost=754.77..754.77 rows=1 width=44) (actual time=25.947..25.952 rows=1 loops=1)"
"  ->  Sort  (cost=754.77..754.78 rows=4 width=44) (actual time=25.946..25.950 rows=1 loops=1)"
"        Sort Key: (sum(b.monto)) DESC"
"        Sort Method: top-N heapsort  Memory: 25kB"
"        ->  GroupAggregate  (cost=754.68..754.75 rows=4 width=44) (actual time=25.558..25.943 rows=10 loops=1)"
"              Group Key: t.direccion"
"              ->  Sort  (cost=754.68..754.69 rows=4 width=40) (actual time=25.502..25.651 rows=3238 loops=1)"
"                    Sort Key: t.direccion"
"                    Sort Method: quicksort  Memory: 349kB"
"                    ->  Append  (cost=4.59..754.64 rows=4 width=40) (actual time=0.042..24.534 rows=3238 loops=1)"
"                          ->  Nested Loop  (cost=4.59..346.29 rows=2 width=40) (actual time=0.042..14.007 rows=1659 loops=1)"
"                                ->  Nested Loop  (cost=4.30..345.55 rows=2 width=13) (actual time=0.032..7.829 rows=1659 loops=1)"
"                                      ->  Seq Scan on boleta b  (cost=0.00..334.00 rows=1 width=13) (actual time=0.016..1.991 rows=822 loops=1)"
"                                            Filter: ((date_part('MONTH'::text, (fecha)::timestamp without time zone) = '2'::double precision) AND (date_part('YEAR'::text, (fecha)::timestamp without time zone) = '2020'::double precision))"
"                                            Rows Removed by Filter: 9178"
"                                      ->  Bitmap Heap Scan on realiza_boleta rb  (cost=4.30..11.53 rows=2 width=18) (actual time=0.005..0.006 rows=2 loops=822)"
"                                            Recheck Cond: ((dni_cliente)::text = (b.dni)::text)"
"                                            Heap Blocks: exact=1644"
"                                            ->  Bitmap Index Scan on pk_realiza_boleta  (cost=0.00..4.30 rows=2 width=0) (actual time=0.004..0.004 rows=2 loops=822)"
"                                                  Index Cond: ((dni_cliente)::text = (b.dni)::text)"
"                                ->  Index Scan using pk_terapista on terapista t  (cost=0.29..0.37 rows=1 width=45) (actual time=0.003..0.003 rows=1 loops=1659)"
"                                      Index Cond: ((dni)::text = (rb.dni_terapista)::text)"
"                          ->  Nested Loop  (cost=4.59..408.29 rows=2 width=40) (actual time=0.022..10.296 rows=1579 loops=1)"
"                                ->  Nested Loop  (cost=4.30..407.55 rows=2 width=13) (actual time=0.017..5.982 rows=1579 loops=1)"
"                                      ->  Seq Scan on factura f  (cost=0.00..396.00 rows=1 width=13) (actual time=0.007..1.742 rows=796 loops=1)"
"                                            Filter: ((date_part('MONTH'::text, (fecha)::timestamp without time zone) = '2'::double precision) AND (date_part('YEAR'::text, (fecha)::timestamp without time zone) = '2020'::double precision))"
"                                            Rows Removed by Filter: 9204"
"                                      ->  Bitmap Heap Scan on realiza_factura rf  (cost=4.30..11.53 rows=2 width=18) (actual time=0.004..0.004 rows=2 loops=796)"
"                                            Recheck Cond: ((dni_cliente)::text = (f.dni)::text)"
"                                            Heap Blocks: exact=1570"
"                                            ->  Bitmap Index Scan on pk_realiza_factura  (cost=0.00..4.30 rows=2 width=0) (actual time=0.003..0.003 rows=2 loops=796)"
"                                                  Index Cond: ((dni_cliente)::text = (f.dni)::text)"
"                                ->  Index Scan using pk_terapista on terapista t_1  (cost=0.29..0.37 rows=1 width=45) (actual time=0.002..0.002 rows=1 loops=1579)"
"                                      Index Cond: ((dni)::text = (rf.dni_terapista)::text)"
"Planning Time: 1.574 ms"
"Execution Time: 26.007 ms"

ITERACION 4
"Limit  (cost=754.77..754.77 rows=1 width=44) (actual time=59.824..59.830 rows=1 loops=1)"
"  ->  Sort  (cost=754.77..754.78 rows=4 width=44) (actual time=59.822..59.827 rows=1 loops=1)"
"        Sort Key: (sum(b.monto)) DESC"
"        Sort Method: top-N heapsort  Memory: 25kB"
"        ->  GroupAggregate  (cost=754.68..754.75 rows=4 width=44) (actual time=59.184..59.813 rows=10 loops=1)"
"              Group Key: t.direccion"
"              ->  Sort  (cost=754.68..754.69 rows=4 width=40) (actual time=59.111..59.330 rows=3238 loops=1)"
"                    Sort Key: t.direccion"
"                    Sort Method: quicksort  Memory: 349kB"
"                    ->  Append  (cost=4.59..754.64 rows=4 width=40) (actual time=0.157..56.997 rows=3238 loops=1)"
"                          ->  Nested Loop  (cost=4.59..346.29 rows=2 width=40) (actual time=0.156..36.010 rows=1659 loops=1)"
"                                ->  Nested Loop  (cost=4.30..345.55 rows=2 width=13) (actual time=0.125..19.927 rows=1659 loops=1)"
"                                      ->  Seq Scan on boleta b  (cost=0.00..334.00 rows=1 width=13) (actual time=0.069..5.333 rows=822 loops=1)"
"                                            Filter: ((date_part('MONTH'::text, (fecha)::timestamp without time zone) = '2'::double precision) AND (date_part('YEAR'::text, (fecha)::timestamp without time zone) = '2020'::double precision))"
"                                            Rows Removed by Filter: 9178"
"                                      ->  Bitmap Heap Scan on realiza_boleta rb  (cost=4.30..11.53 rows=2 width=18) (actual time=0.012..0.014 rows=2 loops=822)"
"                                            Recheck Cond: ((dni_cliente)::text = (b.dni)::text)"
"                                            Heap Blocks: exact=1644"
"                                            ->  Bitmap Index Scan on pk_realiza_boleta  (cost=0.00..4.30 rows=2 width=0) (actual time=0.009..0.009 rows=2 loops=822)"
"                                                  Index Cond: ((dni_cliente)::text = (b.dni)::text)"
"                                ->  Index Scan using pk_terapista on terapista t  (cost=0.29..0.37 rows=1 width=45) (actual time=0.008..0.008 rows=1 loops=1659)"
"                                      Index Cond: ((dni)::text = (rb.dni_terapista)::text)"
"                          ->  Nested Loop  (cost=4.59..408.29 rows=2 width=40) (actual time=0.052..20.427 rows=1579 loops=1)"
"                                ->  Nested Loop  (cost=4.30..407.55 rows=2 width=13) (actual time=0.038..11.436 rows=1579 loops=1)"
"                                      ->  Seq Scan on factura f  (cost=0.00..396.00 rows=1 width=13) (actual time=0.015..3.292 rows=796 loops=1)"
"                                            Filter: ((date_part('MONTH'::text, (fecha)::timestamp without time zone) = '2'::double precision) AND (date_part('YEAR'::text, (fecha)::timestamp without time zone) = '2020'::double precision))"
"                                            Rows Removed by Filter: 9204"
"                                      ->  Bitmap Heap Scan on realiza_factura rf  (cost=4.30..11.53 rows=2 width=18) (actual time=0.007..0.008 rows=2 loops=796)"
"                                            Recheck Cond: ((dni_cliente)::text = (f.dni)::text)"
"                                            Heap Blocks: exact=1570"
"                                            ->  Bitmap Index Scan on pk_realiza_factura  (cost=0.00..4.30 rows=2 width=0) (actual time=0.005..0.005 rows=2 loops=796)"
"                                                  Index Cond: ((dni_cliente)::text = (f.dni)::text)"
"                                ->  Index Scan using pk_terapista on terapista t_1  (cost=0.29..0.37 rows=1 width=45) (actual time=0.005..0.005 rows=1 loops=1579)"
"                                      Index Cond: ((dni)::text = (rf.dni_terapista)::text)"
"Planning Time: 8.794 ms"
"Execution Time: 60.010 ms"

ITERACION 5
"Limit  (cost=754.77..754.77 rows=1 width=44) (actual time=21.227..21.231 rows=1 loops=1)"
"  ->  Sort  (cost=754.77..754.78 rows=4 width=44) (actual time=21.226..21.230 rows=1 loops=1)"
"        Sort Key: (sum(b.monto)) DESC"
"        Sort Method: top-N heapsort  Memory: 25kB"
"        ->  GroupAggregate  (cost=754.68..754.75 rows=4 width=44) (actual time=20.882..21.224 rows=10 loops=1)"
"              Group Key: t.direccion"
"              ->  Sort  (cost=754.68..754.69 rows=4 width=40) (actual time=20.834..20.961 rows=3238 loops=1)"
"                    Sort Key: t.direccion"
"                    Sort Method: quicksort  Memory: 349kB"
"                    ->  Append  (cost=4.59..754.64 rows=4 width=40) (actual time=0.043..20.018 rows=3238 loops=1)"
"                          ->  Nested Loop  (cost=4.59..346.29 rows=2 width=40) (actual time=0.042..10.743 rows=1659 loops=1)"
"                                ->  Nested Loop  (cost=4.30..345.55 rows=2 width=13) (actual time=0.034..6.041 rows=1659 loops=1)"
"                                      ->  Seq Scan on boleta b  (cost=0.00..334.00 rows=1 width=13) (actual time=0.018..1.570 rows=822 loops=1)"
"                                            Filter: ((date_part('MONTH'::text, (fecha)::timestamp without time zone) = '2'::double precision) AND (date_part('YEAR'::text, (fecha)::timestamp without time zone) = '2020'::double precision))"
"                                            Rows Removed by Filter: 9178"
"                                      ->  Bitmap Heap Scan on realiza_boleta rb  (cost=4.30..11.53 rows=2 width=18) (actual time=0.004..0.005 rows=2 loops=822)"
"                                            Recheck Cond: ((dni_cliente)::text = (b.dni)::text)"
"                                            Heap Blocks: exact=1644"
"                                            ->  Bitmap Index Scan on pk_realiza_boleta  (cost=0.00..4.30 rows=2 width=0) (actual time=0.003..0.003 rows=2 loops=822)"
"                                                  Index Cond: ((dni_cliente)::text = (b.dni)::text)"
"                                ->  Index Scan using pk_terapista on terapista t  (cost=0.29..0.37 rows=1 width=45) (actual time=0.002..0.002 rows=1 loops=1659)"
"                                      Index Cond: ((dni)::text = (rb.dni_terapista)::text)"
"                          ->  Nested Loop  (cost=4.59..408.29 rows=2 width=40) (actual time=0.020..9.091 rows=1579 loops=1)"
"                                ->  Nested Loop  (cost=4.30..407.55 rows=2 width=13) (actual time=0.015..5.179 rows=1579 loops=1)"
"                                      ->  Seq Scan on factura f  (cost=0.00..396.00 rows=1 width=13) (actual time=0.006..1.499 rows=796 loops=1)"
"                                            Filter: ((date_part('MONTH'::text, (fecha)::timestamp without time zone) = '2'::double precision) AND (date_part('YEAR'::text, (fecha)::timestamp without time zone) = '2020'::double precision))"
"                                            Rows Removed by Filter: 9204"
"                                      ->  Bitmap Heap Scan on realiza_factura rf  (cost=4.30..11.53 rows=2 width=18) (actual time=0.003..0.004 rows=2 loops=796)"
"                                            Recheck Cond: ((dni_cliente)::text = (f.dni)::text)"
"                                            Heap Blocks: exact=1570"
"                                            ->  Bitmap Index Scan on pk_realiza_factura  (cost=0.00..4.30 rows=2 width=0) (actual time=0.002..0.002 rows=2 loops=796)"
"                                                  Index Cond: ((dni_cliente)::text = (f.dni)::text)"
"                                ->  Index Scan using pk_terapista on terapista t_1  (cost=0.29..0.37 rows=1 width=45) (actual time=0.002..0.002 rows=1 loops=1579)"
"                                      Index Cond: ((dni)::text = (rf.dni_terapista)::text)"
"Planning Time: 1.591 ms"
"Execution Time: 21.288 ms"

ITERACION 6
"Limit  (cost=754.77..754.77 rows=1 width=44) (actual time=30.872..30.876 rows=1 loops=1)"
"  ->  Sort  (cost=754.77..754.78 rows=4 width=44) (actual time=30.871..30.875 rows=1 loops=1)"
"        Sort Key: (sum(b.monto)) DESC"
"        Sort Method: top-N heapsort  Memory: 25kB"
"        ->  GroupAggregate  (cost=754.68..754.75 rows=4 width=44) (actual time=30.423..30.868 rows=10 loops=1)"
"              Group Key: t.direccion"
"              ->  Sort  (cost=754.68..754.69 rows=4 width=40) (actual time=30.367..30.525 rows=3238 loops=1)"
"                    Sort Key: t.direccion"
"                    Sort Method: quicksort  Memory: 349kB"
"                    ->  Append  (cost=4.59..754.64 rows=4 width=40) (actual time=0.045..29.278 rows=3238 loops=1)"
"                          ->  Nested Loop  (cost=4.59..346.29 rows=2 width=40) (actual time=0.044..16.367 rows=1659 loops=1)"
"                                ->  Nested Loop  (cost=4.30..345.55 rows=2 width=13) (actual time=0.035..9.166 rows=1659 loops=1)"
"                                      ->  Seq Scan on boleta b  (cost=0.00..334.00 rows=1 width=13) (actual time=0.017..2.292 rows=822 loops=1)"
"                                            Filter: ((date_part('MONTH'::text, (fecha)::timestamp without time zone) = '2'::double precision) AND (date_part('YEAR'::text, (fecha)::timestamp without time zone) = '2020'::double precision))"
"                                            Rows Removed by Filter: 9178"
"                                      ->  Bitmap Heap Scan on realiza_boleta rb  (cost=4.30..11.53 rows=2 width=18) (actual time=0.006..0.007 rows=2 loops=822)"
"                                            Recheck Cond: ((dni_cliente)::text = (b.dni)::text)"
"                                            Heap Blocks: exact=1644"
"                                            ->  Bitmap Index Scan on pk_realiza_boleta  (cost=0.00..4.30 rows=2 width=0) (actual time=0.004..0.004 rows=2 loops=822)"
"                                                  Index Cond: ((dni_cliente)::text = (b.dni)::text)"
"                                ->  Index Scan using pk_terapista on terapista t  (cost=0.29..0.37 rows=1 width=45) (actual time=0.004..0.004 rows=1 loops=1659)"
"                                      Index Cond: ((dni)::text = (rb.dni_terapista)::text)"
"                          ->  Nested Loop  (cost=4.59..408.29 rows=2 width=40) (actual time=0.024..12.627 rows=1579 loops=1)"
"                                ->  Nested Loop  (cost=4.30..407.55 rows=2 width=13) (actual time=0.018..7.189 rows=1579 loops=1)"
"                                      ->  Seq Scan on factura f  (cost=0.00..396.00 rows=1 width=13) (actual time=0.007..2.088 rows=796 loops=1)"
"                                            Filter: ((date_part('MONTH'::text, (fecha)::timestamp without time zone) = '2'::double precision) AND (date_part('YEAR'::text, (fecha)::timestamp without time zone) = '2020'::double precision))"
"                                            Rows Removed by Filter: 9204"
"                                      ->  Bitmap Heap Scan on realiza_factura rf  (cost=4.30..11.53 rows=2 width=18) (actual time=0.004..0.005 rows=2 loops=796)"
"                                            Recheck Cond: ((dni_cliente)::text = (f.dni)::text)"
"                                            Heap Blocks: exact=1570"
"                                            ->  Bitmap Index Scan on pk_realiza_factura  (cost=0.00..4.30 rows=2 width=0) (actual time=0.003..0.003 rows=2 loops=796)"
"                                                  Index Cond: ((dni_cliente)::text = (f.dni)::text)"
"                                ->  Index Scan using pk_terapista on terapista t_1  (cost=0.29..0.37 rows=1 width=45) (actual time=0.003..0.003 rows=1 loops=1579)"
"                                      Index Cond: ((dni)::text = (rf.dni_terapista)::text)"
"Planning Time: 1.803 ms"
"Execution Time: 30.937 ms"

ITERACION 7
"Limit  (cost=754.77..754.77 rows=1 width=44) (actual time=32.769..32.772 rows=1 loops=1)"
"  ->  Sort  (cost=754.77..754.78 rows=4 width=44) (actual time=32.768..32.771 rows=1 loops=1)"
"        Sort Key: (sum(b.monto)) DESC"
"        Sort Method: top-N heapsort  Memory: 25kB"
"        ->  GroupAggregate  (cost=754.68..754.75 rows=4 width=44) (actual time=32.367..32.764 rows=10 loops=1)"
"              Group Key: t.direccion"
"              ->  Sort  (cost=754.68..754.69 rows=4 width=40) (actual time=32.313..32.457 rows=3238 loops=1)"
"                    Sort Key: t.direccion"
"                    Sort Method: quicksort  Memory: 349kB"
"                    ->  Append  (cost=4.59..754.64 rows=4 width=40) (actual time=0.074..31.163 rows=3238 loops=1)"
"                          ->  Nested Loop  (cost=4.59..346.29 rows=2 width=40) (actual time=0.073..19.583 rows=1659 loops=1)"
"                                ->  Nested Loop  (cost=4.30..345.55 rows=2 width=13) (actual time=0.059..10.787 rows=1659 loops=1)"
"                                      ->  Seq Scan on boleta b  (cost=0.00..334.00 rows=1 width=13) (actual time=0.031..2.798 rows=822 loops=1)"
"                                            Filter: ((date_part('MONTH'::text, (fecha)::timestamp without time zone) = '2'::double precision) AND (date_part('YEAR'::text, (fecha)::timestamp without time zone) = '2020'::double precision))"
"                                            Rows Removed by Filter: 9178"
"                                      ->  Bitmap Heap Scan on realiza_boleta rb  (cost=4.30..11.53 rows=2 width=18) (actual time=0.007..0.008 rows=2 loops=822)"
"                                            Recheck Cond: ((dni_cliente)::text = (b.dni)::text)"
"                                            Heap Blocks: exact=1644"
"                                            ->  Bitmap Index Scan on pk_realiza_boleta  (cost=0.00..4.30 rows=2 width=0) (actual time=0.005..0.005 rows=2 loops=822)"
"                                                  Index Cond: ((dni_cliente)::text = (b.dni)::text)"
"                                ->  Index Scan using pk_terapista on terapista t  (cost=0.29..0.37 rows=1 width=45) (actual time=0.005..0.005 rows=1 loops=1659)"
"                                      Index Cond: ((dni)::text = (rb.dni_terapista)::text)"
"                          ->  Nested Loop  (cost=4.59..408.29 rows=2 width=40) (actual time=0.025..11.289 rows=1579 loops=1)"
"                                ->  Nested Loop  (cost=4.30..407.55 rows=2 width=13) (actual time=0.019..6.493 rows=1579 loops=1)"
"                                      ->  Seq Scan on factura f  (cost=0.00..396.00 rows=1 width=13) (actual time=0.008..1.884 rows=796 loops=1)"
"                                            Filter: ((date_part('MONTH'::text, (fecha)::timestamp without time zone) = '2'::double precision) AND (date_part('YEAR'::text, (fecha)::timestamp without time zone) = '2020'::double precision))"
"                                            Rows Removed by Filter: 9204"
"                                      ->  Bitmap Heap Scan on realiza_factura rf  (cost=4.30..11.53 rows=2 width=18) (actual time=0.004..0.005 rows=2 loops=796)"
"                                            Recheck Cond: ((dni_cliente)::text = (f.dni)::text)"
"                                            Heap Blocks: exact=1570"
"                                            ->  Bitmap Index Scan on pk_realiza_factura  (cost=0.00..4.30 rows=2 width=0) (actual time=0.003..0.003 rows=2 loops=796)"
"                                                  Index Cond: ((dni_cliente)::text = (f.dni)::text)"
"                                ->  Index Scan using pk_terapista on terapista t_1  (cost=0.29..0.37 rows=1 width=45) (actual time=0.003..0.003 rows=1 loops=1579)"
"                                      Index Cond: ((dni)::text = (rf.dni_terapista)::text)"
"Planning Time: 2.245 ms"
"Execution Time: 32.859 ms"

ITERACION 8
"Limit  (cost=754.77..754.77 rows=1 width=44) (actual time=34.116..34.119 rows=1 loops=1)"
"  ->  Sort  (cost=754.77..754.78 rows=4 width=44) (actual time=34.115..34.118 rows=1 loops=1)"
"        Sort Key: (sum(b.monto)) DESC"
"        Sort Method: top-N heapsort  Memory: 25kB"
"        ->  GroupAggregate  (cost=754.68..754.75 rows=4 width=44) (actual time=33.784..34.112 rows=10 loops=1)"
"              Group Key: t.direccion"
"              ->  Sort  (cost=754.68..754.69 rows=4 width=40) (actual time=33.738..33.858 rows=3238 loops=1)"
"                    Sort Key: t.direccion"
"                    Sort Method: quicksort  Memory: 349kB"
"                    ->  Append  (cost=4.59..754.64 rows=4 width=40) (actual time=0.050..32.679 rows=3238 loops=1)"
"                          ->  Nested Loop  (cost=4.59..346.29 rows=2 width=40) (actual time=0.050..17.577 rows=1659 loops=1)"
"                                ->  Nested Loop  (cost=4.30..345.55 rows=2 width=13) (actual time=0.039..9.640 rows=1659 loops=1)"
"                                      ->  Seq Scan on boleta b  (cost=0.00..334.00 rows=1 width=13) (actual time=0.021..2.539 rows=822 loops=1)"
"                                            Filter: ((date_part('MONTH'::text, (fecha)::timestamp without time zone) = '2'::double precision) AND (date_part('YEAR'::text, (fecha)::timestamp without time zone) = '2020'::double precision))"
"                                            Rows Removed by Filter: 9178"
"                                      ->  Bitmap Heap Scan on realiza_boleta rb  (cost=4.30..11.53 rows=2 width=18) (actual time=0.006..0.007 rows=2 loops=822)"
"                                            Recheck Cond: ((dni_cliente)::text = (b.dni)::text)"
"                                            Heap Blocks: exact=1644"
"                                            ->  Bitmap Index Scan on pk_realiza_boleta  (cost=0.00..4.30 rows=2 width=0) (actual time=0.005..0.005 rows=2 loops=822)"
"                                                  Index Cond: ((dni_cliente)::text = (b.dni)::text)"
"                                ->  Index Scan using pk_terapista on terapista t  (cost=0.29..0.37 rows=1 width=45) (actual time=0.004..0.004 rows=1 loops=1659)"
"                                      Index Cond: ((dni)::text = (rb.dni_terapista)::text)"
"                          ->  Nested Loop  (cost=4.59..408.29 rows=2 width=40) (actual time=0.060..14.771 rows=1579 loops=1)"
"                                ->  Nested Loop  (cost=4.30..407.55 rows=2 width=13) (actual time=0.050..8.559 rows=1579 loops=1)"
"                                      ->  Seq Scan on factura f  (cost=0.00..396.00 rows=1 width=13) (actual time=0.013..2.502 rows=796 loops=1)"
"                                            Filter: ((date_part('MONTH'::text, (fecha)::timestamp without time zone) = '2'::double precision) AND (date_part('YEAR'::text, (fecha)::timestamp without time zone) = '2020'::double precision))"
"                                            Rows Removed by Filter: 9204"
"                                      ->  Bitmap Heap Scan on realiza_factura rf  (cost=4.30..11.53 rows=2 width=18) (actual time=0.005..0.006 rows=2 loops=796)"
"                                            Recheck Cond: ((dni_cliente)::text = (f.dni)::text)"
"                                            Heap Blocks: exact=1570"
"                                            ->  Bitmap Index Scan on pk_realiza_factura  (cost=0.00..4.30 rows=2 width=0) (actual time=0.004..0.004 rows=2 loops=796)"
"                                                  Index Cond: ((dni_cliente)::text = (f.dni)::text)"
"                                ->  Index Scan using pk_terapista on terapista t_1  (cost=0.29..0.37 rows=1 width=45) (actual time=0.003..0.003 rows=1 loops=1579)"
"                                      Index Cond: ((dni)::text = (rf.dni_terapista)::text)"
"Planning Time: 2.105 ms"
"Execution Time: 34.180 ms"

ITERACION 9
"Limit  (cost=754.77..754.77 rows=1 width=44) (actual time=44.257..44.261 rows=1 loops=1)"
"  ->  Sort  (cost=754.77..754.78 rows=4 width=44) (actual time=44.256..44.259 rows=1 loops=1)"
"        Sort Key: (sum(b.monto)) DESC"
"        Sort Method: top-N heapsort  Memory: 25kB"
"        ->  GroupAggregate  (cost=754.68..754.75 rows=4 width=44) (actual time=43.845..44.251 rows=10 loops=1)"
"              Group Key: t.direccion"
"              ->  Sort  (cost=754.68..754.69 rows=4 width=40) (actual time=43.799..43.941 rows=3238 loops=1)"
"                    Sort Key: t.direccion"
"                    Sort Method: quicksort  Memory: 349kB"
"                    ->  Append  (cost=4.59..754.64 rows=4 width=40) (actual time=0.072..42.446 rows=3238 loops=1)"
"                          ->  Nested Loop  (cost=4.59..346.29 rows=2 width=40) (actual time=0.071..25.028 rows=1659 loops=1)"
"                                ->  Nested Loop  (cost=4.30..345.55 rows=2 width=13) (actual time=0.057..13.850 rows=1659 loops=1)"
"                                      ->  Seq Scan on boleta b  (cost=0.00..334.00 rows=1 width=13) (actual time=0.028..3.705 rows=822 loops=1)"
"                                            Filter: ((date_part('MONTH'::text, (fecha)::timestamp without time zone) = '2'::double precision) AND (date_part('YEAR'::text, (fecha)::timestamp without time zone) = '2020'::double precision))"
"                                            Rows Removed by Filter: 9178"
"                                      ->  Bitmap Heap Scan on realiza_boleta rb  (cost=4.30..11.53 rows=2 width=18) (actual time=0.008..0.010 rows=2 loops=822)"
"                                            Recheck Cond: ((dni_cliente)::text = (b.dni)::text)"
"                                            Heap Blocks: exact=1644"
"                                            ->  Bitmap Index Scan on pk_realiza_boleta  (cost=0.00..4.30 rows=2 width=0) (actual time=0.006..0.006 rows=2 loops=822)"
"                                                  Index Cond: ((dni_cliente)::text = (b.dni)::text)"
"                                ->  Index Scan using pk_terapista on terapista t  (cost=0.29..0.37 rows=1 width=45) (actual time=0.006..0.006 rows=1 loops=1659)"
"                                      Index Cond: ((dni)::text = (rb.dni_terapista)::text)"
"                          ->  Nested Loop  (cost=4.59..408.29 rows=2 width=40) (actual time=0.034..17.000 rows=1579 loops=1)"
"                                ->  Nested Loop  (cost=4.30..407.55 rows=2 width=13) (actual time=0.025..9.654 rows=1579 loops=1)"
"                                      ->  Seq Scan on factura f  (cost=0.00..396.00 rows=1 width=13) (actual time=0.010..2.824 rows=796 loops=1)"
"                                            Filter: ((date_part('MONTH'::text, (fecha)::timestamp without time zone) = '2'::double precision) AND (date_part('YEAR'::text, (fecha)::timestamp without time zone) = '2020'::double precision))"
"                                            Rows Removed by Filter: 9204"
"                                      ->  Bitmap Heap Scan on realiza_factura rf  (cost=4.30..11.53 rows=2 width=18) (actual time=0.006..0.007 rows=2 loops=796)"
"                                            Recheck Cond: ((dni_cliente)::text = (f.dni)::text)"
"                                            Heap Blocks: exact=1570"
"                                            ->  Bitmap Index Scan on pk_realiza_factura  (cost=0.00..4.30 rows=2 width=0) (actual time=0.004..0.004 rows=2 loops=796)"
"                                                  Index Cond: ((dni_cliente)::text = (f.dni)::text)"
"                                ->  Index Scan using pk_terapista on terapista t_1  (cost=0.29..0.37 rows=1 width=45) (actual time=0.004..0.004 rows=1 loops=1579)"
"                                      Index Cond: ((dni)::text = (rf.dni_terapista)::text)"
"Planning Time: 3.284 ms"
"Execution Time: 44.347 ms"

ITERACION 10
"Limit  (cost=754.77..754.77 rows=1 width=44) (actual time=95.777..95.781 rows=1 loops=1)"
"  ->  Sort  (cost=754.77..754.78 rows=4 width=44) (actual time=95.775..95.778 rows=1 loops=1)"
"        Sort Key: (sum(b.monto)) DESC"
"        Sort Method: top-N heapsort  Memory: 25kB"
"        ->  GroupAggregate  (cost=754.68..754.75 rows=4 width=44) (actual time=95.284..95.765 rows=10 loops=1)"
"              Group Key: t.direccion"
"              ->  Sort  (cost=754.68..754.69 rows=4 width=40) (actual time=95.169..95.356 rows=3238 loops=1)"
"                    Sort Key: t.direccion"
"                    Sort Method: quicksort  Memory: 349kB"
"                    ->  Append  (cost=4.59..754.64 rows=4 width=40) (actual time=0.153..92.350 rows=3238 loops=1)"
"                          ->  Nested Loop  (cost=4.59..346.29 rows=2 width=40) (actual time=0.151..63.657 rows=1659 loops=1)"
"                                ->  Nested Loop  (cost=4.30..345.55 rows=2 width=13) (actual time=0.122..35.483 rows=1659 loops=1)"
"                                      ->  Seq Scan on boleta b  (cost=0.00..334.00 rows=1 width=13) (actual time=0.060..9.934 rows=822 loops=1)"
"                                            Filter: ((date_part('MONTH'::text, (fecha)::timestamp without time zone) = '2'::double precision) AND (date_part('YEAR'::text, (fecha)::timestamp without time zone) = '2020'::double precision))"
"                                            Rows Removed by Filter: 9178"
"                                      ->  Bitmap Heap Scan on realiza_boleta rb  (cost=4.30..11.53 rows=2 width=18) (actual time=0.021..0.024 rows=2 loops=822)"
"                                            Recheck Cond: ((dni_cliente)::text = (b.dni)::text)"
"                                            Heap Blocks: exact=1644"
"                                            ->  Bitmap Index Scan on pk_realiza_boleta  (cost=0.00..4.30 rows=2 width=0) (actual time=0.015..0.015 rows=2 loops=822)"
"                                                  Index Cond: ((dni_cliente)::text = (b.dni)::text)"
"                                ->  Index Scan using pk_terapista on terapista t  (cost=0.29..0.37 rows=1 width=45) (actual time=0.015..0.015 rows=1 loops=1659)"
"                                      Index Cond: ((dni)::text = (rb.dni_terapista)::text)"
"                          ->  Nested Loop  (cost=4.59..408.29 rows=2 width=40) (actual time=0.039..27.764 rows=1579 loops=1)"
"                                ->  Nested Loop  (cost=4.30..407.55 rows=2 width=13) (actual time=0.029..15.428 rows=1579 loops=1)"
"                                      ->  Seq Scan on factura f  (cost=0.00..396.00 rows=1 width=13) (actual time=0.012..4.458 rows=796 loops=1)"
"                                            Filter: ((date_part('MONTH'::text, (fecha)::timestamp without time zone) = '2'::double precision) AND (date_part('YEAR'::text, (fecha)::timestamp without time zone) = '2020'::double precision))"
"                                            Rows Removed by Filter: 9204"
"                                      ->  Bitmap Heap Scan on realiza_factura rf  (cost=4.30..11.53 rows=2 width=18) (actual time=0.009..0.011 rows=2 loops=796)"
"                                            Recheck Cond: ((dni_cliente)::text = (f.dni)::text)"
"                                            Heap Blocks: exact=1570"
"                                            ->  Bitmap Index Scan on pk_realiza_factura  (cost=0.00..4.30 rows=2 width=0) (actual time=0.007..0.007 rows=2 loops=796)"
"                                                  Index Cond: ((dni_cliente)::text = (f.dni)::text)"
"                                ->  Index Scan using pk_terapista on terapista t_1  (cost=0.29..0.37 rows=1 width=45) (actual time=0.007..0.007 rows=1 loops=1579)"
"                                      Index Cond: ((dni)::text = (rf.dni_terapista)::text)"
"Planning Time: 6.663 ms"
"Execution Time: 95.954 ms"


MIL_10_I
ITERACION 1
"Limit  (cost=755.67..755.67 rows=1 width=44) (actual time=27.244..27.248 rows=1 loops=1)"
"  ->  Sort  (cost=755.67..755.68 rows=4 width=44) (actual time=27.243..27.247 rows=1 loops=1)"
"        Sort Key: (sum(b.monto)) DESC"
"        Sort Method: top-N heapsort  Memory: 25kB"
"        ->  GroupAggregate  (cost=755.58..755.65 rows=4 width=44) (actual time=26.833..27.241 rows=10 loops=1)"
"              Group Key: t.direccion"
"              ->  Sort  (cost=755.58..755.59 rows=4 width=40) (actual time=26.777..26.926 rows=3238 loops=1)"
"                    Sort Key: t.direccion"
"                    Sort Method: quicksort  Memory: 349kB"
"                    ->  Append  (cost=4.30..755.54 rows=4 width=40) (actual time=0.034..25.642 rows=3238 loops=1)"
"                          ->  Nested Loop  (cost=4.30..345.74 rows=2 width=40) (actual time=0.034..15.163 rows=1659 loops=1)"
"                                ->  Nested Loop  (cost=4.30..345.55 rows=2 width=13) (actual time=0.027..11.301 rows=1659 loops=1)"
"                                      ->  Seq Scan on boleta b  (cost=0.00..334.00 rows=1 width=13) (actual time=0.014..3.076 rows=822 loops=1)"
"                                            Filter: ((date_part('MONTH'::text, (fecha)::timestamp without time zone) = '2'::double precision) AND (date_part('YEAR'::text, (fecha)::timestamp without time zone) = '2020'::double precision))"
"                                            Rows Removed by Filter: 9178"
"                                      ->  Bitmap Heap Scan on realiza_boleta rb  (cost=4.30..11.53 rows=2 width=18) (actual time=0.007..0.008 rows=2 loops=822)"
"                                            Recheck Cond: ((dni_cliente)::text = (b.dni)::text)"
"                                            Heap Blocks: exact=1644"
"                                            ->  Bitmap Index Scan on pk_realiza_boleta  (cost=0.00..4.30 rows=2 width=0) (actual time=0.005..0.005 rows=2 loops=822)"
"                                                  Index Cond: ((dni_cliente)::text = (b.dni)::text)"
"                                ->  Index Scan using index_dni_t on terapista t  (cost=0.00..0.09 rows=1 width=45) (actual time=0.002..0.002 rows=1 loops=1659)"
"                                      Index Cond: ((dni)::text = (rb.dni_terapista)::text)"
"                          ->  Nested Loop  (cost=4.30..409.74 rows=2 width=40) (actual time=0.022..10.154 rows=1579 loops=1)"
"                                ->  Nested Loop  (cost=4.30..409.55 rows=2 width=13) (actual time=0.018..7.720 rows=1579 loops=1)"
"                                      ->  Seq Scan on factura f  (cost=0.00..398.00 rows=1 width=13) (actual time=0.007..2.158 rows=796 loops=1)"
"                                            Filter: ((date_part('MONTH'::text, (fecha)::timestamp without time zone) = '2'::double precision) AND (date_part('YEAR'::text, (fecha)::timestamp without time zone) = '2020'::double precision))"
"                                            Rows Removed by Filter: 9204"
"                                      ->  Bitmap Heap Scan on realiza_factura rf  (cost=4.30..11.53 rows=2 width=18) (actual time=0.005..0.006 rows=2 loops=796)"
"                                            Recheck Cond: ((dni_cliente)::text = (f.dni)::text)"
"                                            Heap Blocks: exact=1570"
"                                            ->  Bitmap Index Scan on pk_realiza_factura  (cost=0.00..4.30 rows=2 width=0) (actual time=0.004..0.004 rows=2 loops=796)"
"                                                  Index Cond: ((dni_cliente)::text = (f.dni)::text)"
"                                ->  Index Scan using index_dni_t on terapista t_1  (cost=0.00..0.09 rows=1 width=45) (actual time=0.001..0.001 rows=1 loops=1579)"
"                                      Index Cond: ((dni)::text = (rf.dni_terapista)::text)"
"Planning Time: 1.766 ms"
"Execution Time: 27.298 ms"

ITERACION 2
"Limit  (cost=755.67..755.67 rows=1 width=44) (actual time=47.634..47.642 rows=1 loops=1)"
"  ->  Sort  (cost=755.67..755.68 rows=4 width=44) (actual time=47.632..47.639 rows=1 loops=1)"
"        Sort Key: (sum(b.monto)) DESC"
"        Sort Method: top-N heapsort  Memory: 25kB"
"        ->  GroupAggregate  (cost=755.58..755.65 rows=4 width=44) (actual time=46.618..47.627 rows=10 loops=1)"
"              Group Key: t.direccion"
"              ->  Sort  (cost=755.58..755.59 rows=4 width=40) (actual time=46.493..46.798 rows=3238 loops=1)"
"                    Sort Key: t.direccion"
"                    Sort Method: quicksort  Memory: 349kB"
"                    ->  Append  (cost=4.30..755.54 rows=4 width=40) (actual time=0.088..44.338 rows=3238 loops=1)"
"                          ->  Nested Loop  (cost=4.30..345.74 rows=2 width=40) (actual time=0.087..26.461 rows=1659 loops=1)"
"                                ->  Nested Loop  (cost=4.30..345.55 rows=2 width=13) (actual time=0.070..19.872 rows=1659 loops=1)"
"                                      ->  Seq Scan on boleta b  (cost=0.00..334.00 rows=1 width=13) (actual time=0.037..5.752 rows=822 loops=1)"
"                                            Filter: ((date_part('MONTH'::text, (fecha)::timestamp without time zone) = '2'::double precision) AND (date_part('YEAR'::text, (fecha)::timestamp without time zone) = '2020'::double precision))"
"                                            Rows Removed by Filter: 9178"
"                                      ->  Bitmap Heap Scan on realiza_boleta rb  (cost=4.30..11.53 rows=2 width=18) (actual time=0.012..0.014 rows=2 loops=822)"
"                                            Recheck Cond: ((dni_cliente)::text = (b.dni)::text)"
"                                            Heap Blocks: exact=1644"
"                                            ->  Bitmap Index Scan on pk_realiza_boleta  (cost=0.00..4.30 rows=2 width=0) (actual time=0.009..0.009 rows=2 loops=822)"
"                                                  Index Cond: ((dni_cliente)::text = (b.dni)::text)"
"                                ->  Index Scan using index_dni_t on terapista t  (cost=0.00..0.09 rows=1 width=45) (actual time=0.003..0.003 rows=1 loops=1659)"
"                                      Index Cond: ((dni)::text = (rb.dni_terapista)::text)"
"                          ->  Nested Loop  (cost=4.30..409.74 rows=2 width=40) (actual time=0.035..17.265 rows=1579 loops=1)"
"                                ->  Nested Loop  (cost=4.30..409.55 rows=2 width=13) (actual time=0.028..12.931 rows=1579 loops=1)"
"                                      ->  Seq Scan on factura f  (cost=0.00..398.00 rows=1 width=13) (actual time=0.011..4.145 rows=796 loops=1)"
"                                            Filter: ((date_part('MONTH'::text, (fecha)::timestamp without time zone) = '2'::double precision) AND (date_part('YEAR'::text, (fecha)::timestamp without time zone) = '2020'::double precision))"
"                                            Rows Removed by Filter: 9204"
"                                      ->  Bitmap Heap Scan on realiza_factura rf  (cost=4.30..11.53 rows=2 width=18) (actual time=0.008..0.009 rows=2 loops=796)"
"                                            Recheck Cond: ((dni_cliente)::text = (f.dni)::text)"
"                                            Heap Blocks: exact=1570"
"                                            ->  Bitmap Index Scan on pk_realiza_factura  (cost=0.00..4.30 rows=2 width=0) (actual time=0.006..0.006 rows=2 loops=796)"
"                                                  Index Cond: ((dni_cliente)::text = (f.dni)::text)"
"                                ->  Index Scan using index_dni_t on terapista t_1  (cost=0.00..0.09 rows=1 width=45) (actual time=0.002..0.002 rows=1 loops=1579)"
"                                      Index Cond: ((dni)::text = (rf.dni_terapista)::text)"
"Planning Time: 4.982 ms"
"Execution Time: 47.767 ms"

ITERACION 3
"Limit  (cost=755.67..755.67 rows=1 width=44) (actual time=33.649..33.653 rows=1 loops=1)"
"  ->  Sort  (cost=755.67..755.68 rows=4 width=44) (actual time=33.648..33.651 rows=1 loops=1)"
"        Sort Key: (sum(b.monto)) DESC"
"        Sort Method: top-N heapsort  Memory: 25kB"
"        ->  GroupAggregate  (cost=755.58..755.65 rows=4 width=44) (actual time=33.243..33.642 rows=10 loops=1)"
"              Group Key: t.direccion"
"              ->  Sort  (cost=755.58..755.59 rows=4 width=40) (actual time=33.187..33.333 rows=3238 loops=1)"
"                    Sort Key: t.direccion"
"                    Sort Method: quicksort  Memory: 349kB"
"                    ->  Append  (cost=4.30..755.54 rows=4 width=40) (actual time=0.084..31.874 rows=3238 loops=1)"
"                          ->  Nested Loop  (cost=4.30..345.74 rows=2 width=40) (actual time=0.083..18.697 rows=1659 loops=1)"
"                                ->  Nested Loop  (cost=4.30..345.55 rows=2 width=13) (actual time=0.071..14.001 rows=1659 loops=1)"
"                                      ->  Seq Scan on boleta b  (cost=0.00..334.00 rows=1 width=13) (actual time=0.038..3.748 rows=822 loops=1)"
"                                            Filter: ((date_part('MONTH'::text, (fecha)::timestamp without time zone) = '2'::double precision) AND (date_part('YEAR'::text, (fecha)::timestamp without time zone) = '2020'::double precision))"
"                                            Rows Removed by Filter: 9178"
"                                      ->  Bitmap Heap Scan on realiza_boleta rb  (cost=4.30..11.53 rows=2 width=18) (actual time=0.009..0.010 rows=2 loops=822)"
"                                            Recheck Cond: ((dni_cliente)::text = (b.dni)::text)"
"                                            Heap Blocks: exact=1644"
"                                            ->  Bitmap Index Scan on pk_realiza_boleta  (cost=0.00..4.30 rows=2 width=0) (actual time=0.007..0.007 rows=2 loops=822)"
"                                                  Index Cond: ((dni_cliente)::text = (b.dni)::text)"
"                                ->  Index Scan using index_dni_t on terapista t  (cost=0.00..0.09 rows=1 width=45) (actual time=0.002..0.002 rows=1 loops=1659)"
"                                      Index Cond: ((dni)::text = (rb.dni_terapista)::text)"
"                          ->  Nested Loop  (cost=4.30..409.74 rows=2 width=40) (actual time=0.034..12.791 rows=1579 loops=1)"
"                                ->  Nested Loop  (cost=4.30..409.55 rows=2 width=13) (actual time=0.027..9.646 rows=1579 loops=1)"
"                                      ->  Seq Scan on factura f  (cost=0.00..398.00 rows=1 width=13) (actual time=0.010..2.736 rows=796 loops=1)"
"                                            Filter: ((date_part('MONTH'::text, (fecha)::timestamp without time zone) = '2'::double precision) AND (date_part('YEAR'::text, (fecha)::timestamp without time zone) = '2020'::double precision))"
"                                            Rows Removed by Filter: 9204"
"                                      ->  Bitmap Heap Scan on realiza_factura rf  (cost=4.30..11.53 rows=2 width=18) (actual time=0.006..0.007 rows=2 loops=796)"
"                                            Recheck Cond: ((dni_cliente)::text = (f.dni)::text)"
"                                            Heap Blocks: exact=1570"
"                                            ->  Bitmap Index Scan on pk_realiza_factura  (cost=0.00..4.30 rows=2 width=0) (actual time=0.005..0.005 rows=2 loops=796)"
"                                                  Index Cond: ((dni_cliente)::text = (f.dni)::text)"
"                                ->  Index Scan using index_dni_t on terapista t_1  (cost=0.00..0.09 rows=1 width=45) (actual time=0.001..0.001 rows=1 loops=1579)"
"                                      Index Cond: ((dni)::text = (rf.dni_terapista)::text)"
"Planning Time: 4.034 ms"
"Execution Time: 33.759 ms"

ITERACION 4
"Limit  (cost=755.67..755.67 rows=1 width=44) (actual time=37.207..37.212 rows=1 loops=1)"
"  ->  Sort  (cost=755.67..755.68 rows=4 width=44) (actual time=37.205..37.211 rows=1 loops=1)"
"        Sort Key: (sum(b.monto)) DESC"
"        Sort Method: top-N heapsort  Memory: 25kB"
"        ->  GroupAggregate  (cost=755.58..755.65 rows=4 width=44) (actual time=36.347..37.196 rows=10 loops=1)"
"              Group Key: t.direccion"
"              ->  Sort  (cost=755.58..755.59 rows=4 width=40) (actual time=36.230..36.512 rows=3238 loops=1)"
"                    Sort Key: t.direccion"
"                    Sort Method: quicksort  Memory: 349kB"
"                    ->  Append  (cost=4.30..755.54 rows=4 width=40) (actual time=0.055..34.168 rows=3238 loops=1)"
"                          ->  Nested Loop  (cost=4.30..345.74 rows=2 width=40) (actual time=0.054..19.606 rows=1659 loops=1)"
"                                ->  Nested Loop  (cost=4.30..345.55 rows=2 width=13) (actual time=0.045..14.516 rows=1659 loops=1)"
"                                      ->  Seq Scan on boleta b  (cost=0.00..334.00 rows=1 width=13) (actual time=0.022..3.755 rows=822 loops=1)"
"                                            Filter: ((date_part('MONTH'::text, (fecha)::timestamp without time zone) = '2'::double precision) AND (date_part('YEAR'::text, (fecha)::timestamp without time zone) = '2020'::double precision))"
"                                            Rows Removed by Filter: 9178"
"                                      ->  Bitmap Heap Scan on realiza_boleta rb  (cost=4.30..11.53 rows=2 width=18) (actual time=0.009..0.011 rows=2 loops=822)"
"                                            Recheck Cond: ((dni_cliente)::text = (b.dni)::text)"
"                                            Heap Blocks: exact=1644"
"                                            ->  Bitmap Index Scan on pk_realiza_boleta  (cost=0.00..4.30 rows=2 width=0) (actual time=0.007..0.007 rows=2 loops=822)"
"                                                  Index Cond: ((dni_cliente)::text = (b.dni)::text)"
"                                ->  Index Scan using index_dni_t on terapista t  (cost=0.00..0.09 rows=1 width=45) (actual time=0.002..0.002 rows=1 loops=1659)"
"                                      Index Cond: ((dni)::text = (rb.dni_terapista)::text)"
"                          ->  Nested Loop  (cost=4.30..409.74 rows=2 width=40) (actual time=0.029..14.170 rows=1579 loops=1)"
"                                ->  Nested Loop  (cost=4.30..409.55 rows=2 width=13) (actual time=0.024..10.693 rows=1579 loops=1)"
"                                      ->  Seq Scan on factura f  (cost=0.00..398.00 rows=1 width=13) (actual time=0.009..2.981 rows=796 loops=1)"
"                                            Filter: ((date_part('MONTH'::text, (fecha)::timestamp without time zone) = '2'::double precision) AND (date_part('YEAR'::text, (fecha)::timestamp without time zone) = '2020'::double precision))"
"                                            Rows Removed by Filter: 9204"
"                                      ->  Bitmap Heap Scan on realiza_factura rf  (cost=4.30..11.53 rows=2 width=18) (actual time=0.007..0.008 rows=2 loops=796)"
"                                            Recheck Cond: ((dni_cliente)::text = (f.dni)::text)"
"                                            Heap Blocks: exact=1570"
"                                            ->  Bitmap Index Scan on pk_realiza_factura  (cost=0.00..4.30 rows=2 width=0) (actual time=0.005..0.005 rows=2 loops=796)"
"                                                  Index Cond: ((dni_cliente)::text = (f.dni)::text)"
"                                ->  Index Scan using index_dni_t on terapista t_1  (cost=0.00..0.09 rows=1 width=45) (actual time=0.002..0.002 rows=1 loops=1579)"
"                                      Index Cond: ((dni)::text = (rf.dni_terapista)::text)"
"Planning Time: 4.061 ms"
"Execution Time: 37.294 ms"

ITERACION 5
"Limit  (cost=755.67..755.67 rows=1 width=44) (actual time=39.831..39.840 rows=1 loops=1)"
"  ->  Sort  (cost=755.67..755.68 rows=4 width=44) (actual time=39.828..39.837 rows=1 loops=1)"
"        Sort Key: (sum(b.monto)) DESC"
"        Sort Method: top-N heapsort  Memory: 25kB"
"        ->  GroupAggregate  (cost=755.58..755.65 rows=4 width=44) (actual time=38.673..39.819 rows=10 loops=1)"
"              Group Key: t.direccion"
"              ->  Sort  (cost=755.58..755.59 rows=4 width=40) (actual time=38.549..38.934 rows=3238 loops=1)"
"                    Sort Key: t.direccion"
"                    Sort Method: quicksort  Memory: 349kB"
"                    ->  Append  (cost=4.30..755.54 rows=4 width=40) (actual time=0.110..36.561 rows=3238 loops=1)"
"                          ->  Nested Loop  (cost=4.30..345.74 rows=2 width=40) (actual time=0.109..23.046 rows=1659 loops=1)"
"                                ->  Nested Loop  (cost=4.30..345.55 rows=2 width=13) (actual time=0.094..16.990 rows=1659 loops=1)"
"                                      ->  Seq Scan on boleta b  (cost=0.00..334.00 rows=1 width=13) (actual time=0.050..4.346 rows=822 loops=1)"
"                                            Filter: ((date_part('MONTH'::text, (fecha)::timestamp without time zone) = '2'::double precision) AND (date_part('YEAR'::text, (fecha)::timestamp without time zone) = '2020'::double precision))"
"                                            Rows Removed by Filter: 9178"
"                                      ->  Bitmap Heap Scan on realiza_boleta rb  (cost=4.30..11.53 rows=2 width=18) (actual time=0.011..0.013 rows=2 loops=822)"
"                                            Recheck Cond: ((dni_cliente)::text = (b.dni)::text)"
"                                            Heap Blocks: exact=1644"
"                                            ->  Bitmap Index Scan on pk_realiza_boleta  (cost=0.00..4.30 rows=2 width=0) (actual time=0.008..0.008 rows=2 loops=822)"
"                                                  Index Cond: ((dni_cliente)::text = (b.dni)::text)"
"                                ->  Index Scan using index_dni_t on terapista t  (cost=0.00..0.09 rows=1 width=45) (actual time=0.003..0.003 rows=1 loops=1659)"
"                                      Index Cond: ((dni)::text = (rb.dni_terapista)::text)"
"                          ->  Nested Loop  (cost=4.30..409.74 rows=2 width=40) (actual time=0.040..13.054 rows=1579 loops=1)"
"                                ->  Nested Loop  (cost=4.30..409.55 rows=2 width=13) (actual time=0.032..9.828 rows=1579 loops=1)"
"                                      ->  Seq Scan on factura f  (cost=0.00..398.00 rows=1 width=13) (actual time=0.012..2.752 rows=796 loops=1)"
"                                            Filter: ((date_part('MONTH'::text, (fecha)::timestamp without time zone) = '2'::double precision) AND (date_part('YEAR'::text, (fecha)::timestamp without time zone) = '2020'::double precision))"
"                                            Rows Removed by Filter: 9204"
"                                      ->  Bitmap Heap Scan on realiza_factura rf  (cost=4.30..11.53 rows=2 width=18) (actual time=0.006..0.007 rows=2 loops=796)"
"                                            Recheck Cond: ((dni_cliente)::text = (f.dni)::text)"
"                                            Heap Blocks: exact=1570"
"                                            ->  Bitmap Index Scan on pk_realiza_factura  (cost=0.00..4.30 rows=2 width=0) (actual time=0.005..0.005 rows=2 loops=796)"
"                                                  Index Cond: ((dni_cliente)::text = (f.dni)::text)"
"                                ->  Index Scan using index_dni_t on terapista t_1  (cost=0.00..0.09 rows=1 width=45) (actual time=0.001..0.001 rows=1 loops=1579)"
"                                      Index Cond: ((dni)::text = (rf.dni_terapista)::text)"
"Planning Time: 4.365 ms"
"Execution Time: 39.979 ms"

ITERACION 6
"Limit  (cost=755.67..755.67 rows=1 width=44) (actual time=48.590..48.598 rows=1 loops=1)"
"  ->  Sort  (cost=755.67..755.68 rows=4 width=44) (actual time=48.588..48.595 rows=1 loops=1)"
"        Sort Key: (sum(b.monto)) DESC"
"        Sort Method: top-N heapsort  Memory: 25kB"
"        ->  GroupAggregate  (cost=755.58..755.65 rows=4 width=44) (actual time=47.219..48.579 rows=10 loops=1)"
"              Group Key: t.direccion"
"              ->  Sort  (cost=755.58..755.59 rows=4 width=40) (actual time=47.019..47.443 rows=3238 loops=1)"
"                    Sort Key: t.direccion"
"                    Sort Method: quicksort  Memory: 349kB"
"                    ->  Append  (cost=4.30..755.54 rows=4 width=40) (actual time=0.072..44.968 rows=3238 loops=1)"
"                          ->  Nested Loop  (cost=4.30..345.74 rows=2 width=40) (actual time=0.071..26.787 rows=1659 loops=1)"
"                                ->  Nested Loop  (cost=4.30..345.55 rows=2 width=13) (actual time=0.055..19.932 rows=1659 loops=1)"
"                                      ->  Seq Scan on boleta b  (cost=0.00..334.00 rows=1 width=13) (actual time=0.028..5.245 rows=822 loops=1)"
"                                            Filter: ((date_part('MONTH'::text, (fecha)::timestamp without time zone) = '2'::double precision) AND (date_part('YEAR'::text, (fecha)::timestamp without time zone) = '2020'::double precision))"
"                                            Rows Removed by Filter: 9178"
"                                      ->  Bitmap Heap Scan on realiza_boleta rb  (cost=4.30..11.53 rows=2 width=18) (actual time=0.012..0.015 rows=2 loops=822)"
"                                            Recheck Cond: ((dni_cliente)::text = (b.dni)::text)"
"                                            Heap Blocks: exact=1644"
"                                            ->  Bitmap Index Scan on pk_realiza_boleta  (cost=0.00..4.30 rows=2 width=0) (actual time=0.009..0.009 rows=2 loops=822)"
"                                                  Index Cond: ((dni_cliente)::text = (b.dni)::text)"
"                                ->  Index Scan using index_dni_t on terapista t  (cost=0.00..0.09 rows=1 width=45) (actual time=0.003..0.003 rows=1 loops=1659)"
"                                      Index Cond: ((dni)::text = (rb.dni_terapista)::text)"
"                          ->  Nested Loop  (cost=4.30..409.74 rows=2 width=40) (actual time=0.063..17.620 rows=1579 loops=1)"
"                                ->  Nested Loop  (cost=4.30..409.55 rows=2 width=13) (actual time=0.050..13.186 rows=1579 loops=1)"
"                                      ->  Seq Scan on factura f  (cost=0.00..398.00 rows=1 width=13) (actual time=0.018..3.651 rows=796 loops=1)"
"                                            Filter: ((date_part('MONTH'::text, (fecha)::timestamp without time zone) = '2'::double precision) AND (date_part('YEAR'::text, (fecha)::timestamp without time zone) = '2020'::double precision))"
"                                            Rows Removed by Filter: 9204"
"                                      ->  Bitmap Heap Scan on realiza_factura rf  (cost=4.30..11.53 rows=2 width=18) (actual time=0.008..0.010 rows=2 loops=796)"
"                                            Recheck Cond: ((dni_cliente)::text = (f.dni)::text)"
"                                            Heap Blocks: exact=1570"
"                                            ->  Bitmap Index Scan on pk_realiza_factura  (cost=0.00..4.30 rows=2 width=0) (actual time=0.006..0.006 rows=2 loops=796)"
"                                                  Index Cond: ((dni_cliente)::text = (f.dni)::text)"
"                                ->  Index Scan using index_dni_t on terapista t_1  (cost=0.00..0.09 rows=1 width=45) (actual time=0.002..0.002 rows=1 loops=1579)"
"                                      Index Cond: ((dni)::text = (rf.dni_terapista)::text)"
"Planning Time: 3.946 ms"
"Execution Time: 48.697 ms"

ITERACION 7
"Limit  (cost=755.67..755.67 rows=1 width=44) (actual time=36.963..36.970 rows=1 loops=1)"
"  ->  Sort  (cost=755.67..755.68 rows=4 width=44) (actual time=36.962..36.968 rows=1 loops=1)"
"        Sort Key: (sum(b.monto)) DESC"
"        Sort Method: top-N heapsort  Memory: 25kB"
"        ->  GroupAggregate  (cost=755.58..755.65 rows=4 width=44) (actual time=35.579..36.956 rows=10 loops=1)"
"              Group Key: t.direccion"
"              ->  Sort  (cost=755.58..755.59 rows=4 width=40) (actual time=35.405..35.805 rows=3238 loops=1)"
"                    Sort Key: t.direccion"
"                    Sort Method: quicksort  Memory: 349kB"
"                    ->  Append  (cost=4.30..755.54 rows=4 width=40) (actual time=0.082..33.216 rows=3238 loops=1)"
"                          ->  Nested Loop  (cost=4.30..345.74 rows=2 width=40) (actual time=0.081..18.429 rows=1659 loops=1)"
"                                ->  Nested Loop  (cost=4.30..345.55 rows=2 width=13) (actual time=0.069..13.678 rows=1659 loops=1)"
"                                      ->  Seq Scan on boleta b  (cost=0.00..334.00 rows=1 width=13) (actual time=0.037..3.610 rows=822 loops=1)"
"                                            Filter: ((date_part('MONTH'::text, (fecha)::timestamp without time zone) = '2'::double precision) AND (date_part('YEAR'::text, (fecha)::timestamp without time zone) = '2020'::double precision))"
"                                            Rows Removed by Filter: 9178"
"                                      ->  Bitmap Heap Scan on realiza_boleta rb  (cost=4.30..11.53 rows=2 width=18) (actual time=0.008..0.010 rows=2 loops=822)"
"                                            Recheck Cond: ((dni_cliente)::text = (b.dni)::text)"
"                                            Heap Blocks: exact=1644"
"                                            ->  Bitmap Index Scan on pk_realiza_boleta  (cost=0.00..4.30 rows=2 width=0) (actual time=0.006..0.006 rows=2 loops=822)"
"                                                  Index Cond: ((dni_cliente)::text = (b.dni)::text)"
"                                ->  Index Scan using index_dni_t on terapista t  (cost=0.00..0.09 rows=1 width=45) (actual time=0.002..0.002 rows=1 loops=1659)"
"                                      Index Cond: ((dni)::text = (rb.dni_terapista)::text)"
"                          ->  Nested Loop  (cost=4.30..409.74 rows=2 width=40) (actual time=0.040..14.389 rows=1579 loops=1)"
"                                ->  Nested Loop  (cost=4.30..409.55 rows=2 width=13) (actual time=0.032..10.794 rows=1579 loops=1)"
"                                      ->  Seq Scan on factura f  (cost=0.00..398.00 rows=1 width=13) (actual time=0.012..3.036 rows=796 loops=1)"
"                                            Filter: ((date_part('MONTH'::text, (fecha)::timestamp without time zone) = '2'::double precision) AND (date_part('YEAR'::text, (fecha)::timestamp without time zone) = '2020'::double precision))"
"                                            Rows Removed by Filter: 9204"
"                                      ->  Bitmap Heap Scan on realiza_factura rf  (cost=4.30..11.53 rows=2 width=18) (actual time=0.007..0.008 rows=2 loops=796)"
"                                            Recheck Cond: ((dni_cliente)::text = (f.dni)::text)"
"                                            Heap Blocks: exact=1570"
"                                            ->  Bitmap Index Scan on pk_realiza_factura  (cost=0.00..4.30 rows=2 width=0) (actual time=0.005..0.005 rows=2 loops=796)"
"                                                  Index Cond: ((dni_cliente)::text = (f.dni)::text)"
"                                ->  Index Scan using index_dni_t on terapista t_1  (cost=0.00..0.09 rows=1 width=45) (actual time=0.002..0.002 rows=1 loops=1579)"
"                                      Index Cond: ((dni)::text = (rf.dni_terapista)::text)"
"Planning Time: 3.821 ms"
"Execution Time: 37.083 ms"

ITERACION 8
"Limit  (cost=755.67..755.67 rows=1 width=44) (actual time=70.838..70.845 rows=1 loops=1)"
"  ->  Sort  (cost=755.67..755.68 rows=4 width=44) (actual time=70.835..70.841 rows=1 loops=1)"
"        Sort Key: (sum(b.monto)) DESC"
"        Sort Method: top-N heapsort  Memory: 25kB"
"        ->  GroupAggregate  (cost=755.58..755.65 rows=4 width=44) (actual time=70.058..70.825 rows=10 loops=1)"
"              Group Key: t.direccion"
"              ->  Sort  (cost=755.58..755.59 rows=4 width=40) (actual time=69.971..70.231 rows=3238 loops=1)"
"                    Sort Key: t.direccion"
"                    Sort Method: quicksort  Memory: 349kB"
"                    ->  Append  (cost=4.30..755.54 rows=4 width=40) (actual time=0.151..67.158 rows=3238 loops=1)"
"                          ->  Nested Loop  (cost=4.30..345.74 rows=2 width=40) (actual time=0.149..47.511 rows=1659 loops=1)"
"                                ->  Nested Loop  (cost=4.30..345.55 rows=2 width=13) (actual time=0.127..35.455 rows=1659 loops=1)"
"                                      ->  Seq Scan on boleta b  (cost=0.00..334.00 rows=1 width=13) (actual time=0.067..9.278 rows=822 loops=1)"
"                                            Filter: ((date_part('MONTH'::text, (fecha)::timestamp without time zone) = '2'::double precision) AND (date_part('YEAR'::text, (fecha)::timestamp without time zone) = '2020'::double precision))"
"                                            Rows Removed by Filter: 9178"
"                                      ->  Bitmap Heap Scan on realiza_boleta rb  (cost=4.30..11.53 rows=2 width=18) (actual time=0.022..0.026 rows=2 loops=822)"
"                                            Recheck Cond: ((dni_cliente)::text = (b.dni)::text)"
"                                            Heap Blocks: exact=1644"
"                                            ->  Bitmap Index Scan on pk_realiza_boleta  (cost=0.00..4.30 rows=2 width=0) (actual time=0.016..0.016 rows=2 loops=822)"
"                                                  Index Cond: ((dni_cliente)::text = (b.dni)::text)"
"                                ->  Index Scan using index_dni_t on terapista t  (cost=0.00..0.09 rows=1 width=45) (actual time=0.005..0.005 rows=1 loops=1659)"
"                                      Index Cond: ((dni)::text = (rb.dni_terapista)::text)"
"                          ->  Nested Loop  (cost=4.30..409.74 rows=2 width=40) (actual time=0.065..18.817 rows=1579 loops=1)"
"                                ->  Nested Loop  (cost=4.30..409.55 rows=2 width=13) (actual time=0.052..14.052 rows=1579 loops=1)"
"                                      ->  Seq Scan on factura f  (cost=0.00..398.00 rows=1 width=13) (actual time=0.020..3.799 rows=796 loops=1)"
"                                            Filter: ((date_part('MONTH'::text, (fecha)::timestamp without time zone) = '2'::double precision) AND (date_part('YEAR'::text, (fecha)::timestamp without time zone) = '2020'::double precision))"
"                                            Rows Removed by Filter: 9204"
"                                      ->  Bitmap Heap Scan on realiza_factura rf  (cost=4.30..11.53 rows=2 width=18) (actual time=0.009..0.011 rows=2 loops=796)"
"                                            Recheck Cond: ((dni_cliente)::text = (f.dni)::text)"
"                                            Heap Blocks: exact=1570"
"                                            ->  Bitmap Index Scan on pk_realiza_factura  (cost=0.00..4.30 rows=2 width=0) (actual time=0.007..0.007 rows=2 loops=796)"
"                                                  Index Cond: ((dni_cliente)::text = (f.dni)::text)"
"                                ->  Index Scan using index_dni_t on terapista t_1  (cost=0.00..0.09 rows=1 width=45) (actual time=0.002..0.002 rows=1 loops=1579)"
"                                      Index Cond: ((dni)::text = (rf.dni_terapista)::text)"
"Planning Time: 7.579 ms"
"Execution Time: 71.042 ms"

ITERACION 9
"Limit  (cost=755.67..755.67 rows=1 width=44) (actual time=28.043..28.046 rows=1 loops=1)"
"  ->  Sort  (cost=755.67..755.68 rows=4 width=44) (actual time=28.042..28.044 rows=1 loops=1)"
"        Sort Key: (sum(b.monto)) DESC"
"        Sort Method: top-N heapsort  Memory: 25kB"
"        ->  GroupAggregate  (cost=755.58..755.65 rows=4 width=44) (actual time=27.661..28.036 rows=10 loops=1)"
"              Group Key: t.direccion"
"              ->  Sort  (cost=755.58..755.59 rows=4 width=40) (actual time=27.612..27.746 rows=3238 loops=1)"
"                    Sort Key: t.direccion"
"                    Sort Method: quicksort  Memory: 349kB"
"                    ->  Append  (cost=4.30..755.54 rows=4 width=40) (actual time=0.062..26.532 rows=3238 loops=1)"
"                          ->  Nested Loop  (cost=4.30..345.74 rows=2 width=40) (actual time=0.061..13.704 rows=1659 loops=1)"
"                                ->  Nested Loop  (cost=4.30..345.55 rows=2 width=13) (actual time=0.052..9.994 rows=1659 loops=1)"
"                                      ->  Seq Scan on boleta b  (cost=0.00..334.00 rows=1 width=13) (actual time=0.026..2.435 rows=822 loops=1)"
"                                            Filter: ((date_part('MONTH'::text, (fecha)::timestamp without time zone) = '2'::double precision) AND (date_part('YEAR'::text, (fecha)::timestamp without time zone) = '2020'::double precision))"
"                                            Rows Removed by Filter: 9178"
"                                      ->  Bitmap Heap Scan on realiza_boleta rb  (cost=4.30..11.53 rows=2 width=18) (actual time=0.006..0.008 rows=2 loops=822)"
"                                            Recheck Cond: ((dni_cliente)::text = (b.dni)::text)"
"                                            Heap Blocks: exact=1644"
"                                            ->  Bitmap Index Scan on pk_realiza_boleta  (cost=0.00..4.30 rows=2 width=0) (actual time=0.005..0.005 rows=2 loops=822)"
"                                                  Index Cond: ((dni_cliente)::text = (b.dni)::text)"
"                                ->  Index Scan using index_dni_t on terapista t  (cost=0.00..0.09 rows=1 width=45) (actual time=0.002..0.002 rows=1 loops=1659)"
"                                      Index Cond: ((dni)::text = (rb.dni_terapista)::text)"
"                          ->  Nested Loop  (cost=4.30..409.74 rows=2 width=40) (actual time=0.039..12.525 rows=1579 loops=1)"
"                                ->  Nested Loop  (cost=4.30..409.55 rows=2 width=13) (actual time=0.030..9.417 rows=1579 loops=1)"
"                                      ->  Seq Scan on factura f  (cost=0.00..398.00 rows=1 width=13) (actual time=0.013..2.882 rows=796 loops=1)"
"                                            Filter: ((date_part('MONTH'::text, (fecha)::timestamp without time zone) = '2'::double precision) AND (date_part('YEAR'::text, (fecha)::timestamp without time zone) = '2020'::double precision))"
"                                            Rows Removed by Filter: 9204"
"                                      ->  Bitmap Heap Scan on realiza_factura rf  (cost=4.30..11.53 rows=2 width=18) (actual time=0.006..0.007 rows=2 loops=796)"
"                                            Recheck Cond: ((dni_cliente)::text = (f.dni)::text)"
"                                            Heap Blocks: exact=1570"
"                                            ->  Bitmap Index Scan on pk_realiza_factura  (cost=0.00..4.30 rows=2 width=0) (actual time=0.004..0.004 rows=2 loops=796)"
"                                                  Index Cond: ((dni_cliente)::text = (f.dni)::text)"
"                                ->  Index Scan using index_dni_t on terapista t_1  (cost=0.00..0.09 rows=1 width=45) (actual time=0.001..0.001 rows=1 loops=1579)"
"                                      Index Cond: ((dni)::text = (rf.dni_terapista)::text)"
"Planning Time: 2.942 ms"
"Execution Time: 28.127 ms"

ITERACION 10
"Limit  (cost=755.67..755.67 rows=1 width=44) (actual time=24.759..24.763 rows=1 loops=1)"
"  ->  Sort  (cost=755.67..755.68 rows=4 width=44) (actual time=24.757..24.761 rows=1 loops=1)"
"        Sort Key: (sum(b.monto)) DESC"
"        Sort Method: top-N heapsort  Memory: 25kB"
"        ->  GroupAggregate  (cost=755.58..755.65 rows=4 width=44) (actual time=24.375..24.752 rows=10 loops=1)"
"              Group Key: t.direccion"
"              ->  Sort  (cost=755.58..755.59 rows=4 width=40) (actual time=24.324..24.467 rows=3238 loops=1)"
"                    Sort Key: t.direccion"
"                    Sort Method: quicksort  Memory: 349kB"
"                    ->  Append  (cost=4.30..755.54 rows=4 width=40) (actual time=0.057..23.209 rows=3238 loops=1)"
"                          ->  Nested Loop  (cost=4.30..345.74 rows=2 width=40) (actual time=0.057..14.135 rows=1659 loops=1)"
"                                ->  Nested Loop  (cost=4.30..345.55 rows=2 width=13) (actual time=0.047..10.543 rows=1659 loops=1)"
"                                      ->  Seq Scan on boleta b  (cost=0.00..334.00 rows=1 width=13) (actual time=0.023..2.957 rows=822 loops=1)"
"                                            Filter: ((date_part('MONTH'::text, (fecha)::timestamp without time zone) = '2'::double precision) AND (date_part('YEAR'::text, (fecha)::timestamp without time zone) = '2020'::double precision))"
"                                            Rows Removed by Filter: 9178"
"                                      ->  Bitmap Heap Scan on realiza_boleta rb  (cost=4.30..11.53 rows=2 width=18) (actual time=0.006..0.008 rows=2 loops=822)"
"                                            Recheck Cond: ((dni_cliente)::text = (b.dni)::text)"
"                                            Heap Blocks: exact=1644"
"                                            ->  Bitmap Index Scan on pk_realiza_boleta  (cost=0.00..4.30 rows=2 width=0) (actual time=0.005..0.005 rows=2 loops=822)"
"                                                  Index Cond: ((dni_cliente)::text = (b.dni)::text)"
"                                ->  Index Scan using index_dni_t on terapista t  (cost=0.00..0.09 rows=1 width=45) (actual time=0.001..0.001 rows=1 loops=1659)"
"                                      Index Cond: ((dni)::text = (rb.dni_terapista)::text)"
"                          ->  Nested Loop  (cost=4.30..409.74 rows=2 width=40) (actual time=0.021..8.785 rows=1579 loops=1)"
"                                ->  Nested Loop  (cost=4.30..409.55 rows=2 width=13) (actual time=0.017..6.649 rows=1579 loops=1)"
"                                      ->  Seq Scan on factura f  (cost=0.00..398.00 rows=1 width=13) (actual time=0.007..1.863 rows=796 loops=1)"
"                                            Filter: ((date_part('MONTH'::text, (fecha)::timestamp without time zone) = '2'::double precision) AND (date_part('YEAR'::text, (fecha)::timestamp without time zone) = '2020'::double precision))"
"                                            Rows Removed by Filter: 9204"
"                                      ->  Bitmap Heap Scan on realiza_factura rf  (cost=4.30..11.53 rows=2 width=18) (actual time=0.004..0.005 rows=2 loops=796)"
"                                            Recheck Cond: ((dni_cliente)::text = (f.dni)::text)"
"                                            Heap Blocks: exact=1570"
"                                            ->  Bitmap Index Scan on pk_realiza_factura  (cost=0.00..4.30 rows=2 width=0) (actual time=0.003..0.003 rows=2 loops=796)"
"                                                  Index Cond: ((dni_cliente)::text = (f.dni)::text)"
"                                ->  Index Scan using index_dni_t on terapista t_1  (cost=0.00..0.09 rows=1 width=45) (actual time=0.001..0.001 rows=1 loops=1579)"
"                                      Index Cond: ((dni)::text = (rf.dni_terapista)::text)"
"Planning Time: 2.330 ms"
"Execution Time: 24.840 ms"


MIL_100
ITERACION 1
"Limit  (cost=7306.08..7306.09 rows=1 width=45) (actual time=3756.661..3756.711 rows=1 loops=1)"
"  ->  Sort  (cost=7306.08..7306.10 rows=8 width=45) (actual time=3756.659..3756.708 rows=1 loops=1)"
"        Sort Key: (sum(b.monto)) DESC"
"        Sort Method: top-N heapsort  Memory: 25kB"
"        ->  GroupAggregate  (cost=7305.90..7306.04 rows=8 width=45) (actual time=3751.674..3756.694 rows=10 loops=1)"
"              Group Key: t.direccion"
"              ->  Sort  (cost=7305.90..7305.92 rows=8 width=41) (actual time=3751.232..3753.711 rows=32167 loops=1)"
"                    Sort Key: t.direccion"
"                    Sort Method: quicksort  Memory: 3282kB"
"                    ->  Append  (cost=4.85..7305.78 rows=8 width=41) (actual time=61.069..3724.948 rows=32167 loops=1)"
"                          ->  Nested Loop  (cost=4.85..3360.45 rows=4 width=41) (actual time=61.067..2317.693 rows=15986 loops=1)"
"                                ->  Nested Loop  (cost=4.43..3358.45 rows=4 width=13) (actual time=47.629..1075.161 rows=15986 loops=1)"
"                                      ->  Seq Scan on boleta b  (cost=0.00..3334.00 rows=2 width=13) (actual time=13.774..55.561 rows=7986 loops=1)"
"                                            Filter: ((date_part('MONTH'::text, (fecha)::timestamp without time zone) = '2'::double precision) AND (date_part('YEAR'::text, (fecha)::timestamp without time zone) = '2020'::double precision))"
"                                            Rows Removed by Filter: 92014"
"                                      ->  Bitmap Heap Scan on realiza_boleta rb  (cost=4.43..12.20 rows=2 width=18) (actual time=0.062..0.125 rows=2 loops=7986)"
"                                            Recheck Cond: ((dni_cliente)::text = (b.dni)::text)"
"                                            Heap Blocks: exact=15977"
"                                            ->  Bitmap Index Scan on pk_realiza_boleta  (cost=0.00..4.43 rows=2 width=0) (actual time=0.057..0.057 rows=2 loops=7986)"
"                                                  Index Cond: ((dni_cliente)::text = (b.dni)::text)"
"                                ->  Index Scan using pk_terapista on terapista t  (cost=0.42..0.50 rows=1 width=46) (actual time=0.077..0.077 rows=1 loops=15986)"
"                                      Index Cond: ((dni)::text = (rb.dni_terapista)::text)"
"                          ->  Gather  (cost=1004.85..3945.21 rows=4 width=41) (actual time=38.901..1400.819 rows=16181 loops=1)"
"                                Workers Planned: 1"
"                                Workers Launched: 1"
"                                ->  Nested Loop  (cost=4.85..2944.81 rows=2 width=41) (actual time=24.824..1397.465 rows=8090 loops=2)"
"                                      ->  Nested Loop  (cost=4.43..2943.81 rows=2 width=13) (actual time=24.475..1269.839 rows=8090 loops=2)"
"                                            ->  Parallel Seq Scan on factura f  (cost=0.00..2931.59 rows=1 width=13) (actual time=10.578..68.611 rows=4017 loops=2)"
"                                                  Filter: ((date_part('MONTH'::text, (fecha)::timestamp without time zone) = '2'::double precision) AND (date_part('YEAR'::text, (fecha)::timestamp without time zone) = '2020'::double precision))"
"                                                  Rows Removed by Filter: 45983"
"                                            ->  Bitmap Heap Scan on realiza_factura rf  (cost=4.43..12.20 rows=2 width=18) (actual time=0.133..0.295 rows=2 loops=8034)"
"                                                  Recheck Cond: ((dni_cliente)::text = (f.dni)::text)"
"                                                  Heap Blocks: exact=7777"
"                                                  ->  Bitmap Index Scan on pk_realiza_factura  (cost=0.00..4.43 rows=2 width=0) (actual time=0.128..0.128 rows=2 loops=8034)"
"                                                        Index Cond: ((dni_cliente)::text = (f.dni)::text)"
"                                      ->  Index Scan using pk_terapista on terapista t_1  (cost=0.42..0.50 rows=1 width=46) (actual time=0.014..0.014 rows=1 loops=16181)"
"                                            Index Cond: ((dni)::text = (rf.dni_terapista)::text)"
"Planning Time: 249.522 ms"
"Execution Time: 3756.840 ms"

ITERACION 2
"Limit  (cost=7306.08..7306.09 rows=1 width=45) (actual time=248.249..248.313 rows=1 loops=1)"
"  ->  Sort  (cost=7306.08..7306.10 rows=8 width=45) (actual time=248.248..248.311 rows=1 loops=1)"
"        Sort Key: (sum(b.monto)) DESC"
"        Sort Method: top-N heapsort  Memory: 25kB"
"        ->  GroupAggregate  (cost=7305.90..7306.04 rows=8 width=45) (actual time=244.082..248.299 rows=10 loops=1)"
"              Group Key: t.direccion"
"              ->  Sort  (cost=7305.90..7305.92 rows=8 width=41) (actual time=243.663..245.441 rows=32167 loops=1)"
"                    Sort Key: t.direccion"
"                    Sort Method: quicksort  Memory: 3282kB"
"                    ->  Append  (cost=4.85..7305.78 rows=8 width=41) (actual time=0.071..233.323 rows=32167 loops=1)"
"                          ->  Nested Loop  (cost=4.85..3360.45 rows=4 width=41) (actual time=0.070..157.442 rows=15986 loops=1)"
"                                ->  Nested Loop  (cost=4.43..3358.45 rows=4 width=13) (actual time=0.053..80.336 rows=15986 loops=1)"
"                                      ->  Seq Scan on boleta b  (cost=0.00..3334.00 rows=2 width=13) (actual time=0.024..17.966 rows=7986 loops=1)"
"                                            Filter: ((date_part('MONTH'::text, (fecha)::timestamp without time zone) = '2'::double precision) AND (date_part('YEAR'::text, (fecha)::timestamp without time zone) = '2020'::double precision))"
"                                            Rows Removed by Filter: 92014"
"                                      ->  Bitmap Heap Scan on realiza_boleta rb  (cost=4.43..12.20 rows=2 width=18) (actual time=0.006..0.007 rows=2 loops=7986)"
"                                            Recheck Cond: ((dni_cliente)::text = (b.dni)::text)"
"                                            Heap Blocks: exact=15977"
"                                            ->  Bitmap Index Scan on pk_realiza_boleta  (cost=0.00..4.43 rows=2 width=0) (actual time=0.005..0.005 rows=2 loops=7986)"
"                                                  Index Cond: ((dni_cliente)::text = (b.dni)::text)"
"                                ->  Index Scan using pk_terapista on terapista t  (cost=0.42..0.50 rows=1 width=46) (actual time=0.004..0.004 rows=1 loops=15986)"
"                                      Index Cond: ((dni)::text = (rb.dni_terapista)::text)"
"                          ->  Gather  (cost=1004.85..3945.21 rows=4 width=41) (actual time=0.218..73.944 rows=16181 loops=1)"
"                                Workers Planned: 1"
"                                Workers Launched: 1"
"                                ->  Nested Loop  (cost=4.85..2944.81 rows=2 width=41) (actual time=0.042..71.525 rows=8090 loops=2)"
"                                      ->  Nested Loop  (cost=4.43..2943.81 rows=2 width=13) (actual time=0.028..36.547 rows=8090 loops=2)"
"                                            ->  Parallel Seq Scan on factura f  (cost=0.00..2931.59 rows=1 width=13) (actual time=0.010..8.567 rows=4017 loops=2)"
"                                                  Filter: ((date_part('MONTH'::text, (fecha)::timestamp without time zone) = '2'::double precision) AND (date_part('YEAR'::text, (fecha)::timestamp without time zone) = '2020'::double precision))"
"                                                  Rows Removed by Filter: 45983"
"                                            ->  Bitmap Heap Scan on realiza_factura rf  (cost=4.43..12.20 rows=2 width=18) (actual time=0.005..0.006 rows=2 loops=8034)"
"                                                  Recheck Cond: ((dni_cliente)::text = (f.dni)::text)"
"                                                  Heap Blocks: exact=8431"
"                                                  ->  Bitmap Index Scan on pk_realiza_factura  (cost=0.00..4.43 rows=2 width=0) (actual time=0.004..0.004 rows=2 loops=8034)"
"                                                        Index Cond: ((dni_cliente)::text = (f.dni)::text)"
"                                      ->  Index Scan using pk_terapista on terapista t_1  (cost=0.42..0.50 rows=1 width=46) (actual time=0.004..0.004 rows=1 loops=16181)"
"                                            Index Cond: ((dni)::text = (rf.dni_terapista)::text)"
"Planning Time: 2.261 ms"
"Execution Time: 248.420 ms"

ITERACION 3
"Limit  (cost=7306.08..7306.09 rows=1 width=45) (actual time=257.342..257.404 rows=1 loops=1)"
"  ->  Sort  (cost=7306.08..7306.10 rows=8 width=45) (actual time=257.341..257.402 rows=1 loops=1)"
"        Sort Key: (sum(b.monto)) DESC"
"        Sort Method: top-N heapsort  Memory: 25kB"
"        ->  GroupAggregate  (cost=7305.90..7306.04 rows=8 width=45) (actual time=251.060..257.386 rows=10 loops=1)"
"              Group Key: t.direccion"
"              ->  Sort  (cost=7305.90..7305.92 rows=8 width=41) (actual time=250.121..253.543 rows=32167 loops=1)"
"                    Sort Key: t.direccion"
"                    Sort Method: quicksort  Memory: 3282kB"
"                    ->  Append  (cost=4.85..7305.78 rows=8 width=41) (actual time=0.067..238.000 rows=32167 loops=1)"
"                          ->  Nested Loop  (cost=4.85..3360.45 rows=4 width=41) (actual time=0.066..155.404 rows=15986 loops=1)"
"                                ->  Nested Loop  (cost=4.43..3358.45 rows=4 width=13) (actual time=0.048..79.361 rows=15986 loops=1)"
"                                      ->  Seq Scan on boleta b  (cost=0.00..3334.00 rows=2 width=13) (actual time=0.022..17.872 rows=7986 loops=1)"
"                                            Filter: ((date_part('MONTH'::text, (fecha)::timestamp without time zone) = '2'::double precision) AND (date_part('YEAR'::text, (fecha)::timestamp without time zone) = '2020'::double precision))"
"                                            Rows Removed by Filter: 92014"
"                                      ->  Bitmap Heap Scan on realiza_boleta rb  (cost=4.43..12.20 rows=2 width=18) (actual time=0.006..0.007 rows=2 loops=7986)"
"                                            Recheck Cond: ((dni_cliente)::text = (b.dni)::text)"
"                                            Heap Blocks: exact=15977"
"                                            ->  Bitmap Index Scan on pk_realiza_boleta  (cost=0.00..4.43 rows=2 width=0) (actual time=0.004..0.004 rows=2 loops=7986)"
"                                                  Index Cond: ((dni_cliente)::text = (b.dni)::text)"
"                                ->  Index Scan using pk_terapista on terapista t  (cost=0.42..0.50 rows=1 width=46) (actual time=0.004..0.004 rows=1 loops=15986)"
"                                      Index Cond: ((dni)::text = (rb.dni_terapista)::text)"
"                          ->  Gather  (cost=1004.85..3945.21 rows=4 width=41) (actual time=0.237..80.595 rows=16181 loops=1)"
"                                Workers Planned: 1"
"                                Workers Launched: 1"
"                                ->  Nested Loop  (cost=4.85..2944.81 rows=2 width=41) (actual time=0.041..78.002 rows=8090 loops=2)"
"                                      ->  Nested Loop  (cost=4.43..2943.81 rows=2 width=13) (actual time=0.029..39.552 rows=8090 loops=2)"
"                                            ->  Parallel Seq Scan on factura f  (cost=0.00..2931.59 rows=1 width=13) (actual time=0.009..9.276 rows=4017 loops=2)"
"                                                  Filter: ((date_part('MONTH'::text, (fecha)::timestamp without time zone) = '2'::double precision) AND (date_part('YEAR'::text, (fecha)::timestamp without time zone) = '2020'::double precision))"
"                                                  Rows Removed by Filter: 45983"
"                                            ->  Bitmap Heap Scan on realiza_factura rf  (cost=4.43..12.20 rows=2 width=18) (actual time=0.005..0.006 rows=2 loops=8034)"
"                                                  Recheck Cond: ((dni_cliente)::text = (f.dni)::text)"
"                                                  Heap Blocks: exact=8586"
"                                                  ->  Bitmap Index Scan on pk_realiza_factura  (cost=0.00..4.43 rows=2 width=0) (actual time=0.004..0.004 rows=2 loops=8034)"
"                                                        Index Cond: ((dni_cliente)::text = (f.dni)::text)"
"                                      ->  Index Scan using pk_terapista on terapista t_1  (cost=0.42..0.50 rows=1 width=46) (actual time=0.004..0.004 rows=1 loops=16181)"
"                                            Index Cond: ((dni)::text = (rf.dni_terapista)::text)"
"Planning Time: 1.121 ms"
"Execution Time: 257.494 ms"

ITERACION 4
"Limit  (cost=7306.08..7306.09 rows=1 width=45) (actual time=273.666..273.725 rows=1 loops=1)"
"  ->  Sort  (cost=7306.08..7306.10 rows=8 width=45) (actual time=273.665..273.724 rows=1 loops=1)"
"        Sort Key: (sum(b.monto)) DESC"
"        Sort Method: top-N heapsort  Memory: 25kB"
"        ->  GroupAggregate  (cost=7305.90..7306.04 rows=8 width=45) (actual time=266.601..273.708 rows=10 loops=1)"
"              Group Key: t.direccion"
"              ->  Sort  (cost=7305.90..7305.92 rows=8 width=41) (actual time=266.169..269.327 rows=32167 loops=1)"
"                    Sort Key: t.direccion"
"                    Sort Method: quicksort  Memory: 3282kB"
"                    ->  Append  (cost=4.85..7305.78 rows=8 width=41) (actual time=0.045..254.903 rows=32167 loops=1)"
"                          ->  Nested Loop  (cost=4.85..3360.45 rows=4 width=41) (actual time=0.044..174.440 rows=15986 loops=1)"
"                                ->  Nested Loop  (cost=4.43..3358.45 rows=4 width=13) (actual time=0.033..89.285 rows=15986 loops=1)"
"                                      ->  Seq Scan on boleta b  (cost=0.00..3334.00 rows=2 width=13) (actual time=0.015..20.495 rows=7986 loops=1)"
"                                            Filter: ((date_part('MONTH'::text, (fecha)::timestamp without time zone) = '2'::double precision) AND (date_part('YEAR'::text, (fecha)::timestamp without time zone) = '2020'::double precision))"
"                                            Rows Removed by Filter: 92014"
"                                      ->  Bitmap Heap Scan on realiza_boleta rb  (cost=4.43..12.20 rows=2 width=18) (actual time=0.006..0.007 rows=2 loops=7986)"
"                                            Recheck Cond: ((dni_cliente)::text = (b.dni)::text)"
"                                            Heap Blocks: exact=15977"
"                                            ->  Bitmap Index Scan on pk_realiza_boleta  (cost=0.00..4.43 rows=2 width=0) (actual time=0.005..0.005 rows=2 loops=7986)"
"                                                  Index Cond: ((dni_cliente)::text = (b.dni)::text)"
"                                ->  Index Scan using pk_terapista on terapista t  (cost=0.42..0.50 rows=1 width=46) (actual time=0.005..0.005 rows=1 loops=15986)"
"                                      Index Cond: ((dni)::text = (rb.dni_terapista)::text)"
"                          ->  Gather  (cost=1004.85..3945.21 rows=4 width=41) (actual time=0.230..78.263 rows=16181 loops=1)"
"                                Workers Planned: 1"
"                                Workers Launched: 1"
"                                ->  Nested Loop  (cost=4.85..2944.81 rows=2 width=41) (actual time=0.046..75.843 rows=8090 loops=2)"
"                                      ->  Nested Loop  (cost=4.43..2943.81 rows=2 width=13) (actual time=0.029..38.558 rows=8090 loops=2)"
"                                            ->  Parallel Seq Scan on factura f  (cost=0.00..2931.59 rows=1 width=13) (actual time=0.011..9.081 rows=4017 loops=2)"
"                                                  Filter: ((date_part('MONTH'::text, (fecha)::timestamp without time zone) = '2'::double precision) AND (date_part('YEAR'::text, (fecha)::timestamp without time zone) = '2020'::double precision))"
"                                                  Rows Removed by Filter: 45983"
"                                            ->  Bitmap Heap Scan on realiza_factura rf  (cost=4.43..12.20 rows=2 width=18) (actual time=0.005..0.006 rows=2 loops=8034)"
"                                                  Recheck Cond: ((dni_cliente)::text = (f.dni)::text)"
"                                                  Heap Blocks: exact=8405"
"                                                  ->  Bitmap Index Scan on pk_realiza_factura  (cost=0.00..4.43 rows=2 width=0) (actual time=0.004..0.004 rows=2 loops=8034)"
"                                                        Index Cond: ((dni_cliente)::text = (f.dni)::text)"
"                                      ->  Index Scan using pk_terapista on terapista t_1  (cost=0.42..0.50 rows=1 width=46) (actual time=0.004..0.004 rows=1 loops=16181)"
"                                            Index Cond: ((dni)::text = (rf.dni_terapista)::text)"
"Planning Time: 1.841 ms"
"Execution Time: 273.791 ms"

ITERACION 5
"Limit  (cost=7306.08..7306.09 rows=1 width=45) (actual time=273.947..274.006 rows=1 loops=1)"
"  ->  Sort  (cost=7306.08..7306.10 rows=8 width=45) (actual time=273.945..274.004 rows=1 loops=1)"
"        Sort Key: (sum(b.monto)) DESC"
"        Sort Method: top-N heapsort  Memory: 25kB"
"        ->  GroupAggregate  (cost=7305.90..7306.04 rows=8 width=45) (actual time=270.034..273.995 rows=10 loops=1)"
"              Group Key: t.direccion"
"              ->  Sort  (cost=7305.90..7305.92 rows=8 width=41) (actual time=269.524..271.206 rows=32167 loops=1)"
"                    Sort Key: t.direccion"
"                    Sort Method: quicksort  Memory: 3282kB"
"                    ->  Append  (cost=4.85..7305.78 rows=8 width=41) (actual time=0.067..257.742 rows=32167 loops=1)"
"                          ->  Nested Loop  (cost=4.85..3360.45 rows=4 width=41) (actual time=0.066..167.813 rows=15986 loops=1)"
"                                ->  Nested Loop  (cost=4.43..3358.45 rows=4 width=13) (actual time=0.049..86.701 rows=15986 loops=1)"
"                                      ->  Seq Scan on boleta b  (cost=0.00..3334.00 rows=2 width=13) (actual time=0.024..19.858 rows=7986 loops=1)"
"                                            Filter: ((date_part('MONTH'::text, (fecha)::timestamp without time zone) = '2'::double precision) AND (date_part('YEAR'::text, (fecha)::timestamp without time zone) = '2020'::double precision))"
"                                            Rows Removed by Filter: 92014"
"                                      ->  Bitmap Heap Scan on realiza_boleta rb  (cost=4.43..12.20 rows=2 width=18) (actual time=0.006..0.007 rows=2 loops=7986)"
"                                            Recheck Cond: ((dni_cliente)::text = (b.dni)::text)"
"                                            Heap Blocks: exact=15977"
"                                            ->  Bitmap Index Scan on pk_realiza_boleta  (cost=0.00..4.43 rows=2 width=0) (actual time=0.005..0.005 rows=2 loops=7986)"
"                                                  Index Cond: ((dni_cliente)::text = (b.dni)::text)"
"                                ->  Index Scan using pk_terapista on terapista t  (cost=0.42..0.50 rows=1 width=46) (actual time=0.005..0.005 rows=1 loops=15986)"
"                                      Index Cond: ((dni)::text = (rb.dni_terapista)::text)"
"                          ->  Gather  (cost=1004.85..3945.21 rows=4 width=41) (actual time=0.220..87.705 rows=16181 loops=1)"
"                                Workers Planned: 1"
"                                Workers Launched: 1"
"                                ->  Nested Loop  (cost=4.85..2944.81 rows=2 width=41) (actual time=0.041..84.837 rows=8090 loops=2)"
"                                      ->  Nested Loop  (cost=4.43..2943.81 rows=2 width=13) (actual time=0.029..43.073 rows=8090 loops=2)"
"                                            ->  Parallel Seq Scan on factura f  (cost=0.00..2931.59 rows=1 width=13) (actual time=0.009..10.189 rows=4017 loops=2)"
"                                                  Filter: ((date_part('MONTH'::text, (fecha)::timestamp without time zone) = '2'::double precision) AND (date_part('YEAR'::text, (fecha)::timestamp without time zone) = '2020'::double precision))"
"                                                  Rows Removed by Filter: 45983"
"                                            ->  Bitmap Heap Scan on realiza_factura rf  (cost=4.43..12.20 rows=2 width=18) (actual time=0.006..0.007 rows=2 loops=8034)"
"                                                  Recheck Cond: ((dni_cliente)::text = (f.dni)::text)"
"                                                  Heap Blocks: exact=8450"
"                                                  ->  Bitmap Index Scan on pk_realiza_factura  (cost=0.00..4.43 rows=2 width=0) (actual time=0.005..0.005 rows=2 loops=8034)"
"                                                        Index Cond: ((dni_cliente)::text = (f.dni)::text)"
"                                      ->  Index Scan using pk_terapista on terapista t_1  (cost=0.42..0.50 rows=1 width=46) (actual time=0.005..0.005 rows=1 loops=16181)"
"                                            Index Cond: ((dni)::text = (rf.dni_terapista)::text)"
"Planning Time: 1.537 ms"
"Execution Time: 274.096 ms"

ITERACION 6
"Limit  (cost=7306.08..7306.09 rows=1 width=45) (actual time=248.102..248.155 rows=1 loops=1)"
"  ->  Sort  (cost=7306.08..7306.10 rows=8 width=45) (actual time=248.101..248.154 rows=1 loops=1)"
"        Sort Key: (sum(b.monto)) DESC"
"        Sort Method: top-N heapsort  Memory: 25kB"
"        ->  GroupAggregate  (cost=7305.90..7306.04 rows=8 width=45) (actual time=243.861..248.145 rows=10 loops=1)"
"              Group Key: t.direccion"
"              ->  Sort  (cost=7305.90..7305.92 rows=8 width=41) (actual time=243.412..245.216 rows=32167 loops=1)"
"                    Sort Key: t.direccion"
"                    Sort Method: quicksort  Memory: 3282kB"
"                    ->  Append  (cost=4.85..7305.78 rows=8 width=41) (actual time=0.042..233.601 rows=32167 loops=1)"
"                          ->  Nested Loop  (cost=4.85..3360.45 rows=4 width=41) (actual time=0.041..140.771 rows=15986 loops=1)"
"                                ->  Nested Loop  (cost=4.43..3358.45 rows=4 width=13) (actual time=0.031..72.029 rows=15986 loops=1)"
"                                      ->  Seq Scan on boleta b  (cost=0.00..3334.00 rows=2 width=13) (actual time=0.014..16.191 rows=7986 loops=1)"
"                                            Filter: ((date_part('MONTH'::text, (fecha)::timestamp without time zone) = '2'::double precision) AND (date_part('YEAR'::text, (fecha)::timestamp without time zone) = '2020'::double precision))"
"                                            Rows Removed by Filter: 92014"
"                                      ->  Bitmap Heap Scan on realiza_boleta rb  (cost=4.43..12.20 rows=2 width=18) (actual time=0.005..0.006 rows=2 loops=7986)"
"                                            Recheck Cond: ((dni_cliente)::text = (b.dni)::text)"
"                                            Heap Blocks: exact=15977"
"                                            ->  Bitmap Index Scan on pk_realiza_boleta  (cost=0.00..4.43 rows=2 width=0) (actual time=0.004..0.004 rows=2 loops=7986)"
"                                                  Index Cond: ((dni_cliente)::text = (b.dni)::text)"
"                                ->  Index Scan using pk_terapista on terapista t  (cost=0.42..0.50 rows=1 width=46) (actual time=0.004..0.004 rows=1 loops=15986)"
"                                      Index Cond: ((dni)::text = (rb.dni_terapista)::text)"
"                          ->  Gather  (cost=1004.85..3945.21 rows=4 width=41) (actual time=0.305..90.724 rows=16181 loops=1)"
"                                Workers Planned: 1"
"                                Workers Launched: 1"
"                                ->  Nested Loop  (cost=4.85..2944.81 rows=2 width=41) (actual time=0.046..88.071 rows=8090 loops=2)"
"                                      ->  Nested Loop  (cost=4.43..2943.81 rows=2 width=13) (actual time=0.031..44.758 rows=8090 loops=2)"
"                                            ->  Parallel Seq Scan on factura f  (cost=0.00..2931.59 rows=1 width=13) (actual time=0.011..10.813 rows=4017 loops=2)"
"                                                  Filter: ((date_part('MONTH'::text, (fecha)::timestamp without time zone) = '2'::double precision) AND (date_part('YEAR'::text, (fecha)::timestamp without time zone) = '2020'::double precision))"
"                                                  Rows Removed by Filter: 45983"
"                                            ->  Bitmap Heap Scan on realiza_factura rf  (cost=4.43..12.20 rows=2 width=18) (actual time=0.006..0.007 rows=2 loops=8034)"
"                                                  Recheck Cond: ((dni_cliente)::text = (f.dni)::text)"
"                                                  Heap Blocks: exact=8060"
"                                                  ->  Bitmap Index Scan on pk_realiza_factura  (cost=0.00..4.43 rows=2 width=0) (actual time=0.005..0.005 rows=2 loops=8034)"
"                                                        Index Cond: ((dni_cliente)::text = (f.dni)::text)"
"                                      ->  Index Scan using pk_terapista on terapista t_1  (cost=0.42..0.50 rows=1 width=46) (actual time=0.005..0.005 rows=1 loops=16181)"
"                                            Index Cond: ((dni)::text = (rf.dni_terapista)::text)"
"Planning Time: 1.012 ms"
"Execution Time: 248.217 ms"

ITERACION 7
"Limit  (cost=7306.08..7306.09 rows=1 width=45) (actual time=270.524..270.580 rows=1 loops=1)"
"  ->  Sort  (cost=7306.08..7306.10 rows=8 width=45) (actual time=270.522..270.578 rows=1 loops=1)"
"        Sort Key: (sum(b.monto)) DESC"
"        Sort Method: top-N heapsort  Memory: 25kB"
"        ->  GroupAggregate  (cost=7305.90..7306.04 rows=8 width=45) (actual time=265.401..270.565 rows=10 loops=1)"
"              Group Key: t.direccion"
"              ->  Sort  (cost=7305.90..7305.92 rows=8 width=41) (actual time=264.912..267.099 rows=32167 loops=1)"
"                    Sort Key: t.direccion"
"                    Sort Method: quicksort  Memory: 3282kB"
"                    ->  Append  (cost=4.85..7305.78 rows=8 width=41) (actual time=0.080..254.238 rows=32167 loops=1)"
"                          ->  Nested Loop  (cost=4.85..3360.45 rows=4 width=41) (actual time=0.079..170.594 rows=15986 loops=1)"
"                                ->  Nested Loop  (cost=4.43..3358.45 rows=4 width=13) (actual time=0.058..87.253 rows=15986 loops=1)"
"                                      ->  Seq Scan on boleta b  (cost=0.00..3334.00 rows=2 width=13) (actual time=0.026..19.548 rows=7986 loops=1)"
"                                            Filter: ((date_part('MONTH'::text, (fecha)::timestamp without time zone) = '2'::double precision) AND (date_part('YEAR'::text, (fecha)::timestamp without time zone) = '2020'::double precision))"
"                                            Rows Removed by Filter: 92014"
"                                      ->  Bitmap Heap Scan on realiza_boleta rb  (cost=4.43..12.20 rows=2 width=18) (actual time=0.006..0.007 rows=2 loops=7986)"
"                                            Recheck Cond: ((dni_cliente)::text = (b.dni)::text)"
"                                            Heap Blocks: exact=15977"
"                                            ->  Bitmap Index Scan on pk_realiza_boleta  (cost=0.00..4.43 rows=2 width=0) (actual time=0.005..0.005 rows=2 loops=7986)"
"                                                  Index Cond: ((dni_cliente)::text = (b.dni)::text)"
"                                ->  Index Scan using pk_terapista on terapista t  (cost=0.42..0.50 rows=1 width=46) (actual time=0.005..0.005 rows=1 loops=15986)"
"                                      Index Cond: ((dni)::text = (rb.dni_terapista)::text)"
"                          ->  Gather  (cost=1004.85..3945.21 rows=4 width=41) (actual time=0.268..81.440 rows=16181 loops=1)"
"                                Workers Planned: 1"
"                                Workers Launched: 1"
"                                ->  Nested Loop  (cost=4.85..2944.81 rows=2 width=41) (actual time=0.048..78.496 rows=8090 loops=2)"
"                                      ->  Nested Loop  (cost=4.43..2943.81 rows=2 width=13) (actual time=0.031..39.943 rows=8090 loops=2)"
"                                            ->  Parallel Seq Scan on factura f  (cost=0.00..2931.59 rows=1 width=13) (actual time=0.011..9.490 rows=4017 loops=2)"
"                                                  Filter: ((date_part('MONTH'::text, (fecha)::timestamp without time zone) = '2'::double precision) AND (date_part('YEAR'::text, (fecha)::timestamp without time zone) = '2020'::double precision))"
"                                                  Rows Removed by Filter: 45983"
"                                            ->  Bitmap Heap Scan on realiza_factura rf  (cost=4.43..12.20 rows=2 width=18) (actual time=0.005..0.006 rows=2 loops=8034)"
"                                                  Recheck Cond: ((dni_cliente)::text = (f.dni)::text)"
"                                                  Heap Blocks: exact=8317"
"                                                  ->  Bitmap Index Scan on pk_realiza_factura  (cost=0.00..4.43 rows=2 width=0) (actual time=0.004..0.004 rows=2 loops=8034)"
"                                                        Index Cond: ((dni_cliente)::text = (f.dni)::text)"
"                                      ->  Index Scan using pk_terapista on terapista t_1  (cost=0.42..0.50 rows=1 width=46) (actual time=0.004..0.004 rows=1 loops=16181)"
"                                            Index Cond: ((dni)::text = (rf.dni_terapista)::text)"
"Planning Time: 1.943 ms"
"Execution Time: 270.683 ms"

ITERACION 8
"Limit  (cost=7306.08..7306.09 rows=1 width=45) (actual time=250.046..250.121 rows=1 loops=1)"
"  ->  Sort  (cost=7306.08..7306.10 rows=8 width=45) (actual time=250.045..250.119 rows=1 loops=1)"
"        Sort Key: (sum(b.monto)) DESC"
"        Sort Method: top-N heapsort  Memory: 25kB"
"        ->  GroupAggregate  (cost=7305.90..7306.04 rows=8 width=45) (actual time=244.909..250.105 rows=10 loops=1)"
"              Group Key: t.direccion"
"              ->  Sort  (cost=7305.90..7305.92 rows=8 width=41) (actual time=244.473..246.532 rows=32167 loops=1)"
"                    Sort Key: t.direccion"
"                    Sort Method: quicksort  Memory: 3282kB"
"                    ->  Append  (cost=4.85..7305.78 rows=8 width=41) (actual time=0.071..233.592 rows=32167 loops=1)"
"                          ->  Nested Loop  (cost=4.85..3360.45 rows=4 width=41) (actual time=0.070..148.641 rows=15986 loops=1)"
"                                ->  Nested Loop  (cost=4.43..3358.45 rows=4 width=13) (actual time=0.052..75.712 rows=15986 loops=1)"
"                                      ->  Seq Scan on boleta b  (cost=0.00..3334.00 rows=2 width=13) (actual time=0.026..16.745 rows=7986 loops=1)"
"                                            Filter: ((date_part('MONTH'::text, (fecha)::timestamp without time zone) = '2'::double precision) AND (date_part('YEAR'::text, (fecha)::timestamp without time zone) = '2020'::double precision))"
"                                            Rows Removed by Filter: 92014"
"                                      ->  Bitmap Heap Scan on realiza_boleta rb  (cost=4.43..12.20 rows=2 width=18) (actual time=0.005..0.006 rows=2 loops=7986)"
"                                            Recheck Cond: ((dni_cliente)::text = (b.dni)::text)"
"                                            Heap Blocks: exact=15977"
"                                            ->  Bitmap Index Scan on pk_realiza_boleta  (cost=0.00..4.43 rows=2 width=0) (actual time=0.004..0.004 rows=2 loops=7986)"
"                                                  Index Cond: ((dni_cliente)::text = (b.dni)::text)"
"                                ->  Index Scan using pk_terapista on terapista t  (cost=0.42..0.50 rows=1 width=46) (actual time=0.004..0.004 rows=1 loops=15986)"
"                                      Index Cond: ((dni)::text = (rb.dni_terapista)::text)"
"                          ->  Gather  (cost=1004.85..3945.21 rows=4 width=41) (actual time=0.219..82.711 rows=16181 loops=1)"
"                                Workers Planned: 1"
"                                Workers Launched: 1"
"                                ->  Nested Loop  (cost=4.85..2944.81 rows=2 width=41) (actual time=0.039..80.130 rows=8090 loops=2)"
"                                      ->  Nested Loop  (cost=4.43..2943.81 rows=2 width=13) (actual time=0.024..41.051 rows=8090 loops=2)"
"                                            ->  Parallel Seq Scan on factura f  (cost=0.00..2931.59 rows=1 width=13) (actual time=0.009..9.941 rows=4017 loops=2)"
"                                                  Filter: ((date_part('MONTH'::text, (fecha)::timestamp without time zone) = '2'::double precision) AND (date_part('YEAR'::text, (fecha)::timestamp without time zone) = '2020'::double precision))"
"                                                  Rows Removed by Filter: 45983"
"                                            ->  Bitmap Heap Scan on realiza_factura rf  (cost=4.43..12.20 rows=2 width=18) (actual time=0.006..0.007 rows=2 loops=8034)"
"                                                  Recheck Cond: ((dni_cliente)::text = (f.dni)::text)"
"                                                  Heap Blocks: exact=8257"
"                                                  ->  Bitmap Index Scan on pk_realiza_factura  (cost=0.00..4.43 rows=2 width=0) (actual time=0.004..0.004 rows=2 loops=8034)"
"                                                        Index Cond: ((dni_cliente)::text = (f.dni)::text)"
"                                      ->  Index Scan using pk_terapista on terapista t_1  (cost=0.42..0.50 rows=1 width=46) (actual time=0.004..0.004 rows=1 loops=16181)"
"                                            Index Cond: ((dni)::text = (rf.dni_terapista)::text)"
"Planning Time: 1.622 ms"
"Execution Time: 250.219 ms"

ITERACION 9
"Limit  (cost=7306.08..7306.09 rows=1 width=45) (actual time=279.394..279.460 rows=1 loops=1)"
"  ->  Sort  (cost=7306.08..7306.10 rows=8 width=45) (actual time=279.392..279.458 rows=1 loops=1)"
"        Sort Key: (sum(b.monto)) DESC"
"        Sort Method: top-N heapsort  Memory: 25kB"
"        ->  GroupAggregate  (cost=7305.90..7306.04 rows=8 width=45) (actual time=273.953..279.446 rows=10 loops=1)"
"              Group Key: t.direccion"
"              ->  Sort  (cost=7305.90..7305.92 rows=8 width=41) (actual time=272.845..275.748 rows=32167 loops=1)"
"                    Sort Key: t.direccion"
"                    Sort Method: quicksort  Memory: 3282kB"
"                    ->  Append  (cost=4.85..7305.78 rows=8 width=41) (actual time=0.069..258.265 rows=32167 loops=1)"
"                          ->  Nested Loop  (cost=4.85..3360.45 rows=4 width=41) (actual time=0.068..176.393 rows=15986 loops=1)"
"                                ->  Nested Loop  (cost=4.43..3358.45 rows=4 width=13) (actual time=0.050..90.572 rows=15986 loops=1)"
"                                      ->  Seq Scan on boleta b  (cost=0.00..3334.00 rows=2 width=13) (actual time=0.023..20.908 rows=7986 loops=1)"
"                                            Filter: ((date_part('MONTH'::text, (fecha)::timestamp without time zone) = '2'::double precision) AND (date_part('YEAR'::text, (fecha)::timestamp without time zone) = '2020'::double precision))"
"                                            Rows Removed by Filter: 92014"
"                                      ->  Bitmap Heap Scan on realiza_boleta rb  (cost=4.43..12.20 rows=2 width=18) (actual time=0.006..0.007 rows=2 loops=7986)"
"                                            Recheck Cond: ((dni_cliente)::text = (b.dni)::text)"
"                                            Heap Blocks: exact=15977"
"                                            ->  Bitmap Index Scan on pk_realiza_boleta  (cost=0.00..4.43 rows=2 width=0) (actual time=0.005..0.005 rows=2 loops=7986)"
"                                                  Index Cond: ((dni_cliente)::text = (b.dni)::text)"
"                                ->  Index Scan using pk_terapista on terapista t  (cost=0.42..0.50 rows=1 width=46) (actual time=0.005..0.005 rows=1 loops=15986)"
"                                      Index Cond: ((dni)::text = (rb.dni_terapista)::text)"
"                          ->  Gather  (cost=1004.85..3945.21 rows=4 width=41) (actual time=0.235..79.664 rows=16181 loops=1)"
"                                Workers Planned: 1"
"                                Workers Launched: 1"
"                                ->  Nested Loop  (cost=4.85..2944.81 rows=2 width=41) (actual time=0.045..76.932 rows=8090 loops=2)"
"                                      ->  Nested Loop  (cost=4.43..2943.81 rows=2 width=13) (actual time=0.031..39.272 rows=8090 loops=2)"
"                                            ->  Parallel Seq Scan on factura f  (cost=0.00..2931.59 rows=1 width=13) (actual time=0.010..9.241 rows=4017 loops=2)"
"                                                  Filter: ((date_part('MONTH'::text, (fecha)::timestamp without time zone) = '2'::double precision) AND (date_part('YEAR'::text, (fecha)::timestamp without time zone) = '2020'::double precision))"
"                                                  Rows Removed by Filter: 45983"
"                                            ->  Bitmap Heap Scan on realiza_factura rf  (cost=4.43..12.20 rows=2 width=18) (actual time=0.005..0.006 rows=2 loops=8034)"
"                                                  Recheck Cond: ((dni_cliente)::text = (f.dni)::text)"
"                                                  Heap Blocks: exact=8536"
"                                                  ->  Bitmap Index Scan on pk_realiza_factura  (cost=0.00..4.43 rows=2 width=0) (actual time=0.004..0.004 rows=2 loops=8034)"
"                                                        Index Cond: ((dni_cliente)::text = (f.dni)::text)"
"                                      ->  Index Scan using pk_terapista on terapista t_1  (cost=0.42..0.50 rows=1 width=46) (actual time=0.004..0.004 rows=1 loops=16181)"
"                                            Index Cond: ((dni)::text = (rf.dni_terapista)::text)"
"Planning Time: 1.228 ms"
"Execution Time: 279.555 ms"

ITERACION 10
"Limit  (cost=7306.08..7306.09 rows=1 width=45) (actual time=267.433..267.489 rows=1 loops=1)"
"  ->  Sort  (cost=7306.08..7306.10 rows=8 width=45) (actual time=267.432..267.487 rows=1 loops=1)"
"        Sort Key: (sum(b.monto)) DESC"
"        Sort Method: top-N heapsort  Memory: 25kB"
"        ->  GroupAggregate  (cost=7305.90..7306.04 rows=8 width=45) (actual time=262.839..267.476 rows=10 loops=1)"
"              Group Key: t.direccion"
"              ->  Sort  (cost=7305.90..7305.92 rows=8 width=41) (actual time=262.171..264.481 rows=32167 loops=1)"
"                    Sort Key: t.direccion"
"                    Sort Method: quicksort  Memory: 3282kB"
"                    ->  Append  (cost=4.85..7305.78 rows=8 width=41) (actual time=0.066..249.351 rows=32167 loops=1)"
"                          ->  Nested Loop  (cost=4.85..3360.45 rows=4 width=41) (actual time=0.065..164.140 rows=15986 loops=1)"
"                                ->  Nested Loop  (cost=4.43..3358.45 rows=4 width=13) (actual time=0.049..84.050 rows=15986 loops=1)"
"                                      ->  Seq Scan on boleta b  (cost=0.00..3334.00 rows=2 width=13) (actual time=0.022..19.068 rows=7986 loops=1)"
"                                            Filter: ((date_part('MONTH'::text, (fecha)::timestamp without time zone) = '2'::double precision) AND (date_part('YEAR'::text, (fecha)::timestamp without time zone) = '2020'::double precision))"
"                                            Rows Removed by Filter: 92014"
"                                      ->  Bitmap Heap Scan on realiza_boleta rb  (cost=4.43..12.20 rows=2 width=18) (actual time=0.006..0.007 rows=2 loops=7986)"
"                                            Recheck Cond: ((dni_cliente)::text = (b.dni)::text)"
"                                            Heap Blocks: exact=15977"
"                                            ->  Bitmap Index Scan on pk_realiza_boleta  (cost=0.00..4.43 rows=2 width=0) (actual time=0.005..0.005 rows=2 loops=7986)"
"                                                  Index Cond: ((dni_cliente)::text = (b.dni)::text)"
"                                ->  Index Scan using pk_terapista on terapista t  (cost=0.42..0.50 rows=1 width=46) (actual time=0.005..0.005 rows=1 loops=15986)"
"                                      Index Cond: ((dni)::text = (rb.dni_terapista)::text)"
"                          ->  Gather  (cost=1004.85..3945.21 rows=4 width=41) (actual time=0.220..83.038 rows=16181 loops=1)"
"                                Workers Planned: 1"
"                                Workers Launched: 1"
"                                ->  Nested Loop  (cost=4.85..2944.81 rows=2 width=41) (actual time=0.043..80.529 rows=8090 loops=2)"
"                                      ->  Nested Loop  (cost=4.43..2943.81 rows=2 width=13) (actual time=0.026..41.157 rows=8090 loops=2)"
"                                            ->  Parallel Seq Scan on factura f  (cost=0.00..2931.59 rows=1 width=13) (actual time=0.008..9.656 rows=4017 loops=2)"
"                                                  Filter: ((date_part('MONTH'::text, (fecha)::timestamp without time zone) = '2'::double precision) AND (date_part('YEAR'::text, (fecha)::timestamp without time zone) = '2020'::double precision))"
"                                                  Rows Removed by Filter: 45983"
"                                            ->  Bitmap Heap Scan on realiza_factura rf  (cost=4.43..12.20 rows=2 width=18) (actual time=0.006..0.007 rows=2 loops=8034)"
"                                                  Recheck Cond: ((dni_cliente)::text = (f.dni)::text)"
"                                                  Heap Blocks: exact=8318"
"                                                  ->  Bitmap Index Scan on pk_realiza_factura  (cost=0.00..4.43 rows=2 width=0) (actual time=0.004..0.004 rows=2 loops=8034)"
"                                                        Index Cond: ((dni_cliente)::text = (f.dni)::text)"
"                                      ->  Index Scan using pk_terapista on terapista t_1  (cost=0.42..0.50 rows=1 width=46) (actual time=0.004..0.004 rows=1 loops=16181)"
"                                            Index Cond: ((dni)::text = (rf.dni_terapista)::text)"
"Planning Time: 2.599 ms"
"Execution Time: 267.578 ms"

MIL_100_I
ITERACION 1
"Limit  (cost=7303.61..7303.61 rows=1 width=45) (actual time=2979.694..2979.777 rows=1 loops=1)"
"  ->  Sort  (cost=7303.61..7303.63 rows=8 width=45) (actual time=2979.691..2979.773 rows=1 loops=1)"
"        Sort Key: (sum(b.monto)) DESC"
"        Sort Method: top-N heapsort  Memory: 25kB"
"        ->  GroupAggregate  (cost=7303.43..7303.57 rows=8 width=45) (actual time=2974.341..2979.757 rows=10 loops=1)"
"              Group Key: t.direccion"
"              ->  Sort  (cost=7303.43..7303.45 rows=8 width=41) (actual time=2973.864..2976.550 rows=32167 loops=1)"
"                    Sort Key: t.direccion"
"                    Sort Method: quicksort  Memory: 3282kB"
"                    ->  Append  (cost=4.43..7303.31 rows=8 width=41) (actual time=41.046..2951.728 rows=32167 loops=1)"
"                          ->  Nested Loop  (cost=4.43..3358.80 rows=4 width=41) (actual time=41.044..1651.303 rows=15986 loops=1)"
"                                ->  Nested Loop  (cost=4.43..3358.45 rows=4 width=13) (actual time=24.401..745.225 rows=15986 loops=1)"
"                                      ->  Seq Scan on boleta b  (cost=0.00..3334.00 rows=2 width=13) (actual time=11.558..71.016 rows=7986 loops=1)"
"                                            Filter: ((date_part('MONTH'::text, (fecha)::timestamp without time zone) = '2'::double precision) AND (date_part('YEAR'::text, (fecha)::timestamp without time zone) = '2020'::double precision))"
"                                            Rows Removed by Filter: 92014"
"                                      ->  Bitmap Heap Scan on realiza_boleta rb  (cost=4.43..12.20 rows=2 width=18) (actual time=0.079..0.081 rows=2 loops=7986)"
"                                            Recheck Cond: ((dni_cliente)::text = (b.dni)::text)"
"                                            Heap Blocks: exact=15977"
"                                            ->  Bitmap Index Scan on pk_realiza_boleta  (cost=0.00..4.43 rows=2 width=0) (actual time=0.076..0.076 rows=2 loops=7986)"
"                                                  Index Cond: ((dni_cliente)::text = (b.dni)::text)"
"                                ->  Index Scan using index_dni_t on terapista t  (cost=0.00..0.09 rows=1 width=46) (actual time=0.055..0.055 rows=1 loops=15986)"
"                                      Index Cond: ((dni)::text = (rb.dni_terapista)::text)"
"                                      Rows Removed by Index Recheck: 0"
"                          ->  Gather  (cost=1004.43..3944.39 rows=4 width=41) (actual time=22.778..1294.660 rows=16181 loops=1)"
"                                Workers Planned: 1"
"                                Workers Launched: 1"
"                                ->  Nested Loop  (cost=4.43..2943.99 rows=2 width=41) (actual time=39.059..1257.269 rows=8090 loops=2)"
"                                      ->  Nested Loop  (cost=4.43..2943.81 rows=2 width=13) (actual time=17.723..1193.465 rows=8090 loops=2)"
"                                            ->  Parallel Seq Scan on factura f  (cost=0.00..2931.59 rows=1 width=13) (actual time=5.491..65.413 rows=4017 loops=2)"
"                                                  Filter: ((date_part('MONTH'::text, (fecha)::timestamp without time zone) = '2'::double precision) AND (date_part('YEAR'::text, (fecha)::timestamp without time zone) = '2020'::double precision))"
"                                                  Rows Removed by Filter: 45983"
"                                            ->  Bitmap Heap Scan on realiza_factura rf  (cost=4.43..12.20 rows=2 width=18) (actual time=0.273..0.278 rows=2 loops=8034)"
"                                                  Recheck Cond: ((dni_cliente)::text = (f.dni)::text)"
"                                                  Heap Blocks: exact=8423"
"                                                  ->  Bitmap Index Scan on pk_realiza_factura  (cost=0.00..4.43 rows=2 width=0) (actual time=0.270..0.270 rows=2 loops=8034)"
"                                                        Index Cond: ((dni_cliente)::text = (f.dni)::text)"
"                                      ->  Index Scan using index_dni_t on terapista t_1  (cost=0.00..0.09 rows=1 width=46) (actual time=0.006..0.006 rows=1 loops=16181)"
"                                            Index Cond: ((dni)::text = (rf.dni_terapista)::text)"
"Planning Time: 133.556 ms"
"Execution Time: 2979.929 ms"

ITERACION 2
"Limit  (cost=7303.61..7303.61 rows=1 width=45) (actual time=181.330..181.387 rows=1 loops=1)"
"  ->  Sort  (cost=7303.61..7303.63 rows=8 width=45) (actual time=181.329..181.386 rows=1 loops=1)"
"        Sort Key: (sum(b.monto)) DESC"
"        Sort Method: top-N heapsort  Memory: 25kB"
"        ->  GroupAggregate  (cost=7303.43..7303.57 rows=8 width=45) (actual time=176.164..181.374 rows=10 loops=1)"
"              Group Key: t.direccion"
"              ->  Sort  (cost=7303.43..7303.45 rows=8 width=41) (actual time=175.668..178.058 rows=32167 loops=1)"
"                    Sort Key: t.direccion"
"                    Sort Method: quicksort  Memory: 3282kB"
"                    ->  Append  (cost=4.43..7303.31 rows=8 width=41) (actual time=0.044..166.064 rows=32167 loops=1)"
"                          ->  Nested Loop  (cost=4.43..3358.80 rows=4 width=41) (actual time=0.044..107.757 rows=15986 loops=1)"
"                                ->  Nested Loop  (cost=4.43..3358.45 rows=4 width=13) (actual time=0.037..76.137 rows=15986 loops=1)"
"                                      ->  Seq Scan on boleta b  (cost=0.00..3334.00 rows=2 width=13) (actual time=0.019..18.009 rows=7986 loops=1)"
"                                            Filter: ((date_part('MONTH'::text, (fecha)::timestamp without time zone) = '2'::double precision) AND (date_part('YEAR'::text, (fecha)::timestamp without time zone) = '2020'::double precision))"
"                                            Rows Removed by Filter: 92014"
"                                      ->  Bitmap Heap Scan on realiza_boleta rb  (cost=4.43..12.20 rows=2 width=18) (actual time=0.005..0.006 rows=2 loops=7986)"
"                                            Recheck Cond: ((dni_cliente)::text = (b.dni)::text)"
"                                            Heap Blocks: exact=15977"
"                                            ->  Bitmap Index Scan on pk_realiza_boleta  (cost=0.00..4.43 rows=2 width=0) (actual time=0.004..0.004 rows=2 loops=7986)"
"                                                  Index Cond: ((dni_cliente)::text = (b.dni)::text)"
"                                ->  Index Scan using index_dni_t on terapista t  (cost=0.00..0.09 rows=1 width=46) (actual time=0.002..0.002 rows=1 loops=15986)"
"                                      Index Cond: ((dni)::text = (rb.dni_terapista)::text)"
"                                      Rows Removed by Index Recheck: 0"
"                          ->  Gather  (cost=1004.43..3944.39 rows=4 width=41) (actual time=0.231..56.466 rows=16181 loops=1)"
"                                Workers Planned: 1"
"                                Workers Launched: 1"
"                                ->  Nested Loop  (cost=4.43..2943.99 rows=2 width=41) (actual time=0.046..53.926 rows=8090 loops=2)"
"                                      ->  Nested Loop  (cost=4.43..2943.81 rows=2 width=13) (actual time=0.032..38.394 rows=8090 loops=2)"
"                                            ->  Parallel Seq Scan on factura f  (cost=0.00..2931.59 rows=1 width=13) (actual time=0.008..9.043 rows=4017 loops=2)"
"                                                  Filter: ((date_part('MONTH'::text, (fecha)::timestamp without time zone) = '2'::double precision) AND (date_part('YEAR'::text, (fecha)::timestamp without time zone) = '2020'::double precision))"
"                                                  Rows Removed by Filter: 45983"
"                                            ->  Bitmap Heap Scan on realiza_factura rf  (cost=4.43..12.20 rows=2 width=18) (actual time=0.005..0.006 rows=2 loops=8034)"
"                                                  Recheck Cond: ((dni_cliente)::text = (f.dni)::text)"
"                                                  Heap Blocks: exact=8593"
"                                                  ->  Bitmap Index Scan on pk_realiza_factura  (cost=0.00..4.43 rows=2 width=0) (actual time=0.004..0.004 rows=2 loops=8034)"
"                                                        Index Cond: ((dni_cliente)::text = (f.dni)::text)"
"                                      ->  Index Scan using index_dni_t on terapista t_1  (cost=0.00..0.09 rows=1 width=46) (actual time=0.002..0.002 rows=1 loops=16181)"
"                                            Index Cond: ((dni)::text = (rf.dni_terapista)::text)"
"Planning Time: 0.995 ms"
"Execution Time: 181.447 ms"

ITERACION 3
"Limit  (cost=7303.61..7303.61 rows=1 width=45) (actual time=182.494..182.558 rows=1 loops=1)"
"  ->  Sort  (cost=7303.61..7303.63 rows=8 width=45) (actual time=182.493..182.556 rows=1 loops=1)"
"        Sort Key: (sum(b.monto)) DESC"
"        Sort Method: top-N heapsort  Memory: 25kB"
"        ->  GroupAggregate  (cost=7303.43..7303.57 rows=8 width=45) (actual time=177.456..182.546 rows=10 loops=1)"
"              Group Key: t.direccion"
"              ->  Sort  (cost=7303.43..7303.45 rows=8 width=41) (actual time=176.754..179.377 rows=32167 loops=1)"
"                    Sort Key: t.direccion"
"                    Sort Method: quicksort  Memory: 3282kB"
"                    ->  Append  (cost=4.43..7303.31 rows=8 width=41) (actual time=0.045..161.623 rows=32167 loops=1)"
"                          ->  Nested Loop  (cost=4.43..3358.80 rows=4 width=41) (actual time=0.045..105.953 rows=15986 loops=1)"
"                                ->  Nested Loop  (cost=4.43..3358.45 rows=4 width=13) (actual time=0.036..74.804 rows=15986 loops=1)"
"                                      ->  Seq Scan on boleta b  (cost=0.00..3334.00 rows=2 width=13) (actual time=0.016..16.581 rows=7986 loops=1)"
"                                            Filter: ((date_part('MONTH'::text, (fecha)::timestamp without time zone) = '2'::double precision) AND (date_part('YEAR'::text, (fecha)::timestamp without time zone) = '2020'::double precision))"
"                                            Rows Removed by Filter: 92014"
"                                      ->  Bitmap Heap Scan on realiza_boleta rb  (cost=4.43..12.20 rows=2 width=18) (actual time=0.005..0.006 rows=2 loops=7986)"
"                                            Recheck Cond: ((dni_cliente)::text = (b.dni)::text)"
"                                            Heap Blocks: exact=15977"
"                                            ->  Bitmap Index Scan on pk_realiza_boleta  (cost=0.00..4.43 rows=2 width=0) (actual time=0.004..0.004 rows=2 loops=7986)"
"                                                  Index Cond: ((dni_cliente)::text = (b.dni)::text)"
"                                ->  Index Scan using index_dni_t on terapista t  (cost=0.00..0.09 rows=1 width=46) (actual time=0.002..0.002 rows=1 loops=15986)"
"                                      Index Cond: ((dni)::text = (rb.dni_terapista)::text)"
"                                      Rows Removed by Index Recheck: 0"
"                          ->  Gather  (cost=1004.43..3944.39 rows=4 width=41) (actual time=0.221..53.872 rows=16181 loops=1)"
"                                Workers Planned: 1"
"                                Workers Launched: 1"
"                                ->  Nested Loop  (cost=4.43..2943.99 rows=2 width=41) (actual time=0.040..51.447 rows=8090 loops=2)"
"                                      ->  Nested Loop  (cost=4.43..2943.81 rows=2 width=13) (actual time=0.028..36.503 rows=8090 loops=2)"
"                                            ->  Parallel Seq Scan on factura f  (cost=0.00..2931.59 rows=1 width=13) (actual time=0.008..8.582 rows=4017 loops=2)"
"                                                  Filter: ((date_part('MONTH'::text, (fecha)::timestamp without time zone) = '2'::double precision) AND (date_part('YEAR'::text, (fecha)::timestamp without time zone) = '2020'::double precision))"
"                                                  Rows Removed by Filter: 45983"
"                                            ->  Bitmap Heap Scan on realiza_factura rf  (cost=4.43..12.20 rows=2 width=18) (actual time=0.005..0.006 rows=2 loops=8034)"
"                                                  Recheck Cond: ((dni_cliente)::text = (f.dni)::text)"
"                                                  Heap Blocks: exact=8432"
"                                                  ->  Bitmap Index Scan on pk_realiza_factura  (cost=0.00..4.43 rows=2 width=0) (actual time=0.004..0.004 rows=2 loops=8034)"
"                                                        Index Cond: ((dni_cliente)::text = (f.dni)::text)"
"                                      ->  Index Scan using index_dni_t on terapista t_1  (cost=0.00..0.09 rows=1 width=46) (actual time=0.001..0.001 rows=1 loops=16181)"
"                                            Index Cond: ((dni)::text = (rf.dni_terapista)::text)"
"Planning Time: 1.042 ms"
"Execution Time: 182.638 ms"

ITERACION 4
"Limit  (cost=7303.61..7303.61 rows=1 width=45) (actual time=188.880..188.953 rows=1 loops=1)"
"  ->  Sort  (cost=7303.61..7303.63 rows=8 width=45) (actual time=188.878..188.951 rows=1 loops=1)"
"        Sort Key: (sum(b.monto)) DESC"
"        Sort Method: top-N heapsort  Memory: 25kB"
"        ->  GroupAggregate  (cost=7303.43..7303.57 rows=8 width=45) (actual time=185.132..188.942 rows=10 loops=1)"
"              Group Key: t.direccion"
"              ->  Sort  (cost=7303.43..7303.45 rows=8 width=41) (actual time=184.718..186.255 rows=32167 loops=1)"
"                    Sort Key: t.direccion"
"                    Sort Method: quicksort  Memory: 3282kB"
"                    ->  Append  (cost=4.43..7303.31 rows=8 width=41) (actual time=0.034..174.967 rows=32167 loops=1)"
"                          ->  Nested Loop  (cost=4.43..3358.80 rows=4 width=41) (actual time=0.033..114.239 rows=15986 loops=1)"
"                                ->  Nested Loop  (cost=4.43..3358.45 rows=4 width=13) (actual time=0.027..81.402 rows=15986 loops=1)"
"                                      ->  Seq Scan on boleta b  (cost=0.00..3334.00 rows=2 width=13) (actual time=0.012..18.463 rows=7986 loops=1)"
"                                            Filter: ((date_part('MONTH'::text, (fecha)::timestamp without time zone) = '2'::double precision) AND (date_part('YEAR'::text, (fecha)::timestamp without time zone) = '2020'::double precision))"
"                                            Rows Removed by Filter: 92014"
"                                      ->  Bitmap Heap Scan on realiza_boleta rb  (cost=4.43..12.20 rows=2 width=18) (actual time=0.006..0.007 rows=2 loops=7986)"
"                                            Recheck Cond: ((dni_cliente)::text = (b.dni)::text)"
"                                            Heap Blocks: exact=15977"
"                                            ->  Bitmap Index Scan on pk_realiza_boleta  (cost=0.00..4.43 rows=2 width=0) (actual time=0.005..0.005 rows=2 loops=7986)"
"                                                  Index Cond: ((dni_cliente)::text = (b.dni)::text)"
"                                ->  Index Scan using index_dni_t on terapista t  (cost=0.00..0.09 rows=1 width=46) (actual time=0.002..0.002 rows=1 loops=15986)"
"                                      Index Cond: ((dni)::text = (rb.dni_terapista)::text)"
"                                      Rows Removed by Index Recheck: 0"
"                          ->  Gather  (cost=1004.43..3944.39 rows=4 width=41) (actual time=0.241..58.762 rows=16181 loops=1)"
"                                Workers Planned: 1"
"                                Workers Launched: 1"
"                                ->  Nested Loop  (cost=4.43..2943.99 rows=2 width=41) (actual time=0.047..56.243 rows=8090 loops=2)"
"                                      ->  Nested Loop  (cost=4.43..2943.81 rows=2 width=13) (actual time=0.033..39.809 rows=8090 loops=2)"
"                                            ->  Parallel Seq Scan on factura f  (cost=0.00..2931.59 rows=1 width=13) (actual time=0.010..9.610 rows=4017 loops=2)"
"                                                  Filter: ((date_part('MONTH'::text, (fecha)::timestamp without time zone) = '2'::double precision) AND (date_part('YEAR'::text, (fecha)::timestamp without time zone) = '2020'::double precision))"
"                                                  Rows Removed by Filter: 45983"
"                                            ->  Bitmap Heap Scan on realiza_factura rf  (cost=4.43..12.20 rows=2 width=18) (actual time=0.005..0.006 rows=2 loops=8034)"
"                                                  Recheck Cond: ((dni_cliente)::text = (f.dni)::text)"
"                                                  Heap Blocks: exact=9004"
"                                                  ->  Bitmap Index Scan on pk_realiza_factura  (cost=0.00..4.43 rows=2 width=0) (actual time=0.004..0.004 rows=2 loops=8034)"
"                                                        Index Cond: ((dni_cliente)::text = (f.dni)::text)"
"                                      ->  Index Scan using index_dni_t on terapista t_1  (cost=0.00..0.09 rows=1 width=46) (actual time=0.002..0.002 rows=1 loops=16181)"
"                                            Index Cond: ((dni)::text = (rf.dni_terapista)::text)"
"Planning Time: 0.864 ms"
"Execution Time: 189.010 ms"

ITERACION 5
"Limit  (cost=7303.61..7303.61 rows=1 width=45) (actual time=173.873..173.975 rows=1 loops=1)"
"  ->  Sort  (cost=7303.61..7303.63 rows=8 width=45) (actual time=173.872..173.973 rows=1 loops=1)"
"        Sort Key: (sum(b.monto)) DESC"
"        Sort Method: top-N heapsort  Memory: 25kB"
"        ->  GroupAggregate  (cost=7303.43..7303.57 rows=8 width=45) (actual time=169.529..173.963 rows=10 loops=1)"
"              Group Key: t.direccion"
"              ->  Sort  (cost=7303.43..7303.45 rows=8 width=41) (actual time=169.120..170.978 rows=32167 loops=1)"
"                    Sort Key: t.direccion"
"                    Sort Method: quicksort  Memory: 3282kB"
"                    ->  Append  (cost=4.43..7303.31 rows=8 width=41) (actual time=0.025..160.011 rows=32167 loops=1)"
"                          ->  Nested Loop  (cost=4.43..3358.80 rows=4 width=41) (actual time=0.025..99.623 rows=15986 loops=1)"
"                                ->  Nested Loop  (cost=4.43..3358.45 rows=4 width=13) (actual time=0.020..69.913 rows=15986 loops=1)"
"                                      ->  Seq Scan on boleta b  (cost=0.00..3334.00 rows=2 width=13) (actual time=0.009..15.241 rows=7986 loops=1)"
"                                            Filter: ((date_part('MONTH'::text, (fecha)::timestamp without time zone) = '2'::double precision) AND (date_part('YEAR'::text, (fecha)::timestamp without time zone) = '2020'::double precision))"
"                                            Rows Removed by Filter: 92014"
"                                      ->  Bitmap Heap Scan on realiza_boleta rb  (cost=4.43..12.20 rows=2 width=18) (actual time=0.005..0.006 rows=2 loops=7986)"
"                                            Recheck Cond: ((dni_cliente)::text = (b.dni)::text)"
"                                            Heap Blocks: exact=15977"
"                                            ->  Bitmap Index Scan on pk_realiza_boleta  (cost=0.00..4.43 rows=2 width=0) (actual time=0.004..0.004 rows=2 loops=7986)"
"                                                  Index Cond: ((dni_cliente)::text = (b.dni)::text)"
"                                ->  Index Scan using index_dni_t on terapista t  (cost=0.00..0.09 rows=1 width=46) (actual time=0.001..0.001 rows=1 loops=15986)"
"                                      Index Cond: ((dni)::text = (rb.dni_terapista)::text)"
"                                      Rows Removed by Index Recheck: 0"
"                          ->  Gather  (cost=1004.43..3944.39 rows=4 width=41) (actual time=0.213..58.659 rows=16181 loops=1)"
"                                Workers Planned: 1"
"                                Workers Launched: 1"
"                                ->  Nested Loop  (cost=4.43..2943.99 rows=2 width=41) (actual time=0.046..56.026 rows=8090 loops=2)"
"                                      ->  Nested Loop  (cost=4.43..2943.81 rows=2 width=13) (actual time=0.031..39.343 rows=8090 loops=2)"
"                                            ->  Parallel Seq Scan on factura f  (cost=0.00..2931.59 rows=1 width=13) (actual time=0.010..9.303 rows=4017 loops=2)"
"                                                  Filter: ((date_part('MONTH'::text, (fecha)::timestamp without time zone) = '2'::double precision) AND (date_part('YEAR'::text, (fecha)::timestamp without time zone) = '2020'::double precision))"
"                                                  Rows Removed by Filter: 45983"
"                                            ->  Bitmap Heap Scan on realiza_factura rf  (cost=4.43..12.20 rows=2 width=18) (actual time=0.005..0.006 rows=2 loops=8034)"
"                                                  Recheck Cond: ((dni_cliente)::text = (f.dni)::text)"
"                                                  Heap Blocks: exact=8594"
"                                                  ->  Bitmap Index Scan on pk_realiza_factura  (cost=0.00..4.43 rows=2 width=0) (actual time=0.004..0.004 rows=2 loops=8034)"
"                                                        Index Cond: ((dni_cliente)::text = (f.dni)::text)"
"                                      ->  Index Scan using index_dni_t on terapista t_1  (cost=0.00..0.09 rows=1 width=46) (actual time=0.002..0.002 rows=1 loops=16181)"
"                                            Index Cond: ((dni)::text = (rf.dni_terapista)::text)"
"Planning Time: 0.552 ms"
"Execution Time: 174.024 ms"

ITERACION 6
"Limit  (cost=7303.61..7303.61 rows=1 width=45) (actual time=211.841..211.900 rows=1 loops=1)"
"  ->  Sort  (cost=7303.61..7303.63 rows=8 width=45) (actual time=211.839..211.898 rows=1 loops=1)"
"        Sort Key: (sum(b.monto)) DESC"
"        Sort Method: top-N heapsort  Memory: 25kB"
"        ->  GroupAggregate  (cost=7303.43..7303.57 rows=8 width=45) (actual time=205.224..211.882 rows=10 loops=1)"
"              Group Key: t.direccion"
"              ->  Sort  (cost=7303.43..7303.45 rows=8 width=41) (actual time=204.237..207.740 rows=32167 loops=1)"
"                    Sort Key: t.direccion"
"                    Sort Method: quicksort  Memory: 3282kB"
"                    ->  Append  (cost=4.43..7303.31 rows=8 width=41) (actual time=0.034..191.935 rows=32167 loops=1)"
"                          ->  Nested Loop  (cost=4.43..3358.80 rows=4 width=41) (actual time=0.033..133.848 rows=15986 loops=1)"
"                                ->  Nested Loop  (cost=4.43..3358.45 rows=4 width=13) (actual time=0.027..96.112 rows=15986 loops=1)"
"                                      ->  Seq Scan on boleta b  (cost=0.00..3334.00 rows=2 width=13) (actual time=0.012..21.690 rows=7986 loops=1)"
"                                            Filter: ((date_part('MONTH'::text, (fecha)::timestamp without time zone) = '2'::double precision) AND (date_part('YEAR'::text, (fecha)::timestamp without time zone) = '2020'::double precision))"
"                                            Rows Removed by Filter: 92014"
"                                      ->  Bitmap Heap Scan on realiza_boleta rb  (cost=4.43..12.20 rows=2 width=18) (actual time=0.007..0.008 rows=2 loops=7986)"
"                                            Recheck Cond: ((dni_cliente)::text = (b.dni)::text)"
"                                            Heap Blocks: exact=15977"
"                                            ->  Bitmap Index Scan on pk_realiza_boleta  (cost=0.00..4.43 rows=2 width=0) (actual time=0.005..0.005 rows=2 loops=7986)"
"                                                  Index Cond: ((dni_cliente)::text = (b.dni)::text)"
"                                ->  Index Scan using index_dni_t on terapista t  (cost=0.00..0.09 rows=1 width=46) (actual time=0.002..0.002 rows=1 loops=15986)"
"                                      Index Cond: ((dni)::text = (rb.dni_terapista)::text)"
"                                      Rows Removed by Index Recheck: 0"
"                          ->  Gather  (cost=1004.43..3944.39 rows=4 width=41) (actual time=0.239..56.001 rows=16181 loops=1)"
"                                Workers Planned: 1"
"                                Workers Launched: 1"
"                                ->  Nested Loop  (cost=4.43..2943.99 rows=2 width=41) (actual time=0.039..52.707 rows=8090 loops=2)"
"                                      ->  Nested Loop  (cost=4.43..2943.81 rows=2 width=13) (actual time=0.027..37.212 rows=8090 loops=2)"
"                                            ->  Parallel Seq Scan on factura f  (cost=0.00..2931.59 rows=1 width=13) (actual time=0.007..8.716 rows=4017 loops=2)"
"                                                  Filter: ((date_part('MONTH'::text, (fecha)::timestamp without time zone) = '2'::double precision) AND (date_part('YEAR'::text, (fecha)::timestamp without time zone) = '2020'::double precision))"
"                                                  Rows Removed by Filter: 45983"
"                                            ->  Bitmap Heap Scan on realiza_factura rf  (cost=4.43..12.20 rows=2 width=18) (actual time=0.005..0.006 rows=2 loops=8034)"
"                                                  Recheck Cond: ((dni_cliente)::text = (f.dni)::text)"
"                                                  Heap Blocks: exact=8584"
"                                                  ->  Bitmap Index Scan on pk_realiza_factura  (cost=0.00..4.43 rows=2 width=0) (actual time=0.004..0.004 rows=2 loops=8034)"
"                                                        Index Cond: ((dni_cliente)::text = (f.dni)::text)"
"                                      ->  Index Scan using index_dni_t on terapista t_1  (cost=0.00..0.09 rows=1 width=46) (actual time=0.002..0.002 rows=1 loops=16181)"
"                                            Index Cond: ((dni)::text = (rf.dni_terapista)::text)"
"Planning Time: 1.081 ms"
"Execution Time: 211.955 ms"

ITERACION 7
"Limit  (cost=7303.61..7303.61 rows=1 width=45) (actual time=221.390..221.460 rows=1 loops=1)"
"  ->  Sort  (cost=7303.61..7303.63 rows=8 width=45) (actual time=221.388..221.457 rows=1 loops=1)"
"        Sort Key: (sum(b.monto)) DESC"
"        Sort Method: top-N heapsort  Memory: 25kB"
"        ->  GroupAggregate  (cost=7303.43..7303.57 rows=8 width=45) (actual time=216.075..221.442 rows=10 loops=1)"
"              Group Key: t.direccion"
"              ->  Sort  (cost=7303.43..7303.45 rows=8 width=41) (actual time=215.556..218.113 rows=32167 loops=1)"
"                    Sort Key: t.direccion"
"                    Sort Method: quicksort  Memory: 3282kB"
"                    ->  Append  (cost=4.43..7303.31 rows=8 width=41) (actual time=0.062..201.958 rows=32167 loops=1)"
"                          ->  Nested Loop  (cost=4.43..3358.80 rows=4 width=41) (actual time=0.061..138.825 rows=15986 loops=1)"
"                                ->  Nested Loop  (cost=4.43..3358.45 rows=4 width=13) (actual time=0.049..99.586 rows=15986 loops=1)"
"                                      ->  Seq Scan on boleta b  (cost=0.00..3334.00 rows=2 width=13) (actual time=0.023..22.726 rows=7986 loops=1)"
"                                            Filter: ((date_part('MONTH'::text, (fecha)::timestamp without time zone) = '2'::double precision) AND (date_part('YEAR'::text, (fecha)::timestamp without time zone) = '2020'::double precision))"
"                                            Rows Removed by Filter: 92014"
"                                      ->  Bitmap Heap Scan on realiza_boleta rb  (cost=4.43..12.20 rows=2 width=18) (actual time=0.007..0.008 rows=2 loops=7986)"
"                                            Recheck Cond: ((dni_cliente)::text = (b.dni)::text)"
"                                            Heap Blocks: exact=15977"
"                                            ->  Bitmap Index Scan on pk_realiza_boleta  (cost=0.00..4.43 rows=2 width=0) (actual time=0.006..0.006 rows=2 loops=7986)"
"                                                  Index Cond: ((dni_cliente)::text = (b.dni)::text)"
"                                ->  Index Scan using index_dni_t on terapista t  (cost=0.00..0.09 rows=1 width=46) (actual time=0.002..0.002 rows=1 loops=15986)"
"                                      Index Cond: ((dni)::text = (rb.dni_terapista)::text)"
"                                      Rows Removed by Index Recheck: 0"
"                          ->  Gather  (cost=1004.43..3944.39 rows=4 width=41) (actual time=0.225..60.853 rows=16181 loops=1)"
"                                Workers Planned: 1"
"                                Workers Launched: 1"
"                                ->  Nested Loop  (cost=4.43..2943.99 rows=2 width=41) (actual time=0.043..58.417 rows=8090 loops=2)"
"                                      ->  Nested Loop  (cost=4.43..2943.81 rows=2 width=13) (actual time=0.030..41.130 rows=8090 loops=2)"
"                                            ->  Parallel Seq Scan on factura f  (cost=0.00..2931.59 rows=1 width=13) (actual time=0.008..10.049 rows=4017 loops=2)"
"                                                  Filter: ((date_part('MONTH'::text, (fecha)::timestamp without time zone) = '2'::double precision) AND (date_part('YEAR'::text, (fecha)::timestamp without time zone) = '2020'::double precision))"
"                                                  Rows Removed by Filter: 45983"
"                                            ->  Bitmap Heap Scan on realiza_factura rf  (cost=4.43..12.20 rows=2 width=18) (actual time=0.006..0.007 rows=2 loops=8034)"
"                                                  Recheck Cond: ((dni_cliente)::text = (f.dni)::text)"
"                                                  Heap Blocks: exact=8485"
"                                                  ->  Bitmap Index Scan on pk_realiza_factura  (cost=0.00..4.43 rows=2 width=0) (actual time=0.005..0.005 rows=2 loops=8034)"
"                                                        Index Cond: ((dni_cliente)::text = (f.dni)::text)"
"                                      ->  Index Scan using index_dni_t on terapista t_1  (cost=0.00..0.09 rows=1 width=46) (actual time=0.002..0.002 rows=1 loops=16181)"
"                                            Index Cond: ((dni)::text = (rf.dni_terapista)::text)"
"Planning Time: 1.264 ms"
"Execution Time: 221.557 ms"

ITERACION 8
"Limit  (cost=7303.61..7303.61 rows=1 width=45) (actual time=195.748..195.801 rows=1 loops=1)"
"  ->  Sort  (cost=7303.61..7303.63 rows=8 width=45) (actual time=195.747..195.800 rows=1 loops=1)"
"        Sort Key: (sum(b.monto)) DESC"
"        Sort Method: top-N heapsort  Memory: 25kB"
"        ->  GroupAggregate  (cost=7303.43..7303.57 rows=8 width=45) (actual time=191.923..195.789 rows=10 loops=1)"
"              Group Key: t.direccion"
"              ->  Sort  (cost=7303.43..7303.45 rows=8 width=41) (actual time=191.503..193.088 rows=32167 loops=1)"
"                    Sort Key: t.direccion"
"                    Sort Method: quicksort  Memory: 3282kB"
"                    ->  Append  (cost=4.43..7303.31 rows=8 width=41) (actual time=0.049..181.642 rows=32167 loops=1)"
"                          ->  Nested Loop  (cost=4.43..3358.80 rows=4 width=41) (actual time=0.048..117.559 rows=15986 loops=1)"
"                                ->  Nested Loop  (cost=4.43..3358.45 rows=4 width=13) (actual time=0.040..83.297 rows=15986 loops=1)"
"                                      ->  Seq Scan on boleta b  (cost=0.00..3334.00 rows=2 width=13) (actual time=0.017..18.433 rows=7986 loops=1)"
"                                            Filter: ((date_part('MONTH'::text, (fecha)::timestamp without time zone) = '2'::double precision) AND (date_part('YEAR'::text, (fecha)::timestamp without time zone) = '2020'::double precision))"
"                                            Rows Removed by Filter: 92014"
"                                      ->  Bitmap Heap Scan on realiza_boleta rb  (cost=4.43..12.20 rows=2 width=18) (actual time=0.006..0.007 rows=2 loops=7986)"
"                                            Recheck Cond: ((dni_cliente)::text = (b.dni)::text)"
"                                            Heap Blocks: exact=15977"
"                                            ->  Bitmap Index Scan on pk_realiza_boleta  (cost=0.00..4.43 rows=2 width=0) (actual time=0.005..0.005 rows=2 loops=7986)"
"                                                  Index Cond: ((dni_cliente)::text = (b.dni)::text)"
"                                ->  Index Scan using index_dni_t on terapista t  (cost=0.00..0.09 rows=1 width=46) (actual time=0.002..0.002 rows=1 loops=15986)"
"                                      Index Cond: ((dni)::text = (rb.dni_terapista)::text)"
"                                      Rows Removed by Index Recheck: 0"
"                          ->  Gather  (cost=1004.43..3944.39 rows=4 width=41) (actual time=0.222..62.044 rows=16181 loops=1)"
"                                Workers Planned: 1"
"                                Workers Launched: 1"
"                                ->  Nested Loop  (cost=4.43..2943.99 rows=2 width=41) (actual time=0.041..59.594 rows=8090 loops=2)"
"                                      ->  Nested Loop  (cost=4.43..2943.81 rows=2 width=13) (actual time=0.028..42.149 rows=8090 loops=2)"
"                                            ->  Parallel Seq Scan on factura f  (cost=0.00..2931.59 rows=1 width=13) (actual time=0.008..10.172 rows=4017 loops=2)"
"                                                  Filter: ((date_part('MONTH'::text, (fecha)::timestamp without time zone) = '2'::double precision) AND (date_part('YEAR'::text, (fecha)::timestamp without time zone) = '2020'::double precision))"
"                                                  Rows Removed by Filter: 45983"
"                                            ->  Bitmap Heap Scan on realiza_factura rf  (cost=4.43..12.20 rows=2 width=18) (actual time=0.006..0.007 rows=2 loops=8034)"
"                                                  Recheck Cond: ((dni_cliente)::text = (f.dni)::text)"
"                                                  Heap Blocks: exact=8834"
"                                                  ->  Bitmap Index Scan on pk_realiza_factura  (cost=0.00..4.43 rows=2 width=0) (actual time=0.005..0.005 rows=2 loops=8034)"
"                                                        Index Cond: ((dni_cliente)::text = (f.dni)::text)"
"                                      ->  Index Scan using index_dni_t on terapista t_1  (cost=0.00..0.09 rows=1 width=46) (actual time=0.002..0.002 rows=1 loops=16181)"
"                                            Index Cond: ((dni)::text = (rf.dni_terapista)::text)"
"Planning Time: 1.508 ms"
"Execution Time: 195.876 ms"

ITERACION 9
"Limit  (cost=7303.61..7303.61 rows=1 width=45) (actual time=191.159..191.216 rows=1 loops=1)"
"  ->  Sort  (cost=7303.61..7303.63 rows=8 width=45) (actual time=191.158..191.214 rows=1 loops=1)"
"        Sort Key: (sum(b.monto)) DESC"
"        Sort Method: top-N heapsort  Memory: 25kB"
"        ->  GroupAggregate  (cost=7303.43..7303.57 rows=8 width=45) (actual time=186.092..191.203 rows=10 loops=1)"
"              Group Key: t.direccion"
"              ->  Sort  (cost=7303.43..7303.45 rows=8 width=41) (actual time=185.625..187.987 rows=32167 loops=1)"
"                    Sort Key: t.direccion"
"                    Sort Method: quicksort  Memory: 3282kB"
"                    ->  Append  (cost=4.43..7303.31 rows=8 width=41) (actual time=0.042..176.126 rows=32167 loops=1)"
"                          ->  Nested Loop  (cost=4.43..3358.80 rows=4 width=41) (actual time=0.041..111.882 rows=15986 loops=1)"
"                                ->  Nested Loop  (cost=4.43..3358.45 rows=4 width=13) (actual time=0.034..80.121 rows=15986 loops=1)"
"                                      ->  Seq Scan on boleta b  (cost=0.00..3334.00 rows=2 width=13) (actual time=0.016..18.219 rows=7986 loops=1)"
"                                            Filter: ((date_part('MONTH'::text, (fecha)::timestamp without time zone) = '2'::double precision) AND (date_part('YEAR'::text, (fecha)::timestamp without time zone) = '2020'::double precision))"
"                                            Rows Removed by Filter: 92014"
"                                      ->  Bitmap Heap Scan on realiza_boleta rb  (cost=4.43..12.20 rows=2 width=18) (actual time=0.006..0.007 rows=2 loops=7986)"
"                                            Recheck Cond: ((dni_cliente)::text = (b.dni)::text)"
"                                            Heap Blocks: exact=15977"
"                                            ->  Bitmap Index Scan on pk_realiza_boleta  (cost=0.00..4.43 rows=2 width=0) (actual time=0.005..0.005 rows=2 loops=7986)"
"                                                  Index Cond: ((dni_cliente)::text = (b.dni)::text)"
"                                ->  Index Scan using index_dni_t on terapista t  (cost=0.00..0.09 rows=1 width=46) (actual time=0.002..0.002 rows=1 loops=15986)"
"                                      Index Cond: ((dni)::text = (rb.dni_terapista)::text)"
"                                      Rows Removed by Index Recheck: 0"
"                          ->  Gather  (cost=1004.43..3944.39 rows=4 width=41) (actual time=0.699..62.232 rows=16181 loops=1)"
"                                Workers Planned: 1"
"                                Workers Launched: 1"
"                                ->  Nested Loop  (cost=4.43..2943.99 rows=2 width=41) (actual time=0.084..58.748 rows=8090 loops=2)"
"                                      ->  Nested Loop  (cost=4.43..2943.81 rows=2 width=13) (actual time=0.064..41.379 rows=8090 loops=2)"
"                                            ->  Parallel Seq Scan on factura f  (cost=0.00..2931.59 rows=1 width=13) (actual time=0.017..9.781 rows=4017 loops=2)"
"                                                  Filter: ((date_part('MONTH'::text, (fecha)::timestamp without time zone) = '2'::double precision) AND (date_part('YEAR'::text, (fecha)::timestamp without time zone) = '2020'::double precision))"
"                                                  Rows Removed by Filter: 45983"
"                                            ->  Bitmap Heap Scan on realiza_factura rf  (cost=4.43..12.20 rows=2 width=18) (actual time=0.006..0.007 rows=2 loops=8034)"
"                                                  Recheck Cond: ((dni_cliente)::text = (f.dni)::text)"
"                                                  Heap Blocks: exact=8595"
"                                                  ->  Bitmap Index Scan on pk_realiza_factura  (cost=0.00..4.43 rows=2 width=0) (actual time=0.005..0.005 rows=2 loops=8034)"
"                                                        Index Cond: ((dni_cliente)::text = (f.dni)::text)"
"                                      ->  Index Scan using index_dni_t on terapista t_1  (cost=0.00..0.09 rows=1 width=46) (actual time=0.002..0.002 rows=1 loops=16181)"
"                                            Index Cond: ((dni)::text = (rf.dni_terapista)::text)"
"Planning Time: 1.215 ms"
"Execution Time: 191.287 ms"

ITERACION 10
"Limit  (cost=7303.61..7303.61 rows=1 width=45) (actual time=250.852..250.908 rows=1 loops=1)"
"  ->  Sort  (cost=7303.61..7303.63 rows=8 width=45) (actual time=250.850..250.906 rows=1 loops=1)"
"        Sort Key: (sum(b.monto)) DESC"
"        Sort Method: top-N heapsort  Memory: 25kB"
"        ->  GroupAggregate  (cost=7303.43..7303.57 rows=8 width=45) (actual time=244.756..250.888 rows=10 loops=1)"
"              Group Key: t.direccion"
"              ->  Sort  (cost=7303.43..7303.45 rows=8 width=41) (actual time=244.115..246.993 rows=32167 loops=1)"
"                    Sort Key: t.direccion"
"                    Sort Method: quicksort  Memory: 3282kB"
"                    ->  Append  (cost=4.43..7303.31 rows=8 width=41) (actual time=0.080..232.223 rows=32167 loops=1)"
"                          ->  Nested Loop  (cost=4.43..3358.80 rows=4 width=41) (actual time=0.079..167.786 rows=15986 loops=1)"
"                                ->  Nested Loop  (cost=4.43..3358.45 rows=4 width=13) (actual time=0.064..120.811 rows=15986 loops=1)"
"                                      ->  Seq Scan on boleta b  (cost=0.00..3334.00 rows=2 width=13) (actual time=0.029..26.200 rows=7986 loops=1)"
"                                            Filter: ((date_part('MONTH'::text, (fecha)::timestamp without time zone) = '2'::double precision) AND (date_part('YEAR'::text, (fecha)::timestamp without time zone) = '2020'::double precision))"
"                                            Rows Removed by Filter: 92014"
"                                      ->  Bitmap Heap Scan on realiza_boleta rb  (cost=4.43..12.20 rows=2 width=18) (actual time=0.009..0.010 rows=2 loops=7986)"
"                                            Recheck Cond: ((dni_cliente)::text = (b.dni)::text)"
"                                            Heap Blocks: exact=15977"
"                                            ->  Bitmap Index Scan on pk_realiza_boleta  (cost=0.00..4.43 rows=2 width=0) (actual time=0.007..0.007 rows=2 loops=7986)"
"                                                  Index Cond: ((dni_cliente)::text = (b.dni)::text)"
"                                ->  Index Scan using index_dni_t on terapista t  (cost=0.00..0.09 rows=1 width=46) (actual time=0.002..0.002 rows=1 loops=15986)"
"                                      Index Cond: ((dni)::text = (rb.dni_terapista)::text)"
"                                      Rows Removed by Index Recheck: 0"
"                          ->  Gather  (cost=1004.43..3944.39 rows=4 width=41) (actual time=0.212..62.037 rows=16181 loops=1)"
"                                Workers Planned: 1"
"                                Workers Launched: 1"
"                                ->  Nested Loop  (cost=4.43..2943.99 rows=2 width=41) (actual time=0.042..59.482 rows=8090 loops=2)"
"                                      ->  Nested Loop  (cost=4.43..2943.81 rows=2 width=13) (actual time=0.029..41.416 rows=8090 loops=2)"
"                                            ->  Parallel Seq Scan on factura f  (cost=0.00..2931.59 rows=1 width=13) (actual time=0.009..9.762 rows=4017 loops=2)"
"                                                  Filter: ((date_part('MONTH'::text, (fecha)::timestamp without time zone) = '2'::double precision) AND (date_part('YEAR'::text, (fecha)::timestamp without time zone) = '2020'::double precision))"
"                                                  Rows Removed by Filter: 45983"
"                                            ->  Bitmap Heap Scan on realiza_factura rf  (cost=4.43..12.20 rows=2 width=18) (actual time=0.006..0.007 rows=2 loops=8034)"
"                                                  Recheck Cond: ((dni_cliente)::text = (f.dni)::text)"
"                                                  Heap Blocks: exact=8364"
"                                                  ->  Bitmap Index Scan on pk_realiza_factura  (cost=0.00..4.43 rows=2 width=0) (actual time=0.005..0.005 rows=2 loops=8034)"
"                                                        Index Cond: ((dni_cliente)::text = (f.dni)::text)"
"                                      ->  Index Scan using index_dni_t on terapista t_1  (cost=0.00..0.09 rows=1 width=46) (actual time=0.002..0.002 rows=1 loops=16181)"
"                                            Index Cond: ((dni)::text = (rf.dni_terapista)::text)"
"Planning Time: 1.501 ms"
"Execution Time: 250.999 ms"


MILLON
ITERACION 1
"Limit  (cost=45928.38..45928.38 rows=1 width=45) (actual time=42647.049..42648.966 rows=1 loops=1)"
"  ->  Sort  (cost=45928.38..45928.88 rows=200 width=45) (actual time=42647.047..42648.962 rows=1 loops=1)"
"        Sort Key: (sum(f.monto)) DESC"
"        Sort Method: top-N heapsort  Memory: 25kB"
"        ->  Finalize GroupAggregate  (cost=45871.17..45927.38 rows=200 width=45) (actual time=42459.233..42648.935 rows=10 loops=1)"
"              Group Key: t.direccion"
"              ->  Gather Merge  (cost=45871.17..45923.38 rows=400 width=45) (actual time=42437.811..42648.872 rows=30 loops=1)"
"                    Workers Planned: 2"
"                    Workers Launched: 2"
"                    ->  Partial GroupAggregate  (cost=44871.15..44877.18 rows=200 width=45) (actual time=42317.757..42426.749 rows=10 loops=3)"
"                          Group Key: t.direccion"
"                          ->  Sort  (cost=44871.15..44872.49 rows=538 width=41) (actual time=42304.740..42362.823 rows=583754 loops=3)"
"                                Sort Key: t.direccion"
"                                Sort Method: quicksort  Memory: 35696kB"
"                                Worker 0:  Sort Method: quicksort  Memory: 36332kB"
"                                Worker 1:  Sort Method: quicksort  Memory: 138519kB"
"                                ->  Parallel Append  (cost=4.94..44846.75 rows=538 width=41) (actual time=51.445..42007.808 rows=583754 loops=3)"
"                                      ->  Nested Loop  (cost=4.94..25553.84 rows=112 width=41) (actual time=34.283..31038.977 rows=876966 loops=1)"
"                                            ->  Nested Loop  (cost=4.51..25497.00 rows=112 width=13) (actual time=0.548..3423.451 rows=876966 loops=1)"
"                                                  ->  Parallel Seq Scan on factura f  (cost=0.00..25019.67 rows=10 width=13) (actual time=0.071..253.539 rows=79858 loops=1)"
"                                                        Filter: ((date_part('MONTH'::text, (fecha)::timestamp without time zone) = '2'::double precision) AND (date_part('YEAR'::text, (fecha)::timestamp without time zone) = '2020'::double precision))"
"                                                        Rows Removed by Filter: 920142"
"                                                  ->  Bitmap Heap Scan on realiza_factura rf  (cost=4.51..47.62 rows=11 width=18) (actual time=0.012..0.037 rows=11 loops=79858)"
"                                                        Recheck Cond: ((dni_cliente)::text = (f.dni)::text)"
"                                                        ->  Bitmap Index Scan on pk_realiza_factura  (cost=0.00..4.51 rows=11 width=0) (actual time=0.009..0.009 rows=11 loops=79858)"
"                                                              Index Cond: ((dni_cliente)::text = (f.dni)::text)"
"                                            ->  Index Scan using pk_terapista on terapista t  (cost=0.42..0.51 rows=1 width=46) (actual time=0.031..0.031 rows=1 loops=876966)"
"                                                  Index Cond: ((dni)::text = (rf.dni_terapista)::text)"
"                                      ->  Nested Loop  (cost=4.94..19284.84 rows=112 width=41) (actual time=67.725..31604.949 rows=291432 loops=3)"
"                                            ->  Nested Loop  (cost=4.51..19228.00 rows=112 width=13) (actual time=65.124..23010.984 rows=291432 loops=3)"
"                                                  ->  Parallel Seq Scan on boleta b  (cost=0.00..18750.67 rows=10 width=13) (actual time=4.419..376.761 rows=26486 loops=3)"
"                                                        Filter: ((date_part('MONTH'::text, (fecha)::timestamp without time zone) = '2'::double precision) AND (date_part('YEAR'::text, (fecha)::timestamp without time zone) = '2020'::double precision))"
"                                                        Rows Removed by Filter: 306847"
"                                                  ->  Bitmap Heap Scan on realiza_boleta rb  (cost=4.51..47.62 rows=11 width=18) (actual time=0.284..0.850 rows=11 loops=79458)"
"                                                        Recheck Cond: ((dni_cliente)::text = (b.dni)::text)"
"                                                        Heap Blocks: exact=299486"
"                                                        ->  Bitmap Index Scan on pk_realiza_boleta  (cost=0.00..4.51 rows=11 width=0) (actual time=0.277..0.277 rows=11 loops=79458)"
"                                                              Index Cond: ((dni_cliente)::text = (b.dni)::text)"
"                                            ->  Index Scan using pk_terapista on terapista t_1  (cost=0.42..0.51 rows=1 width=46) (actual time=0.029..0.029 rows=1 loops=874297)"
"                                                  Index Cond: ((dni)::text = (rb.dni_terapista)::text)"
"Planning Time: 107.385 ms"
"Execution Time: 42649.148 ms"

ITERACION 2
"Limit  (cost=45928.38..45928.38 rows=1 width=45) (actual time=8514.439..8514.500 rows=1 loops=1)"
"  ->  Sort  (cost=45928.38..45928.88 rows=200 width=45) (actual time=8514.438..8514.498 rows=1 loops=1)"
"        Sort Key: (sum(f.monto)) DESC"
"        Sort Method: top-N heapsort  Memory: 25kB"
"        ->  Finalize GroupAggregate  (cost=45871.17..45927.38 rows=200 width=45) (actual time=8389.810..8514.476 rows=10 loops=1)"
"              Group Key: t.direccion"
"              ->  Gather Merge  (cost=45871.17..45923.38 rows=400 width=45) (actual time=8378.135..8514.435 rows=30 loops=1)"
"                    Workers Planned: 2"
"                    Workers Launched: 2"
"                    ->  Partial GroupAggregate  (cost=44871.15..44877.18 rows=200 width=45) (actual time=8368.325..8489.896 rows=10 loops=3)"
"                          Group Key: t.direccion"
"                          ->  Sort  (cost=44871.15..44872.49 rows=538 width=41) (actual time=8355.600..8417.949 rows=583754 loops=3)"
"                                Sort Key: t.direccion"
"                                Sort Method: quicksort  Memory: 70531kB"
"                                Worker 0:  Sort Method: quicksort  Memory: 70525kB"
"                                Worker 1:  Sort Method: quicksort  Memory: 69490kB"
"                                ->  Parallel Append  (cost=4.94..44846.75 rows=538 width=41) (actual time=0.122..8057.010 rows=583754 loops=3)"
"                                      ->  Nested Loop  (cost=4.94..25553.84 rows=112 width=41) (actual time=0.087..3957.910 rows=292322 loops=3)"
"                                            ->  Nested Loop  (cost=4.51..25497.00 rows=112 width=13) (actual time=0.055..1484.298 rows=292322 loops=3)"
"                                                  ->  Parallel Seq Scan on factura f  (cost=0.00..25019.67 rows=10 width=13) (actual time=0.020..103.443 rows=26619 loops=3)"
"                                                        Filter: ((date_part('MONTH'::text, (fecha)::timestamp without time zone) = '2'::double precision) AND (date_part('YEAR'::text, (fecha)::timestamp without time zone) = '2020'::double precision))"
"                                                        Rows Removed by Filter: 306714"
"                                                  ->  Bitmap Heap Scan on realiza_factura rf  (cost=4.51..47.62 rows=11 width=18) (actual time=0.015..0.049 rows=11 loops=79858)"
"                                                        Recheck Cond: ((dni_cliente)::text = (f.dni)::text)"
"                                                        Heap Blocks: exact=149079"
"                                                        ->  Bitmap Index Scan on pk_realiza_factura  (cost=0.00..4.51 rows=11 width=0) (actual time=0.011..0.011 rows=11 loops=79858)"
"                                                              Index Cond: ((dni_cliente)::text = (f.dni)::text)"
"                                            ->  Index Scan using pk_terapista on terapista t  (cost=0.42..0.51 rows=1 width=46) (actual time=0.008..0.008 rows=1 loops=876966)"
"                                                  Index Cond: ((dni)::text = (rf.dni_terapista)::text)"
"                                      ->  Nested Loop  (cost=4.94..19284.84 rows=112 width=41) (actual time=0.103..6074.420 rows=437148 loops=2)"
"                                            ->  Nested Loop  (cost=4.51..19228.00 rows=112 width=13) (actual time=0.072..2243.190 rows=437148 loops=2)"
"                                                  ->  Parallel Seq Scan on boleta b  (cost=0.00..18750.67 rows=10 width=13) (actual time=0.025..134.328 rows=39729 loops=2)"
"                                                        Filter: ((date_part('MONTH'::text, (fecha)::timestamp without time zone) = '2'::double precision) AND (date_part('YEAR'::text, (fecha)::timestamp without time zone) = '2020'::double precision))"
"                                                        Rows Removed by Filter: 460271"
"                                                  ->  Bitmap Heap Scan on realiza_boleta rb  (cost=4.51..47.62 rows=11 width=18) (actual time=0.015..0.050 rows=11 loops=79458)"
"                                                        Recheck Cond: ((dni_cliente)::text = (b.dni)::text)"
"                                                        Heap Blocks: exact=438888"
"                                                        ->  Bitmap Index Scan on pk_realiza_boleta  (cost=0.00..4.51 rows=11 width=0) (actual time=0.011..0.011 rows=11 loops=79458)"
"                                                              Index Cond: ((dni_cliente)::text = (b.dni)::text)"
"                                            ->  Index Scan using pk_terapista on terapista t_1  (cost=0.42..0.51 rows=1 width=46) (actual time=0.008..0.008 rows=1 loops=874297)"
"                                                  Index Cond: ((dni)::text = (rb.dni_terapista)::text)"
"Planning Time: 1.064 ms"
"Execution Time: 8517.779 ms"

ITERACION 3
"Limit  (cost=45928.38..45928.38 rows=1 width=45) (actual time=8787.066..8787.120 rows=1 loops=1)"
"  ->  Sort  (cost=45928.38..45928.88 rows=200 width=45) (actual time=8787.064..8787.117 rows=1 loops=1)"
"        Sort Key: (sum(f.monto)) DESC"
"        Sort Method: top-N heapsort  Memory: 25kB"
"        ->  Finalize GroupAggregate  (cost=45871.17..45927.38 rows=200 width=45) (actual time=8670.194..8787.095 rows=10 loops=1)"
"              Group Key: t.direccion"
"              ->  Gather Merge  (cost=45871.17..45923.38 rows=400 width=45) (actual time=8655.908..8787.050 rows=30 loops=1)"
"                    Workers Planned: 2"
"                    Workers Launched: 2"
"                    ->  Partial GroupAggregate  (cost=44871.15..44877.18 rows=200 width=45) (actual time=8635.982..8753.472 rows=10 loops=3)"
"                          Group Key: t.direccion"
"                          ->  Sort  (cost=44871.15..44872.49 rows=538 width=41) (actual time=8616.503..8679.649 rows=583754 loops=3)"
"                                Sort Key: t.direccion"
"                                Sort Method: quicksort  Memory: 70543kB"
"                                Worker 0:  Sort Method: quicksort  Memory: 70654kB"
"                                Worker 1:  Sort Method: quicksort  Memory: 69350kB"
"                                ->  Parallel Append  (cost=4.94..44846.75 rows=538 width=41) (actual time=0.468..8310.244 rows=583754 loops=3)"
"                                      ->  Nested Loop  (cost=4.94..25553.84 rows=112 width=41) (actual time=0.229..4074.930 rows=292322 loops=3)"
"                                            ->  Nested Loop  (cost=4.51..25497.00 rows=112 width=13) (actual time=0.147..1522.450 rows=292322 loops=3)"
"                                                  ->  Parallel Seq Scan on factura f  (cost=0.00..25019.67 rows=10 width=13) (actual time=0.050..106.250 rows=26619 loops=3)"
"                                                        Filter: ((date_part('MONTH'::text, (fecha)::timestamp without time zone) = '2'::double precision) AND (date_part('YEAR'::text, (fecha)::timestamp without time zone) = '2020'::double precision))"
"                                                        Rows Removed by Filter: 306714"
"                                                  ->  Bitmap Heap Scan on realiza_factura rf  (cost=4.51..47.62 rows=11 width=18) (actual time=0.016..0.050 rows=11 loops=79858)"
"                                                        Recheck Cond: ((dni_cliente)::text = (f.dni)::text)"
"                                                        Heap Blocks: exact=151827"
"                                                        ->  Bitmap Index Scan on pk_realiza_factura  (cost=0.00..4.51 rows=11 width=0) (actual time=0.011..0.011 rows=11 loops=79858)"
"                                                              Index Cond: ((dni_cliente)::text = (f.dni)::text)"
"                                            ->  Index Scan using pk_terapista on terapista t  (cost=0.42..0.51 rows=1 width=46) (actual time=0.008..0.008 rows=1 loops=876966)"
"                                                  Index Cond: ((dni)::text = (rf.dni_terapista)::text)"
"                                      ->  Nested Loop  (cost=4.94..19284.84 rows=112 width=41) (actual time=0.411..6274.902 rows=437148 loops=2)"
"                                            ->  Nested Loop  (cost=4.51..19228.00 rows=112 width=13) (actual time=0.282..2309.514 rows=437148 loops=2)"
"                                                  ->  Parallel Seq Scan on boleta b  (cost=0.00..18750.67 rows=10 width=13) (actual time=0.112..140.271 rows=39729 loops=2)"
"                                                        Filter: ((date_part('MONTH'::text, (fecha)::timestamp without time zone) = '2'::double precision) AND (date_part('YEAR'::text, (fecha)::timestamp without time zone) = '2020'::double precision))"
"                                                        Rows Removed by Filter: 460271"
"                                                  ->  Bitmap Heap Scan on realiza_boleta rb  (cost=4.51..47.62 rows=11 width=18) (actual time=0.016..0.052 rows=11 loops=79458)"
"                                                        Recheck Cond: ((dni_cliente)::text = (b.dni)::text)"
"                                                        Heap Blocks: exact=436297"
"                                                        ->  Bitmap Index Scan on pk_realiza_boleta  (cost=0.00..4.51 rows=11 width=0) (actual time=0.011..0.011 rows=11 loops=79458)"
"                                                              Index Cond: ((dni_cliente)::text = (b.dni)::text)"
"                                            ->  Index Scan using pk_terapista on terapista t_1  (cost=0.42..0.51 rows=1 width=46) (actual time=0.009..0.009 rows=1 loops=874297)"
"                                                  Index Cond: ((dni)::text = (rb.dni_terapista)::text)"
"Planning Time: 2.416 ms"
"Execution Time: 8790.321 ms"

ITERACION 4
"Limit  (cost=45928.38..45928.38 rows=1 width=45) (actual time=8472.553..8472.614 rows=1 loops=1)"
"  ->  Sort  (cost=45928.38..45928.88 rows=200 width=45) (actual time=8472.551..8472.611 rows=1 loops=1)"
"        Sort Key: (sum(f.monto)) DESC"
"        Sort Method: top-N heapsort  Memory: 25kB"
"        ->  Finalize GroupAggregate  (cost=45871.17..45927.38 rows=200 width=45) (actual time=8353.526..8472.586 rows=10 loops=1)"
"              Group Key: t.direccion"
"              ->  Gather Merge  (cost=45871.17..45923.38 rows=400 width=45) (actual time=8340.607..8472.541 rows=30 loops=1)"
"                    Workers Planned: 2"
"                    Workers Launched: 2"
"                    ->  Partial GroupAggregate  (cost=44871.15..44877.18 rows=200 width=45) (actual time=8313.439..8428.341 rows=10 loops=3)"
"                          Group Key: t.direccion"
"                          ->  Sort  (cost=44871.15..44872.49 rows=538 width=41) (actual time=8300.543..8360.804 rows=583754 loops=3)"
"                                Sort Key: t.direccion"
"                                Sort Method: quicksort  Memory: 70911kB"
"                                Worker 0:  Sort Method: quicksort  Memory: 68566kB"
"                                Worker 1:  Sort Method: quicksort  Memory: 71070kB"
"                                ->  Parallel Append  (cost=4.94..44846.75 rows=538 width=41) (actual time=0.281..8004.581 rows=583754 loops=3)"
"                                      ->  Nested Loop  (cost=4.94..25553.84 rows=112 width=41) (actual time=0.159..3941.286 rows=292322 loops=3)"
"                                            ->  Nested Loop  (cost=4.51..25497.00 rows=112 width=13) (actual time=0.100..1474.376 rows=292322 loops=3)"
"                                                  ->  Parallel Seq Scan on factura f  (cost=0.00..25019.67 rows=10 width=13) (actual time=0.037..100.117 rows=26619 loops=3)"
"                                                        Filter: ((date_part('MONTH'::text, (fecha)::timestamp without time zone) = '2'::double precision) AND (date_part('YEAR'::text, (fecha)::timestamp without time zone) = '2020'::double precision))"
"                                                        Rows Removed by Filter: 306714"
"                                                  ->  Bitmap Heap Scan on realiza_factura rf  (cost=4.51..47.62 rows=11 width=18) (actual time=0.015..0.049 rows=11 loops=79858)"
"                                                        Recheck Cond: ((dni_cliente)::text = (f.dni)::text)"
"                                                        Heap Blocks: exact=157938"
"                                                        ->  Bitmap Index Scan on pk_realiza_factura  (cost=0.00..4.51 rows=11 width=0) (actual time=0.011..0.011 rows=11 loops=79858)"
"                                                              Index Cond: ((dni_cliente)::text = (f.dni)::text)"
"                                            ->  Index Scan using pk_terapista on terapista t  (cost=0.42..0.51 rows=1 width=46) (actual time=0.008..0.008 rows=1 loops=876966)"
"                                                  Index Cond: ((dni)::text = (rf.dni_terapista)::text)"
"                                      ->  Nested Loop  (cost=4.94..19284.84 rows=112 width=41) (actual time=0.273..6022.425 rows=437148 loops=2)"
"                                            ->  Nested Loop  (cost=4.51..19228.00 rows=112 width=13) (actual time=0.183..2225.572 rows=437148 loops=2)"
"                                                  ->  Parallel Seq Scan on boleta b  (cost=0.00..18750.67 rows=10 width=13) (actual time=0.066..133.565 rows=39729 loops=2)"
"                                                        Filter: ((date_part('MONTH'::text, (fecha)::timestamp without time zone) = '2'::double precision) AND (date_part('YEAR'::text, (fecha)::timestamp without time zone) = '2020'::double precision))"
"                                                        Rows Removed by Filter: 460271"
"                                                  ->  Bitmap Heap Scan on realiza_boleta rb  (cost=4.51..47.62 rows=11 width=18) (actual time=0.015..0.050 rows=11 loops=79458)"
"                                                        Recheck Cond: ((dni_cliente)::text = (b.dni)::text)"
"                                                        Heap Blocks: exact=434866"
"                                                        ->  Bitmap Index Scan on pk_realiza_boleta  (cost=0.00..4.51 rows=11 width=0) (actual time=0.011..0.011 rows=11 loops=79458)"
"                                                              Index Cond: ((dni_cliente)::text = (b.dni)::text)"
"                                            ->  Index Scan using pk_terapista on terapista t_1  (cost=0.42..0.51 rows=1 width=46) (actual time=0.008..0.008 rows=1 loops=874297)"
"                                                  Index Cond: ((dni)::text = (rb.dni_terapista)::text)"
"Planning Time: 4.083 ms"
"Execution Time: 8475.921 ms"

ITERACION 5
"Limit  (cost=45928.38..45928.38 rows=1 width=45) (actual time=9240.787..9240.860 rows=1 loops=1)"
"  ->  Sort  (cost=45928.38..45928.88 rows=200 width=45) (actual time=9240.786..9240.858 rows=1 loops=1)"
"        Sort Key: (sum(f.monto)) DESC"
"        Sort Method: top-N heapsort  Memory: 25kB"
"        ->  Finalize GroupAggregate  (cost=45871.17..45927.38 rows=200 width=45) (actual time=9118.896..9240.833 rows=10 loops=1)"
"              Group Key: t.direccion"
"              ->  Gather Merge  (cost=45871.17..45923.38 rows=400 width=45) (actual time=9104.588..9240.783 rows=30 loops=1)"
"                    Workers Planned: 2"
"                    Workers Launched: 2"
"                    ->  Partial GroupAggregate  (cost=44871.15..44877.18 rows=200 width=45) (actual time=9092.645..9216.859 rows=10 loops=3)"
"                          Group Key: t.direccion"
"                          ->  Sort  (cost=44871.15..44872.49 rows=538 width=41) (actual time=9078.465..9141.940 rows=583754 loops=3)"
"                                Sort Key: t.direccion"
"                                Sort Method: quicksort  Memory: 70912kB"
"                                Worker 0:  Sort Method: quicksort  Memory: 70270kB"
"                                Worker 1:  Sort Method: quicksort  Memory: 69364kB"
"                                ->  Parallel Append  (cost=4.94..44846.75 rows=538 width=41) (actual time=0.236..8751.408 rows=583754 loops=3)"
"                                      ->  Nested Loop  (cost=4.94..25553.84 rows=112 width=41) (actual time=0.117..4283.682 rows=292322 loops=3)"
"                                            ->  Nested Loop  (cost=4.51..25497.00 rows=112 width=13) (actual time=0.074..1603.528 rows=292322 loops=3)"
"                                                  ->  Parallel Seq Scan on factura f  (cost=0.00..25019.67 rows=10 width=13) (actual time=0.030..111.749 rows=26619 loops=3)"
"                                                        Filter: ((date_part('MONTH'::text, (fecha)::timestamp without time zone) = '2'::double precision) AND (date_part('YEAR'::text, (fecha)::timestamp without time zone) = '2020'::double precision))"
"                                                        Rows Removed by Filter: 306714"
"                                                  ->  Bitmap Heap Scan on realiza_factura rf  (cost=4.51..47.62 rows=11 width=18) (actual time=0.016..0.053 rows=11 loops=79858)"
"                                                        Recheck Cond: ((dni_cliente)::text = (f.dni)::text)"
"                                                        Heap Blocks: exact=153478"
"                                                        ->  Bitmap Index Scan on pk_realiza_factura  (cost=0.00..4.51 rows=11 width=0) (actual time=0.012..0.012 rows=11 loops=79858)"
"                                                              Index Cond: ((dni_cliente)::text = (f.dni)::text)"
"                                            ->  Index Scan using pk_terapista on terapista t  (cost=0.42..0.51 rows=1 width=46) (actual time=0.009..0.009 rows=1 loops=876966)"
"                                                  Index Cond: ((dni)::text = (rf.dni_terapista)::text)"
"                                      ->  Nested Loop  (cost=4.94..19284.84 rows=112 width=41) (actual time=0.230..6619.238 rows=437148 loops=2)"
"                                            ->  Nested Loop  (cost=4.51..19228.00 rows=112 width=13) (actual time=0.155..2435.285 rows=437148 loops=2)"
"                                                  ->  Parallel Seq Scan on boleta b  (cost=0.00..18750.67 rows=10 width=13) (actual time=0.065..150.193 rows=39729 loops=2)"
"                                                        Filter: ((date_part('MONTH'::text, (fecha)::timestamp without time zone) = '2'::double precision) AND (date_part('YEAR'::text, (fecha)::timestamp without time zone) = '2020'::double precision))"
"                                                        Rows Removed by Filter: 460271"
"                                                  ->  Bitmap Heap Scan on realiza_boleta rb  (cost=4.51..47.62 rows=11 width=18) (actual time=0.017..0.054 rows=11 loops=79458)"
"                                                        Recheck Cond: ((dni_cliente)::text = (b.dni)::text)"
"                                                        Heap Blocks: exact=439357"
"                                                        ->  Bitmap Index Scan on pk_realiza_boleta  (cost=0.00..4.51 rows=11 width=0) (actual time=0.012..0.012 rows=11 loops=79458)"
"                                                              Index Cond: ((dni_cliente)::text = (b.dni)::text)"
"                                            ->  Index Scan using pk_terapista on terapista t_1  (cost=0.42..0.51 rows=1 width=46) (actual time=0.009..0.009 rows=1 loops=874297)"
"                                                  Index Cond: ((dni)::text = (rb.dni_terapista)::text)"
"Planning Time: 1.841 ms"
"Execution Time: 9244.651 ms"

ITERACION 6
"Limit  (cost=45928.38..45928.38 rows=1 width=45) (actual time=9014.727..9014.790 rows=1 loops=1)"
"  ->  Sort  (cost=45928.38..45928.88 rows=200 width=45) (actual time=9014.726..9014.788 rows=1 loops=1)"
"        Sort Key: (sum(f.monto)) DESC"
"        Sort Method: top-N heapsort  Memory: 25kB"
"        ->  Finalize GroupAggregate  (cost=45871.17..45927.38 rows=200 width=45) (actual time=8879.642..9014.764 rows=10 loops=1)"
"              Group Key: t.direccion"
"              ->  Gather Merge  (cost=45871.17..45923.38 rows=400 width=45) (actual time=8864.781..9014.721 rows=30 loops=1)"
"                    Workers Planned: 2"
"                    Workers Launched: 2"
"                    ->  Partial GroupAggregate  (cost=44871.15..44877.18 rows=200 width=45) (actual time=8833.316..8965.557 rows=10 loops=3)"
"                          Group Key: t.direccion"
"                          ->  Sort  (cost=44871.15..44872.49 rows=538 width=41) (actual time=8819.334..8886.050 rows=583754 loops=3)"
"                                Sort Key: t.direccion"
"                                Sort Method: quicksort  Memory: 70827kB"
"                                Worker 0:  Sort Method: quicksort  Memory: 70778kB"
"                                Worker 1:  Sort Method: quicksort  Memory: 68943kB"
"                                ->  Parallel Append  (cost=4.94..44846.75 rows=538 width=41) (actual time=0.155..8491.537 rows=583754 loops=3)"
"                                      ->  Nested Loop  (cost=4.94..25553.84 rows=112 width=41) (actual time=0.119..4217.878 rows=292322 loops=3)"
"                                            ->  Nested Loop  (cost=4.51..25497.00 rows=112 width=13) (actual time=0.084..1579.632 rows=292322 loops=3)"
"                                                  ->  Parallel Seq Scan on factura f  (cost=0.00..25019.67 rows=10 width=13) (actual time=0.032..110.129 rows=26619 loops=3)"
"                                                        Filter: ((date_part('MONTH'::text, (fecha)::timestamp without time zone) = '2'::double precision) AND (date_part('YEAR'::text, (fecha)::timestamp without time zone) = '2020'::double precision))"
"                                                        Rows Removed by Filter: 306714"
"                                                  ->  Bitmap Heap Scan on realiza_factura rf  (cost=4.51..47.62 rows=11 width=18) (actual time=0.016..0.052 rows=11 loops=79858)"
"                                                        Recheck Cond: ((dni_cliente)::text = (f.dni)::text)"
"                                                        Heap Blocks: exact=153538"
"                                                        ->  Bitmap Index Scan on pk_realiza_factura  (cost=0.00..4.51 rows=11 width=0) (actual time=0.012..0.012 rows=11 loops=79858)"
"                                                              Index Cond: ((dni_cliente)::text = (f.dni)::text)"
"                                            ->  Index Scan using pk_terapista on terapista t  (cost=0.42..0.51 rows=1 width=46) (actual time=0.008..0.008 rows=1 loops=876966)"
"                                                  Index Cond: ((dni)::text = (rf.dni_terapista)::text)"
"                                      ->  Nested Loop  (cost=4.94..19284.84 rows=112 width=41) (actual time=0.140..6332.466 rows=437148 loops=2)"
"                                            ->  Nested Loop  (cost=4.51..19228.00 rows=112 width=13) (actual time=0.099..2342.438 rows=437148 loops=2)"
"                                                  ->  Parallel Seq Scan on boleta b  (cost=0.00..18750.67 rows=10 width=13) (actual time=0.033..141.780 rows=39729 loops=2)"
"                                                        Filter: ((date_part('MONTH'::text, (fecha)::timestamp without time zone) = '2'::double precision) AND (date_part('YEAR'::text, (fecha)::timestamp without time zone) = '2020'::double precision))"
"                                                        Rows Removed by Filter: 460271"
"                                                  ->  Bitmap Heap Scan on realiza_boleta rb  (cost=4.51..47.62 rows=11 width=18) (actual time=0.016..0.052 rows=11 loops=79458)"
"                                                        Recheck Cond: ((dni_cliente)::text = (b.dni)::text)"
"                                                        Heap Blocks: exact=438196"
"                                                        ->  Bitmap Index Scan on pk_realiza_boleta  (cost=0.00..4.51 rows=11 width=0) (actual time=0.012..0.012 rows=11 loops=79458)"
"                                                              Index Cond: ((dni_cliente)::text = (b.dni)::text)"
"                                            ->  Index Scan using pk_terapista on terapista t_1  (cost=0.42..0.51 rows=1 width=46) (actual time=0.009..0.009 rows=1 loops=874297)"
"                                                  Index Cond: ((dni)::text = (rb.dni_terapista)::text)"
"Planning Time: 1.543 ms"
"Execution Time: 9018.478 ms"

ITERACION 7
"Limit  (cost=45928.38..45928.38 rows=1 width=45) (actual time=9546.303..9546.356 rows=1 loops=1)"
"  ->  Sort  (cost=45928.38..45928.88 rows=200 width=45) (actual time=9546.300..9546.353 rows=1 loops=1)"
"        Sort Key: (sum(f.monto)) DESC"
"        Sort Method: top-N heapsort  Memory: 25kB"
"        ->  Finalize GroupAggregate  (cost=45871.17..45927.38 rows=200 width=45) (actual time=9411.067..9546.325 rows=10 loops=1)"
"              Group Key: t.direccion"
"              ->  Gather Merge  (cost=45871.17..45923.38 rows=400 width=45) (actual time=9395.389..9546.277 rows=30 loops=1)"
"                    Workers Planned: 2"
"                    Workers Launched: 2"
"                    ->  Partial GroupAggregate  (cost=44871.15..44877.18 rows=200 width=45) (actual time=9375.927..9510.383 rows=10 loops=3)"
"                          Group Key: t.direccion"
"                          ->  Sort  (cost=44871.15..44872.49 rows=538 width=41) (actual time=9360.609..9428.574 rows=583754 loops=3)"
"                                Sort Key: t.direccion"
"                                Sort Method: quicksort  Memory: 70708kB"
"                                Worker 0:  Sort Method: quicksort  Memory: 69185kB"
"                                Worker 1:  Sort Method: quicksort  Memory: 70654kB"
"                                ->  Parallel Append  (cost=4.94..44846.75 rows=538 width=41) (actual time=0.222..9023.506 rows=583754 loops=3)"
"                                      ->  Nested Loop  (cost=4.94..25553.84 rows=112 width=41) (actual time=0.141..4437.367 rows=292322 loops=3)"
"                                            ->  Nested Loop  (cost=4.51..25497.00 rows=112 width=13) (actual time=0.092..1657.401 rows=292322 loops=3)"
"                                                  ->  Parallel Seq Scan on factura f  (cost=0.00..25019.67 rows=10 width=13) (actual time=0.032..118.319 rows=26619 loops=3)"
"                                                        Filter: ((date_part('MONTH'::text, (fecha)::timestamp without time zone) = '2'::double precision) AND (date_part('YEAR'::text, (fecha)::timestamp without time zone) = '2020'::double precision))"
"                                                        Rows Removed by Filter: 306714"
"                                                  ->  Bitmap Heap Scan on realiza_factura rf  (cost=4.51..47.62 rows=11 width=18) (actual time=0.017..0.055 rows=11 loops=79858)"
"                                                        Recheck Cond: ((dni_cliente)::text = (f.dni)::text)"
"                                                        Heap Blocks: exact=152771"
"                                                        ->  Bitmap Index Scan on pk_realiza_factura  (cost=0.00..4.51 rows=11 width=0) (actual time=0.012..0.012 rows=11 loops=79858)"
"                                                              Index Cond: ((dni_cliente)::text = (f.dni)::text)"
"                                            ->  Index Scan using pk_terapista on terapista t  (cost=0.42..0.51 rows=1 width=46) (actual time=0.009..0.009 rows=1 loops=876966)"
"                                                  Index Cond: ((dni)::text = (rf.dni_terapista)::text)"
"                                      ->  Nested Loop  (cost=4.94..19284.84 rows=112 width=41) (actual time=0.185..6795.302 rows=437148 loops=2)"
"                                            ->  Nested Loop  (cost=4.51..19228.00 rows=112 width=13) (actual time=0.126..2500.650 rows=437148 loops=2)"
"                                                  ->  Parallel Seq Scan on boleta b  (cost=0.00..18750.67 rows=10 width=13) (actual time=0.049..155.986 rows=39729 loops=2)"
"                                                        Filter: ((date_part('MONTH'::text, (fecha)::timestamp without time zone) = '2'::double precision) AND (date_part('YEAR'::text, (fecha)::timestamp without time zone) = '2020'::double precision))"
"                                                        Rows Removed by Filter: 460271"
"                                                  ->  Bitmap Heap Scan on realiza_boleta rb  (cost=4.51..47.62 rows=11 width=18) (actual time=0.017..0.056 rows=11 loops=79458)"
"                                                        Recheck Cond: ((dni_cliente)::text = (b.dni)::text)"
"                                                        Heap Blocks: exact=437427"
"                                                        ->  Bitmap Index Scan on pk_realiza_boleta  (cost=0.00..4.51 rows=11 width=0) (actual time=0.012..0.012 rows=11 loops=79458)"
"                                                              Index Cond: ((dni_cliente)::text = (b.dni)::text)"
"                                            ->  Index Scan using pk_terapista on terapista t_1  (cost=0.42..0.51 rows=1 width=46) (actual time=0.009..0.009 rows=1 loops=874297)"
"                                                  Index Cond: ((dni)::text = (rb.dni_terapista)::text)"
"Planning Time: 4.711 ms"
"Execution Time: 9551.285 ms"

ITERACION 8
"Limit  (cost=45928.38..45928.38 rows=1 width=45) (actual time=8746.500..8746.562 rows=1 loops=1)"
"  ->  Sort  (cost=45928.38..45928.88 rows=200 width=45) (actual time=8746.498..8746.560 rows=1 loops=1)"
"        Sort Key: (sum(f.monto)) DESC"
"        Sort Method: top-N heapsort  Memory: 25kB"
"        ->  Finalize GroupAggregate  (cost=45871.17..45927.38 rows=200 width=45) (actual time=8625.313..8746.535 rows=10 loops=1)"
"              Group Key: t.direccion"
"              ->  Gather Merge  (cost=45871.17..45923.38 rows=400 width=45) (actual time=8612.731..8746.495 rows=30 loops=1)"
"                    Workers Planned: 2"
"                    Workers Launched: 2"
"                    ->  Partial GroupAggregate  (cost=44871.15..44877.18 rows=200 width=45) (actual time=8592.135..8710.044 rows=10 loops=3)"
"                          Group Key: t.direccion"
"                          ->  Sort  (cost=44871.15..44872.49 rows=538 width=41) (actual time=8578.714..8640.187 rows=583754 loops=3)"
"                                Sort Key: t.direccion"
"                                Sort Method: quicksort  Memory: 70854kB"
"                                Worker 0:  Sort Method: quicksort  Memory: 70355kB"
"                                Worker 1:  Sort Method: quicksort  Memory: 69338kB"
"                                ->  Parallel Append  (cost=4.94..44846.75 rows=538 width=41) (actual time=0.265..8264.370 rows=583754 loops=3)"
"                                      ->  Nested Loop  (cost=4.94..25553.84 rows=112 width=41) (actual time=0.154..4172.792 rows=292322 loops=3)"
"                                            ->  Nested Loop  (cost=4.51..25497.00 rows=112 width=13) (actual time=0.096..1555.230 rows=292322 loops=3)"
"                                                  ->  Parallel Seq Scan on factura f  (cost=0.00..25019.67 rows=10 width=13) (actual time=0.035..108.867 rows=26619 loops=3)"
"                                                        Filter: ((date_part('MONTH'::text, (fecha)::timestamp without time zone) = '2'::double precision) AND (date_part('YEAR'::text, (fecha)::timestamp without time zone) = '2020'::double precision))"
"                                                        Rows Removed by Filter: 306714"
"                                                  ->  Bitmap Heap Scan on realiza_factura rf  (cost=4.51..47.62 rows=11 width=18) (actual time=0.016..0.051 rows=11 loops=79858)"
"                                                        Recheck Cond: ((dni_cliente)::text = (f.dni)::text)"
"                                                        Heap Blocks: exact=153426"
"                                                        ->  Bitmap Index Scan on pk_realiza_factura  (cost=0.00..4.51 rows=11 width=0) (actual time=0.011..0.011 rows=11 loops=79858)"
"                                                              Index Cond: ((dni_cliente)::text = (f.dni)::text)"
"                                            ->  Index Scan using pk_terapista on terapista t  (cost=0.42..0.51 rows=1 width=46) (actual time=0.008..0.008 rows=1 loops=876966)"
"                                                  Index Cond: ((dni)::text = (rf.dni_terapista)::text)"
"                                      ->  Nested Loop  (cost=4.94..19284.84 rows=112 width=41) (actual time=0.229..6060.763 rows=437148 loops=2)"
"                                            ->  Nested Loop  (cost=4.51..19228.00 rows=112 width=13) (actual time=0.155..2238.634 rows=437148 loops=2)"
"                                                  ->  Parallel Seq Scan on boleta b  (cost=0.00..18750.67 rows=10 width=13) (actual time=0.058..135.371 rows=39729 loops=2)"
"                                                        Filter: ((date_part('MONTH'::text, (fecha)::timestamp without time zone) = '2'::double precision) AND (date_part('YEAR'::text, (fecha)::timestamp without time zone) = '2020'::double precision))"
"                                                        Rows Removed by Filter: 460271"
"                                                  ->  Bitmap Heap Scan on realiza_boleta rb  (cost=4.51..47.62 rows=11 width=18) (actual time=0.015..0.050 rows=11 loops=79458)"
"                                                        Recheck Cond: ((dni_cliente)::text = (b.dni)::text)"
"                                                        Heap Blocks: exact=438675"
"                                                        ->  Bitmap Index Scan on pk_realiza_boleta  (cost=0.00..4.51 rows=11 width=0) (actual time=0.011..0.011 rows=11 loops=79458)"
"                                                              Index Cond: ((dni_cliente)::text = (b.dni)::text)"
"                                            ->  Index Scan using pk_terapista on terapista t_1  (cost=0.42..0.51 rows=1 width=46) (actual time=0.008..0.008 rows=1 loops=874297)"
"                                                  Index Cond: ((dni)::text = (rb.dni_terapista)::text)"
"Planning Time: 4.638 ms"
"Execution Time: 8751.243 ms"

ITERACION 9
"Limit  (cost=45928.38..45928.38 rows=1 width=45) (actual time=8434.833..8434.929 rows=1 loops=1)"
"  ->  Sort  (cost=45928.38..45928.88 rows=200 width=45) (actual time=8434.811..8434.906 rows=1 loops=1)"
"        Sort Key: (sum(f.monto)) DESC"
"        Sort Method: top-N heapsort  Memory: 25kB"
"        ->  Finalize GroupAggregate  (cost=45871.17..45927.38 rows=200 width=45) (actual time=8321.557..8434.878 rows=10 loops=1)"
"              Group Key: t.direccion"
"              ->  Gather Merge  (cost=45871.17..45923.38 rows=400 width=45) (actual time=8306.495..8434.834 rows=30 loops=1)"
"                    Workers Planned: 2"
"                    Workers Launched: 2"
"                    ->  Partial GroupAggregate  (cost=44871.15..44877.18 rows=200 width=45) (actual time=8281.005..8405.444 rows=10 loops=3)"
"                          Group Key: t.direccion"
"                          ->  Sort  (cost=44871.15..44872.49 rows=538 width=41) (actual time=8267.092..8331.344 rows=583754 loops=3)"
"                                Sort Key: t.direccion"
"                                Sort Method: quicksort  Memory: 70823kB"
"                                Worker 0:  Sort Method: quicksort  Memory: 68887kB"
"                                Worker 1:  Sort Method: quicksort  Memory: 70837kB"
"                                ->  Parallel Append  (cost=4.94..44846.75 rows=538 width=41) (actual time=0.660..7976.483 rows=583754 loops=3)"
"                                      ->  Nested Loop  (cost=4.94..25553.84 rows=112 width=41) (actual time=0.203..3936.230 rows=292322 loops=3)"
"                                            ->  Nested Loop  (cost=4.51..25497.00 rows=112 width=13) (actual time=0.117..1472.481 rows=292322 loops=3)"
"                                                  ->  Parallel Seq Scan on factura f  (cost=0.00..25019.67 rows=10 width=13) (actual time=0.041..100.004 rows=26619 loops=3)"
"                                                        Filter: ((date_part('MONTH'::text, (fecha)::timestamp without time zone) = '2'::double precision) AND (date_part('YEAR'::text, (fecha)::timestamp without time zone) = '2020'::double precision))"
"                                                        Rows Removed by Filter: 306714"
"                                                  ->  Bitmap Heap Scan on realiza_factura rf  (cost=4.51..47.62 rows=11 width=18) (actual time=0.015..0.049 rows=11 loops=79858)"
"                                                        Recheck Cond: ((dni_cliente)::text = (f.dni)::text)"
"                                                        Heap Blocks: exact=155325"
"                                                        ->  Bitmap Index Scan on pk_realiza_factura  (cost=0.00..4.51 rows=11 width=0) (actual time=0.011..0.011 rows=11 loops=79858)"
"                                                              Index Cond: ((dni_cliente)::text = (f.dni)::text)"
"                                            ->  Index Scan using pk_terapista on terapista t  (cost=0.42..0.51 rows=1 width=46) (actual time=0.008..0.008 rows=1 loops=876966)"
"                                                  Index Cond: ((dni)::text = (rf.dni_terapista)::text)"
"                                      ->  Nested Loop  (cost=4.94..19284.84 rows=112 width=41) (actual time=0.731..5987.039 rows=437148 loops=2)"
"                                            ->  Nested Loop  (cost=4.51..19228.00 rows=112 width=13) (actual time=0.564..2212.383 rows=437148 loops=2)"
"                                                  ->  Parallel Seq Scan on boleta b  (cost=0.00..18750.67 rows=10 width=13) (actual time=0.094..132.006 rows=39729 loops=2)"
"                                                        Filter: ((date_part('MONTH'::text, (fecha)::timestamp without time zone) = '2'::double precision) AND (date_part('YEAR'::text, (fecha)::timestamp without time zone) = '2020'::double precision))"
"                                                        Rows Removed by Filter: 460271"
"                                                  ->  Bitmap Heap Scan on realiza_boleta rb  (cost=4.51..47.62 rows=11 width=18) (actual time=0.015..0.049 rows=11 loops=79458)"
"                                                        Recheck Cond: ((dni_cliente)::text = (b.dni)::text)"
"                                                        Heap Blocks: exact=436367"
"                                                        ->  Bitmap Index Scan on pk_realiza_boleta  (cost=0.00..4.51 rows=11 width=0) (actual time=0.011..0.011 rows=11 loops=79458)"
"                                                              Index Cond: ((dni_cliente)::text = (b.dni)::text)"
"                                            ->  Index Scan using pk_terapista on terapista t_1  (cost=0.42..0.51 rows=1 width=46) (actual time=0.008..0.008 rows=1 loops=874297)"
"                                                  Index Cond: ((dni)::text = (rb.dni_terapista)::text)"
"Planning Time: 3.814 ms"
"Execution Time: 8438.297 ms"

ITERACION 10
"Limit  (cost=45928.38..45928.38 rows=1 width=45) (actual time=8809.616..8809.698 rows=1 loops=1)"
"  ->  Sort  (cost=45928.38..45928.88 rows=200 width=45) (actual time=8809.615..8809.696 rows=1 loops=1)"
"        Sort Key: (sum(f.monto)) DESC"
"        Sort Method: top-N heapsort  Memory: 25kB"
"        ->  Finalize GroupAggregate  (cost=45871.17..45927.38 rows=200 width=45) (actual time=8688.747..8809.675 rows=10 loops=1)"
"              Group Key: t.direccion"
"              ->  Gather Merge  (cost=45871.17..45923.38 rows=400 width=45) (actual time=8676.565..8809.635 rows=30 loops=1)"
"                    Workers Planned: 2"
"                    Workers Launched: 2"
"                    ->  Partial GroupAggregate  (cost=44871.15..44877.18 rows=200 width=45) (actual time=8661.520..8778.114 rows=10 loops=3)"
"                          Group Key: t.direccion"
"                          ->  Sort  (cost=44871.15..44872.49 rows=538 width=41) (actual time=8648.144..8708.224 rows=583754 loops=3)"
"                                Sort Key: t.direccion"
"                                Sort Method: quicksort  Memory: 70625kB"
"                                Worker 0:  Sort Method: quicksort  Memory: 68954kB"
"                                Worker 1:  Sort Method: quicksort  Memory: 70968kB"
"                                ->  Parallel Append  (cost=4.94..44846.75 rows=538 width=41) (actual time=0.137..8342.507 rows=583754 loops=3)"
"                                      ->  Nested Loop  (cost=4.94..25553.84 rows=112 width=41) (actual time=0.084..4110.134 rows=292322 loops=3)"
"                                            ->  Nested Loop  (cost=4.51..25497.00 rows=112 width=13) (actual time=0.056..1534.093 rows=292322 loops=3)"
"                                                  ->  Parallel Seq Scan on factura f  (cost=0.00..25019.67 rows=10 width=13) (actual time=0.023..106.195 rows=26619 loops=3)"
"                                                        Filter: ((date_part('MONTH'::text, (fecha)::timestamp without time zone) = '2'::double precision) AND (date_part('YEAR'::text, (fecha)::timestamp without time zone) = '2020'::double precision))"
"                                                        Rows Removed by Filter: 306714"
"                                                  ->  Bitmap Heap Scan on realiza_factura rf  (cost=4.51..47.62 rows=11 width=18) (actual time=0.016..0.051 rows=11 loops=79858)"
"                                                        Recheck Cond: ((dni_cliente)::text = (f.dni)::text)"
"                                                        Heap Blocks: exact=154554"
"                                                        ->  Bitmap Index Scan on pk_realiza_factura  (cost=0.00..4.51 rows=11 width=0) (actual time=0.011..0.011 rows=11 loops=79858)"
"                                                              Index Cond: ((dni_cliente)::text = (f.dni)::text)"
"                                            ->  Index Scan using pk_terapista on terapista t  (cost=0.42..0.51 rows=1 width=46) (actual time=0.008..0.008 rows=1 loops=876966)"
"                                                  Index Cond: ((dni)::text = (rf.dni_terapista)::text)"
"                                      ->  Nested Loop  (cost=4.94..19284.84 rows=112 width=41) (actual time=0.129..6268.827 rows=437148 loops=2)"
"                                            ->  Nested Loop  (cost=4.51..19228.00 rows=112 width=13) (actual time=0.086..2307.348 rows=437148 loops=2)"
"                                                  ->  Parallel Seq Scan on boleta b  (cost=0.00..18750.67 rows=10 width=13) (actual time=0.032..142.077 rows=39729 loops=2)"
"                                                        Filter: ((date_part('MONTH'::text, (fecha)::timestamp without time zone) = '2'::double precision) AND (date_part('YEAR'::text, (fecha)::timestamp without time zone) = '2020'::double precision))"
"                                                        Rows Removed by Filter: 460271"
"                                                  ->  Bitmap Heap Scan on realiza_boleta rb  (cost=4.51..47.62 rows=11 width=18) (actual time=0.016..0.051 rows=11 loops=79458)"
"                                                        Recheck Cond: ((dni_cliente)::text = (b.dni)::text)"
"                                                        Heap Blocks: exact=434603"
"                                                        ->  Bitmap Index Scan on pk_realiza_boleta  (cost=0.00..4.51 rows=11 width=0) (actual time=0.011..0.011 rows=11 loops=79458)"
"                                                              Index Cond: ((dni_cliente)::text = (b.dni)::text)"
"                                            ->  Index Scan using pk_terapista on terapista t_1  (cost=0.42..0.51 rows=1 width=46) (actual time=0.009..0.009 rows=1 loops=874297)"
"                                                  Index Cond: ((dni)::text = (rb.dni_terapista)::text)"
"Planning Time: 1.063 ms"
"Execution Time: 8815.515 ms"



MILLON_I
ITERACION 1
"Limit  (cost=45833.01..45833.01 rows=1 width=45) (actual time=16982.535..16982.614 rows=1 loops=1)"
"  ->  Sort  (cost=45833.01..45833.51 rows=200 width=45) (actual time=16982.533..16982.610 rows=1 loops=1)"
"        Sort Key: (sum(f.monto)) DESC"
"        Sort Method: top-N heapsort  Memory: 25kB"
"        ->  Finalize GroupAggregate  (cost=45775.84..45832.01 rows=200 width=45) (actual time=16863.763..16982.584 rows=10 loops=1)"
"              Group Key: t.direccion"
"              ->  Gather Merge  (cost=45775.84..45828.01 rows=400 width=45) (actual time=16847.748..16982.541 rows=30 loops=1)"
"                    Workers Planned: 2"
"                    Workers Launched: 2"
"                    ->  Partial GroupAggregate  (cost=44775.81..44781.82 rows=200 width=45) (actual time=16740.970..16863.324 rows=10 loops=3)"
"                          Group Key: t.direccion"
"                          ->  Sort  (cost=44775.81..44777.15 rows=534 width=41) (actual time=16721.344..16787.208 rows=583754 loops=3)"
"                                Sort Key: t.direccion"
"                                Sort Method: quicksort  Memory: 70199kB"
"                                Worker 0:  Sort Method: quicksort  Memory: 70173kB"
"                                Worker 1:  Sort Method: quicksort  Memory: 70174kB"
"                                ->  Parallel Append  (cost=4.51..44751.62 rows=534 width=41) (actual time=61.572..16367.007 rows=583754 loops=3)"
"                                      ->  Nested Loop  (cost=4.51..25506.35 rows=112 width=41) (actual time=14.368..8035.389 rows=292322 loops=3)"
"                                            ->  Nested Loop  (cost=4.51..25497.00 rows=112 width=13) (actual time=14.294..4670.042 rows=292322 loops=3)"
"                                                  ->  Parallel Seq Scan on factura f  (cost=0.00..25019.67 rows=10 width=13) (actual time=14.177..989.402 rows=26619 loops=3)"
"                                                        Filter: ((date_part('MONTH'::text, (fecha)::timestamp without time zone) = '2'::double precision) AND (date_part('YEAR'::text, (fecha)::timestamp without time zone) = '2020'::double precision))"
"                                                        Rows Removed by Filter: 306714"
"                                                  ->  Bitmap Heap Scan on realiza_factura rf  (cost=4.51..47.62 rows=11 width=18) (actual time=0.088..0.134 rows=11 loops=79858)"
"                                                        Recheck Cond: ((dni_cliente)::text = (f.dni)::text)"
"                                                        Heap Blocks: exact=143917"
"                                                        ->  Bitmap Index Scan on pk_realiza_factura  (cost=0.00..4.51 rows=11 width=0) (actual time=0.082..0.082 rows=11 loops=79858)"
"                                                              Index Cond: ((dni_cliente)::text = (f.dni)::text)"
"                                            ->  Index Scan using index_dni_t on terapista t  (cost=0.00..0.08 rows=1 width=46) (actual time=0.011..0.011 rows=1 loops=876966)"
"                                                  Index Cond: ((dni)::text = (rf.dni_terapista)::text)"
"                                                  Rows Removed by Index Recheck: 0"
"                                      ->  Nested Loop  (cost=4.51..19237.26 rows=111 width=41) (actual time=70.887..12405.265 rows=437148 loops=2)"
"                                            ->  Nested Loop  (cost=4.51..19228.00 rows=111 width=13) (actual time=63.834..4629.619 rows=437148 loops=2)"
"                                                  ->  Parallel Seq Scan on boleta b  (cost=0.00..18750.67 rows=10 width=13) (actual time=13.825..1152.387 rows=39729 loops=2)"
"                                                        Filter: ((date_part('MONTH'::text, (fecha)::timestamp without time zone) = '2'::double precision) AND (date_part('YEAR'::text, (fecha)::timestamp without time zone) = '2020'::double precision))"
"                                                        Rows Removed by Filter: 460271"
"                                                  ->  Bitmap Heap Scan on realiza_boleta rb  (cost=4.51..47.62 rows=11 width=18) (actual time=0.039..0.084 rows=11 loops=79458)"
"                                                        Recheck Cond: ((dni_cliente)::text = (b.dni)::text)"
"                                                        Heap Blocks: exact=439800"
"                                                        ->  Bitmap Index Scan on pk_realiza_boleta  (cost=0.00..4.51 rows=11 width=0) (actual time=0.034..0.034 rows=11 loops=79458)"
"                                                              Index Cond: ((dni_cliente)::text = (b.dni)::text)"
"                                            ->  Index Scan using index_dni_t on terapista t_1  (cost=0.00..0.08 rows=1 width=46) (actual time=0.017..0.017 rows=1 loops=874297)"
"                                                  Index Cond: ((dni)::text = (rb.dni_terapista)::text)"
"                                                  Rows Removed by Index Recheck: 0"
"Planning Time: 174.703 ms"
"Execution Time: 16987.481 ms"

ITERACION 2
"Limit  (cost=45833.01..45833.01 rows=1 width=45) (actual time=7314.204..7314.266 rows=1 loops=1)"
"  ->  Sort  (cost=45833.01..45833.51 rows=200 width=45) (actual time=7314.203..7314.264 rows=1 loops=1)"
"        Sort Key: (sum(f.monto)) DESC"
"        Sort Method: top-N heapsort  Memory: 25kB"
"        ->  Finalize GroupAggregate  (cost=45775.84..45832.01 rows=200 width=45) (actual time=7192.936..7314.241 rows=10 loops=1)"
"              Group Key: t.direccion"
"              ->  Gather Merge  (cost=45775.84..45828.01 rows=400 width=45) (actual time=7178.965..7314.202 rows=30 loops=1)"
"                    Workers Planned: 2"
"                    Workers Launched: 2"
"                    ->  Partial GroupAggregate  (cost=44775.81..44781.82 rows=200 width=45) (actual time=6965.485..7088.440 rows=10 loops=3)"
"                          Group Key: t.direccion"
"                          ->  Sort  (cost=44775.81..44777.15 rows=534 width=41) (actual time=6951.377..7014.942 rows=583754 loops=3)"
"                                Sort Key: t.direccion"
"                                Sort Method: quicksort  Memory: 73305kB"
"                                Worker 0:  Sort Method: quicksort  Memory: 70681kB"
"                                Worker 1:  Sort Method: quicksort  Memory: 66562kB"
"                                ->  Parallel Append  (cost=4.51..44751.62 rows=534 width=41) (actual time=23.348..6657.660 rows=583754 loops=3)"
"                                      ->  Nested Loop  (cost=4.51..25506.35 rows=112 width=41) (actual time=11.715..3294.738 rows=292322 loops=3)"
"                                            ->  Nested Loop  (cost=4.51..25497.00 rows=112 width=13) (actual time=3.198..1715.083 rows=292322 loops=3)"
"                                                  ->  Parallel Seq Scan on factura f  (cost=0.00..25019.67 rows=10 width=13) (actual time=0.033..105.037 rows=26619 loops=3)"
"                                                        Filter: ((date_part('MONTH'::text, (fecha)::timestamp without time zone) = '2'::double precision) AND (date_part('YEAR'::text, (fecha)::timestamp without time zone) = '2020'::double precision))"
"                                                        Rows Removed by Filter: 306714"
"                                                  ->  Bitmap Heap Scan on realiza_factura rf  (cost=4.51..47.62 rows=11 width=18) (actual time=0.021..0.058 rows=11 loops=79858)"
"                                                        Recheck Cond: ((dni_cliente)::text = (f.dni)::text)"
"                                                        Heap Blocks: exact=169426"
"                                                        ->  Bitmap Index Scan on pk_realiza_factura  (cost=0.00..4.51 rows=11 width=0) (actual time=0.017..0.017 rows=11 loops=79858)"
"                                                              Index Cond: ((dni_cliente)::text = (f.dni)::text)"
"                                            ->  Index Scan using index_dni_t on terapista t  (cost=0.00..0.08 rows=1 width=46) (actual time=0.005..0.005 rows=1 loops=876966)"
"                                                  Index Cond: ((dni)::text = (rf.dni_terapista)::text)"
"                                                  Rows Removed by Index Recheck: 0"
"                                      ->  Nested Loop  (cost=4.51..19237.26 rows=111 width=41) (actual time=17.544..4974.417 rows=437148 loops=2)"
"                                            ->  Nested Loop  (cost=4.51..19228.00 rows=111 width=13) (actual time=11.171..2494.732 rows=437148 loops=2)"
"                                                  ->  Parallel Seq Scan on boleta b  (cost=0.00..18750.67 rows=10 width=13) (actual time=0.027..141.151 rows=39729 loops=2)"
"                                                        Filter: ((date_part('MONTH'::text, (fecha)::timestamp without time zone) = '2'::double precision) AND (date_part('YEAR'::text, (fecha)::timestamp without time zone) = '2020'::double precision))"
"                                                        Rows Removed by Filter: 460271"
"                                                  ->  Bitmap Heap Scan on realiza_boleta rb  (cost=4.51..47.62 rows=11 width=18) (actual time=0.019..0.056 rows=11 loops=79458)"
"                                                        Recheck Cond: ((dni_cliente)::text = (b.dni)::text)"
"                                                        Heap Blocks: exact=454011"
"                                                        ->  Bitmap Index Scan on pk_realiza_boleta  (cost=0.00..4.51 rows=11 width=0) (actual time=0.014..0.014 rows=11 loops=79458)"
"                                                              Index Cond: ((dni_cliente)::text = (b.dni)::text)"
"                                            ->  Index Scan using index_dni_t on terapista t_1  (cost=0.00..0.08 rows=1 width=46) (actual time=0.005..0.005 rows=1 loops=874297)"
"                                                  Index Cond: ((dni)::text = (rb.dni_terapista)::text)"
"                                                  Rows Removed by Index Recheck: 0"
"Planning Time: 13.069 ms"
"Execution Time: 7317.638 ms"

ITERACION 3
"Limit  (cost=45833.01..45833.01 rows=1 width=45) (actual time=7334.745..7334.814 rows=1 loops=1)"
"  ->  Sort  (cost=45833.01..45833.51 rows=200 width=45) (actual time=7334.743..7334.811 rows=1 loops=1)"
"        Sort Key: (sum(f.monto)) DESC"
"        Sort Method: top-N heapsort  Memory: 25kB"
"        ->  Finalize GroupAggregate  (cost=45775.84..45832.01 rows=200 width=45) (actual time=7193.347..7334.786 rows=10 loops=1)"
"              Group Key: t.direccion"
"              ->  Gather Merge  (cost=45775.84..45828.01 rows=400 width=45) (actual time=7180.973..7334.745 rows=30 loops=1)"
"                    Workers Planned: 2"
"                    Workers Launched: 2"
"                    ->  Partial GroupAggregate  (cost=44775.81..44781.82 rows=200 width=45) (actual time=7155.196..7304.441 rows=10 loops=3)"
"                          Group Key: t.direccion"
"                          ->  Sort  (cost=44775.81..44777.15 rows=534 width=41) (actual time=7141.250..7212.747 rows=583754 loops=3)"
"                                Sort Key: t.direccion"
"                                Sort Method: quicksort  Memory: 71065kB"
"                                Worker 0:  Sort Method: quicksort  Memory: 68853kB"
"                                Worker 1:  Sort Method: quicksort  Memory: 70629kB"
"                                ->  Parallel Append  (cost=4.51..44751.62 rows=534 width=41) (actual time=0.306..6838.212 rows=583754 loops=3)"
"                                      ->  Nested Loop  (cost=4.51..25506.35 rows=112 width=41) (actual time=0.156..3351.202 rows=292322 loops=3)"
"                                            ->  Nested Loop  (cost=4.51..25497.00 rows=112 width=13) (actual time=0.107..1686.068 rows=292322 loops=3)"
"                                                  ->  Parallel Seq Scan on factura f  (cost=0.00..25019.67 rows=10 width=13) (actual time=0.040..111.258 rows=26619 loops=3)"
"                                                        Filter: ((date_part('MONTH'::text, (fecha)::timestamp without time zone) = '2'::double precision) AND (date_part('YEAR'::text, (fecha)::timestamp without time zone) = '2020'::double precision))"
"                                                        Rows Removed by Filter: 306714"
"                                                  ->  Bitmap Heap Scan on realiza_factura rf  (cost=4.51..47.62 rows=11 width=18) (actual time=0.017..0.056 rows=11 loops=79858)"
"                                                        Recheck Cond: ((dni_cliente)::text = (f.dni)::text)"
"                                                        Heap Blocks: exact=160146"
"                                                        ->  Bitmap Index Scan on pk_realiza_factura  (cost=0.00..4.51 rows=11 width=0) (actual time=0.013..0.013 rows=11 loops=79858)"
"                                                              Index Cond: ((dni_cliente)::text = (f.dni)::text)"
"                                            ->  Index Scan using index_dni_t on terapista t  (cost=0.00..0.08 rows=1 width=46) (actual time=0.005..0.005 rows=1 loops=876966)"
"                                                  Index Cond: ((dni)::text = (rf.dni_terapista)::text)"
"                                                  Rows Removed by Index Recheck: 0"
"                                      ->  Nested Loop  (cost=4.51..19237.26 rows=111 width=41) (actual time=0.289..5159.081 rows=437148 loops=2)"
"                                            ->  Nested Loop  (cost=4.51..19228.00 rows=111 width=13) (actual time=0.221..2497.395 rows=437148 loops=2)"
"                                                  ->  Parallel Seq Scan on boleta b  (cost=0.00..18750.67 rows=10 width=13) (actual time=0.075..145.798 rows=39729 loops=2)"
"                                                        Filter: ((date_part('MONTH'::text, (fecha)::timestamp without time zone) = '2'::double precision) AND (date_part('YEAR'::text, (fecha)::timestamp without time zone) = '2020'::double precision))"
"                                                        Rows Removed by Filter: 460271"
"                                                  ->  Bitmap Heap Scan on realiza_boleta rb  (cost=4.51..47.62 rows=11 width=18) (actual time=0.017..0.056 rows=11 loops=79458)"
"                                                        Recheck Cond: ((dni_cliente)::text = (b.dni)::text)"
"                                                        Heap Blocks: exact=434649"
"                                                        ->  Bitmap Index Scan on pk_realiza_boleta  (cost=0.00..4.51 rows=11 width=0) (actual time=0.013..0.013 rows=11 loops=79458)"
"                                                              Index Cond: ((dni_cliente)::text = (b.dni)::text)"
"                                            ->  Index Scan using index_dni_t on terapista t_1  (cost=0.00..0.08 rows=1 width=46) (actual time=0.006..0.006 rows=1 loops=874297)"
"                                                  Index Cond: ((dni)::text = (rb.dni_terapista)::text)"
"                                                  Rows Removed by Index Recheck: 0"
"Planning Time: 4.045 ms"
"Execution Time: 7338.544 ms"

ITERACION 4
"Limit  (cost=45833.01..45833.01 rows=1 width=45) (actual time=7111.115..7111.177 rows=1 loops=1)"
"  ->  Sort  (cost=45833.01..45833.51 rows=200 width=45) (actual time=7111.114..7111.176 rows=1 loops=1)"
"        Sort Key: (sum(f.monto)) DESC"
"        Sort Method: top-N heapsort  Memory: 25kB"
"        ->  Finalize GroupAggregate  (cost=45775.84..45832.01 rows=200 width=45) (actual time=6960.307..7111.153 rows=10 loops=1)"
"              Group Key: t.direccion"
"              ->  Gather Merge  (cost=45775.84..45828.01 rows=400 width=45) (actual time=6946.688..7111.104 rows=30 loops=1)"
"                    Workers Planned: 2"
"                    Workers Launched: 2"
"                    ->  Partial GroupAggregate  (cost=44775.81..44781.82 rows=200 width=45) (actual time=6939.724..7080.460 rows=10 loops=3)"
"                          Group Key: t.direccion"
"                          ->  Sort  (cost=44775.81..44777.15 rows=534 width=41) (actual time=6926.102..6995.261 rows=583754 loops=3)"
"                                Sort Key: t.direccion"
"                                Sort Method: quicksort  Memory: 71217kB"
"                                Worker 0:  Sort Method: quicksort  Memory: 68902kB"
"                                Worker 1:  Sort Method: quicksort  Memory: 70428kB"
"                                ->  Parallel Append  (cost=4.51..44751.62 rows=534 width=41) (actual time=0.122..6622.128 rows=583754 loops=3)"
"                                      ->  Nested Loop  (cost=4.51..25506.35 rows=112 width=41) (actual time=0.084..3298.045 rows=292322 loops=3)"
"                                            ->  Nested Loop  (cost=4.51..25497.00 rows=112 width=13) (actual time=0.060..1683.523 rows=292322 loops=3)"
"                                                  ->  Parallel Seq Scan on factura f  (cost=0.00..25019.67 rows=10 width=13) (actual time=0.022..111.482 rows=26619 loops=3)"
"                                                        Filter: ((date_part('MONTH'::text, (fecha)::timestamp without time zone) = '2'::double precision) AND (date_part('YEAR'::text, (fecha)::timestamp without time zone) = '2020'::double precision))"
"                                                        Rows Removed by Filter: 306714"
"                                                  ->  Bitmap Heap Scan on realiza_factura rf  (cost=4.51..47.62 rows=11 width=18) (actual time=0.017..0.056 rows=11 loops=79858)"
"                                                        Recheck Cond: ((dni_cliente)::text = (f.dni)::text)"
"                                                        Heap Blocks: exact=154450"
"                                                        ->  Bitmap Index Scan on pk_realiza_factura  (cost=0.00..4.51 rows=11 width=0) (actual time=0.013..0.013 rows=11 loops=79858)"
"                                                              Index Cond: ((dni_cliente)::text = (f.dni)::text)"
"                                            ->  Index Scan using index_dni_t on terapista t  (cost=0.00..0.08 rows=1 width=46) (actual time=0.005..0.005 rows=1 loops=876966)"
"                                                  Index Cond: ((dni)::text = (rf.dni_terapista)::text)"
"                                                  Rows Removed by Index Recheck: 0"
"                                      ->  Nested Loop  (cost=4.51..19237.26 rows=111 width=41) (actual time=0.118..4915.217 rows=437148 loops=2)"
"                                            ->  Nested Loop  (cost=4.51..19228.00 rows=111 width=13) (actual time=0.080..2472.132 rows=437148 loops=2)"
"                                                  ->  Parallel Seq Scan on boleta b  (cost=0.00..18750.67 rows=10 width=13) (actual time=0.029..142.981 rows=39729 loops=2)"
"                                                        Filter: ((date_part('MONTH'::text, (fecha)::timestamp without time zone) = '2'::double precision) AND (date_part('YEAR'::text, (fecha)::timestamp without time zone) = '2020'::double precision))"
"                                                        Rows Removed by Filter: 460271"
"                                                  ->  Bitmap Heap Scan on realiza_boleta rb  (cost=4.51..47.62 rows=11 width=18) (actual time=0.017..0.056 rows=11 loops=79458)"
"                                                        Recheck Cond: ((dni_cliente)::text = (b.dni)::text)"
"                                                        Heap Blocks: exact=442283"
"                                                        ->  Bitmap Index Scan on pk_realiza_boleta  (cost=0.00..4.51 rows=11 width=0) (actual time=0.012..0.012 rows=11 loops=79458)"
"                                                              Index Cond: ((dni_cliente)::text = (b.dni)::text)"
"                                            ->  Index Scan using index_dni_t on terapista t_1  (cost=0.00..0.08 rows=1 width=46) (actual time=0.005..0.005 rows=1 loops=874297)"
"                                                  Index Cond: ((dni)::text = (rb.dni_terapista)::text)"
"                                                  Rows Removed by Index Recheck: 0"
"Planning Time: 1.216 ms"
"Execution Time: 7114.489 ms"

ITERACION 5
"Limit  (cost=45833.01..45833.01 rows=1 width=45) (actual time=7148.691..7148.752 rows=1 loops=1)"
"  ->  Sort  (cost=45833.01..45833.51 rows=200 width=45) (actual time=7148.690..7148.751 rows=1 loops=1)"
"        Sort Key: (sum(f.monto)) DESC"
"        Sort Method: top-N heapsort  Memory: 25kB"
"        ->  Finalize GroupAggregate  (cost=45775.84..45832.01 rows=200 width=45) (actual time=7029.064..7148.730 rows=10 loops=1)"
"              Group Key: t.direccion"
"              ->  Gather Merge  (cost=45775.84..45828.01 rows=400 width=45) (actual time=7015.251..7148.686 rows=30 loops=1)"
"                    Workers Planned: 2"
"                    Workers Launched: 2"
"                    ->  Partial GroupAggregate  (cost=44775.81..44781.82 rows=200 width=45) (actual time=7006.658..7124.779 rows=10 loops=3)"
"                          Group Key: t.direccion"
"                          ->  Sort  (cost=44775.81..44777.15 rows=534 width=41) (actual time=6991.248..7053.033 rows=583754 loops=3)"
"                                Sort Key: t.direccion"
"                                Sort Method: quicksort  Memory: 70630kB"
"                                Worker 0:  Sort Method: quicksort  Memory: 71159kB"
"                                Worker 1:  Sort Method: quicksort  Memory: 68758kB"
"                                ->  Parallel Append  (cost=4.51..44751.62 rows=534 width=41) (actual time=0.155..6686.206 rows=583754 loops=3)"
"                                      ->  Nested Loop  (cost=4.51..25506.35 rows=112 width=41) (actual time=0.121..3253.246 rows=292322 loops=3)"
"                                            ->  Nested Loop  (cost=4.51..25497.00 rows=112 width=13) (actual time=0.089..1646.550 rows=292322 loops=3)"
"                                                  ->  Parallel Seq Scan on factura f  (cost=0.00..25019.67 rows=10 width=13) (actual time=0.033..107.032 rows=26619 loops=3)"
"                                                        Filter: ((date_part('MONTH'::text, (fecha)::timestamp without time zone) = '2'::double precision) AND (date_part('YEAR'::text, (fecha)::timestamp without time zone) = '2020'::double precision))"
"                                                        Rows Removed by Filter: 306714"
"                                                  ->  Bitmap Heap Scan on realiza_factura rf  (cost=4.51..47.62 rows=11 width=18) (actual time=0.017..0.055 rows=11 loops=79858)"
"                                                        Recheck Cond: ((dni_cliente)::text = (f.dni)::text)"
"                                                        Heap Blocks: exact=155835"
"                                                        ->  Bitmap Index Scan on pk_realiza_factura  (cost=0.00..4.51 rows=11 width=0) (actual time=0.012..0.012 rows=11 loops=79858)"
"                                                              Index Cond: ((dni_cliente)::text = (f.dni)::text)"
"                                            ->  Index Scan using index_dni_t on terapista t  (cost=0.00..0.08 rows=1 width=46) (actual time=0.005..0.005 rows=1 loops=876966)"
"                                                  Index Cond: ((dni)::text = (rf.dni_terapista)::text)"
"                                                  Rows Removed by Index Recheck: 0"
"                                      ->  Nested Loop  (cost=4.51..19237.26 rows=111 width=41) (actual time=0.134..5078.174 rows=437148 loops=2)"
"                                            ->  Nested Loop  (cost=4.51..19228.00 rows=111 width=13) (actual time=0.087..2526.775 rows=437148 loops=2)"
"                                                  ->  Parallel Seq Scan on boleta b  (cost=0.00..18750.67 rows=10 width=13) (actual time=0.030..147.886 rows=39729 loops=2)"
"                                                        Filter: ((date_part('MONTH'::text, (fecha)::timestamp without time zone) = '2'::double precision) AND (date_part('YEAR'::text, (fecha)::timestamp without time zone) = '2020'::double precision))"
"                                                        Rows Removed by Filter: 460271"
"                                                  ->  Bitmap Heap Scan on realiza_boleta rb  (cost=4.51..47.62 rows=11 width=18) (actual time=0.018..0.057 rows=11 loops=79458)"
"                                                        Recheck Cond: ((dni_cliente)::text = (b.dni)::text)"
"                                                        Heap Blocks: exact=433405"
"                                                        ->  Bitmap Index Scan on pk_realiza_boleta  (cost=0.00..4.51 rows=11 width=0) (actual time=0.013..0.013 rows=11 loops=79458)"
"                                                              Index Cond: ((dni_cliente)::text = (b.dni)::text)"
"                                            ->  Index Scan using index_dni_t on terapista t_1  (cost=0.00..0.08 rows=1 width=46) (actual time=0.005..0.005 rows=1 loops=874297)"
"                                                  Index Cond: ((dni)::text = (rb.dni_terapista)::text)"
"                                                  Rows Removed by Index Recheck: 0"
"Planning Time: 1.123 ms"
"Execution Time: 7152.567 ms"

ITERACION 6
"Limit  (cost=45833.01..45833.01 rows=1 width=45) (actual time=6998.891..6998.946 rows=1 loops=1)"
"  ->  Sort  (cost=45833.01..45833.51 rows=200 width=45) (actual time=6998.889..6998.944 rows=1 loops=1)"
"        Sort Key: (sum(f.monto)) DESC"
"        Sort Method: top-N heapsort  Memory: 25kB"
"        ->  Finalize GroupAggregate  (cost=45775.84..45832.01 rows=200 width=45) (actual time=6882.101..6998.923 rows=10 loops=1)"
"              Group Key: t.direccion"
"              ->  Gather Merge  (cost=45775.84..45828.01 rows=400 width=45) (actual time=6867.942..6998.881 rows=30 loops=1)"
"                    Workers Planned: 2"
"                    Workers Launched: 2"
"                    ->  Partial GroupAggregate  (cost=44775.81..44781.82 rows=200 width=45) (actual time=6857.832..6971.653 rows=10 loops=3)"
"                          Group Key: t.direccion"
"                          ->  Sort  (cost=44775.81..44777.15 rows=534 width=41) (actual time=6844.315..6904.317 rows=583754 loops=3)"
"                                Sort Key: t.direccion"
"                                Sort Method: quicksort  Memory: 71219kB"
"                                Worker 0:  Sort Method: quicksort  Memory: 69003kB"
"                                Worker 1:  Sort Method: quicksort  Memory: 70325kB"
"                                ->  Parallel Append  (cost=4.51..44751.62 rows=534 width=41) (actual time=0.159..6546.429 rows=583754 loops=3)"
"                                      ->  Nested Loop  (cost=4.51..25506.35 rows=112 width=41) (actual time=0.091..3227.529 rows=292322 loops=3)"
"                                            ->  Nested Loop  (cost=4.51..25497.00 rows=112 width=13) (actual time=0.067..1647.408 rows=292322 loops=3)"
"                                                  ->  Parallel Seq Scan on factura f  (cost=0.00..25019.67 rows=10 width=13) (actual time=0.024..108.440 rows=26619 loops=3)"
"                                                        Filter: ((date_part('MONTH'::text, (fecha)::timestamp without time zone) = '2'::double precision) AND (date_part('YEAR'::text, (fecha)::timestamp without time zone) = '2020'::double precision))"
"                                                        Rows Removed by Filter: 306714"
"                                                  ->  Bitmap Heap Scan on realiza_factura rf  (cost=4.51..47.62 rows=11 width=18) (actual time=0.017..0.055 rows=11 loops=79858)"
"                                                        Recheck Cond: ((dni_cliente)::text = (f.dni)::text)"
"                                                        Heap Blocks: exact=156344"
"                                                        ->  Bitmap Index Scan on pk_realiza_factura  (cost=0.00..4.51 rows=11 width=0) (actual time=0.012..0.012 rows=11 loops=79858)"
"                                                              Index Cond: ((dni_cliente)::text = (f.dni)::text)"
"                                            ->  Index Scan using index_dni_t on terapista t  (cost=0.00..0.08 rows=1 width=46) (actual time=0.005..0.005 rows=1 loops=876966)"
"                                                  Index Cond: ((dni)::text = (rf.dni_terapista)::text)"
"                                                  Rows Removed by Index Recheck: 0"
"                                      ->  Nested Loop  (cost=4.51..19237.26 rows=111 width=41) (actual time=0.154..4906.323 rows=437148 loops=2)"
"                                            ->  Nested Loop  (cost=4.51..19228.00 rows=111 width=13) (actual time=0.106..2483.190 rows=437148 loops=2)"
"                                                  ->  Parallel Seq Scan on boleta b  (cost=0.00..18750.67 rows=10 width=13) (actual time=0.036..144.709 rows=39729 loops=2)"
"                                                        Filter: ((date_part('MONTH'::text, (fecha)::timestamp without time zone) = '2'::double precision) AND (date_part('YEAR'::text, (fecha)::timestamp without time zone) = '2020'::double precision))"
"                                                        Rows Removed by Filter: 460271"
"                                                  ->  Bitmap Heap Scan on realiza_boleta rb  (cost=4.51..47.62 rows=11 width=18) (actual time=0.017..0.056 rows=11 loops=79458)"
"                                                        Recheck Cond: ((dni_cliente)::text = (b.dni)::text)"
"                                                        Heap Blocks: exact=440405"
"                                                        ->  Bitmap Index Scan on pk_realiza_boleta  (cost=0.00..4.51 rows=11 width=0) (actual time=0.013..0.013 rows=11 loops=79458)"
"                                                              Index Cond: ((dni_cliente)::text = (b.dni)::text)"
"                                            ->  Index Scan using index_dni_t on terapista t_1  (cost=0.00..0.08 rows=1 width=46) (actual time=0.005..0.005 rows=1 loops=874297)"
"                                                  Index Cond: ((dni)::text = (rb.dni_terapista)::text)"
"                                                  Rows Removed by Index Recheck: 0"
"Planning Time: 2.118 ms"
"Execution Time: 7002.486 ms"

ITERACION 7
"Limit  (cost=45833.01..45833.01 rows=1 width=45) (actual time=7115.130..7115.192 rows=1 loops=1)"
"  ->  Sort  (cost=45833.01..45833.51 rows=200 width=45) (actual time=7115.128..7115.190 rows=1 loops=1)"
"        Sort Key: (sum(f.monto)) DESC"
"        Sort Method: top-N heapsort  Memory: 25kB"
"        ->  Finalize GroupAggregate  (cost=45775.84..45832.01 rows=200 width=45) (actual time=6990.823..7115.165 rows=10 loops=1)"
"              Group Key: t.direccion"
"              ->  Gather Merge  (cost=45775.84..45828.01 rows=400 width=45) (actual time=6976.193..7115.124 rows=30 loops=1)"
"                    Workers Planned: 2"
"                    Workers Launched: 2"
"                    ->  Partial GroupAggregate  (cost=44775.81..44781.82 rows=200 width=45) (actual time=6951.275..7075.625 rows=10 loops=3)"
"                          Group Key: t.direccion"
"                          ->  Sort  (cost=44775.81..44777.15 rows=534 width=41) (actual time=6935.984..6999.719 rows=583754 loops=3)"
"                                Sort Key: t.direccion"
"                                Sort Method: quicksort  Memory: 71177kB"
"                                Worker 0:  Sort Method: quicksort  Memory: 68915kB"
"                                Worker 1:  Sort Method: quicksort  Memory: 70455kB"
"                                ->  Parallel Append  (cost=4.51..44751.62 rows=534 width=41) (actual time=0.317..6641.289 rows=583754 loops=3)"
"                                      ->  Nested Loop  (cost=4.51..25506.35 rows=112 width=41) (actual time=0.180..3237.407 rows=292322 loops=3)"
"                                            ->  Nested Loop  (cost=4.51..25497.00 rows=112 width=13) (actual time=0.124..1640.568 rows=292322 loops=3)"
"                                                  ->  Parallel Seq Scan on factura f  (cost=0.00..25019.67 rows=10 width=13) (actual time=0.041..106.295 rows=26619 loops=3)"
"                                                        Filter: ((date_part('MONTH'::text, (fecha)::timestamp without time zone) = '2'::double precision) AND (date_part('YEAR'::text, (fecha)::timestamp without time zone) = '2020'::double precision))"
"                                                        Rows Removed by Filter: 306714"
"                                                  ->  Bitmap Heap Scan on realiza_factura rf  (cost=4.51..47.62 rows=11 width=18) (actual time=0.017..0.055 rows=11 loops=79858)"
"                                                        Recheck Cond: ((dni_cliente)::text = (f.dni)::text)"
"                                                        Heap Blocks: exact=154943"
"                                                        ->  Bitmap Index Scan on pk_realiza_factura  (cost=0.00..4.51 rows=11 width=0) (actual time=0.012..0.012 rows=11 loops=79858)"
"                                                              Index Cond: ((dni_cliente)::text = (f.dni)::text)"
"                                            ->  Index Scan using index_dni_t on terapista t  (cost=0.00..0.08 rows=1 width=46) (actual time=0.005..0.005 rows=1 loops=876966)"
"                                                  Index Cond: ((dni)::text = (rf.dni_terapista)::text)"
"                                                  Rows Removed by Index Recheck: 0"
"                                      ->  Nested Loop  (cost=4.51..19237.26 rows=111 width=41) (actual time=0.252..5034.497 rows=437148 loops=2)"
"                                            ->  Nested Loop  (cost=4.51..19228.00 rows=111 width=13) (actual time=0.186..2501.970 rows=437148 loops=2)"
"                                                  ->  Parallel Seq Scan on boleta b  (cost=0.00..18750.67 rows=10 width=13) (actual time=0.073..143.050 rows=39729 loops=2)"
"                                                        Filter: ((date_part('MONTH'::text, (fecha)::timestamp without time zone) = '2'::double precision) AND (date_part('YEAR'::text, (fecha)::timestamp without time zone) = '2020'::double precision))"
"                                                        Rows Removed by Filter: 460271"
"                                                  ->  Bitmap Heap Scan on realiza_boleta rb  (cost=4.51..47.62 rows=11 width=18) (actual time=0.017..0.056 rows=11 loops=79458)"
"                                                        Recheck Cond: ((dni_cliente)::text = (b.dni)::text)"
"                                                        Heap Blocks: exact=441264"
"                                                        ->  Bitmap Index Scan on pk_realiza_boleta  (cost=0.00..4.51 rows=11 width=0) (actual time=0.013..0.013 rows=11 loops=79458)"
"                                                              Index Cond: ((dni_cliente)::text = (b.dni)::text)"
"                                            ->  Index Scan using index_dni_t on terapista t_1  (cost=0.00..0.08 rows=1 width=46) (actual time=0.005..0.005 rows=1 loops=874297)"
"                                                  Index Cond: ((dni)::text = (rb.dni_terapista)::text)"
"                                                  Rows Removed by Index Recheck: 0"
"Planning Time: 3.649 ms"
"Execution Time: 7119.676 ms"

ITERACION 8
"Limit  (cost=45833.01..45833.01 rows=1 width=45) (actual time=7021.423..7021.485 rows=1 loops=1)"
"  ->  Sort  (cost=45833.01..45833.51 rows=200 width=45) (actual time=7021.421..7021.482 rows=1 loops=1)"
"        Sort Key: (sum(f.monto)) DESC"
"        Sort Method: top-N heapsort  Memory: 25kB"
"        ->  Finalize GroupAggregate  (cost=45775.84..45832.01 rows=200 width=45) (actual time=6892.280..7021.455 rows=10 loops=1)"
"              Group Key: t.direccion"
"              ->  Gather Merge  (cost=45775.84..45828.01 rows=400 width=45) (actual time=6879.953..7021.411 rows=30 loops=1)"
"                    Workers Planned: 2"
"                    Workers Launched: 2"
"                    ->  Partial GroupAggregate  (cost=44775.81..44781.82 rows=200 width=45) (actual time=6856.862..6981.063 rows=10 loops=3)"
"                          Group Key: t.direccion"
"                          ->  Sort  (cost=44775.81..44777.15 rows=534 width=41) (actual time=6843.681..6906.765 rows=583754 loops=3)"
"                                Sort Key: t.direccion"
"                                Sort Method: quicksort  Memory: 71143kB"
"                                Worker 0:  Sort Method: quicksort  Memory: 68738kB"
"                                Worker 1:  Sort Method: quicksort  Memory: 70666kB"
"                                ->  Parallel Append  (cost=4.51..44751.62 rows=534 width=41) (actual time=0.303..6549.906 rows=583754 loops=3)"
"                                      ->  Nested Loop  (cost=4.51..25506.35 rows=112 width=41) (actual time=0.169..3201.460 rows=292322 loops=3)"
"                                            ->  Nested Loop  (cost=4.51..25497.00 rows=112 width=13) (actual time=0.117..1629.638 rows=292322 loops=3)"
"                                                  ->  Parallel Seq Scan on factura f  (cost=0.00..25019.67 rows=10 width=13) (actual time=0.043..106.659 rows=26619 loops=3)"
"                                                        Filter: ((date_part('MONTH'::text, (fecha)::timestamp without time zone) = '2'::double precision) AND (date_part('YEAR'::text, (fecha)::timestamp without time zone) = '2020'::double precision))"
"                                                        Rows Removed by Filter: 306714"
"                                                  ->  Bitmap Heap Scan on realiza_factura rf  (cost=4.51..47.62 rows=11 width=18) (actual time=0.017..0.054 rows=11 loops=79858)"
"                                                        Recheck Cond: ((dni_cliente)::text = (f.dni)::text)"
"                                                        Heap Blocks: exact=156238"
"                                                        ->  Bitmap Index Scan on pk_realiza_factura  (cost=0.00..4.51 rows=11 width=0) (actual time=0.012..0.012 rows=11 loops=79858)"
"                                                              Index Cond: ((dni_cliente)::text = (f.dni)::text)"
"                                            ->  Index Scan using index_dni_t on terapista t  (cost=0.00..0.08 rows=1 width=46) (actual time=0.005..0.005 rows=1 loops=876966)"
"                                                  Index Cond: ((dni)::text = (rf.dni_terapista)::text)"
"                                                  Rows Removed by Index Recheck: 0"
"                                      ->  Nested Loop  (cost=4.51..19237.26 rows=111 width=41) (actual time=0.274..4951.847 rows=437148 loops=2)"
"                                            ->  Nested Loop  (cost=4.51..19228.00 rows=111 width=13) (actual time=0.186..2469.931 rows=437148 loops=2)"
"                                                  ->  Parallel Seq Scan on boleta b  (cost=0.00..18750.67 rows=10 width=13) (actual time=0.061..140.882 rows=39729 loops=2)"
"                                                        Filter: ((date_part('MONTH'::text, (fecha)::timestamp without time zone) = '2'::double precision) AND (date_part('YEAR'::text, (fecha)::timestamp without time zone) = '2020'::double precision))"
"                                                        Rows Removed by Filter: 460271"
"                                                  ->  Bitmap Heap Scan on realiza_boleta rb  (cost=4.51..47.62 rows=11 width=18) (actual time=0.017..0.056 rows=11 loops=79458)"
"                                                        Recheck Cond: ((dni_cliente)::text = (b.dni)::text)"
"                                                        Heap Blocks: exact=439552"
"                                                        ->  Bitmap Index Scan on pk_realiza_boleta  (cost=0.00..4.51 rows=11 width=0) (actual time=0.012..0.012 rows=11 loops=79458)"
"                                                              Index Cond: ((dni_cliente)::text = (b.dni)::text)"
"                                            ->  Index Scan using index_dni_t on terapista t_1  (cost=0.00..0.08 rows=1 width=46) (actual time=0.005..0.005 rows=1 loops=874297)"
"                                                  Index Cond: ((dni)::text = (rb.dni_terapista)::text)"
"                                                  Rows Removed by Index Recheck: 0"
"Planning Time: 4.071 ms"
"Execution Time: 7024.937 ms"

ITERACION 9
"Limit  (cost=45833.01..45833.01 rows=1 width=45) (actual time=7082.595..7082.668 rows=1 loops=1)"
"  ->  Sort  (cost=45833.01..45833.51 rows=200 width=45) (actual time=7082.594..7082.666 rows=1 loops=1)"
"        Sort Key: (sum(f.monto)) DESC"
"        Sort Method: top-N heapsort  Memory: 25kB"
"        ->  Finalize GroupAggregate  (cost=45775.84..45832.01 rows=200 width=45) (actual time=6955.762..7082.644 rows=10 loops=1)"
"              Group Key: t.direccion"
"              ->  Gather Merge  (cost=45775.84..45828.01 rows=400 width=45) (actual time=6941.856..7082.602 rows=30 loops=1)"
"                    Workers Planned: 2"
"                    Workers Launched: 2"
"                    ->  Partial GroupAggregate  (cost=44775.81..44781.82 rows=200 width=45) (actual time=6928.080..7051.403 rows=10 loops=3)"
"                          Group Key: t.direccion"
"                          ->  Sort  (cost=44775.81..44777.15 rows=534 width=41) (actual time=6914.345..6977.544 rows=583754 loops=3)"
"                                Sort Key: t.direccion"
"                                Sort Method: quicksort  Memory: 71327kB"
"                                Worker 0:  Sort Method: quicksort  Memory: 68935kB"
"                                Worker 1:  Sort Method: quicksort  Memory: 70285kB"
"                                ->  Parallel Append  (cost=4.51..44751.62 rows=534 width=41) (actual time=0.156..6604.372 rows=583754 loops=3)"
"                                      ->  Nested Loop  (cost=4.51..25506.35 rows=112 width=41) (actual time=0.100..3234.655 rows=292322 loops=3)"
"                                            ->  Nested Loop  (cost=4.51..25497.00 rows=112 width=13) (actual time=0.073..1650.299 rows=292322 loops=3)"
"                                                  ->  Parallel Seq Scan on factura f  (cost=0.00..25019.67 rows=10 width=13) (actual time=0.027..108.568 rows=26619 loops=3)"
"                                                        Filter: ((date_part('MONTH'::text, (fecha)::timestamp without time zone) = '2'::double precision) AND (date_part('YEAR'::text, (fecha)::timestamp without time zone) = '2020'::double precision))"
"                                                        Rows Removed by Filter: 306714"
"                                                  ->  Bitmap Heap Scan on realiza_factura rf  (cost=4.51..47.62 rows=11 width=18) (actual time=0.017..0.055 rows=11 loops=79858)"
"                                                        Recheck Cond: ((dni_cliente)::text = (f.dni)::text)"
"                                                        Heap Blocks: exact=154119"
"                                                        ->  Bitmap Index Scan on pk_realiza_factura  (cost=0.00..4.51 rows=11 width=0) (actual time=0.012..0.012 rows=11 loops=79858)"
"                                                              Index Cond: ((dni_cliente)::text = (f.dni)::text)"
"                                            ->  Index Scan using index_dni_t on terapista t  (cost=0.00..0.08 rows=1 width=46) (actual time=0.005..0.005 rows=1 loops=876966)"
"                                                  Index Cond: ((dni)::text = (rf.dni_terapista)::text)"
"                                                  Rows Removed by Index Recheck: 0"
"                                      ->  Nested Loop  (cost=4.51..19237.26 rows=111 width=41) (actual time=0.145..4981.470 rows=437148 loops=2)"
"                                            ->  Neste  d Loop  (cost=4.51..19228.00 rows=111 width=13) (actual time=0.109..2527.533 rows=437148 loops=2)"
"                                                  ->  Parallel Seq Scan on boleta b  (cost=0.00..18750.67 rows=10 width=13) (actual time=0.039..147.058 rows=39729 loops=2)"
"                                                        Filter: ((date_part('MONTH'::text, (fecha)::timestamp without time zone) = '2'::double precision) AND (date_part('YEAR'::text, (fecha)::timestamp without time zone) = '2020'::double precision))"
"                                                        Rows Removed by Filter: 460271"
"                                                  ->  Bitmap Heap Scan on realiza_boleta rb  (cost=4.51..47.62 rows=11 width=18) (actual time=0.018..0.057 rows=11 loops=79458)"
"                                                        Recheck Cond: ((dni_cliente)::text = (b.dni)::text)"
"                                                        Heap Blocks: exact=443985"
"                                                        ->  Bitmap Index Scan on pk_realiza_boleta  (cost=0.00..4.51 rows=11 width=0) (actual time=0.013..0.013 rows=11 loops=79458)"
"                                                              Index Cond: ((dni_cliente)::text = (b.dni)::text)"
"                                            ->  Index Scan using index_dni_t on terapista t_1  (cost=0.00..0.08 rows=1 width=46) (actual time=0.005..0.005 rows=1 loops=874297)"
"                                                  Index Cond: ((dni)::text = (rb.dni_terapista)::text)"
"                                                  Rows Removed by Index Recheck: 0"
"Planning Time: 1.711 ms"
"Execution Time: 7086.629 ms"

ITERACION 10
"Limit  (cost=45833.01..45833.01 rows=1 width=45) (actual time=7379.042..7379.102 rows=1 loops=1)"
"  ->  Sort  (cost=45833.01..45833.51 rows=200 width=45) (actual time=7379.040..7379.101 rows=1 loops=1)"
"        Sort Key: (sum(f.monto)) DESC"
"        Sort Method: top-N heapsort  Memory: 25kB"
"        ->  Finalize GroupAggregate  (cost=45775.84..45832.01 rows=200 width=45) (actual time=7257.559..7379.078 rows=10 loops=1)"
"              Group Key: t.direccion"
"              ->  Gather Merge  (cost=45775.84..45828.01 rows=400 width=45) (actual time=7243.613..7379.034 rows=30 loops=1)"
"                    Workers Planned: 2"
"                    Workers Launched: 2"
"                    ->  Partial GroupAggregate  (cost=44775.81..44781.82 rows=200 width=45) (actual time=7231.393..7356.360 rows=10 loops=3)"
"                          Group Key: t.direccion"
"                          ->  Sort  (cost=44775.81..44777.15 rows=534 width=41) (actual time=7218.026..7281.365 rows=583754 loops=3)"
"                                Sort Key: t.direccion"
"                                Sort Method: quicksort  Memory: 70848kB"
"                                Worker 0:  Sort Method: quicksort  Memory: 70474kB"
"                                Worker 1:  Sort Method: quicksort  Memory: 69225kB"
"                                ->  Parallel Append  (cost=4.51..44751.62 rows=534 width=41) (actual time=0.127..6898.058 rows=583754 loops=3)"
"                                      ->  Nested Loop  (cost=4.51..25506.35 rows=112 width=41) (actual time=0.123..3354.145 rows=292322 loops=3)"
"                                            ->  Nested Loop  (cost=4.51..25497.00 rows=112 width=13) (actual time=0.091..1707.563 rows=292322 loops=3)"
"                                                  ->  Parallel Seq Scan on factura f  (cost=0.00..25019.67 rows=10 width=13) (actual time=0.035..112.722 rows=26619 loops=3)"
"                                                        Filter: ((date_part('MONTH'::text, (fecha)::timestamp without time zone) = '2'::double precision) AND (date_part('YEAR'::text, (fecha)::timestamp without time zone) = '2020'::double precision))"
"                                                        Rows Removed by Filter: 306714"
"                                                  ->  Bitmap Heap Scan on realiza_factura rf  (cost=4.51..47.62 rows=11 width=18) (actual time=0.018..0.057 rows=11 loops=79858)"
"                                                        Recheck Cond: ((dni_cliente)::text = (f.dni)::text)"
"                                                        Heap Blocks: exact=152676"
"                                                        ->  Bitmap Index Scan on pk_realiza_factura  (cost=0.00..4.51 rows=11 width=0) (actual time=0.013..0.013 rows=11 loops=79858)"
"                                                              Index Cond: ((dni_cliente)::text = (f.dni)::text)"
"                                            ->  Index Scan using index_dni_t on terapista t  (cost=0.00..0.08 rows=1 width=46) (actual time=0.005..0.005 rows=1 loops=876966)"
"                                                  Index Cond: ((dni)::text = (rf.dni_terapista)::text)"
"                                                  Rows Removed by Index Recheck: 0"
"                                      ->  Nested Loop  (cost=4.51..19237.26 rows=111 width=41) (actual time=0.103..5242.877 rows=437148 loops=2)"
"                                            ->  Nested Loop  (cost=4.51..19228.00 rows=111 width=13) (actual time=0.076..2629.868 rows=437148 loops=2)"
"                                                  ->  Parallel Seq Scan on boleta b  (cost=0.00..18750.67 rows=10 width=13) (actual time=0.028..151.787 rows=39729 loops=2)"
"                                                        Filter: ((date_part('MONTH'::text, (fecha)::timestamp without time zone) = '2'::double precision) AND (date_part('YEAR'::text, (fecha)::timestamp without time zone) = '2020'::double precision))"
"                                                        Rows Removed by Filter: 460271"
"                                                  ->  Bitmap Heap Scan on realiza_boleta rb  (cost=4.51..47.62 rows=11 width=18) (actual time=0.018..0.059 rows=11 loops=79458)"
"                                                        Recheck Cond: ((dni_cliente)::text = (b.dni)::text)"
"                                                        Heap Blocks: exact=439330"
"                                                        ->  Bitmap Index Scan on pk_realiza_boleta  (cost=0.00..4.51 rows=11 width=0) (actual time=0.013..0.013 rows=11 loops=79458)"
"                                                              Index Cond: ((dni_cliente)::text = (b.dni)::text)"
"                                            ->  Index Scan using index_dni_t on terapista t_1  (cost=0.00..0.08 rows=1 width=46) (actual time=0.005..0.005 rows=1 loops=874297)"
"                                                  Index Cond: ((dni)::text = (rb.dni_terapista)::text)"
"                                                  Rows Removed by Index Recheck: 0"
"Planning Time: 0.859 ms"
"Execution Time: 7382.418 ms"