CONSULTA 1

MIL
ITERACION 1
"Hash Join  (cost=111.44..137.08 rows=10 width=28) (actual time=19.920..20.977 rows=132 loops=1)"
"  Hash Cond: ((t.dni)::text = (ts.dni_terapista)::text)"
"  ->  Seq Scan on terapista t  (cost=0.00..23.00 rows=1000 width=29) (actual time=9.230..9.848 rows=1000 loops=1)"
"  ->  Hash  (cost=111.32..111.32 rows=10 width=17) (actual time=10.618..10.628 rows=132 loops=1)"
"        Buckets: 1024  Batches: 1  Memory Usage: 15kB"
"        ->  Subquery Scan on ts  (cost=111.04..111.32 rows=10 width=17) (actual time=10.335..10.538 rows=132 loops=1)"
"              ->  GroupAggregate  (cost=111.04..111.22 rows=10 width=17) (actual time=10.332..10.501 rows=132 loops=1)"
"                    Group Key: mrb.dni_terapista"
"                    ->  Sort  (cost=111.04..111.07 rows=10 width=13) (actual time=10.319..10.352 rows=140 loops=1)"
"                          Sort Key: mrb.dni_terapista"
"                          Sort Method: quicksort  Memory: 31kB"
"                          ->  Append  (cost=26.56..110.87 rows=10 width=13) (actual time=6.537..9.916 rows=140 loops=1)"
"                                ->  Hash Join  (cost=26.56..52.36 rows=5 width=13) (actual time=6.534..7.222 rows=76 loops=1)"
"                                      Hash Cond: ((mrb.id_boleta)::text = (mb.id_boleta)::text)"
"                                      ->  Seq Scan on realiza_boleta mrb  (cost=0.00..22.00 rows=1000 width=18) (actual time=5.548..5.982 rows=1000 loops=1)"
"                                      ->  Hash  (cost=26.50..26.50 rows=5 width=13) (actual time=0.915..0.916 rows=76 loops=1)"
"                                            Buckets: 1024  Batches: 1  Memory Usage: 12kB"
"                                            ->  Seq Scan on boleta mb  (cost=0.00..26.50 rows=5 width=13) (actual time=0.305..0.860 rows=76 loops=1)"
"                                                  Filter: (date_part('MONTH'::text, (fecha)::timestamp without time zone) = '10'::double precision)"
"                                                  Rows Removed by Filter: 924"
"                                ->  Hash Join  (cost=32.56..58.36 rows=5 width=13) (actual time=1.768..2.663 rows=64 loops=1)"
"                                      Hash Cond: ((mrf.id_factura)::text = (mf.id_factura)::text)"
"                                      ->  Seq Scan on realiza_factura mrf  (cost=0.00..22.00 rows=1000 width=18) (actual time=0.253..0.786 rows=1000 loops=1)"
"                                      ->  Hash  (cost=32.50..32.50 rows=5 width=13) (actual time=1.440..1.441 rows=64 loops=1)"
"                                            Buckets: 1024  Batches: 1  Memory Usage: 11kB"
"                                            ->  Seq Scan on factura mf  (cost=0.00..32.50 rows=5 width=13) (actual time=0.248..1.369 rows=64 loops=1)"
"                                                  Filter: (date_part('MONTH'::text, (fecha)::timestamp without time zone) = '10'::double precision)"
"                                                  Rows Removed by Filter: 936"
"Planning Time: 258.162 ms"
"Execution Time: 21.361 ms"

ITERACION 2
"Hash Join  (cost=111.44..137.08 rows=10 width=28) (actual time=1.770..2.228 rows=132 loops=1)"
"  Hash Cond: ((t.dni)::text = (ts.dni_terapista)::text)"
"  ->  Seq Scan on terapista t  (cost=0.00..23.00 rows=1000 width=29) (actual time=0.009..0.183 rows=1000 loops=1)"
"  ->  Hash  (cost=111.32..111.32 rows=10 width=17) (actual time=1.744..1.747 rows=132 loops=1)"
"        Buckets: 1024  Batches: 1  Memory Usage: 15kB"
"        ->  Subquery Scan on ts  (cost=111.04..111.32 rows=10 width=17) (actual time=1.519..1.696 rows=132 loops=1)"
"              ->  GroupAggregate  (cost=111.04..111.22 rows=10 width=17) (actual time=1.518..1.661 rows=132 loops=1)"
"                    Group Key: mrb.dni_terapista"
"                    ->  Sort  (cost=111.04..111.07 rows=10 width=13) (actual time=1.510..1.532 rows=140 loops=1)"
"                          Sort Key: mrb.dni_terapista"
"                          Sort Method: quicksort  Memory: 31kB"
"                          ->  Append  (cost=26.56..110.87 rows=10 width=13) (actual time=0.263..1.243 rows=140 loops=1)"
"                                ->  Hash Join  (cost=26.56..52.36 rows=5 width=13) (actual time=0.262..0.529 rows=76 loops=1)"
"                                      Hash Cond: ((mrb.id_boleta)::text = (mb.id_boleta)::text)"
"                                      ->  Seq Scan on realiza_boleta mrb  (cost=0.00..22.00 rows=1000 width=18) (actual time=0.005..0.110 rows=1000 loops=1)"
"                                      ->  Hash  (cost=26.50..26.50 rows=5 width=13) (actual time=0.250..0.251 rows=76 loops=1)"
"                                            Buckets: 1024  Batches: 1  Memory Usage: 12kB"
"                                            ->  Seq Scan on boleta mb  (cost=0.00..26.50 rows=5 width=13) (actual time=0.009..0.230 rows=76 loops=1)"
"                                                  Filter: (date_part('MONTH'::text, (fecha)::timestamp without time zone) = '10'::double precision)"
"                                                  Rows Removed by Filter: 924"
"                                ->  Hash Join  (cost=32.56..58.36 rows=5 width=13) (actual time=0.304..0.698 rows=64 loops=1)"
"                                      Hash Cond: ((mrf.id_factura)::text = (mf.id_factura)::text)"
"                                      ->  Seq Scan on realiza_factura mrf  (cost=0.00..22.00 rows=1000 width=18) (actual time=0.005..0.161 rows=1000 loops=1)"
"                                      ->  Hash  (cost=32.50..32.50 rows=5 width=13) (actual time=0.285..0.286 rows=64 loops=1)"
"                                            Buckets: 1024  Batches: 1  Memory Usage: 11kB"
"                                            ->  Seq Scan on factura mf  (cost=0.00..32.50 rows=5 width=13) (actual time=0.011..0.268 rows=64 loops=1)"
"                                                  Filter: (date_part('MONTH'::text, (fecha)::timestamp without time zone) = '10'::double precision)"
"                                                  Rows Removed by Filter: 936"
"Planning Time: 0.587 ms"
"Execution Time: 2.315 ms"

ITERACION 3
"Hash Join  (cost=111.44..137.08 rows=10 width=28) (actual time=0.970..1.153 rows=132 loops=1)"
"  Hash Cond: ((t.dni)::text = (ts.dni_terapista)::text)"
"  ->  Seq Scan on terapista t  (cost=0.00..23.00 rows=1000 width=29) (actual time=0.010..0.085 rows=1000 loops=1)"
"  ->  Hash  (cost=111.32..111.32 rows=10 width=17) (actual time=0.952..0.955 rows=132 loops=1)"
"        Buckets: 1024  Batches: 1  Memory Usage: 15kB"
"        ->  Subquery Scan on ts  (cost=111.04..111.32 rows=10 width=17) (actual time=0.867..0.932 rows=132 loops=1)"
"              ->  GroupAggregate  (cost=111.04..111.22 rows=10 width=17) (actual time=0.865..0.921 rows=132 loops=1)"
"                    Group Key: mrb.dni_terapista"
"                    ->  Sort  (cost=111.04..111.07 rows=10 width=13) (actual time=0.858..0.869 rows=140 loops=1)"
"                          Sort Key: mrb.dni_terapista"
"                          Sort Method: quicksort  Memory: 31kB"
"                          ->  Append  (cost=26.56..110.87 rows=10 width=13) (actual time=0.210..0.761 rows=140 loops=1)"
"                                ->  Hash Join  (cost=26.56..52.36 rows=5 width=13) (actual time=0.209..0.385 rows=76 loops=1)"
"                                      Hash Cond: ((mrb.id_boleta)::text = (mb.id_boleta)::text)"
"                                      ->  Seq Scan on realiza_boleta mrb  (cost=0.00..22.00 rows=1000 width=18) (actual time=0.005..0.080 rows=1000 loops=1)"
"                                      ->  Hash  (cost=26.50..26.50 rows=5 width=13) (actual time=0.195..0.196 rows=76 loops=1)"
"                                            Buckets: 1024  Batches: 1  Memory Usage: 12kB"
"                                            ->  Seq Scan on boleta mb  (cost=0.00..26.50 rows=5 width=13) (actual time=0.016..0.181 rows=76 loops=1)"
"                                                  Filter: (date_part('MONTH'::text, (fecha)::timestamp without time zone) = '10'::double precision)"
"                                                  Rows Removed by Filter: 924"
"                                ->  Hash Join  (cost=32.56..58.36 rows=5 width=13) (actual time=0.198..0.367 rows=64 loops=1)"
"                                      Hash Cond: ((mrf.id_factura)::text = (mf.id_factura)::text)"
"                                      ->  Seq Scan on realiza_factura mrf  (cost=0.00..22.00 rows=1000 width=18) (actual time=0.006..0.080 rows=1000 loops=1)"
"                                      ->  Hash  (cost=32.50..32.50 rows=5 width=13) (actual time=0.182..0.182 rows=64 loops=1)"
"                                            Buckets: 1024  Batches: 1  Memory Usage: 11kB"
"                                            ->  Seq Scan on factura mf  (cost=0.00..32.50 rows=5 width=13) (actual time=0.014..0.172 rows=64 loops=1)"
"                                                  Filter: (date_part('MONTH'::text, (fecha)::timestamp without time zone) = '10'::double precision)"
"                                                  Rows Removed by Filter: 936"
"Planning Time: 0.414 ms"
"Execution Time: 1.204 ms"

ITERACION 4
"Hash Join  (cost=111.44..137.08 rows=10 width=28) (actual time=3.585..4.490 rows=132 loops=1)"
"  Hash Cond: ((t.dni)::text = (ts.dni_terapista)::text)"
"  ->  Seq Scan on terapista t  (cost=0.00..23.00 rows=1000 width=29) (actual time=0.016..0.361 rows=1000 loops=1)"
"  ->  Hash  (cost=111.32..111.32 rows=10 width=17) (actual time=3.463..3.472 rows=132 loops=1)"
"        Buckets: 1024  Batches: 1  Memory Usage: 15kB"
"        ->  Subquery Scan on ts  (cost=111.04..111.32 rows=10 width=17) (actual time=3.049..3.351 rows=132 loops=1)"
"              ->  GroupAggregate  (cost=111.04..111.22 rows=10 width=17) (actual time=3.047..3.298 rows=132 loops=1)"
"                    Group Key: mrb.dni_terapista"
"                    ->  Sort  (cost=111.04..111.07 rows=10 width=13) (actual time=3.034..3.079 rows=140 loops=1)"
"                          Sort Key: mrb.dni_terapista"
"                          Sort Method: quicksort  Memory: 31kB"
"                          ->  Append  (cost=26.56..110.87 rows=10 width=13) (actual time=0.647..2.708 rows=140 loops=1)"
"                                ->  Hash Join  (cost=26.56..52.36 rows=5 width=13) (actual time=0.646..1.453 rows=76 loops=1)"
"                                      Hash Cond: ((mrb.id_boleta)::text = (mb.id_boleta)::text)"
"                                      ->  Seq Scan on realiza_boleta mrb  (cost=0.00..22.00 rows=1000 width=18) (actual time=0.009..0.321 rows=1000 loops=1)"
"                                      ->  Hash  (cost=26.50..26.50 rows=5 width=13) (actual time=0.622..0.623 rows=76 loops=1)"
"                                            Buckets: 1024  Batches: 1  Memory Usage: 12kB"
"                                            ->  Seq Scan on boleta mb  (cost=0.00..26.50 rows=5 width=13) (actual time=0.021..0.578 rows=76 loops=1)"
"                                                  Filter: (date_part('MONTH'::text, (fecha)::timestamp without time zone) = '10'::double precision)"
"                                                  Rows Removed by Filter: 924"
"                                ->  Hash Join  (cost=32.56..58.36 rows=5 width=13) (actual time=0.615..1.220 rows=64 loops=1)"
"                                      Hash Cond: ((mrf.id_factura)::text = (mf.id_factura)::text)"
"                                      ->  Seq Scan on realiza_factura mrf  (cost=0.00..22.00 rows=1000 width=18) (actual time=0.013..0.268 rows=1000 loops=1)"
"                                      ->  Hash  (cost=32.50..32.50 rows=5 width=13) (actual time=0.571..0.572 rows=64 loops=1)"
"                                            Buckets: 1024  Batches: 1  Memory Usage: 11kB"
"                                            ->  Seq Scan on factura mf  (cost=0.00..32.50 rows=5 width=13) (actual time=0.029..0.535 rows=64 loops=1)"
"                                                  Filter: (date_part('MONTH'::text, (fecha)::timestamp without time zone) = '10'::double precision)"
"                                                  Rows Removed by Filter: 936"
"Planning Time: 1.478 ms"
"Execution Time: 4.613 ms"

ITERACION 5
"Hash Join  (cost=111.44..137.08 rows=10 width=28) (actual time=1.261..1.419 rows=132 loops=1)"
"  Hash Cond: ((t.dni)::text = (ts.dni_terapista)::text)"
"  ->  Seq Scan on terapista t  (cost=0.00..23.00 rows=1000 width=29) (actual time=0.007..0.080 rows=1000 loops=1)"
"  ->  Hash  (cost=111.32..111.32 rows=10 width=17) (actual time=1.247..1.249 rows=132 loops=1)"
"        Buckets: 1024  Batches: 1  Memory Usage: 15kB"
"        ->  Subquery Scan on ts  (cost=111.04..111.32 rows=10 width=17) (actual time=1.116..1.214 rows=132 loops=1)"
"              ->  GroupAggregate  (cost=111.04..111.22 rows=10 width=17) (actual time=1.116..1.196 rows=132 loops=1)"
"                    Group Key: mrb.dni_terapista"
"                    ->  Sort  (cost=111.04..111.07 rows=10 width=13) (actual time=1.107..1.121 rows=140 loops=1)"
"                          Sort Key: mrb.dni_terapista"
"                          Sort Method: quicksort  Memory: 31kB"
"                          ->  Append  (cost=26.56..110.87 rows=10 width=13) (actual time=0.213..0.982 rows=140 loops=1)"
"                                ->  Hash Join  (cost=26.56..52.36 rows=5 width=13) (actual time=0.213..0.405 rows=76 loops=1)"
"                                      Hash Cond: ((mrb.id_boleta)::text = (mb.id_boleta)::text)"
"                                      ->  Seq Scan on realiza_boleta mrb  (cost=0.00..22.00 rows=1000 width=18) (actual time=0.004..0.089 rows=1000 loops=1)"
"                                      ->  Hash  (cost=26.50..26.50 rows=5 width=13) (actual time=0.202..0.203 rows=76 loops=1)"
"                                            Buckets: 1024  Batches: 1  Memory Usage: 12kB"
"                                            ->  Seq Scan on boleta mb  (cost=0.00..26.50 rows=5 width=13) (actual time=0.009..0.187 rows=76 loops=1)"
"                                                  Filter: (date_part('MONTH'::text, (fecha)::timestamp without time zone) = '10'::double precision)"
"                                                  Rows Removed by Filter: 924"
"                                ->  Hash Join  (cost=32.56..58.36 rows=5 width=13) (actual time=0.358..0.566 rows=64 loops=1)"
"                                      Hash Cond: ((mrf.id_factura)::text = (mf.id_factura)::text)"
"                                      ->  Seq Scan on realiza_factura mrf  (cost=0.00..22.00 rows=1000 width=18) (actual time=0.006..0.104 rows=1000 loops=1)"
"                                      ->  Hash  (cost=32.50..32.50 rows=5 width=13) (actual time=0.335..0.336 rows=64 loops=1)"
"                                            Buckets: 1024  Batches: 1  Memory Usage: 11kB"
"                                            ->  Seq Scan on factura mf  (cost=0.00..32.50 rows=5 width=13) (actual time=0.015..0.316 rows=64 loops=1)"
"                                                  Filter: (date_part('MONTH'::text, (fecha)::timestamp without time zone) = '10'::double precision)"
"                                                  Rows Removed by Filter: 936"
"Planning Time: 0.489 ms"
"Execution Time: 1.464 ms"

ITERACION 6
"Hash Join  (cost=111.44..137.08 rows=10 width=28) (actual time=4.582..5.274 rows=132 loops=1)"
"  Hash Cond: ((t.dni)::text = (ts.dni_terapista)::text)"
"  ->  Seq Scan on terapista t  (cost=0.00..23.00 rows=1000 width=29) (actual time=0.022..0.286 rows=1000 loops=1)"
"  ->  Hash  (cost=111.32..111.32 rows=10 width=17) (actual time=4.540..4.546 rows=132 loops=1)"
"        Buckets: 1024  Batches: 1  Memory Usage: 15kB"
"        ->  Subquery Scan on ts  (cost=111.04..111.32 rows=10 width=17) (actual time=4.195..4.419 rows=132 loops=1)"
"              ->  GroupAggregate  (cost=111.04..111.22 rows=10 width=17) (actual time=4.193..4.384 rows=132 loops=1)"
"                    Group Key: mrb.dni_terapista"
"                    ->  Sort  (cost=111.04..111.07 rows=10 width=13) (actual time=4.179..4.217 rows=140 loops=1)"
"                          Sort Key: mrb.dni_terapista"
"                          Sort Method: quicksort  Memory: 31kB"
"                          ->  Append  (cost=26.56..110.87 rows=10 width=13) (actual time=0.923..3.843 rows=140 loops=1)"
"                                ->  Hash Join  (cost=26.56..52.36 rows=5 width=13) (actual time=0.921..1.957 rows=76 loops=1)"
"                                      Hash Cond: ((mrb.id_boleta)::text = (mb.id_boleta)::text)"
"                                      ->  Seq Scan on realiza_boleta mrb  (cost=0.00..22.00 rows=1000 width=18) (actual time=0.013..0.406 rows=1000 loops=1)"
"                                      ->  Hash  (cost=26.50..26.50 rows=5 width=13) (actual time=0.891..0.891 rows=76 loops=1)"
"                                            Buckets: 1024  Batches: 1  Memory Usage: 12kB"
"                                            ->  Seq Scan on boleta mb  (cost=0.00..26.50 rows=5 width=13) (actual time=0.030..0.814 rows=76 loops=1)"
"                                                  Filter: (date_part('MONTH'::text, (fecha)::timestamp without time zone) = '10'::double precision)"
"                                                  Rows Removed by Filter: 924"
"                                ->  Hash Join  (cost=32.56..58.36 rows=5 width=13) (actual time=1.063..1.841 rows=64 loops=1)"
"                                      Hash Cond: ((mrf.id_factura)::text = (mf.id_factura)::text)"
"                                      ->  Seq Scan on realiza_factura mrf  (cost=0.00..22.00 rows=1000 width=18) (actual time=0.020..0.308 rows=1000 loops=1)"
"                                      ->  Hash  (cost=32.50..32.50 rows=5 width=13) (actual time=1.008..1.009 rows=64 loops=1)"
"                                            Buckets: 1024  Batches: 1  Memory Usage: 11kB"
"                                            ->  Seq Scan on factura mf  (cost=0.00..32.50 rows=5 width=13) (actual time=0.061..0.940 rows=64 loops=1)"
"                                                  Filter: (date_part('MONTH'::text, (fecha)::timestamp without time zone) = '10'::double precision)"
"                                                  Rows Removed by Filter: 936"
"Planning Time: 1.812 ms"
"Execution Time: 5.429 ms"

ITERACION 7
"Hash Join  (cost=111.44..137.08 rows=10 width=28) (actual time=4.012..4.378 rows=132 loops=1)"
"  Hash Cond: ((t.dni)::text = (ts.dni_terapista)::text)"
"  ->  Seq Scan on terapista t  (cost=0.00..23.00 rows=1000 width=29) (actual time=0.017..0.161 rows=1000 loops=1)"
"  ->  Hash  (cost=111.32..111.32 rows=10 width=17) (actual time=3.977..3.981 rows=132 loops=1)"
"        Buckets: 1024  Batches: 1  Memory Usage: 15kB"
"        ->  Subquery Scan on ts  (cost=111.04..111.32 rows=10 width=17) (actual time=3.666..3.900 rows=132 loops=1)"
"              ->  GroupAggregate  (cost=111.04..111.22 rows=10 width=17) (actual time=3.664..3.854 rows=132 loops=1)"
"                    Group Key: mrb.dni_terapista"
"                    ->  Sort  (cost=111.04..111.07 rows=10 width=13) (actual time=3.651..3.682 rows=140 loops=1)"
"                          Sort Key: mrb.dni_terapista"
"                          Sort Method: quicksort  Memory: 31kB"
"                          ->  Append  (cost=26.56..110.87 rows=10 width=13) (actual time=0.955..3.205 rows=140 loops=1)"
"                                ->  Hash Join  (cost=26.56..52.36 rows=5 width=13) (actual time=0.954..1.720 rows=76 loops=1)"
"                                      Hash Cond: ((mrb.id_boleta)::text = (mb.id_boleta)::text)"
"                                      ->  Seq Scan on realiza_boleta mrb  (cost=0.00..22.00 rows=1000 width=18) (actual time=0.011..0.330 rows=1000 loops=1)"
"                                      ->  Hash  (cost=26.50..26.50 rows=5 width=13) (actual time=0.927..0.928 rows=76 loops=1)"
"                                            Buckets: 1024  Batches: 1  Memory Usage: 12kB"
"                                            ->  Seq Scan on boleta mb  (cost=0.00..26.50 rows=5 width=13) (actual time=0.025..0.867 rows=76 loops=1)"
"                                                  Filter: (date_part('MONTH'::text, (fecha)::timestamp without time zone) = '10'::double precision)"
"                                                  Rows Removed by Filter: 924"
"                                ->  Hash Join  (cost=32.56..58.36 rows=5 width=13) (actual time=0.539..1.445 rows=64 loops=1)"
"                                      Hash Cond: ((mrf.id_factura)::text = (mf.id_factura)::text)"
"                                      ->  Seq Scan on realiza_factura mrf  (cost=0.00..22.00 rows=1000 width=18) (actual time=0.007..0.505 rows=1000 loops=1)"
"                                      ->  Hash  (cost=32.50..32.50 rows=5 width=13) (actual time=0.502..0.503 rows=64 loops=1)"
"                                            Buckets: 1024  Batches: 1  Memory Usage: 11kB"
"                                            ->  Seq Scan on factura mf  (cost=0.00..32.50 rows=5 width=13) (actual time=0.017..0.474 rows=64 loops=1)"
"                                                  Filter: (date_part('MONTH'::text, (fecha)::timestamp without time zone) = '10'::double precision)"
"                                                  Rows Removed by Filter: 936"
"Planning Time: 1.215 ms"
"Execution Time: 4.486 ms"

ITERACION 8
"Hash Join  (cost=111.44..137.08 rows=10 width=28) (actual time=4.539..5.205 rows=132 loops=1)"
"  Hash Cond: ((t.dni)::text = (ts.dni_terapista)::text)"
"  ->  Seq Scan on terapista t  (cost=0.00..23.00 rows=1000 width=29) (actual time=0.032..0.315 rows=1000 loops=1)"
"  ->  Hash  (cost=111.32..111.32 rows=10 width=17) (actual time=4.481..4.490 rows=132 loops=1)"
"        Buckets: 1024  Batches: 1  Memory Usage: 15kB"
"        ->  Subquery Scan on ts  (cost=111.04..111.32 rows=10 width=17) (actual time=4.193..4.413 rows=132 loops=1)"
"              ->  GroupAggregate  (cost=111.04..111.22 rows=10 width=17) (actual time=4.190..4.376 rows=132 loops=1)"
"                    Group Key: mrb.dni_terapista"
"                    ->  Sort  (cost=111.04..111.07 rows=10 width=13) (actual time=4.171..4.209 rows=140 loops=1)"
"                          Sort Key: mrb.dni_terapista"
"                          Sort Method: quicksort  Memory: 31kB"
"                          ->  Append  (cost=26.56..110.87 rows=10 width=13) (actual time=1.444..3.694 rows=140 loops=1)"
"                                ->  Hash Join  (cost=26.56..52.36 rows=5 width=13) (actual time=1.442..2.311 rows=76 loops=1)"
"                                      Hash Cond: ((mrb.id_boleta)::text = (mb.id_boleta)::text)"
"                                      ->  Seq Scan on realiza_boleta mrb  (cost=0.00..22.00 rows=1000 width=18) (actual time=0.019..0.389 rows=1000 loops=1)"
"                                      ->  Hash  (cost=26.50..26.50 rows=5 width=13) (actual time=1.366..1.367 rows=76 loops=1)"
"                                            Buckets: 1024  Batches: 1  Memory Usage: 12kB"
"                                            ->  Seq Scan on boleta mb  (cost=0.00..26.50 rows=5 width=13) (actual time=0.036..1.272 rows=76 loops=1)"
"                                                  Filter: (date_part('MONTH'::text, (fecha)::timestamp without time zone) = '10'::double precision)"
"                                                  Rows Removed by Filter: 924"
"                                ->  Hash Join  (cost=32.56..58.36 rows=5 width=13) (actual time=0.724..1.344 rows=64 loops=1)"
"                                      Hash Cond: ((mrf.id_factura)::text = (mf.id_factura)::text)"
"                                      ->  Seq Scan on realiza_factura mrf  (cost=0.00..22.00 rows=1000 width=18) (actual time=0.013..0.256 rows=1000 loops=1)"
"                                      ->  Hash  (cost=32.50..32.50 rows=5 width=13) (actual time=0.675..0.676 rows=64 loops=1)"
"                                            Buckets: 1024  Batches: 1  Memory Usage: 11kB"
"                                            ->  Seq Scan on factura mf  (cost=0.00..32.50 rows=5 width=13) (actual time=0.031..0.634 rows=64 loops=1)"
"                                                  Filter: (date_part('MONTH'::text, (fecha)::timestamp without time zone) = '10'::double precision)"
"                                                  Rows Removed by Filter: 936"
"Planning Time: 1.767 ms"
"Execution Time: 5.372 ms"

ITERACION 9
"Hash Join  (cost=111.44..137.08 rows=10 width=28) (actual time=2.523..2.786 rows=132 loops=1)"
"  Hash Cond: ((t.dni)::text = (ts.dni_terapista)::text)"
"  ->  Seq Scan on terapista t  (cost=0.00..23.00 rows=1000 width=29) (actual time=0.009..0.117 rows=1000 loops=1)"
"  ->  Hash  (cost=111.32..111.32 rows=10 width=17) (actual time=2.504..2.509 rows=132 loops=1)"
"        Buckets: 1024  Batches: 1  Memory Usage: 15kB"
"        ->  Subquery Scan on ts  (cost=111.04..111.32 rows=10 width=17) (actual time=2.327..2.467 rows=132 loops=1)"
"              ->  GroupAggregate  (cost=111.04..111.22 rows=10 width=17) (actual time=2.326..2.444 rows=132 loops=1)"
"                    Group Key: mrb.dni_terapista"
"                    ->  Sort  (cost=111.04..111.07 rows=10 width=13) (actual time=2.316..2.335 rows=140 loops=1)"
"                          Sort Key: mrb.dni_terapista"
"                          Sort Method: quicksort  Memory: 31kB"
"                          ->  Append  (cost=26.56..110.87 rows=10 width=13) (actual time=0.343..1.759 rows=140 loops=1)"
"                                ->  Hash Join  (cost=26.56..52.36 rows=5 width=13) (actual time=0.342..0.848 rows=76 loops=1)"
"                                      Hash Cond: ((mrb.id_boleta)::text = (mb.id_boleta)::text)"
"                                      ->  Seq Scan on realiza_boleta mrb  (cost=0.00..22.00 rows=1000 width=18) (actual time=0.005..0.199 rows=1000 loops=1)"
"                                      ->  Hash  (cost=26.50..26.50 rows=5 width=13) (actual time=0.329..0.329 rows=76 loops=1)"
"                                            Buckets: 1024  Batches: 1  Memory Usage: 12kB"
"                                            ->  Seq Scan on boleta mb  (cost=0.00..26.50 rows=5 width=13) (actual time=0.012..0.303 rows=76 loops=1)"
"                                                  Filter: (date_part('MONTH'::text, (fecha)::timestamp without time zone) = '10'::double precision)"
"                                                  Rows Removed by Filter: 924"
"                                ->  Hash Join  (cost=32.56..58.36 rows=5 width=13) (actual time=0.466..0.886 rows=64 loops=1)"
"                                      Hash Cond: ((mrf.id_factura)::text = (mf.id_factura)::text)"
"                                      ->  Seq Scan on realiza_factura mrf  (cost=0.00..22.00 rows=1000 width=18) (actual time=0.011..0.186 rows=1000 loops=1)"
"                                      ->  Hash  (cost=32.50..32.50 rows=5 width=13) (actual time=0.435..0.435 rows=64 loops=1)"
"                                            Buckets: 1024  Batches: 1  Memory Usage: 11kB"
"                                            ->  Seq Scan on factura mf  (cost=0.00..32.50 rows=5 width=13) (actual time=0.027..0.407 rows=64 loops=1)"
"                                                  Filter: (date_part('MONTH'::text, (fecha)::timestamp without time zone) = '10'::double precision)"
"                                                  Rows Removed by Filter: 936"
"Planning Time: 0.665 ms"
"Execution Time: 2.850 ms"

ITERACION 10
"Hash Join  (cost=111.44..137.08 rows=10 width=28) (actual time=0.860..1.024 rows=132 loops=1)"
"  Hash Cond: ((t.dni)::text = (ts.dni_terapista)::text)"
"  ->  Seq Scan on terapista t  (cost=0.00..23.00 rows=1000 width=29) (actual time=0.006..0.072 rows=1000 loops=1)"
"  ->  Hash  (cost=111.32..111.32 rows=10 width=17) (actual time=0.849..0.852 rows=132 loops=1)"
"        Buckets: 1024  Batches: 1  Memory Usage: 15kB"
"        ->  Subquery Scan on ts  (cost=111.04..111.32 rows=10 width=17) (actual time=0.775..0.833 rows=132 loops=1)"
"              ->  GroupAggregate  (cost=111.04..111.22 rows=10 width=17) (actual time=0.774..0.824 rows=132 loops=1)"
"                    Group Key: mrb.dni_terapista"
"                    ->  Sort  (cost=111.04..111.07 rows=10 width=13) (actual time=0.770..0.780 rows=140 loops=1)"
"                          Sort Key: mrb.dni_terapista"
"                          Sort Method: quicksort  Memory: 31kB"
"                          ->  Append  (cost=26.56..110.87 rows=10 width=13) (actual time=0.180..0.684 rows=140 loops=1)"
"                                ->  Hash Join  (cost=26.56..52.36 rows=5 width=13) (actual time=0.180..0.343 rows=76 loops=1)"
"                                      Hash Cond: ((mrb.id_boleta)::text = (mb.id_boleta)::text)"
"                                      ->  Seq Scan on realiza_boleta mrb  (cost=0.00..22.00 rows=1000 width=18) (actual time=0.003..0.074 rows=1000 loops=1)"
"                                      ->  Hash  (cost=26.50..26.50 rows=5 width=13) (actual time=0.172..0.173 rows=76 loops=1)"
"                                            Buckets: 1024  Batches: 1  Memory Usage: 12kB"
"                                            ->  Seq Scan on boleta mb  (cost=0.00..26.50 rows=5 width=13) (actual time=0.007..0.159 rows=76 loops=1)"
"                                                  Filter: (date_part('MONTH'::text, (fecha)::timestamp without time zone) = '10'::double precision)"
"                                                  Rows Removed by Filter: 924"
"                                ->  Hash Join  (cost=32.56..58.36 rows=5 width=13) (actual time=0.179..0.333 rows=64 loops=1)"
"                                      Hash Cond: ((mrf.id_factura)::text = (mf.id_factura)::text)"
"                                      ->  Seq Scan on realiza_factura mrf  (cost=0.00..22.00 rows=1000 width=18) (actual time=0.004..0.070 rows=1000 loops=1)"
"                                      ->  Hash  (cost=32.50..32.50 rows=5 width=13) (actual time=0.168..0.168 rows=64 loops=1)"
"                                            Buckets: 1024  Batches: 1  Memory Usage: 11kB"
"                                            ->  Seq Scan on factura mf  (cost=0.00..32.50 rows=5 width=13) (actual time=0.009..0.159 rows=64 loops=1)"
"                                                  Filter: (date_part('MONTH'::text, (fecha)::timestamp without time zone) = '10'::double precision)"
"                                                  Rows Removed by Filter: 936"
"Planning Time: 0.354 ms"
"Execution Time: 1.060 ms"


MIL_I
ITERACION 1
"Hash Join  (cost=111.44..137.08 rows=10 width=28) (actual time=95.428..119.267 rows=132 loops=1)"
"  Hash Cond: ((t.dni)::text = (ts.dni_terapista)::text)"
"  ->  Seq Scan on terapista t  (cost=0.00..23.00 rows=1000 width=29) (actual time=0.185..23.254 rows=1000 loops=1)"
"  ->  Hash  (cost=111.32..111.32 rows=10 width=17) (actual time=95.227..95.239 rows=132 loops=1)"
"        Buckets: 1024  Batches: 1  Memory Usage: 15kB"
"        ->  Subquery Scan on ts  (cost=111.04..111.32 rows=10 width=17) (actual time=94.946..95.164 rows=132 loops=1)"
"              ->  GroupAggregate  (cost=111.04..111.22 rows=10 width=17) (actual time=94.944..95.128 rows=132 loops=1)"
"                    Group Key: mrb.dni_terapista"
"                    ->  Sort  (cost=111.04..111.07 rows=10 width=13) (actual time=94.929..94.967 rows=140 loops=1)"
"                          Sort Key: mrb.dni_terapista"
"                          Sort Method: quicksort  Memory: 31kB"
"                          ->  Append  (cost=26.56..110.87 rows=10 width=13) (actual time=58.375..94.583 rows=140 loops=1)"
"                                ->  Hash Join  (cost=26.56..52.36 rows=5 width=13) (actual time=58.373..78.234 rows=76 loops=1)"
"                                      Hash Cond: ((mrb.id_boleta)::text = (mb.id_boleta)::text)"
"                                      ->  Seq Scan on realiza_boleta mrb  (cost=0.00..22.00 rows=1000 width=18) (actual time=22.345..41.763 rows=1000 loops=1)"
"                                      ->  Hash  (cost=26.50..26.50 rows=5 width=13) (actual time=36.002..36.003 rows=76 loops=1)"
"                                            Buckets: 1024  Batches: 1  Memory Usage: 12kB"
"                                            ->  Seq Scan on boleta mb  (cost=0.00..26.50 rows=5 width=13) (actual time=34.593..35.910 rows=76 loops=1)"
"                                                  Filter: (date_part('MONTH'::text, (fecha)::timestamp without time zone) = '10'::double precision)"
"                                                  Rows Removed by Filter: 924"
"                                ->  Hash Join  (cost=32.56..58.36 rows=5 width=13) (actual time=14.927..16.298 rows=64 loops=1)"
"                                      Hash Cond: ((mrf.id_factura)::text = (mf.id_factura)::text)"
"                                      ->  Seq Scan on realiza_factura mrf  (cost=0.00..22.00 rows=1000 width=18) (actual time=12.777..13.570 rows=1000 loops=1)"
"                                      ->  Hash  (cost=32.50..32.50 rows=5 width=13) (actual time=2.077..2.078 rows=64 loops=1)"
"                                            Buckets: 1024  Batches: 1  Memory Usage: 11kB"
"                                            ->  Seq Scan on factura mf  (cost=0.00..32.50 rows=5 width=13) (actual time=0.329..1.990 rows=64 loops=1)"
"                                                  Filter: (date_part('MONTH'::text, (fecha)::timestamp without time zone) = '10'::double precision)"
"                                                  Rows Removed by Filter: 936"
"Planning Time: 255.879 ms"
"Execution Time: 119.397 ms"

ITERACION 2
"Hash Join  (cost=111.44..137.08 rows=10 width=28) (actual time=3.669..4.280 rows=132 loops=1)"
"  Hash Cond: ((t.dni)::text = (ts.dni_terapista)::text)"
"  ->  Seq Scan on terapista t  (cost=0.00..23.00 rows=1000 width=29) (actual time=0.019..0.252 rows=1000 loops=1)"
"  ->  Hash  (cost=111.32..111.32 rows=10 width=17) (actual time=3.631..3.637 rows=132 loops=1)"
"        Buckets: 1024  Batches: 1  Memory Usage: 15kB"
"        ->  Subquery Scan on ts  (cost=111.04..111.32 rows=10 width=17) (actual time=3.349..3.563 rows=132 loops=1)"
"              ->  GroupAggregate  (cost=111.04..111.22 rows=10 width=17) (actual time=3.347..3.528 rows=132 loops=1)"
"                    Group Key: mrb.dni_terapista"
"                    ->  Sort  (cost=111.04..111.07 rows=10 width=13) (actual time=3.330..3.364 rows=140 loops=1)"
"                          Sort Key: mrb.dni_terapista"
"                          Sort Method: quicksort  Memory: 31kB"
"                          ->  Append  (cost=26.56..110.87 rows=10 width=13) (actual time=0.740..2.821 rows=140 loops=1)"
"                                ->  Hash Join  (cost=26.56..52.36 rows=5 width=13) (actual time=0.738..1.373 rows=76 loops=1)"
"                                      Hash Cond: ((mrb.id_boleta)::text = (mb.id_boleta)::text)"
"                                      ->  Seq Scan on realiza_boleta mrb  (cost=0.00..22.00 rows=1000 width=18) (actual time=0.010..0.246 rows=1000 loops=1)"
"                                      ->  Hash  (cost=26.50..26.50 rows=5 width=13) (actual time=0.712..0.713 rows=76 loops=1)"
"                                            Buckets: 1024  Batches: 1  Memory Usage: 12kB"
"                                            ->  Seq Scan on boleta mb  (cost=0.00..26.50 rows=5 width=13) (actual time=0.023..0.659 rows=76 loops=1)"
"                                                  Filter: (date_part('MONTH'::text, (fecha)::timestamp without time zone) = '10'::double precision)"
"                                                  Rows Removed by Filter: 924"
"                                ->  Hash Join  (cost=32.56..58.36 rows=5 width=13) (actual time=0.845..1.416 rows=64 loops=1)"
"                                      Hash Cond: ((mrf.id_factura)::text = (mf.id_factura)::text)"
"                                      ->  Seq Scan on realiza_factura mrf  (cost=0.00..22.00 rows=1000 width=18) (actual time=0.012..0.249 rows=1000 loops=1)"
"                                      ->  Hash  (cost=32.50..32.50 rows=5 width=13) (actual time=0.801..0.801 rows=64 loops=1)"
"                                            Buckets: 1024  Batches: 1  Memory Usage: 11kB"
"                                            ->  Seq Scan on factura mf  (cost=0.00..32.50 rows=5 width=13) (actual time=0.029..0.745 rows=64 loops=1)"
"                                                  Filter: (date_part('MONTH'::text, (fecha)::timestamp without time zone) = '10'::double precision)"
"                                                  Rows Removed by Filter: 936"
"Planning Time: 1.780 ms"
"Execution Time: 4.397 ms"

ITERACION 3
"Hash Join  (cost=111.44..137.08 rows=10 width=28) (actual time=2.688..3.097 rows=132 loops=1)"
"  Hash Cond: ((t.dni)::text = (ts.dni_terapista)::text)"
"  ->  Seq Scan on terapista t  (cost=0.00..23.00 rows=1000 width=29) (actual time=0.016..0.165 rows=1000 loops=1)"
"  ->  Hash  (cost=111.32..111.32 rows=10 width=17) (actual time=2.658..2.664 rows=132 loops=1)"
"        Buckets: 1024  Batches: 1  Memory Usage: 15kB"
"        ->  Subquery Scan on ts  (cost=111.04..111.32 rows=10 width=17) (actual time=2.413..2.604 rows=132 loops=1)"
"              ->  GroupAggregate  (cost=111.04..111.22 rows=10 width=17) (actual time=2.412..2.576 rows=132 loops=1)"
"                    Group Key: mrb.dni_terapista"
"                    ->  Sort  (cost=111.04..111.07 rows=10 width=13) (actual time=2.402..2.429 rows=140 loops=1)"
"                          Sort Key: mrb.dni_terapista"
"                          Sort Method: quicksort  Memory: 31kB"
"                          ->  Append  (cost=26.56..110.87 rows=10 width=13) (actual time=0.854..2.181 rows=140 loops=1)"
"                                ->  Hash Join  (cost=26.56..52.36 rows=5 width=13) (actual time=0.852..1.279 rows=76 loops=1)"
"                                      Hash Cond: ((mrb.id_boleta)::text = (mb.id_boleta)::text)"
"                                      ->  Seq Scan on realiza_boleta mrb  (cost=0.00..22.00 rows=1000 width=18) (actual time=0.011..0.181 rows=1000 loops=1)"
"                                      ->  Hash  (cost=26.50..26.50 rows=5 width=13) (actual time=0.825..0.826 rows=76 loops=1)"
"                                            Buckets: 1024  Batches: 1  Memory Usage: 12kB"
"                                            ->  Seq Scan on boleta mb  (cost=0.00..26.50 rows=5 width=13) (actual time=0.024..0.763 rows=76 loops=1)"
"                                                  Filter: (date_part('MONTH'::text, (fecha)::timestamp without time zone) = '10'::double precision)"
"                                                  Rows Removed by Filter: 924"
"                                ->  Hash Join  (cost=32.56..58.36 rows=5 width=13) (actual time=0.502..0.880 rows=64 loops=1)"
"                                      Hash Cond: ((mrf.id_factura)::text = (mf.id_factura)::text)"
"                                      ->  Seq Scan on realiza_factura mrf  (cost=0.00..22.00 rows=1000 width=18) (actual time=0.010..0.169 rows=1000 loops=1)"
"                                      ->  Hash  (cost=32.50..32.50 rows=5 width=13) (actual time=0.469..0.469 rows=64 loops=1)"
"                                            Buckets: 1024  Batches: 1  Memory Usage: 11kB"
"                                            ->  Seq Scan on factura mf  (cost=0.00..32.50 rows=5 width=13) (actual time=0.020..0.436 rows=64 loops=1)"
"                                                  Filter: (date_part('MONTH'::text, (fecha)::timestamp without time zone) = '10'::double precision)"
"                                                  Rows Removed by Filter: 936"
"Planning Time: 1.301 ms"
"Execution Time: 3.206 ms"

ITERACION 4
"Hash Join  (cost=111.44..137.08 rows=10 width=28) (actual time=1.629..1.967 rows=132 loops=1)"
"  Hash Cond: ((t.dni)::text = (ts.dni_terapista)::text)"
"  ->  Seq Scan on terapista t  (cost=0.00..23.00 rows=1000 width=29) (actual time=0.009..0.142 rows=1000 loops=1)"
"  ->  Hash  (cost=111.32..111.32 rows=10 width=17) (actual time=1.610..1.615 rows=132 loops=1)"
"        Buckets: 1024  Batches: 1  Memory Usage: 15kB"
"        ->  Subquery Scan on ts  (cost=111.04..111.32 rows=10 width=17) (actual time=1.462..1.576 rows=132 loops=1)"
"              ->  GroupAggregate  (cost=111.04..111.22 rows=10 width=17) (actual time=1.461..1.557 rows=132 loops=1)"
"                    Group Key: mrb.dni_terapista"
"                    ->  Sort  (cost=111.04..111.07 rows=10 width=13) (actual time=1.453..1.472 rows=140 loops=1)"
"                          Sort Key: mrb.dni_terapista"
"                          Sort Method: quicksort  Memory: 31kB"
"                          ->  Append  (cost=26.56..110.87 rows=10 width=13) (actual time=0.311..1.286 rows=140 loops=1)"
"                                ->  Hash Join  (cost=26.56..52.36 rows=5 width=13) (actual time=0.310..0.632 rows=76 loops=1)"
"                                      Hash Cond: ((mrb.id_boleta)::text = (mb.id_boleta)::text)"
"                                      ->  Seq Scan on realiza_boleta mrb  (cost=0.00..22.00 rows=1000 width=18) (actual time=0.005..0.135 rows=1000 loops=1)"
"                                      ->  Hash  (cost=26.50..26.50 rows=5 width=13) (actual time=0.297..0.298 rows=76 loops=1)"
"                                            Buckets: 1024  Batches: 1  Memory Usage: 12kB"
"                                            ->  Seq Scan on boleta mb  (cost=0.00..26.50 rows=5 width=13) (actual time=0.012..0.274 rows=76 loops=1)"
"                                                  Filter: (date_part('MONTH'::text, (fecha)::timestamp without time zone) = '10'::double precision)"
"                                                  Rows Removed by Filter: 924"
"                                ->  Hash Join  (cost=32.56..58.36 rows=5 width=13) (actual time=0.326..0.637 rows=64 loops=1)"
"                                      Hash Cond: ((mrf.id_factura)::text = (mf.id_factura)::text)"
"                                      ->  Seq Scan on realiza_factura mrf  (cost=0.00..22.00 rows=1000 width=18) (actual time=0.006..0.135 rows=1000 loops=1)"
"                                      ->  Hash  (cost=32.50..32.50 rows=5 width=13) (actual time=0.306..0.306 rows=64 loops=1)"
"                                            Buckets: 1024  Batches: 1  Memory Usage: 11kB"
"                                            ->  Seq Scan on factura mf  (cost=0.00..32.50 rows=5 width=13) (actual time=0.015..0.287 rows=64 loops=1)"
"                                                  Filter: (date_part('MONTH'::text, (fecha)::timestamp without time zone) = '10'::double precision)"
"                                                  Rows Removed by Filter: 936"
"Planning Time: 0.673 ms"
"Execution Time: 2.037 ms"

ITERACION 5
"Hash Join  (cost=111.44..137.08 rows=10 width=28) (actual time=4.209..4.897 rows=132 loops=1)"
"  Hash Cond: ((t.dni)::text = (ts.dni_terapista)::text)"
"  ->  Seq Scan on terapista t  (cost=0.00..23.00 rows=1000 width=29) (actual time=0.022..0.282 rows=1000 loops=1)"
"  ->  Hash  (cost=111.32..111.32 rows=10 width=17) (actual time=4.167..4.174 rows=132 loops=1)"
"        Buckets: 1024  Batches: 1  Memory Usage: 15kB"
"        ->  Subquery Scan on ts  (cost=111.04..111.32 rows=10 width=17) (actual time=3.846..4.093 rows=132 loops=1)"
"              ->  GroupAggregate  (cost=111.04..111.22 rows=10 width=17) (actual time=3.843..4.053 rows=132 loops=1)"
"                    Group Key: mrb.dni_terapista"
"                    ->  Sort  (cost=111.04..111.07 rows=10 width=13) (actual time=3.829..3.871 rows=140 loops=1)"
"                          Sort Key: mrb.dni_terapista"
"                          Sort Method: quicksort  Memory: 31kB"
"                          ->  Append  (cost=26.56..110.87 rows=10 width=13) (actual time=1.145..3.444 rows=140 loops=1)"
"                                ->  Hash Join  (cost=26.56..52.36 rows=5 width=13) (actual time=1.143..1.887 rows=76 loops=1)"
"                                      Hash Cond: ((mrb.id_boleta)::text = (mb.id_boleta)::text)"
"                                      ->  Seq Scan on realiza_boleta mrb  (cost=0.00..22.00 rows=1000 width=18) (actual time=0.015..0.305 rows=1000 loops=1)"
"                                      ->  Hash  (cost=26.50..26.50 rows=5 width=13) (actual time=1.106..1.107 rows=76 loops=1)"
"                                            Buckets: 1024  Batches: 1  Memory Usage: 12kB"
"                                            ->  Seq Scan on boleta mb  (cost=0.00..26.50 rows=5 width=13) (actual time=0.031..1.018 rows=76 loops=1)"
"                                                  Filter: (date_part('MONTH'::text, (fecha)::timestamp without time zone) = '10'::double precision)"
"                                                  Rows Removed by Filter: 924"
"                                ->  Hash Join  (cost=32.56..58.36 rows=5 width=13) (actual time=0.880..1.520 rows=64 loops=1)"
"                                      Hash Cond: ((mrf.id_factura)::text = (mf.id_factura)::text)"
"                                      ->  Seq Scan on realiza_factura mrf  (cost=0.00..22.00 rows=1000 width=18) (actual time=0.013..0.277 rows=1000 loops=1)"
"                                      ->  Hash  (cost=32.50..32.50 rows=5 width=13) (actual time=0.825..0.825 rows=64 loops=1)"
"                                            Buckets: 1024  Batches: 1  Memory Usage: 11kB"
"                                            ->  Seq Scan on factura mf  (cost=0.00..32.50 rows=5 width=13) (actual time=0.028..0.769 rows=64 loops=1)"
"                                                  Filter: (date_part('MONTH'::text, (fecha)::timestamp without time zone) = '10'::double precision)"
"                                                  Rows Removed by Filter: 936"
"Planning Time: 1.616 ms"
"Execution Time: 5.045 ms"

ITERACION 6
"Hash Join  (cost=111.44..137.08 rows=10 width=28) (actual time=0.729..0.995 rows=132 loops=1)"
"  Hash Cond: ((t.dni)::text = (ts.dni_terapista)::text)"
"  ->  Seq Scan on terapista t  (cost=0.00..23.00 rows=1000 width=29) (actual time=0.005..0.104 rows=1000 loops=1)"
"  ->  Hash  (cost=111.32..111.32 rows=10 width=17) (actual time=0.718..0.721 rows=132 loops=1)"
"        Buckets: 1024  Batches: 1  Memory Usage: 15kB"
"        ->  Subquery Scan on ts  (cost=111.04..111.32 rows=10 width=17) (actual time=0.636..0.700 rows=132 loops=1)"
"              ->  GroupAggregate  (cost=111.04..111.22 rows=10 width=17) (actual time=0.635..0.689 rows=132 loops=1)"
"                    Group Key: mrb.dni_terapista"
"                    ->  Sort  (cost=111.04..111.07 rows=10 width=13) (actual time=0.632..0.642 rows=140 loops=1)"
"                          Sort Key: mrb.dni_terapista"
"                          Sort Method: quicksort  Memory: 31kB"
"                          ->  Append  (cost=26.56..110.87 rows=10 width=13) (actual time=0.141..0.559 rows=140 loops=1)"
"                                ->  Hash Join  (cost=26.56..52.36 rows=5 width=13) (actual time=0.140..0.276 rows=76 loops=1)"
"                                      Hash Cond: ((mrb.id_boleta)::text = (mb.id_boleta)::text)"
"                                      ->  Seq Scan on realiza_boleta mrb  (cost=0.00..22.00 rows=1000 width=18) (actual time=0.003..0.060 rows=1000 loops=1)"
"                                      ->  Hash  (cost=26.50..26.50 rows=5 width=13) (actual time=0.134..0.134 rows=76 loops=1)"
"                                            Buckets: 1024  Batches: 1  Memory Usage: 12kB"
"                                            ->  Seq Scan on boleta mb  (cost=0.00..26.50 rows=5 width=13) (actual time=0.007..0.123 rows=76 loops=1)"
"                                                  Filter: (date_part('MONTH'::text, (fecha)::timestamp without time zone) = '10'::double precision)"
"                                                  Rows Removed by Filter: 924"
"                                ->  Hash Join  (cost=32.56..58.36 rows=5 width=13) (actual time=0.149..0.276 rows=64 loops=1)"
"                                      Hash Cond: ((mrf.id_factura)::text = (mf.id_factura)::text)"
"                                      ->  Seq Scan on realiza_factura mrf  (cost=0.00..22.00 rows=1000 width=18) (actual time=0.002..0.057 rows=1000 loops=1)"
"                                      ->  Hash  (cost=32.50..32.50 rows=5 width=13) (actual time=0.140..0.140 rows=64 loops=1)"
"                                            Buckets: 1024  Batches: 1  Memory Usage: 11kB"
"                                            ->  Seq Scan on factura mf  (cost=0.00..32.50 rows=5 width=13) (actual time=0.007..0.132 rows=64 loops=1)"
"                                                  Filter: (date_part('MONTH'::text, (fecha)::timestamp without time zone) = '10'::double precision)"
"                                                  Rows Removed by Filter: 936"
"Planning Time: 0.315 ms"
"Execution Time: 1.035 ms"

ITERACION 7
"Hash Join  (cost=111.44..137.08 rows=10 width=28) (actual time=1.165..1.345 rows=132 loops=1)"
"  Hash Cond: ((t.dni)::text = (ts.dni_terapista)::text)"
"  ->  Seq Scan on terapista t  (cost=0.00..23.00 rows=1000 width=29) (actual time=0.006..0.094 rows=1000 loops=1)"
"  ->  Hash  (cost=111.32..111.32 rows=10 width=17) (actual time=1.138..1.141 rows=132 loops=1)"
"        Buckets: 1024  Batches: 1  Memory Usage: 15kB"
"        ->  Subquery Scan on ts  (cost=111.04..111.32 rows=10 width=17) (actual time=1.051..1.121 rows=132 loops=1)"
"              ->  GroupAggregate  (cost=111.04..111.22 rows=10 width=17) (actual time=1.051..1.111 rows=132 loops=1)"
"                    Group Key: mrb.dni_terapista"
"                    ->  Sort  (cost=111.04..111.07 rows=10 width=13) (actual time=1.047..1.056 rows=140 loops=1)"
"                          Sort Key: mrb.dni_terapista"
"                          Sort Method: quicksort  Memory: 31kB"
"                          ->  Append  (cost=26.56..110.87 rows=10 width=13) (actual time=0.328..0.971 rows=140 loops=1)"
"                                ->  Hash Join  (cost=26.56..52.36 rows=5 width=13) (actual time=0.327..0.569 rows=76 loops=1)"
"                                      Hash Cond: ((mrb.id_boleta)::text = (mb.id_boleta)::text)"
"                                      ->  Seq Scan on realiza_boleta mrb  (cost=0.00..22.00 rows=1000 width=18) (actual time=0.004..0.106 rows=1000 loops=1)"
"                                      ->  Hash  (cost=26.50..26.50 rows=5 width=13) (actual time=0.316..0.316 rows=76 loops=1)"
"                                            Buckets: 1024  Batches: 1  Memory Usage: 12kB"
"                                            ->  Seq Scan on boleta mb  (cost=0.00..26.50 rows=5 width=13) (actual time=0.008..0.295 rows=76 loops=1)"
"                                                  Filter: (date_part('MONTH'::text, (fecha)::timestamp without time zone) = '10'::double precision)"
"                                                  Rows Removed by Filter: 924"
"                                ->  Hash Join  (cost=32.56..58.36 rows=5 width=13) (actual time=0.200..0.393 rows=64 loops=1)"
"                                      Hash Cond: ((mrf.id_factura)::text = (mf.id_factura)::text)"
"                                      ->  Seq Scan on realiza_factura mrf  (cost=0.00..22.00 rows=1000 width=18) (actual time=0.003..0.109 rows=1000 loops=1)"
"                                      ->  Hash  (cost=32.50..32.50 rows=5 width=13) (actual time=0.188..0.188 rows=64 loops=1)"
"                                            Buckets: 1024  Batches: 1  Memory Usage: 11kB"
"                                            ->  Seq Scan on factura mf  (cost=0.00..32.50 rows=5 width=13) (actual time=0.009..0.179 rows=64 loops=1)"
"                                                  Filter: (date_part('MONTH'::text, (fecha)::timestamp without time zone) = '10'::double precision)"
"                                                  Rows Removed by Filter: 936"
"Planning Time: 0.522 ms"
"Execution Time: 1.391 ms"

ITERACION 8
"Hash Join  (cost=111.44..137.08 rows=10 width=28) (actual time=5.656..6.966 rows=132 loops=1)"
"  Hash Cond: ((t.dni)::text = (ts.dni_terapista)::text)"
"  ->  Seq Scan on terapista t  (cost=0.00..23.00 rows=1000 width=29) (actual time=0.016..0.490 rows=1000 loops=1)"
"  ->  Hash  (cost=111.32..111.32 rows=10 width=17) (actual time=5.616..5.626 rows=132 loops=1)"
"        Buckets: 1024  Batches: 1  Memory Usage: 15kB"
"        ->  Subquery Scan on ts  (cost=111.04..111.32 rows=10 width=17) (actual time=5.017..5.492 rows=132 loops=1)"
"              ->  GroupAggregate  (cost=111.04..111.22 rows=10 width=17) (actual time=5.015..5.400 rows=132 loops=1)"
"                    Group Key: mrb.dni_terapista"
"                    ->  Sort  (cost=111.04..111.07 rows=10 width=13) (actual time=4.996..5.059 rows=140 loops=1)"
"                          Sort Key: mrb.dni_terapista"
"                          Sort Method: quicksort  Memory: 31kB"
"                          ->  Append  (cost=26.56..110.87 rows=10 width=13) (actual time=0.591..4.264 rows=140 loops=1)"
"                                ->  Hash Join  (cost=26.56..52.36 rows=5 width=13) (actual time=0.590..1.565 rows=76 loops=1)"
"                                      Hash Cond: ((mrb.id_boleta)::text = (mb.id_boleta)::text)"
"                                      ->  Seq Scan on realiza_boleta mrb  (cost=0.00..22.00 rows=1000 width=18) (actual time=0.013..0.385 rows=1000 loops=1)"
"                                      ->  Hash  (cost=26.50..26.50 rows=5 width=13) (actual time=0.561..0.562 rows=76 loops=1)"
"                                            Buckets: 1024  Batches: 1  Memory Usage: 12kB"
"                                            ->  Seq Scan on boleta mb  (cost=0.00..26.50 rows=5 width=13) (actual time=0.030..0.515 rows=76 loops=1)"
"                                                  Filter: (date_part('MONTH'::text, (fecha)::timestamp without time zone) = '10'::double precision)"
"                                                  Rows Removed by Filter: 924"
"                                ->  Hash Join  (cost=32.56..58.36 rows=5 width=13) (actual time=1.495..2.643 rows=64 loops=1)"
"                                      Hash Cond: ((mrf.id_factura)::text = (mf.id_factura)::text)"
"                                      ->  Seq Scan on realiza_factura mrf  (cost=0.00..22.00 rows=1000 width=18) (actual time=0.019..0.469 rows=1000 loops=1)"
"                                      ->  Hash  (cost=32.50..32.50 rows=5 width=13) (actual time=1.420..1.421 rows=64 loops=1)"
"                                            Buckets: 1024  Batches: 1  Memory Usage: 11kB"
"                                            ->  Seq Scan on factura mf  (cost=0.00..32.50 rows=5 width=13) (actual time=0.058..1.345 rows=64 loops=1)"
"                                                  Filter: (date_part('MONTH'::text, (fecha)::timestamp without time zone) = '10'::double precision)"
"                                                  Rows Removed by Filter: 936"
"Planning Time: 1.119 ms"
"Execution Time: 7.108 ms"

ITERACION 9
"Hash Join  (cost=111.44..137.08 rows=10 width=28) (actual time=2.424..2.923 rows=132 loops=1)"
"  Hash Cond: ((t.dni)::text = (ts.dni_terapista)::text)"
"  ->  Seq Scan on terapista t  (cost=0.00..23.00 rows=1000 width=29) (actual time=0.009..0.213 rows=1000 loops=1)"
"  ->  Hash  (cost=111.32..111.32 rows=10 width=17) (actual time=2.402..2.407 rows=132 loops=1)"
"        Buckets: 1024  Batches: 1  Memory Usage: 15kB"
"        ->  Subquery Scan on ts  (cost=111.04..111.32 rows=10 width=17) (actual time=2.168..2.346 rows=132 loops=1)"
"              ->  GroupAggregate  (cost=111.04..111.22 rows=10 width=17) (actual time=2.166..2.310 rows=132 loops=1)"
"                    Group Key: mrb.dni_terapista"
"                    ->  Sort  (cost=111.04..111.07 rows=10 width=13) (actual time=2.154..2.179 rows=140 loops=1)"
"                          Sort Key: mrb.dni_terapista"
"                          Sort Method: quicksort  Memory: 31kB"
"                          ->  Append  (cost=26.56..110.87 rows=10 width=13) (actual time=0.505..1.901 rows=140 loops=1)"
"                                ->  Hash Join  (cost=26.56..52.36 rows=5 width=13) (actual time=0.504..0.972 rows=76 loops=1)"
"                                      Hash Cond: ((mrb.id_boleta)::text = (mb.id_boleta)::text)"
"                                      ->  Seq Scan on realiza_boleta mrb  (cost=0.00..22.00 rows=1000 width=18) (actual time=0.006..0.188 rows=1000 loops=1)"
"                                      ->  Hash  (cost=26.50..26.50 rows=5 width=13) (actual time=0.489..0.490 rows=76 loops=1)"
"                                            Buckets: 1024  Batches: 1  Memory Usage: 12kB"
"                                            ->  Seq Scan on boleta mb  (cost=0.00..26.50 rows=5 width=13) (actual time=0.013..0.456 rows=76 loops=1)"
"                                                  Filter: (date_part('MONTH'::text, (fecha)::timestamp without time zone) = '10'::double precision)"
"                                                  Rows Removed by Filter: 924"
"                                ->  Hash Join  (cost=32.56..58.36 rows=5 width=13) (actual time=0.529..0.906 rows=64 loops=1)"
"                                      Hash Cond: ((mrf.id_factura)::text = (mf.id_factura)::text)"
"                                      ->  Seq Scan on realiza_factura mrf  (cost=0.00..22.00 rows=1000 width=18) (actual time=0.008..0.171 rows=1000 loops=1)"
"                                      ->  Hash  (cost=32.50..32.50 rows=5 width=13) (actual time=0.501..0.502 rows=64 loops=1)"
"                                            Buckets: 1024  Batches: 1  Memory Usage: 11kB"
"                                            ->  Seq Scan on factura mf  (cost=0.00..32.50 rows=5 width=13) (actual time=0.022..0.474 rows=64 loops=1)"
"                                                  Filter: (date_part('MONTH'::text, (fecha)::timestamp without time zone) = '10'::double precision)"
"                                                  Rows Removed by Filter: 936"
"Planning Time: 0.693 ms"
"Execution Time: 3.001 ms"

ITERACION 10
"Hash Join  (cost=111.44..137.08 rows=10 width=28) (actual time=2.328..2.774 rows=132 loops=1)"
"  Hash Cond: ((t.dni)::text = (ts.dni_terapista)::text)"
"  ->  Seq Scan on terapista t  (cost=0.00..23.00 rows=1000 width=29) (actual time=0.012..0.182 rows=1000 loops=1)"
"  ->  Hash  (cost=111.32..111.32 rows=10 width=17) (actual time=2.304..2.307 rows=132 loops=1)"
"        Buckets: 1024  Batches: 1  Memory Usage: 15kB"
"        ->  Subquery Scan on ts  (cost=111.04..111.32 rows=10 width=17) (actual time=2.094..2.255 rows=132 loops=1)"
"              ->  GroupAggregate  (cost=111.04..111.22 rows=10 width=17) (actual time=2.093..2.223 rows=132 loops=1)"
"                    Group Key: mrb.dni_terapista"
"                    ->  Sort  (cost=111.04..111.07 rows=10 width=13) (actual time=2.084..2.106 rows=140 loops=1)"
"                          Sort Key: mrb.dni_terapista"
"                          Sort Method: quicksort  Memory: 31kB"
"                          ->  Append  (cost=26.56..110.87 rows=10 width=13) (actual time=0.464..1.820 rows=140 loops=1)"
"                                ->  Hash Join  (cost=26.56..52.36 rows=5 width=13) (actual time=0.464..0.897 rows=76 loops=1)"
"                                      Hash Cond: ((mrb.id_boleta)::text = (mb.id_boleta)::text)"
"                                      ->  Seq Scan on realiza_boleta mrb  (cost=0.00..22.00 rows=1000 width=18) (actual time=0.008..0.186 rows=1000 loops=1)"
"                                      ->  Hash  (cost=26.50..26.50 rows=5 width=13) (actual time=0.447..0.448 rows=76 loops=1)"
"                                            Buckets: 1024  Batches: 1  Memory Usage: 12kB"
"                                            ->  Seq Scan on boleta mb  (cost=0.00..26.50 rows=5 width=13) (actual time=0.013..0.417 rows=76 loops=1)"
"                                                  Filter: (date_part('MONTH'::text, (fecha)::timestamp without time zone) = '10'::double precision)"
"                                                  Rows Removed by Filter: 924"
"                                ->  Hash Join  (cost=32.56..58.36 rows=5 width=13) (actual time=0.486..0.899 rows=64 loops=1)"
"                                      Hash Cond: ((mrf.id_factura)::text = (mf.id_factura)::text)"
"                                      ->  Seq Scan on realiza_factura mrf  (cost=0.00..22.00 rows=1000 width=18) (actual time=0.012..0.182 rows=1000 loops=1)"
"                                      ->  Hash  (cost=32.50..32.50 rows=5 width=13) (actual time=0.453..0.453 rows=64 loops=1)"
"                                            Buckets: 1024  Batches: 1  Memory Usage: 11kB"
"                                            ->  Seq Scan on factura mf  (cost=0.00..32.50 rows=5 width=13) (actual time=0.029..0.427 rows=64 loops=1)"
"                                                  Filter: (date_part('MONTH'::text, (fecha)::timestamp without time zone) = '10'::double precision)"
"                                                  Rows Removed by Filter: 936"
"Planning Time: 0.676 ms"
"Execution Time: 2.852 ms"


MIL_10
ITERACION 1
"Hash Join  (cost=1119.07..1369.33 rows=100 width=28) (actual time=31.873..38.151 rows=1605 loops=1)"
"  Hash Cond: ((t.dni)::text = (ts.dni_terapista)::text)"
"  ->  Seq Scan on terapista t  (cost=0.00..224.00 rows=10000 width=29) (actual time=0.013..2.360 rows=10000 loops=1)"
"  ->  Hash  (cost=1117.82..1117.82 rows=100 width=17) (actual time=31.842..31.850 rows=1605 loops=1)"
"        Buckets: 2048 (originally 1024)  Batches: 1 (originally 1)  Memory Usage: 93kB"
"        ->  Subquery Scan on ts  (cost=1115.07..1117.82 rows=100 width=17) (actual time=29.292..31.163 rows=1605 loops=1)"
"              ->  GroupAggregate  (cost=1115.07..1116.82 rows=100 width=17) (actual time=29.290..30.866 rows=1605 loops=1)"
"                    Group Key: mrb.dni_terapista"
"                    ->  Sort  (cost=1115.07..1115.32 rows=100 width=13) (actual time=29.274..29.556 rows=1743 loops=1)"
"                          Sort Key: mrb.dni_terapista"
"                          Sort Method: quicksort  Memory: 130kB"
"                          ->  Append  (cost=259.62..1111.75 rows=100 width=13) (actual time=6.982..24.422 rows=1743 loops=1)"
"                                ->  Hash Join  (cost=259.62..524.12 rows=50 width=13) (actual time=6.980..12.567 rows=874 loops=1)"
"                                      Hash Cond: ((mrb.id_boleta)::text = (mb.id_boleta)::text)"
"                                      ->  Seq Scan on realiza_boleta mrb  (cost=0.00..214.00 rows=10000 width=18) (actual time=0.015..2.286 rows=10000 loops=1)"
"                                      ->  Hash  (cost=259.00..259.00 rows=50 width=13) (actual time=6.954..6.955 rows=871 loops=1)"
"                                            Buckets: 1024  Batches: 1  Memory Usage: 47kB"
"                                            ->  Seq Scan on boleta mb  (cost=0.00..259.00 rows=50 width=13) (actual time=0.016..6.473 rows=871 loops=1)"
"                                                  Filter: (date_part('MONTH'::text, (fecha)::timestamp without time zone) = '10'::double precision)"
"                                                  Rows Removed by Filter: 9129"
"                                ->  Hash Join  (cost=321.62..586.12 rows=50 width=13) (actual time=6.041..11.581 rows=869 loops=1)"
"                                      Hash Cond: ((mrf.id_factura)::text = (mf.id_factura)::text)"
"                                      ->  Seq Scan on realiza_factura mrf  (cost=0.00..214.00 rows=10000 width=18) (actual time=0.012..2.130 rows=10000 loops=1)"
"                                      ->  Hash  (cost=321.00..321.00 rows=50 width=13) (actual time=6.008..6.009 rows=868 loops=1)"
"                                            Buckets: 1024  Batches: 1  Memory Usage: 47kB"
"                                            ->  Seq Scan on factura mf  (cost=0.00..321.00 rows=50 width=13) (actual time=0.016..5.257 rows=868 loops=1)"
"                                                  Filter: (date_part('MONTH'::text, (fecha)::timestamp without time zone) = '10'::double precision)"
"                                                  Rows Removed by Filter: 9132"
"Planning Time: 102.224 ms"
"Execution Time: 38.354 ms"

ITERACION 2
"Hash Join  (cost=1119.07..1369.33 rows=100 width=28) (actual time=33.010..37.512 rows=1605 loops=1)"
"  Hash Cond: ((t.dni)::text = (ts.dni_terapista)::text)"
"  ->  Seq Scan on terapista t  (cost=0.00..224.00 rows=10000 width=29) (actual time=0.016..1.702 rows=10000 loops=1)"
"  ->  Hash  (cost=1117.82..1117.82 rows=100 width=17) (actual time=32.977..32.981 rows=1605 loops=1)"
"        Buckets: 2048 (originally 1024)  Batches: 1 (originally 1)  Memory Usage: 93kB"
"        ->  Subquery Scan on ts  (cost=1115.07..1117.82 rows=100 width=17) (actual time=30.104..32.229 rows=1605 loops=1)"
"              ->  GroupAggregate  (cost=1115.07..1116.82 rows=100 width=17) (actual time=30.103..31.877 rows=1605 loops=1)"
"                    Group Key: mrb.dni_terapista"
"                    ->  Sort  (cost=1115.07..1115.32 rows=100 width=13) (actual time=30.092..30.316 rows=1743 loops=1)"
"                          Sort Key: mrb.dni_terapista"
"                          Sort Method: quicksort  Memory: 130kB"
"                          ->  Append  (cost=259.62..1111.75 rows=100 width=13) (actual time=7.280..24.671 rows=1743 loops=1)"
"                                ->  Hash Join  (cost=259.62..524.12 rows=50 width=13) (actual time=7.278..13.828 rows=874 loops=1)"
"                                      Hash Cond: ((mrb.id_boleta)::text = (mb.id_boleta)::text)"
"                                      ->  Seq Scan on realiza_boleta mrb  (cost=0.00..214.00 rows=10000 width=18) (actual time=0.012..2.387 rows=10000 loops=1)"
"                                      ->  Hash  (cost=259.00..259.00 rows=50 width=13) (actual time=7.252..7.253 rows=871 loops=1)"
"                                            Buckets: 1024  Batches: 1  Memory Usage: 47kB"
"                                            ->  Seq Scan on boleta mb  (cost=0.00..259.00 rows=50 width=13) (actual time=0.020..6.697 rows=871 loops=1)"
"                                                  Filter: (date_part('MONTH'::text, (fecha)::timestamp without time zone) = '10'::double precision)"
"                                                  Rows Removed by Filter: 9129"
"                                ->  Hash Join  (cost=321.62..586.12 rows=50 width=13) (actual time=5.574..10.512 rows=869 loops=1)"
"                                      Hash Cond: ((mrf.id_factura)::text = (mf.id_factura)::text)"
"                                      ->  Seq Scan on realiza_factura mrf  (cost=0.00..214.00 rows=10000 width=18) (actual time=0.013..1.803 rows=10000 loops=1)"
"                                      ->  Hash  (cost=321.00..321.00 rows=50 width=13) (actual time=5.542..5.542 rows=868 loops=1)"
"                                            Buckets: 1024  Batches: 1  Memory Usage: 47kB"
"                                            ->  Seq Scan on factura mf  (cost=0.00..321.00 rows=50 width=13) (actual time=0.015..5.177 rows=868 loops=1)"
"                                                  Filter: (date_part('MONTH'::text, (fecha)::timestamp without time zone) = '10'::double precision)"
"                                                  Rows Removed by Filter: 9132"
"Planning Time: 1.536 ms"
"Execution Time: 37.715 ms"

ITERACION 3
"Hash Join  (cost=1119.07..1369.33 rows=100 width=28) (actual time=34.559..40.026 rows=1605 loops=1)"
"  Hash Cond: ((t.dni)::text = (ts.dni_terapista)::text)"
"  ->  Seq Scan on terapista t  (cost=0.00..224.00 rows=10000 width=29) (actual time=0.015..1.938 rows=10000 loops=1)"
"  ->  Hash  (cost=1117.82..1117.82 rows=100 width=17) (actual time=34.526..34.533 rows=1605 loops=1)"
"        Buckets: 2048 (originally 1024)  Batches: 1 (originally 1)  Memory Usage: 93kB"
"        ->  Subquery Scan on ts  (cost=1115.07..1117.82 rows=100 width=17) (actual time=32.471..33.982 rows=1605 loops=1)"
"              ->  GroupAggregate  (cost=1115.07..1116.82 rows=100 width=17) (actual time=32.469..33.748 rows=1605 loops=1)"
"                    Group Key: mrb.dni_terapista"
"                    ->  Sort  (cost=1115.07..1115.32 rows=100 width=13) (actual time=32.456..32.687 rows=1743 loops=1)"
"                          Sort Key: mrb.dni_terapista"
"                          Sort Method: quicksort  Memory: 130kB"
"                          ->  Append  (cost=259.62..1111.75 rows=100 width=13) (actual time=9.027..28.054 rows=1743 loops=1)"
"                                ->  Hash Join  (cost=259.62..524.12 rows=50 width=13) (actual time=9.025..16.243 rows=874 loops=1)"
"                                      Hash Cond: ((mrb.id_boleta)::text = (mb.id_boleta)::text)"
"                                      ->  Seq Scan on realiza_boleta mrb  (cost=0.00..214.00 rows=10000 width=18) (actual time=0.009..2.685 rows=10000 loops=1)"
"                                      ->  Hash  (cost=259.00..259.00 rows=50 width=13) (actual time=9.001..9.002 rows=871 loops=1)"
"                                            Buckets: 1024  Batches: 1  Memory Usage: 47kB"
"                                            ->  Seq Scan on boleta mb  (cost=0.00..259.00 rows=50 width=13) (actual time=0.018..8.175 rows=871 loops=1)"
"                                                  Filter: (date_part('MONTH'::text, (fecha)::timestamp without time zone) = '10'::double precision)"
"                                                  Rows Removed by Filter: 9129"
"                                ->  Hash Join  (cost=321.62..586.12 rows=50 width=13) (actual time=6.108..11.474 rows=869 loops=1)"
"                                      Hash Cond: ((mrf.id_factura)::text = (mf.id_factura)::text)"
"                                      ->  Seq Scan on realiza_factura mrf  (cost=0.00..214.00 rows=10000 width=18) (actual time=0.015..2.036 rows=10000 loops=1)"
"                                      ->  Hash  (cost=321.00..321.00 rows=50 width=13) (actual time=6.068..6.069 rows=868 loops=1)"
"                                            Buckets: 1024  Batches: 1  Memory Usage: 47kB"
"                                            ->  Seq Scan on factura mf  (cost=0.00..321.00 rows=50 width=13) (actual time=0.021..5.596 rows=868 loops=1)"
"                                                  Filter: (date_part('MONTH'::text, (fecha)::timestamp without time zone) = '10'::double precision)"
"                                                  Rows Removed by Filter: 9132"
"Planning Time: 1.254 ms"
"Execution Time: 40.251 ms"

ITERACION 4
"Hash Join  (cost=1119.07..1369.33 rows=100 width=28) (actual time=27.947..33.044 rows=1605 loops=1)"
"  Hash Cond: ((t.dni)::text = (ts.dni_terapista)::text)"
"  ->  Seq Scan on terapista t  (cost=0.00..224.00 rows=10000 width=29) (actual time=0.017..1.860 rows=10000 loops=1)"
"  ->  Hash  (cost=1117.82..1117.82 rows=100 width=17) (actual time=27.913..27.921 rows=1605 loops=1)"
"        Buckets: 2048 (originally 1024)  Batches: 1 (originally 1)  Memory Usage: 93kB"
"        ->  Subquery Scan on ts  (cost=1115.07..1117.82 rows=100 width=17) (actual time=25.134..27.119 rows=1605 loops=1)"
"              ->  GroupAggregate  (cost=1115.07..1116.82 rows=100 width=17) (actual time=25.132..26.822 rows=1605 loops=1)"
"                    Group Key: mrb.dni_terapista"
"                    ->  Sort  (cost=1115.07..1115.32 rows=100 width=13) (actual time=25.116..25.422 rows=1743 loops=1)"
"                          Sort Key: mrb.dni_terapista"
"                          Sort Method: quicksort  Memory: 130kB"
"                          ->  Append  (cost=259.62..1111.75 rows=100 width=13) (actual time=5.669..19.893 rows=1743 loops=1)"
"                                ->  Hash Join  (cost=259.62..524.12 rows=50 width=13) (actual time=5.668..10.320 rows=874 loops=1)"
"                                      Hash Cond: ((mrb.id_boleta)::text = (mb.id_boleta)::text)"
"                                      ->  Seq Scan on realiza_boleta mrb  (cost=0.00..214.00 rows=10000 width=18) (actual time=0.011..1.748 rows=10000 loops=1)"
"                                      ->  Hash  (cost=259.00..259.00 rows=50 width=13) (actual time=5.643..5.644 rows=871 loops=1)"
"                                            Buckets: 1024  Batches: 1  Memory Usage: 47kB"
"                                            ->  Seq Scan on boleta mb  (cost=0.00..259.00 rows=50 width=13) (actual time=0.020..5.167 rows=871 loops=1)"
"                                                  Filter: (date_part('MONTH'::text, (fecha)::timestamp without time zone) = '10'::double precision)"
"                                                  Rows Removed by Filter: 9129"
"                                ->  Hash Join  (cost=321.62..586.12 rows=50 width=13) (actual time=4.514..9.334 rows=869 loops=1)"
"                                      Hash Cond: ((mrf.id_factura)::text = (mf.id_factura)::text)"
"                                      ->  Seq Scan on realiza_factura mrf  (cost=0.00..214.00 rows=10000 width=18) (actual time=0.013..1.797 rows=10000 loops=1)"
"                                      ->  Hash  (cost=321.00..321.00 rows=50 width=13) (actual time=4.478..4.478 rows=868 loops=1)"
"                                            Buckets: 1024  Batches: 1  Memory Usage: 47kB"
"                                            ->  Seq Scan on factura mf  (cost=0.00..321.00 rows=50 width=13) (actual time=0.016..4.128 rows=868 loops=1)"
"                                                  Filter: (date_part('MONTH'::text, (fecha)::timestamp without time zone) = '10'::double precision)"
"                                                  Rows Removed by Filter: 9132"
"Planning Time: 1.331 ms"
"Execution Time: 33.280 ms"

ITERACION 5
"Hash Join  (cost=1119.07..1369.33 rows=100 width=28) (actual time=14.352..16.341 rows=1605 loops=1)"
"  Hash Cond: ((t.dni)::text = (ts.dni_terapista)::text)"
"  ->  Seq Scan on terapista t  (cost=0.00..224.00 rows=10000 width=29) (actual time=0.008..0.750 rows=10000 loops=1)"
"  ->  Hash  (cost=1117.82..1117.82 rows=100 width=17) (actual time=14.335..14.339 rows=1605 loops=1)"
"        Buckets: 2048 (originally 1024)  Batches: 1 (originally 1)  Memory Usage: 93kB"
"        ->  Subquery Scan on ts  (cost=1115.07..1117.82 rows=100 width=17) (actual time=13.311..14.057 rows=1605 loops=1)"
"              ->  GroupAggregate  (cost=1115.07..1116.82 rows=100 width=17) (actual time=13.310..13.946 rows=1605 loops=1)"
"                    Group Key: mrb.dni_terapista"
"                    ->  Sort  (cost=1115.07..1115.32 rows=100 width=13) (actual time=13.303..13.430 rows=1743 loops=1)"
"                          Sort Key: mrb.dni_terapista"
"                          Sort Method: quicksort  Memory: 130kB"
"                          ->  Append  (cost=259.62..1111.75 rows=100 width=13) (actual time=2.649..11.241 rows=1743 loops=1)"
"                                ->  Hash Join  (cost=259.62..524.12 rows=50 width=13) (actual time=2.648..6.423 rows=874 loops=1)"
"                                      Hash Cond: ((mrb.id_boleta)::text = (mb.id_boleta)::text)"
"                                      ->  Seq Scan on realiza_boleta mrb  (cost=0.00..214.00 rows=10000 width=18) (actual time=0.005..1.444 rows=10000 loops=1)"
"                                      ->  Hash  (cost=259.00..259.00 rows=50 width=13) (actual time=2.635..2.636 rows=871 loops=1)"
"                                            Buckets: 1024  Batches: 1  Memory Usage: 47kB"
"                                            ->  Seq Scan on boleta mb  (cost=0.00..259.00 rows=50 width=13) (actual time=0.009..2.419 rows=871 loops=1)"
"                                                  Filter: (date_part('MONTH'::text, (fecha)::timestamp without time zone) = '10'::double precision)"
"                                                  Rows Removed by Filter: 9129"
"                                ->  Hash Join  (cost=321.62..586.12 rows=50 width=13) (actual time=2.549..4.664 rows=869 loops=1)"
"                                      Hash Cond: ((mrf.id_factura)::text = (mf.id_factura)::text)"
"                                      ->  Seq Scan on realiza_factura mrf  (cost=0.00..214.00 rows=10000 width=18) (actual time=0.009..0.852 rows=10000 loops=1)"
"                                      ->  Hash  (cost=321.00..321.00 rows=50 width=13) (actual time=2.525..2.525 rows=868 loops=1)"
"                                            Buckets: 1024  Batches: 1  Memory Usage: 47kB"
"                                            ->  Seq Scan on factura mf  (cost=0.00..321.00 rows=50 width=13) (actual time=0.011..2.343 rows=868 loops=1)"
"                                                  Filter: (date_part('MONTH'::text, (fecha)::timestamp without time zone) = '10'::double precision)"
"                                                  Rows Removed by Filter: 9132"
"Planning Time: 0.743 ms"
"Execution Time: 16.434 ms"

ITERACION 6
"Hash Join  (cost=1119.07..1369.33 rows=100 width=28) (actual time=38.662..43.734 rows=1605 loops=1)"
"  Hash Cond: ((t.dni)::text = (ts.dni_terapista)::text)"
"  ->  Seq Scan on terapista t  (cost=0.00..224.00 rows=10000 width=29) (actual time=0.026..1.846 rows=10000 loops=1)"
"  ->  Hash  (cost=1117.82..1117.82 rows=100 width=17) (actual time=38.612..38.620 rows=1605 loops=1)"
"        Buckets: 2048 (originally 1024)  Batches: 1 (originally 1)  Memory Usage: 93kB"
"        ->  Subquery Scan on ts  (cost=1115.07..1117.82 rows=100 width=17) (actual time=35.895..37.855 rows=1605 loops=1)"
"              ->  GroupAggregate  (cost=1115.07..1116.82 rows=100 width=17) (actual time=35.893..37.554 rows=1605 loops=1)"
"                    Group Key: mrb.dni_terapista"
"                    ->  Sort  (cost=1115.07..1115.32 rows=100 width=13) (actual time=35.877..36.157 rows=1743 loops=1)"
"                          Sort Key: mrb.dni_terapista"
"                          Sort Method: quicksort  Memory: 130kB"
"                          ->  Append  (cost=259.62..1111.75 rows=100 width=13) (actual time=8.456..31.063 rows=1743 loops=1)"
"                                ->  Hash Join  (cost=259.62..524.12 rows=50 width=13) (actual time=8.455..18.503 rows=874 loops=1)"
"                                      Hash Cond: ((mrb.id_boleta)::text = (mb.id_boleta)::text)"
"                                      ->  Seq Scan on realiza_boleta mrb  (cost=0.00..214.00 rows=10000 width=18) (actual time=0.014..3.613 rows=10000 loops=1)"
"                                      ->  Hash  (cost=259.00..259.00 rows=50 width=13) (actual time=8.419..8.421 rows=871 loops=1)"
"                                            Buckets: 1024  Batches: 1  Memory Usage: 47kB"
"                                            ->  Seq Scan on boleta mb  (cost=0.00..259.00 rows=50 width=13) (actual time=0.030..7.739 rows=871 loops=1)"
"                                                  Filter: (date_part('MONTH'::text, (fecha)::timestamp without time zone) = '10'::double precision)"
"                                                  Rows Removed by Filter: 9129"
"                                ->  Hash Join  (cost=321.62..586.12 rows=50 width=13) (actual time=7.058..12.146 rows=869 loops=1)"
"                                      Hash Cond: ((mrf.id_factura)::text = (mf.id_factura)::text)"
"                                      ->  Seq Scan on realiza_factura mrf  (cost=0.00..214.00 rows=10000 width=18) (actual time=0.029..1.908 rows=10000 loops=1)"
"                                      ->  Hash  (cost=321.00..321.00 rows=50 width=13) (actual time=6.999..7.000 rows=868 loops=1)"
"                                            Buckets: 1024  Batches: 1  Memory Usage: 47kB"
"                                            ->  Seq Scan on factura mf  (cost=0.00..321.00 rows=50 width=13) (actual time=0.035..6.441 rows=868 loops=1)"
"                                                  Filter: (date_part('MONTH'::text, (fecha)::timestamp without time zone) = '10'::double precision)"
"                                                  Rows Removed by Filter: 9132"
"Planning Time: 1.840 ms"
"Execution Time: 44.000 ms"

ITERACION 7
"Hash Join  (cost=1119.07..1369.33 rows=100 width=28) (actual time=46.997..51.595 rows=1605 loops=1)"
"  Hash Cond: ((t.dni)::text = (ts.dni_terapista)::text)"
"  ->  Seq Scan on terapista t  (cost=0.00..224.00 rows=10000 width=29) (actual time=0.021..1.671 rows=10000 loops=1)"
"  ->  Hash  (cost=1117.82..1117.82 rows=100 width=17) (actual time=46.954..46.961 rows=1605 loops=1)"
"        Buckets: 2048 (originally 1024)  Batches: 1 (originally 1)  Memory Usage: 93kB"
"        ->  Subquery Scan on ts  (cost=1115.07..1117.82 rows=100 width=17) (actual time=44.160..46.195 rows=1605 loops=1)"
"              ->  GroupAggregate  (cost=1115.07..1116.82 rows=100 width=17) (actual time=44.158..45.903 rows=1605 loops=1)"
"                    Group Key: mrb.dni_terapista"
"                    ->  Sort  (cost=1115.07..1115.32 rows=100 width=13) (actual time=44.141..44.461 rows=1743 loops=1)"
"                          Sort Key: mrb.dni_terapista"
"                          Sort Method: quicksort  Memory: 130kB"
"                          ->  Append  (cost=259.62..1111.75 rows=100 width=13) (actual time=9.678..36.795 rows=1743 loops=1)"
"                                ->  Hash Join  (cost=259.62..524.12 rows=50 width=13) (actual time=9.676..19.640 rows=874 loops=1)"
"                                      Hash Cond: ((mrb.id_boleta)::text = (mb.id_boleta)::text)"
"                                      ->  Seq Scan on realiza_boleta mrb  (cost=0.00..214.00 rows=10000 width=18) (actual time=0.016..3.501 rows=10000 loops=1)"
"                                      ->  Hash  (cost=259.00..259.00 rows=50 width=13) (actual time=9.642..9.643 rows=871 loops=1)"
"                                            Buckets: 1024  Batches: 1  Memory Usage: 47kB"
"                                            ->  Seq Scan on boleta mb  (cost=0.00..259.00 rows=50 width=13) (actual time=0.022..8.927 rows=871 loops=1)"
"                                                  Filter: (date_part('MONTH'::text, (fecha)::timestamp without time zone) = '10'::double precision)"
"                                                  Rows Removed by Filter: 9129"
"                                ->  Hash Join  (cost=321.62..586.12 rows=50 width=13) (actual time=8.274..16.651 rows=869 loops=1)"
"                                      Hash Cond: ((mrf.id_factura)::text = (mf.id_factura)::text)"
"                                      ->  Seq Scan on realiza_factura mrf  (cost=0.00..214.00 rows=10000 width=18) (actual time=0.016..3.101 rows=10000 loops=1)"
"                                      ->  Hash  (cost=321.00..321.00 rows=50 width=13) (actual time=8.224..8.225 rows=868 loops=1)"
"                                            Buckets: 1024  Batches: 1  Memory Usage: 47kB"
"                                            ->  Seq Scan on factura mf  (cost=0.00..321.00 rows=50 width=13) (actual time=0.021..7.610 rows=868 loops=1)"
"                                                  Filter: (date_part('MONTH'::text, (fecha)::timestamp without time zone) = '10'::double precision)"
"                                                  Rows Removed by Filter: 9132"
"Planning Time: 1.148 ms"
"Execution Time: 51.840 ms"

ITERACION 8
"Hash Join  (cost=1119.07..1369.33 rows=100 width=28) (actual time=17.936..19.745 rows=1605 loops=1)"
"  Hash Cond: ((t.dni)::text = (ts.dni_terapista)::text)"
"  ->  Seq Scan on terapista t  (cost=0.00..224.00 rows=10000 width=29) (actual time=0.007..0.679 rows=10000 loops=1)"
"  ->  Hash  (cost=1117.82..1117.82 rows=100 width=17) (actual time=17.920..17.924 rows=1605 loops=1)"
"        Buckets: 2048 (originally 1024)  Batches: 1 (originally 1)  Memory Usage: 93kB"
"        ->  Subquery Scan on ts  (cost=1115.07..1117.82 rows=100 width=17) (actual time=16.925..17.647 rows=1605 loops=1)"
"              ->  GroupAggregate  (cost=1115.07..1116.82 rows=100 width=17) (actual time=16.924..17.535 rows=1605 loops=1)"
"                    Group Key: mrb.dni_terapista"
"                    ->  Sort  (cost=1115.07..1115.32 rows=100 width=13) (actual time=16.916..17.024 rows=1743 loops=1)"
"                          Sort Key: mrb.dni_terapista"
"                          Sort Method: quicksort  Memory: 130kB"
"                          ->  Append  (cost=259.62..1111.75 rows=100 width=13) (actual time=2.666..14.905 rows=1743 loops=1)"
"                                ->  Hash Join  (cost=259.62..524.12 rows=50 width=13) (actual time=2.665..6.762 rows=874 loops=1)"
"                                      Hash Cond: ((mrb.id_boleta)::text = (mb.id_boleta)::text)"
"                                      ->  Seq Scan on realiza_boleta mrb  (cost=0.00..214.00 rows=10000 width=18) (actual time=0.008..1.548 rows=10000 loops=1)"
"                                      ->  Hash  (cost=259.00..259.00 rows=50 width=13) (actual time=2.648..2.648 rows=871 loops=1)"
"                                            Buckets: 1024  Batches: 1  Memory Usage: 47kB"
"                                            ->  Seq Scan on boleta mb  (cost=0.00..259.00 rows=50 width=13) (actual time=0.012..2.425 rows=871 loops=1)"
"                                                  Filter: (date_part('MONTH'::text, (fecha)::timestamp without time zone) = '10'::double precision)"
"                                                  Rows Removed by Filter: 9129"
"                                ->  Hash Join  (cost=321.62..586.12 rows=50 width=13) (actual time=4.509..7.932 rows=869 loops=1)"
"                                      Hash Cond: ((mrf.id_factura)::text = (mf.id_factura)::text)"
"                                      ->  Seq Scan on realiza_factura mrf  (cost=0.00..214.00 rows=10000 width=18) (actual time=0.010..1.260 rows=10000 loops=1)"
"                                      ->  Hash  (cost=321.00..321.00 rows=50 width=13) (actual time=4.484..4.484 rows=868 loops=1)"
"                                            Buckets: 1024  Batches: 1  Memory Usage: 47kB"
"                                            ->  Seq Scan on factura mf  (cost=0.00..321.00 rows=50 width=13) (actual time=0.014..4.179 rows=868 loops=1)"
"                                                  Filter: (date_part('MONTH'::text, (fecha)::timestamp without time zone) = '10'::double precision)"
"                                                  Rows Removed by Filter: 9132"
"Planning Time: 0.660 ms"
"Execution Time: 19.831 ms"

ITERACION 9
"Hash Join  (cost=1119.07..1369.33 rows=100 width=28) (actual time=53.604..63.128 rows=1605 loops=1)"
"  Hash Cond: ((t.dni)::text = (ts.dni_terapista)::text)"
"  ->  Seq Scan on terapista t  (cost=0.00..224.00 rows=10000 width=29) (actual time=0.017..3.265 rows=10000 loops=1)"
"  ->  Hash  (cost=1117.82..1117.82 rows=100 width=17) (actual time=53.566..53.574 rows=1605 loops=1)"
"        Buckets: 2048 (originally 1024)  Batches: 1 (originally 1)  Memory Usage: 93kB"
"        ->  Subquery Scan on ts  (cost=1115.07..1117.82 rows=100 width=17) (actual time=47.411..52.190 rows=1605 loops=1)"
"              ->  GroupAggregate  (cost=1115.07..1116.82 rows=100 width=17) (actual time=47.409..51.355 rows=1605 loops=1)"
"                    Group Key: mrb.dni_terapista"
"                    ->  Sort  (cost=1115.07..1115.32 rows=100 width=13) (actual time=47.387..47.955 rows=1743 loops=1)"
"                          Sort Key: mrb.dni_terapista"
"                          Sort Method: quicksort  Memory: 130kB"
"                          ->  Append  (cost=259.62..1111.75 rows=100 width=13) (actual time=7.342..38.175 rows=1743 loops=1)"
"                                ->  Hash Join  (cost=259.62..524.12 rows=50 width=13) (actual time=7.340..17.531 rows=874 loops=1)"
"                                      Hash Cond: ((mrb.id_boleta)::text = (mb.id_boleta)::text)"
"                                      ->  Seq Scan on realiza_boleta mrb  (cost=0.00..214.00 rows=10000 width=18) (actual time=0.007..3.582 rows=10000 loops=1)"
"                                      ->  Hash  (cost=259.00..259.00 rows=50 width=13) (actual time=7.319..7.320 rows=871 loops=1)"
"                                            Buckets: 1024  Batches: 1  Memory Usage: 47kB"
"                                            ->  Seq Scan on boleta mb  (cost=0.00..259.00 rows=50 width=13) (actual time=0.015..6.711 rows=871 loops=1)"
"                                                  Filter: (date_part('MONTH'::text, (fecha)::timestamp without time zone) = '10'::double precision)"
"                                                  Rows Removed by Filter: 9129"
"                                ->  Hash Join  (cost=321.62..586.12 rows=50 width=13) (actual time=9.897..20.071 rows=869 loops=1)"
"                                      Hash Cond: ((mrf.id_factura)::text = (mf.id_factura)::text)"
"                                      ->  Seq Scan on realiza_factura mrf  (cost=0.00..214.00 rows=10000 width=18) (actual time=0.019..3.606 rows=10000 loops=1)"
"                                      ->  Hash  (cost=321.00..321.00 rows=50 width=13) (actual time=9.847..9.847 rows=868 loops=1)"
"                                            Buckets: 1024  Batches: 1  Memory Usage: 47kB"
"                                            ->  Seq Scan on factura mf  (cost=0.00..321.00 rows=50 width=13) (actual time=0.053..9.166 rows=868 loops=1)"
"                                                  Filter: (date_part('MONTH'::text, (fecha)::timestamp without time zone) = '10'::double precision)"
"                                                  Rows Removed by Filter: 9132"
"Planning Time: 1.124 ms"
"Execution Time: 63.481 ms"

ITERACION 10
"Hash Join  (cost=1119.07..1369.33 rows=100 width=28) (actual time=9.000..10.557 rows=1605 loops=1)"
"  Hash Cond: ((t.dni)::text = (ts.dni_terapista)::text)"
"  ->  Seq Scan on terapista t  (cost=0.00..224.00 rows=10000 width=29) (actual time=0.006..0.584 rows=10000 loops=1)"
"  ->  Hash  (cost=1117.82..1117.82 rows=100 width=17) (actual time=8.988..8.991 rows=1605 loops=1)"
"        Buckets: 2048 (originally 1024)  Batches: 1 (originally 1)  Memory Usage: 93kB"
"        ->  Subquery Scan on ts  (cost=1115.07..1117.82 rows=100 width=17) (actual time=8.147..8.758 rows=1605 loops=1)"
"              ->  GroupAggregate  (cost=1115.07..1116.82 rows=100 width=17) (actual time=8.146..8.664 rows=1605 loops=1)"
"                    Group Key: mrb.dni_terapista"
"                    ->  Sort  (cost=1115.07..1115.32 rows=100 width=13) (actual time=8.140..8.231 rows=1743 loops=1)"
"                          Sort Key: mrb.dni_terapista"
"                          Sort Method: quicksort  Memory: 130kB"
"                          ->  Append  (cost=259.62..1111.75 rows=100 width=13) (actual time=1.891..6.630 rows=1743 loops=1)"
"                                ->  Hash Join  (cost=259.62..524.12 rows=50 width=13) (actual time=1.890..3.462 rows=874 loops=1)"
"                                      Hash Cond: ((mrb.id_boleta)::text = (mb.id_boleta)::text)"
"                                      ->  Seq Scan on realiza_boleta mrb  (cost=0.00..214.00 rows=10000 width=18) (actual time=0.004..0.645 rows=10000 loops=1)"
"                                      ->  Hash  (cost=259.00..259.00 rows=50 width=13) (actual time=1.873..1.874 rows=871 loops=1)"
"                                            Buckets: 1024  Batches: 1  Memory Usage: 47kB"
"                                            ->  Seq Scan on boleta mb  (cost=0.00..259.00 rows=50 width=13) (actual time=0.007..1.731 rows=871 loops=1)"
"                                                  Filter: (date_part('MONTH'::text, (fecha)::timestamp without time zone) = '10'::double precision)"
"                                                  Rows Removed by Filter: 9129"
"                                ->  Hash Join  (cost=321.62..586.12 rows=50 width=13) (actual time=1.512..3.089 rows=869 loops=1)"
"                                      Hash Cond: ((mrf.id_factura)::text = (mf.id_factura)::text)"
"                                      ->  Seq Scan on realiza_factura mrf  (cost=0.00..214.00 rows=10000 width=18) (actual time=0.009..0.615 rows=10000 loops=1)"
"                                      ->  Hash  (cost=321.00..321.00 rows=50 width=13) (actual time=1.491..1.492 rows=868 loops=1)"
"                                            Buckets: 1024  Batches: 1  Memory Usage: 47kB"
"                                            ->  Seq Scan on factura mf  (cost=0.00..321.00 rows=50 width=13) (actual time=0.013..1.386 rows=868 loops=1)"
"                                                  Filter: (date_part('MONTH'::text, (fecha)::timestamp without time zone) = '10'::double precision)"
"                                                  Rows Removed by Filter: 9132"
"Planning Time: 0.496 ms"
"Execution Time: 10.638 ms"

MIL_10_I

ITERACION 1
"Hash Join  (cost=1121.07..1371.33 rows=100 width=28) (actual time=40.718..47.858 rows=1605 loops=1)"
"  Hash Cond: ((t.dni)::text = (ts.dni_terapista)::text)"
"  ->  Seq Scan on terapista t  (cost=0.00..224.00 rows=10000 width=29) (actual time=0.018..2.729 rows=10000 loops=1)"
"  ->  Hash  (cost=1119.82..1119.82 rows=100 width=17) (actual time=40.678..40.686 rows=1605 loops=1)"
"        Buckets: 2048 (originally 1024)  Batches: 1 (originally 1)  Memory Usage: 93kB"
"        ->  Subquery Scan on ts  (cost=1117.07..1119.82 rows=100 width=17) (actual time=36.480..39.637 rows=1605 loops=1)"
"              ->  GroupAggregate  (cost=1117.07..1118.82 rows=100 width=17) (actual time=36.478..39.052 rows=1605 loops=1)"
"                    Group Key: mrb.dni_terapista"
"                    ->  Sort  (cost=1117.07..1117.32 rows=100 width=13) (actual time=36.461..36.877 rows=1743 loops=1)"
"                          Sort Key: mrb.dni_terapista"
"                          Sort Method: quicksort  Memory: 130kB"
"                          ->  Append  (cost=259.62..1113.75 rows=100 width=13) (actual time=8.619..30.389 rows=1743 loops=1)"
"                                ->  Hash Join  (cost=259.62..524.12 rows=50 width=13) (actual time=8.618..19.977 rows=874 loops=1)"
"                                      Hash Cond: ((mrb.id_boleta)::text = (mb.id_boleta)::text)"
"                                      ->  Seq Scan on realiza_boleta mrb  (cost=0.00..214.00 rows=10000 width=18) (actual time=0.025..4.534 rows=10000 loops=1)"
"                                      ->  Hash  (cost=259.00..259.00 rows=50 width=13) (actual time=8.575..8.576 rows=871 loops=1)"
"                                            Buckets: 1024  Batches: 1  Memory Usage: 47kB"
"                                            ->  Seq Scan on boleta mb  (cost=0.00..259.00 rows=50 width=13) (actual time=0.053..7.905 rows=871 loops=1)"
"                                                  Filter: (date_part('MONTH'::text, (fecha)::timestamp without time zone) = '10'::double precision)"
"                                                  Rows Removed by Filter: 9129"
"                                ->  Hash Join  (cost=323.62..588.12 rows=50 width=13) (actual time=4.196..9.980 rows=869 loops=1)"
"                                      Hash Cond: ((mrf.id_factura)::text = (mf.id_factura)::text)"
"                                      ->  Seq Scan on realiza_factura mrf  (cost=0.00..214.00 rows=10000 width=18) (actual time=0.024..2.411 rows=10000 loops=1)"
"                                      ->  Hash  (cost=323.00..323.00 rows=50 width=13) (actual time=4.153..4.154 rows=868 loops=1)"
"                                            Buckets: 1024  Batches: 1  Memory Usage: 47kB"
"                                            ->  Seq Scan on factura mf  (cost=0.00..323.00 rows=50 width=13) (actual time=0.017..3.780 rows=868 loops=1)"
"                                                  Filter: (date_part('MONTH'::text, (fecha)::timestamp without time zone) = '10'::double precision)"
"                                                  Rows Removed by Filter: 9132"
"Planning Time: 90.029 ms"
"Execution Time: 48.126 ms"

ITERACION 2
"Hash Join  (cost=1121.07..1371.33 rows=100 width=28) (actual time=16.790..19.049 rows=1605 loops=1)"
"  Hash Cond: ((t.dni)::text = (ts.dni_terapista)::text)"
"  ->  Seq Scan on terapista t  (cost=0.00..224.00 rows=10000 width=29) (actual time=0.014..0.863 rows=10000 loops=1)"
"  ->  Hash  (cost=1119.82..1119.82 rows=100 width=17) (actual time=16.765..16.771 rows=1605 loops=1)"
"        Buckets: 2048 (originally 1024)  Batches: 1 (originally 1)  Memory Usage: 93kB"
"        ->  Subquery Scan on ts  (cost=1117.07..1119.82 rows=100 width=17) (actual time=15.673..16.471 rows=1605 loops=1)"
"              ->  GroupAggregate  (cost=1117.07..1118.82 rows=100 width=17) (actual time=15.672..16.349 rows=1605 loops=1)"
"                    Group Key: mrb.dni_terapista"
"                    ->  Sort  (cost=1117.07..1117.32 rows=100 width=13) (actual time=15.661..15.785 rows=1743 loops=1)"
"                          Sort Key: mrb.dni_terapista"
"                          Sort Method: quicksort  Memory: 130kB"
"                          ->  Append  (cost=259.62..1113.75 rows=100 width=13) (actual time=4.289..13.059 rows=1743 loops=1)"
"                                ->  Hash Join  (cost=259.62..524.12 rows=50 width=13) (actual time=4.288..6.766 rows=874 loops=1)"
"                                      Hash Cond: ((mrb.id_boleta)::text = (mb.id_boleta)::text)"
"                                      ->  Seq Scan on realiza_boleta mrb  (cost=0.00..214.00 rows=10000 width=18) (actual time=0.009..1.005 rows=10000 loops=1)"
"                                      ->  Hash  (cost=259.00..259.00 rows=50 width=13) (actual time=4.268..4.268 rows=871 loops=1)"
"                                            Buckets: 1024  Batches: 1  Memory Usage: 47kB"
"                                            ->  Seq Scan on boleta mb  (cost=0.00..259.00 rows=50 width=13) (actual time=0.015..3.930 rows=871 loops=1)"
"                                                  Filter: (date_part('MONTH'::text, (fecha)::timestamp without time zone) = '10'::double precision)"
"                                                  Rows Removed by Filter: 9129"
"                                ->  Hash Join  (cost=323.62..588.12 rows=50 width=13) (actual time=2.774..6.140 rows=869 loops=1)"
"                                      Hash Cond: ((mrf.id_factura)::text = (mf.id_factura)::text)"
"                                      ->  Seq Scan on realiza_factura mrf  (cost=0.00..214.00 rows=10000 width=18) (actual time=0.009..1.271 rows=10000 loops=1)"
"                                      ->  Hash  (cost=323.00..323.00 rows=50 width=13) (actual time=2.751..2.751 rows=868 loops=1)"
"                                            Buckets: 1024  Batches: 1  Memory Usage: 47kB"
"                                            ->  Seq Scan on factura mf  (cost=0.00..323.00 rows=50 width=13) (actual time=0.009..2.547 rows=868 loops=1)"
"                                                  Filter: (date_part('MONTH'::text, (fecha)::timestamp without time zone) = '10'::double precision)"
"                                                  Rows Removed by Filter: 9132"
"Planning Time: 0.866 ms"
"Execution Time: 19.177 ms"

ITERACION 3
"Hash Join  (cost=1121.07..1371.33 rows=100 width=28) (actual time=48.563..54.427 rows=1605 loops=1)"
"  Hash Cond: ((t.dni)::text = (ts.dni_terapista)::text)"
"  ->  Seq Scan on terapista t  (cost=0.00..224.00 rows=10000 width=29) (actual time=0.024..2.070 rows=10000 loops=1)"
"  ->  Hash  (cost=1119.82..1119.82 rows=100 width=17) (actual time=48.519..48.525 rows=1605 loops=1)"
"        Buckets: 2048 (originally 1024)  Batches: 1 (originally 1)  Memory Usage: 93kB"
"        ->  Subquery Scan on ts  (cost=1117.07..1119.82 rows=100 width=17) (actual time=44.715..47.611 rows=1605 loops=1)"
"              ->  GroupAggregate  (cost=1117.07..1118.82 rows=100 width=17) (actual time=44.713..47.085 rows=1605 loops=1)"
"                    Group Key: mrb.dni_terapista"
"                    ->  Sort  (cost=1117.07..1117.32 rows=100 width=13) (actual time=44.696..45.052 rows=1743 loops=1)"
"                          Sort Key: mrb.dni_terapista"
"                          Sort Method: quicksort  Memory: 130kB"
"                          ->  Append  (cost=259.62..1113.75 rows=100 width=13) (actual time=10.573..37.339 rows=1743 loops=1)"
"                                ->  Hash Join  (cost=259.62..524.12 rows=50 width=13) (actual time=10.571..17.857 rows=874 loops=1)"
"                                      Hash Cond: ((mrb.id_boleta)::text = (mb.id_boleta)::text)"
"                                      ->  Seq Scan on realiza_boleta mrb  (cost=0.00..214.00 rows=10000 width=18) (actual time=0.017..2.740 rows=10000 loops=1)"
"                                      ->  Hash  (cost=259.00..259.00 rows=50 width=13) (actual time=10.528..10.529 rows=871 loops=1)"
"                                            Buckets: 1024  Batches: 1  Memory Usage: 47kB"
"                                            ->  Seq Scan on boleta mb  (cost=0.00..259.00 rows=50 width=13) (actual time=0.030..9.682 rows=871 loops=1)"
"                                                  Filter: (date_part('MONTH'::text, (fecha)::timestamp without time zone) = '10'::double precision)"
"                                                  Rows Removed by Filter: 9129"
"                                ->  Hash Join  (cost=323.62..588.12 rows=50 width=13) (actual time=9.648..19.018 rows=869 loops=1)"
"                                      Hash Cond: ((mrf.id_factura)::text = (mf.id_factura)::text)"
"                                      ->  Seq Scan on realiza_factura mrf  (cost=0.00..214.00 rows=10000 width=18) (actual time=0.019..3.422 rows=10000 loops=1)"
"                                      ->  Hash  (cost=323.00..323.00 rows=50 width=13) (actual time=9.591..9.592 rows=868 loops=1)"
"                                            Buckets: 1024  Batches: 1  Memory Usage: 47kB"
"                                            ->  Seq Scan on factura mf  (cost=0.00..323.00 rows=50 width=13) (actual time=0.043..8.876 rows=868 loops=1)"
"                                                  Filter: (date_part('MONTH'::text, (fecha)::timestamp without time zone) = '10'::double precision)"
"                                                  Rows Removed by Filter: 9132"
"Planning Time: 1.483 ms"
"Execution Time: 54.718 ms"

ITERACION 4
"Hash Join  (cost=1121.07..1371.33 rows=100 width=28) (actual time=17.271..20.301 rows=1605 loops=1)"
"  Hash Cond: ((t.dni)::text = (ts.dni_terapista)::text)"
"  ->  Seq Scan on terapista t  (cost=0.00..224.00 rows=10000 width=29) (actual time=0.009..1.131 rows=10000 loops=1)"
"  ->  Hash  (cost=1119.82..1119.82 rows=100 width=17) (actual time=17.252..17.258 rows=1605 loops=1)"
"        Buckets: 2048 (originally 1024)  Batches: 1 (originally 1)  Memory Usage: 93kB"
"        ->  Subquery Scan on ts  (cost=1117.07..1119.82 rows=100 width=17) (actual time=15.901..16.882 rows=1605 loops=1)"
"              ->  GroupAggregate  (cost=1117.07..1118.82 rows=100 width=17) (actual time=15.900..16.734 rows=1605 loops=1)"
"                    Group Key: mrb.dni_terapista"
"                    ->  Sort  (cost=1117.07..1117.32 rows=100 width=13) (actual time=15.888..16.042 rows=1743 loops=1)"
"                          Sort Key: mrb.dni_terapista"
"                          Sort Method: quicksort  Memory: 130kB"
"                          ->  Append  (cost=259.62..1113.75 rows=100 width=13) (actual time=3.143..13.029 rows=1743 loops=1)"
"                                ->  Hash Join  (cost=259.62..524.12 rows=50 width=13) (actual time=3.142..7.222 rows=874 loops=1)"
"                                      Hash Cond: ((mrb.id_boleta)::text = (mb.id_boleta)::text)"
"                                      ->  Seq Scan on realiza_boleta mrb  (cost=0.00..214.00 rows=10000 width=18) (actual time=0.008..1.539 rows=10000 loops=1)"
"                                      ->  Hash  (cost=259.00..259.00 rows=50 width=13) (actual time=3.122..3.123 rows=871 loops=1)"
"                                            Buckets: 1024  Batches: 1  Memory Usage: 47kB"
"                                            ->  Seq Scan on boleta mb  (cost=0.00..259.00 rows=50 width=13) (actual time=0.012..2.859 rows=871 loops=1)"
"                                                  Filter: (date_part('MONTH'::text, (fecha)::timestamp without time zone) = '10'::double precision)"
"                                                  Rows Removed by Filter: 9129"
"                                ->  Hash Join  (cost=323.62..588.12 rows=50 width=13) (actual time=2.692..5.624 rows=869 loops=1)"
"                                      Hash Cond: ((mrf.id_factura)::text = (mf.id_factura)::text)"
"                                      ->  Seq Scan on realiza_factura mrf  (cost=0.00..214.00 rows=10000 width=18) (actual time=0.011..1.121 rows=10000 loops=1)"
"                                      ->  Hash  (cost=323.00..323.00 rows=50 width=13) (actual time=2.665..2.666 rows=868 loops=1)"
"                                            Buckets: 1024  Batches: 1  Memory Usage: 47kB"
"                                            ->  Seq Scan on factura mf  (cost=0.00..323.00 rows=50 width=13) (actual time=0.012..2.453 rows=868 loops=1)"
"                                                  Filter: (date_part('MONTH'::text, (fecha)::timestamp without time zone) = '10'::double precision)"
"                                                  Rows Removed by Filter: 9132"
"Planning Time: 0.679 ms"
"Execution Time: 20.436 ms"

ITERACION 5
"Hash Join  (cost=1121.07..1371.33 rows=100 width=28) (actual time=22.156..24.958 rows=1605 loops=1)"
"  Hash Cond: ((t.dni)::text = (ts.dni_terapista)::text)"
"  ->  Seq Scan on terapista t  (cost=0.00..224.00 rows=10000 width=29) (actual time=0.018..1.033 rows=10000 loops=1)"
"  ->  Hash  (cost=1119.82..1119.82 rows=100 width=17) (actual time=22.123..22.128 rows=1605 loops=1)"
"        Buckets: 2048 (originally 1024)  Batches: 1 (originally 1)  Memory Usage: 93kB"
"        ->  Subquery Scan on ts  (cost=1117.07..1119.82 rows=100 width=17) (actual time=20.698..21.740 rows=1605 loops=1)"
"              ->  GroupAggregate  (cost=1117.07..1118.82 rows=100 width=17) (actual time=20.696..21.585 rows=1605 loops=1)"
"                    Group Key: mrb.dni_terapista"
"                    ->  Sort  (cost=1117.07..1117.32 rows=100 width=13) (actual time=20.685..20.854 rows=1743 loops=1)"
"                          Sort Key: mrb.dni_terapista"
"                          Sort Method: quicksort  Memory: 130kB"
"                          ->  Append  (cost=259.62..1113.75 rows=100 width=13) (actual time=7.309..17.816 rows=1743 loops=1)"
"                                ->  Hash Join  (cost=259.62..524.12 rows=50 width=13) (actual time=7.307..10.833 rows=874 loops=1)"
"                                      Hash Cond: ((mrb.id_boleta)::text = (mb.id_boleta)::text)"
"                                      ->  Seq Scan on realiza_boleta mrb  (cost=0.00..214.00 rows=10000 width=18) (actual time=0.011..1.347 rows=10000 loops=1)"
"                                      ->  Hash  (cost=259.00..259.00 rows=50 width=13) (actual time=7.282..7.283 rows=871 loops=1)"
"                                            Buckets: 1024  Batches: 1  Memory Usage: 47kB"
"                                            ->  Seq Scan on boleta mb  (cost=0.00..259.00 rows=50 width=13) (actual time=0.020..6.718 rows=871 loops=1)"
"                                                  Filter: (date_part('MONTH'::text, (fecha)::timestamp without time zone) = '10'::double precision)"
"                                                  Rows Removed by Filter: 9129"
"                                ->  Hash Join  (cost=323.62..588.12 rows=50 width=13) (actual time=3.141..6.798 rows=869 loops=1)"
"                                      Hash Cond: ((mrf.id_factura)::text = (mf.id_factura)::text)"
"                                      ->  Seq Scan on realiza_factura mrf  (cost=0.00..214.00 rows=10000 width=18) (actual time=0.011..1.384 rows=10000 loops=1)"
"                                      ->  Hash  (cost=323.00..323.00 rows=50 width=13) (actual time=3.112..3.112 rows=868 loops=1)"
"                                            Buckets: 1024  Batches: 1  Memory Usage: 47kB"
"                                            ->  Seq Scan on factura mf  (cost=0.00..323.00 rows=50 width=13) (actual time=0.012..2.865 rows=868 loops=1)"
"                                                  Filter: (date_part('MONTH'::text, (fecha)::timestamp without time zone) = '10'::double precision)"
"                                                  Rows Removed by Filter: 9132"
"Planning Time: 1.193 ms"
"Execution Time: 25.125 ms"

ITERACION 6
"Hash Join  (cost=1121.07..1371.33 rows=100 width=28) (actual time=11.514..13.530 rows=1605 loops=1)"
"  Hash Cond: ((t.dni)::text = (ts.dni_terapista)::text)"
"  ->  Seq Scan on terapista t  (cost=0.00..224.00 rows=10000 width=29) (actual time=0.011..0.760 rows=10000 loops=1)"
"  ->  Hash  (cost=1119.82..1119.82 rows=100 width=17) (actual time=11.495..11.498 rows=1605 loops=1)"
"        Buckets: 2048 (originally 1024)  Batches: 1 (originally 1)  Memory Usage: 93kB"
"        ->  Subquery Scan on ts  (cost=1117.07..1119.82 rows=100 width=17) (actual time=10.552..11.242 rows=1605 loops=1)"
"              ->  GroupAggregate  (cost=1117.07..1118.82 rows=100 width=17) (actual time=10.551..11.135 rows=1605 loops=1)"
"                    Group Key: mrb.dni_terapista"
"                    ->  Sort  (cost=1117.07..1117.32 rows=100 width=13) (actual time=10.545..10.648 rows=1743 loops=1)"
"                          Sort Key: mrb.dni_terapista"
"                          Sort Method: quicksort  Memory: 130kB"
"                          ->  Append  (cost=259.62..1113.75 rows=100 width=13) (actual time=3.302..8.854 rows=1743 loops=1)"
"                                ->  Hash Join  (cost=259.62..524.12 rows=50 width=13) (actual time=3.301..5.203 rows=874 loops=1)"
"                                      Hash Cond: ((mrb.id_boleta)::text = (mb.id_boleta)::text)"
"                                      ->  Seq Scan on realiza_boleta mrb  (cost=0.00..214.00 rows=10000 width=18) (actual time=0.007..0.784 rows=10000 loops=1)"
"                                      ->  Hash  (cost=259.00..259.00 rows=50 width=13) (actual time=3.285..3.286 rows=871 loops=1)"
"                                            Buckets: 1024  Batches: 1  Memory Usage: 47kB"
"                                            ->  Seq Scan on boleta mb  (cost=0.00..259.00 rows=50 width=13) (actual time=0.011..3.034 rows=871 loops=1)"
"                                                  Filter: (date_part('MONTH'::text, (fecha)::timestamp without time zone) = '10'::double precision)"
"                                                  Rows Removed by Filter: 9129"
"                                ->  Hash Join  (cost=323.62..588.12 rows=50 width=13) (actual time=1.814..3.559 rows=869 loops=1)"
"                                      Hash Cond: ((mrf.id_factura)::text = (mf.id_factura)::text)"
"                                      ->  Seq Scan on realiza_factura mrf  (cost=0.00..214.00 rows=10000 width=18) (actual time=0.012..0.686 rows=10000 loops=1)"
"                                      ->  Hash  (cost=323.00..323.00 rows=50 width=13) (actual time=1.789..1.789 rows=868 loops=1)"
"                                            Buckets: 1024  Batches: 1  Memory Usage: 47kB"
"                                            ->  Seq Scan on factura mf  (cost=0.00..323.00 rows=50 width=13) (actual time=0.010..1.654 rows=868 loops=1)"
"                                                  Filter: (date_part('MONTH'::text, (fecha)::timestamp without time zone) = '10'::double precision)"
"                                                  Rows Removed by Filter: 9132"
"Planning Time: 0.651 ms"
"Execution Time: 13.629 ms"

ITERACION 7
"Hash Join  (cost=1121.07..1371.33 rows=100 width=28) (actual time=8.755..10.325 rows=1605 loops=1)"
"  Hash Cond: ((t.dni)::text = (ts.dni_terapista)::text)"
"  ->  Seq Scan on terapista t  (cost=0.00..224.00 rows=10000 width=29) (actual time=0.010..0.603 rows=10000 loops=1)"
"  ->  Hash  (cost=1119.82..1119.82 rows=100 width=17) (actual time=8.738..8.741 rows=1605 loops=1)"
"        Buckets: 2048 (originally 1024)  Batches: 1 (originally 1)  Memory Usage: 93kB"
"        ->  Subquery Scan on ts  (cost=1117.07..1119.82 rows=100 width=17) (actual time=7.923..8.517 rows=1605 loops=1)"
"              ->  GroupAggregate  (cost=1117.07..1118.82 rows=100 width=17) (actual time=7.923..8.425 rows=1605 loops=1)"
"                    Group Key: mrb.dni_terapista"
"                    ->  Sort  (cost=1117.07..1117.32 rows=100 width=13) (actual time=7.917..8.005 rows=1743 loops=1)"
"                          Sort Key: mrb.dni_terapista"
"                          Sort Method: quicksort  Memory: 130kB"
"                          ->  Append  (cost=259.62..1113.75 rows=100 width=13) (actual time=1.468..6.440 rows=1743 loops=1)"
"                                ->  Hash Join  (cost=259.62..524.12 rows=50 width=13) (actual time=1.467..3.002 rows=874 loops=1)"
"                                      Hash Cond: ((mrb.id_boleta)::text = (mb.id_boleta)::text)"
"                                      ->  Seq Scan on realiza_boleta mrb  (cost=0.00..214.00 rows=10000 width=18) (actual time=0.004..0.604 rows=10000 loops=1)"
"                                      ->  Hash  (cost=259.00..259.00 rows=50 width=13) (actual time=1.458..1.459 rows=871 loops=1)"
"                                            Buckets: 1024  Batches: 1  Memory Usage: 47kB"
"                                            ->  Seq Scan on boleta mb  (cost=0.00..259.00 rows=50 width=13) (actual time=0.009..1.337 rows=871 loops=1)"
"                                                  Filter: (date_part('MONTH'::text, (fecha)::timestamp without time zone) = '10'::double precision)"
"                                                  Rows Removed by Filter: 9129"
"                                ->  Hash Join  (cost=323.62..588.12 rows=50 width=13) (actual time=1.691..3.360 rows=869 loops=1)"
"                                      Hash Cond: ((mrf.id_factura)::text = (mf.id_factura)::text)"
"                                      ->  Seq Scan on realiza_factura mrf  (cost=0.00..214.00 rows=10000 width=18) (actual time=0.006..0.690 rows=10000 loops=1)"
"                                      ->  Hash  (cost=323.00..323.00 rows=50 width=13) (actual time=1.674..1.674 rows=868 loops=1)"
"                                            Buckets: 1024  Batches: 1  Memory Usage: 47kB"
"                                            ->  Seq Scan on factura mf  (cost=0.00..323.00 rows=50 width=13) (actual time=0.005..1.551 rows=868 loops=1)"
"                                                  Filter: (date_part('MONTH'::text, (fecha)::timestamp without time zone) = '10'::double precision)"
"                                                  Rows Removed by Filter: 9132"
"Planning Time: 0.463 ms"
"Execution Time: 10.394 ms"

ITERACION 8
"Hash Join  (cost=1121.07..1371.33 rows=100 width=28) (actual time=15.194..17.946 rows=1605 loops=1)"
"  Hash Cond: ((t.dni)::text = (ts.dni_terapista)::text)"
"  ->  Seq Scan on terapista t  (cost=0.00..224.00 rows=10000 width=29) (actual time=0.013..1.006 rows=10000 loops=1)"
"  ->  Hash  (cost=1119.82..1119.82 rows=100 width=17) (actual time=15.169..15.174 rows=1605 loops=1)"
"        Buckets: 2048 (originally 1024)  Batches: 1 (originally 1)  Memory Usage: 93kB"
"        ->  Subquery Scan on ts  (cost=1117.07..1119.82 rows=100 width=17) (actual time=13.780..14.799 rows=1605 loops=1)"
"              ->  GroupAggregate  (cost=1117.07..1118.82 rows=100 width=17) (actual time=13.779..14.645 rows=1605 loops=1)"
"                    Group Key: mrb.dni_terapista"
"                    ->  Sort  (cost=1117.07..1117.32 rows=100 width=13) (actual time=13.769..13.942 rows=1743 loops=1)"
"                          Sort Key: mrb.dni_terapista"
"                          Sort Method: quicksort  Memory: 130kB"
"                          ->  Append  (cost=259.62..1113.75 rows=100 width=13) (actual time=3.443..11.378 rows=1743 loops=1)"
"                                ->  Hash Join  (cost=259.62..524.12 rows=50 width=13) (actual time=3.442..6.706 rows=874 loops=1)"
"                                      Hash Cond: ((mrb.id_boleta)::text = (mb.id_boleta)::text)"
"                                      ->  Seq Scan on realiza_boleta mrb  (cost=0.00..214.00 rows=10000 width=18) (actual time=0.008..1.359 rows=10000 loops=1)"
"                                      ->  Hash  (cost=259.00..259.00 rows=50 width=13) (actual time=3.423..3.424 rows=871 loops=1)"
"                                            Buckets: 1024  Batches: 1  Memory Usage: 47kB"
"                                            ->  Seq Scan on boleta mb  (cost=0.00..259.00 rows=50 width=13) (actual time=0.017..3.150 rows=871 loops=1)"
"                                                  Filter: (date_part('MONTH'::text, (fecha)::timestamp without time zone) = '10'::double precision)"
"                                                  Rows Removed by Filter: 9129"
"                                ->  Hash Join  (cost=323.62..588.12 rows=50 width=13) (actual time=2.255..4.537 rows=869 loops=1)"
"                                      Hash Cond: ((mrf.id_factura)::text = (mf.id_factura)::text)"
"                                      ->  Seq Scan on realiza_factura mrf  (cost=0.00..214.00 rows=10000 width=18) (actual time=0.012..0.895 rows=10000 loops=1)"
"                                      ->  Hash  (cost=323.00..323.00 rows=50 width=13) (actual time=2.230..2.230 rows=868 loops=1)"
"                                            Buckets: 1024  Batches: 1  Memory Usage: 47kB"
"                                            ->  Seq Scan on factura mf  (cost=0.00..323.00 rows=50 width=13) (actual time=0.015..2.054 rows=868 loops=1)"
"                                                  Filter: (date_part('MONTH'::text, (fecha)::timestamp without time zone) = '10'::double precision)"
"                                                  Rows Removed by Filter: 9132"
"Planning Time: 0.901 ms"
"Execution Time: 18.082 ms"

ITERACION 9
"Hash Join  (cost=1121.07..1371.33 rows=100 width=28) (actual time=48.315..52.243 rows=1605 loops=1)"
"  Hash Cond: ((t.dni)::text = (ts.dni_terapista)::text)"
"  ->  Seq Scan on terapista t  (cost=0.00..224.00 rows=10000 width=29) (actual time=0.023..1.481 rows=10000 loops=1)"
"  ->  Hash  (cost=1119.82..1119.82 rows=100 width=17) (actual time=48.269..48.274 rows=1605 loops=1)"
"        Buckets: 2048 (originally 1024)  Batches: 1 (originally 1)  Memory Usage: 93kB"
"        ->  Subquery Scan on ts  (cost=1117.07..1119.82 rows=100 width=17) (actual time=46.573..47.790 rows=1605 loops=1)"
"              ->  GroupAggregate  (cost=1117.07..1118.82 rows=100 width=17) (actual time=46.572..47.608 rows=1605 loops=1)"
"                    Group Key: mrb.dni_terapista"
"                    ->  Sort  (cost=1117.07..1117.32 rows=100 width=13) (actual time=46.556..46.758 rows=1743 loops=1)"
"                          Sort Key: mrb.dni_terapista"
"                          Sort Method: quicksort  Memory: 130kB"
"                          ->  Append  (cost=259.62..1113.75 rows=100 width=13) (actual time=11.929..41.503 rows=1743 loops=1)"
"                                ->  Hash Join  (cost=259.62..524.12 rows=50 width=13) (actual time=11.927..25.212 rows=874 loops=1)"
"                                      Hash Cond: ((mrb.id_boleta)::text = (mb.id_boleta)::text)"
"                                      ->  Seq Scan on realiza_boleta mrb  (cost=0.00..214.00 rows=10000 width=18) (actual time=0.015..4.522 rows=10000 loops=1)"
"                                      ->  Hash  (cost=259.00..259.00 rows=50 width=13) (actual time=11.891..11.891 rows=871 loops=1)"
"                                            Buckets: 1024  Batches: 1  Memory Usage: 47kB"
"                                            ->  Seq Scan on boleta mb  (cost=0.00..259.00 rows=50 width=13) (actual time=0.027..10.990 rows=871 loops=1)"
"                                                  Filter: (date_part('MONTH'::text, (fecha)::timestamp without time zone) = '10'::double precision)"
"                                                  Rows Removed by Filter: 9129"
"                                ->  Hash Join  (cost=323.62..588.12 rows=50 width=13) (actual time=8.874..15.729 rows=869 loops=1)"
"                                      Hash Cond: ((mrf.id_factura)::text = (mf.id_factura)::text)"
"                                      ->  Seq Scan on realiza_factura mrf  (cost=0.00..214.00 rows=10000 width=18) (actual time=0.018..2.574 rows=10000 loops=1)"
"                                      ->  Hash  (cost=323.00..323.00 rows=50 width=13) (actual time=8.831..8.831 rows=868 loops=1)"
"                                            Buckets: 1024  Batches: 1  Memory Usage: 47kB"
"                                            ->  Seq Scan on factura mf  (cost=0.00..323.00 rows=50 width=13) (actual time=0.023..8.210 rows=868 loops=1)"
"                                                  Filter: (date_part('MONTH'::text, (fecha)::timestamp without time zone) = '10'::double precision)"
"                                                  Rows Removed by Filter: 9132"
"Planning Time: 1.872 ms"
"Execution Time: 52.458 ms"

ITERACION 10
"Hash Join  (cost=1121.07..1371.33 rows=100 width=28) (actual time=28.821..33.463 rows=1605 loops=1)"
"  Hash Cond: ((t.dni)::text = (ts.dni_terapista)::text)"
"  ->  Seq Scan on terapista t  (cost=0.00..224.00 rows=10000 width=29) (actual time=0.015..1.652 rows=10000 loops=1)"
"  ->  Hash  (cost=1119.82..1119.82 rows=100 width=17) (actual time=28.792..28.798 rows=1605 loops=1)"
"        Buckets: 2048 (originally 1024)  Batches: 1 (originally 1)  Memory Usage: 93kB"
"        ->  Subquery Scan on ts  (cost=1117.07..1119.82 rows=100 width=17) (actual time=25.802..27.907 rows=1605 loops=1)"
"              ->  GroupAggregate  (cost=1117.07..1118.82 rows=100 width=17) (actual time=25.801..27.513 rows=1605 loops=1)"
"                    Group Key: mrb.dni_terapista"
"                    ->  Sort  (cost=1117.07..1117.32 rows=100 width=13) (actual time=25.790..26.052 rows=1743 loops=1)"
"                          Sort Key: mrb.dni_terapista"
"                          Sort Method: quicksort  Memory: 130kB"
"                          ->  Append  (cost=259.62..1113.75 rows=100 width=13) (actual time=5.235..20.664 rows=1743 loops=1)"
"                                ->  Hash Join  (cost=259.62..524.12 rows=50 width=13) (actual time=5.234..11.067 rows=874 loops=1)"
"                                      Hash Cond: ((mrb.id_boleta)::text = (mb.id_boleta)::text)"
"                                      ->  Seq Scan on realiza_boleta mrb  (cost=0.00..214.00 rows=10000 width=18) (actual time=0.008..2.099 rows=10000 loops=1)"
"                                      ->  Hash  (cost=259.00..259.00 rows=50 width=13) (actual time=5.215..5.216 rows=871 loops=1)"
"                                            Buckets: 1024  Batches: 1  Memory Usage: 47kB"
"                                            ->  Seq Scan on boleta mb  (cost=0.00..259.00 rows=50 width=13) (actual time=0.016..4.807 rows=871 loops=1)"
"                                                  Filter: (date_part('MONTH'::text, (fecha)::timestamp without time zone) = '10'::double precision)"
"                                                  Rows Removed by Filter: 9129"
"                                ->  Hash Join  (cost=323.62..588.12 rows=50 width=13) (actual time=4.635..9.312 rows=869 loops=1)"
"                                      Hash Cond: ((mrf.id_factura)::text = (mf.id_factura)::text)"
"                                      ->  Seq Scan on realiza_factura mrf  (cost=0.00..214.00 rows=10000 width=18) (actual time=0.011..1.616 rows=10000 loops=1)"
"                                      ->  Hash  (cost=323.00..323.00 rows=50 width=13) (actual time=4.606..4.606 rows=868 loops=1)"
"                                            Buckets: 1024  Batches: 1  Memory Usage: 47kB"
"                                            ->  Seq Scan on factura mf  (cost=0.00..323.00 rows=50 width=13) (actual time=0.014..4.279 rows=868 loops=1)"
"                                                  Filter: (date_part('MONTH'::text, (fecha)::timestamp without time zone) = '10'::double precision)"
"                                                  Rows Removed by Filter: 9132"
"Planning Time: 1.331 ms"
"Execution Time: 33.660 ms"

MIL_100
ITERACION 1
"Nested Loop  (cost=10000.48..11530.57 rows=200 width=28) (actual time=1090.729..2115.945 rows=15669 loops=1)"
"  ->  Finalize GroupAggregate  (cost=10000.06..10057.57 rows=200 width=17) (actual time=1065.911..1091.048 rows=15669 loops=1)"
"        Group Key: mrb.dni_terapista"
"        ->  Gather Merge  (cost=10000.06..10053.57 rows=400 width=17) (actual time=1065.900..1081.453 rows=16476 loops=1)"
"              Workers Planned: 2"
"              Workers Launched: 2"
"              ->  Partial GroupAggregate  (cost=9000.04..9007.38 rows=200 width=17) (actual time=1040.605..1044.632 rows=5492 loops=3)"
"                    Group Key: mrb.dni_terapista"
"                    ->  Sort  (cost=9000.04..9001.82 rows=712 width=13) (actual time=1040.588..1041.493 rows=5682 loops=3)"
"                          Sort Key: mrb.dni_terapista"
"                          Sort Method: quicksort  Memory: 406kB"
"                          Worker 0:  Sort Method: quicksort  Memory: 282kB"
"                          Worker 1:  Sort Method: quicksort  Memory: 784kB"
"                          ->  Parallel Append  (cost=2494.09..8966.31 rows=712 width=13) (actual time=550.485..1020.727 rows=5682 loops=3)"
"                                ->  Hash Join  (cost=2590.25..4525.04 rows=296 width=13) (actual time=225.174..390.154 rows=2850 loops=3)"
"                                      Hash Cond: ((mrb.id_boleta)::text = (mb.id_boleta)::text)"
"                                      ->  Parallel Seq Scan on realiza_boleta mrb  (cost=0.00..1711.24 rows=58824 width=18) (actual time=47.839..192.876 rows=33333 loops=3)"
"                                      ->  Hash  (cost=2584.00..2584.00 rows=500 width=13) (actual time=177.260..177.261 rows=8476 loops=3)"
"                                            Buckets: 16384 (originally 1024)  Batches: 1 (originally 1)  Memory Usage: 501kB"
"                                            ->  Seq Scan on boleta mb  (cost=0.00..2584.00 rows=500 width=13) (actual time=9.858..172.124 rows=8476 loops=3)"
"                                                  Filter: (date_part('MONTH'::text, (fecha)::timestamp without time zone) = '10'::double precision)"
"                                                  Rows Removed by Filter: 91524"
"                                ->  Parallel Hash Join  (cost=2494.09..4427.65 rows=296 width=13) (actual time=581.061..943.661 rows=4247 loops=2)"
"                                      Hash Cond: ((mrf.id_factura)::text = (mf.id_factura)::text)"
"                                      ->  Parallel Seq Scan on realiza_factura mrf  (cost=0.00..1711.24 rows=58824 width=18) (actual time=25.326..352.004 rows=50000 loops=2)"
"                                      ->  Parallel Hash  (cost=2490.41..2490.41 rows=294 width=13) (actual time=555.223..555.223 rows=4218 loops=2)"
"                                            Buckets: 8192 (originally 1024)  Batches: 1 (originally 1)  Memory Usage: 568kB"
"                                            ->  Parallel Seq Scan on factura mf  (cost=0.00..2490.41 rows=294 width=13) (actual time=4.485..518.371 rows=4218 loops=2)"
"                                                  Filter: (date_part('MONTH'::text, (fecha)::timestamp without time zone) = '10'::double precision)"
"                                                  Rows Removed by Filter: 45782"
"  ->  Index Scan using pk_terapista on terapista t  (cost=0.42..7.36 rows=1 width=29) (actual time=0.065..0.065 rows=1 loops=15669)"
"        Index Cond: ((dni)::text = (mrb.dni_terapista)::text)"
"Planning Time: 276.295 ms"
"Execution Time: 2117.601 ms"

ITERACION 2
"Nested Loop  (cost=10000.48..11530.57 rows=200 width=28) (actual time=57.437..127.102 rows=15669 loops=1)"
"  ->  Finalize GroupAggregate  (cost=10000.06..10057.57 rows=200 width=17) (actual time=57.418..73.233 rows=15669 loops=1)"
"        Group Key: mrb.dni_terapista"
"        ->  Gather Merge  (cost=10000.06..10053.57 rows=400 width=17) (actual time=57.414..67.983 rows=16522 loops=1)"
"              Workers Planned: 2"
"              Workers Launched: 2"
"              ->  Partial GroupAggregate  (cost=9000.04..9007.38 rows=200 width=17) (actual time=53.720..56.654 rows=5507 loops=3)"
"                    Group Key: mrb.dni_terapista"
"                    ->  Sort  (cost=9000.04..9001.82 rows=712 width=13) (actual time=53.710..54.426 rows=5682 loops=3)"
"                          Sort Key: mrb.dni_terapista"
"                          Sort Method: quicksort  Memory: 460kB"
"                          Worker 0:  Sort Method: quicksort  Memory: 415kB"
"                          Worker 1:  Sort Method: quicksort  Memory: 502kB"
"                          ->  Parallel Append  (cost=2494.09..8966.31 rows=712 width=13) (actual time=15.309..42.147 rows=5682 loops=3)"
"                                ->  Hash Join  (cost=2590.25..4525.04 rows=296 width=13) (actual time=18.278..26.841 rows=2850 loops=3)"
"                                      Hash Cond: ((mrb.id_boleta)::text = (mb.id_boleta)::text)"
"                                      ->  Parallel Seq Scan on realiza_boleta mrb  (cost=0.00..1711.24 rows=58824 width=18) (actual time=0.008..3.380 rows=33333 loops=3)"
"                                      ->  Hash  (cost=2584.00..2584.00 rows=500 width=13) (actual time=18.246..18.247 rows=8476 loops=3)"
"                                            Buckets: 16384 (originally 1024)  Batches: 1 (originally 1)  Memory Usage: 501kB"
"                                            ->  Seq Scan on boleta mb  (cost=0.00..2584.00 rows=500 width=13) (actual time=0.031..16.543 rows=8476 loops=3)"
"                                                  Filter: (date_part('MONTH'::text, (fecha)::timestamp without time zone) = '10'::double precision)"
"                                                  Rows Removed by Filter: 91524"
"                                ->  Parallel Hash Join  (cost=2494.09..4427.65 rows=296 width=13) (actual time=12.194..22.488 rows=4247 loops=2)"
"                                      Hash Cond: ((mrf.id_factura)::text = (mf.id_factura)::text)"
"                                      ->  Parallel Seq Scan on realiza_factura mrf  (cost=0.00..1711.24 rows=58824 width=18) (actual time=0.008..3.853 rows=50000 loops=2)"
"                                      ->  Parallel Hash  (cost=2490.41..2490.41 rows=294 width=13) (actual time=12.044..12.044 rows=4218 loops=2)"
"                                            Buckets: 8192 (originally 1024)  Batches: 1 (originally 1)  Memory Usage: 568kB"
"                                            ->  Parallel Seq Scan on factura mf  (cost=0.00..2490.41 rows=294 width=13) (actual time=0.012..10.163 rows=4218 loops=2)"
"                                                  Filter: (date_part('MONTH'::text, (fecha)::timestamp without time zone) = '10'::double precision)"
"                                                  Rows Removed by Filter: 45782"
"  ->  Index Scan using pk_terapista on terapista t  (cost=0.42..7.36 rows=1 width=29) (actual time=0.003..0.003 rows=1 loops=15669)"
"        Index Cond: ((dni)::text = (mrb.dni_terapista)::text)"
"Planning Time: 0.385 ms"
"Execution Time: 127.741 ms"

ITERACION 3
"Nested Loop  (cost=10000.48..11530.57 rows=200 width=28) (actual time=83.565..153.910 rows=15669 loops=1)"
"  ->  Finalize GroupAggregate  (cost=10000.06..10057.57 rows=200 width=17) (actual time=83.547..98.759 rows=15669 loops=1)"
"        Group Key: mrb.dni_terapista"
"        ->  Gather Merge  (cost=10000.06..10053.57 rows=400 width=17) (actual time=83.538..93.474 rows=16511 loops=1)"
"              Workers Planned: 2"
"              Workers Launched: 2"
"              ->  Partial GroupAggregate  (cost=9000.04..9007.38 rows=200 width=17) (actual time=76.887..79.672 rows=5504 loops=3)"
"                    Group Key: mrb.dni_terapista"
"                    ->  Sort  (cost=9000.04..9001.82 rows=712 width=13) (actual time=76.881..77.600 rows=5682 loops=3)"
"                          Sort Key: mrb.dni_terapista"
"                          Sort Method: quicksort  Memory: 389kB"
"                          Worker 0:  Sort Method: quicksort  Memory: 429kB"
"                          Worker 1:  Sort Method: quicksort  Memory: 558kB"
"                          ->  Parallel Append  (cost=2494.09..8966.31 rows=712 width=13) (actual time=24.164..69.374 rows=5682 loops=3)"
"                                ->  Hash Join  (cost=2590.25..4525.04 rows=296 width=13) (actual time=28.435..40.581 rows=2850 loops=3)"
"                                      Hash Cond: ((mrb.id_boleta)::text = (mb.id_boleta)::text)"
"                                      ->  Parallel Seq Scan on realiza_boleta mrb  (cost=0.00..1711.24 rows=58824 width=18) (actual time=0.012..4.481 rows=33333 loops=3)"
"                                      ->  Hash  (cost=2584.00..2584.00 rows=500 width=13) (actual time=28.387..28.388 rows=8476 loops=3)"
"                                            Buckets: 16384 (originally 1024)  Batches: 1 (originally 1)  Memory Usage: 501kB"
"                                            ->  Seq Scan on boleta mb  (cost=0.00..2584.00 rows=500 width=13) (actual time=0.044..25.824 rows=8476 loops=3)"
"                                                  Filter: (date_part('MONTH'::text, (fecha)::timestamp without time zone) = '10'::double precision)"
"                                                  Rows Removed by Filter: 91524"
"                                ->  Parallel Hash Join  (cost=2494.09..4427.65 rows=296 width=13) (actual time=20.373..42.282 rows=4247 loops=2)"
"                                      Hash Cond: ((mrf.id_factura)::text = (mf.id_factura)::text)"
"                                      ->  Parallel Seq Scan on realiza_factura mrf  (cost=0.00..1711.24 rows=58824 width=18) (actual time=0.011..7.776 rows=50000 loops=2)"
"                                      ->  Parallel Hash  (cost=2490.41..2490.41 rows=294 width=13) (actual time=20.110..20.111 rows=4218 loops=2)"
"                                            Buckets: 8192 (originally 1024)  Batches: 1 (originally 1)  Memory Usage: 568kB"
"                                            ->  Parallel Seq Scan on factura mf  (cost=0.00..2490.41 rows=294 width=13) (actual time=0.019..15.465 rows=4218 loops=2)"
"                                                  Filter: (date_part('MONTH'::text, (fecha)::timestamp without time zone) = '10'::double precision)"
"                                                  Rows Removed by Filter: 45782"
"  ->  Index Scan using pk_terapista on terapista t  (cost=0.42..7.36 rows=1 width=29) (actual time=0.003..0.003 rows=1 loops=15669)"
"        Index Cond: ((dni)::text = (mrb.dni_terapista)::text)"
"Planning Time: 0.868 ms"
"Execution Time: 154.659 ms"

ITERACION 4
"Nested Loop  (cost=10000.48..11530.57 rows=200 width=28) (actual time=72.613..151.335 rows=15669 loops=1)"
"  ->  Finalize GroupAggregate  (cost=10000.06..10057.57 rows=200 width=17) (actual time=72.561..90.106 rows=15669 loops=1)"
"        Group Key: mrb.dni_terapista"
"        ->  Gather Merge  (cost=10000.06..10053.57 rows=400 width=17) (actual time=72.544..84.037 rows=16526 loops=1)"
"              Workers Planned: 2"
"              Workers Launched: 2"
"              ->  Partial GroupAggregate  (cost=9000.04..9007.38 rows=200 width=17) (actual time=61.648..64.777 rows=5509 loops=3)"
"                    Group Key: mrb.dni_terapista"
"                    ->  Sort  (cost=9000.04..9001.82 rows=712 width=13) (actual time=61.635..62.408 rows=5682 loops=3)"
"                          Sort Key: mrb.dni_terapista"
"                          Sort Method: quicksort  Memory: 414kB"
"                          Worker 0:  Sort Method: quicksort  Memory: 415kB"
"                          Worker 1:  Sort Method: quicksort  Memory: 548kB"
"                          ->  Parallel Append  (cost=2494.09..8966.31 rows=712 width=13) (actual time=23.174..53.901 rows=5682 loops=3)"
"                                ->  Hash Join  (cost=2590.25..4525.04 rows=296 width=13) (actual time=19.951..28.479 rows=2850 loops=3)"
"                                      Hash Cond: ((mrb.id_boleta)::text = (mb.id_boleta)::text)"
"                                      ->  Parallel Seq Scan on realiza_boleta mrb  (cost=0.00..1711.24 rows=58824 width=18) (actual time=0.009..3.206 rows=33333 loops=3)"
"                                      ->  Hash  (cost=2584.00..2584.00 rows=500 width=13) (actual time=19.906..19.907 rows=8476 loops=3)"
"                                            Buckets: 16384 (originally 1024)  Batches: 1 (originally 1)  Memory Usage: 501kB"
"                                            ->  Seq Scan on boleta mb  (cost=0.00..2584.00 rows=500 width=13) (actual time=0.051..18.067 rows=8476 loops=3)"
"                                                  Filter: (date_part('MONTH'::text, (fecha)::timestamp without time zone) = '10'::double precision)"
"                                                  Rows Removed by Filter: 91524"
"                                ->  Parallel Hash Join  (cost=2494.09..4427.65 rows=296 width=13) (actual time=21.393..37.479 rows=4247 loops=2)"
"                                      Hash Cond: ((mrf.id_factura)::text = (mf.id_factura)::text)"
"                                      ->  Parallel Seq Scan on realiza_factura mrf  (cost=0.00..1711.24 rows=58824 width=18) (actual time=0.005..5.775 rows=50000 loops=2)"
"                                      ->  Parallel Hash  (cost=2490.41..2490.41 rows=294 width=13) (actual time=21.091..21.091 rows=4218 loops=2)"
"                                            Buckets: 8192 (originally 1024)  Batches: 1 (originally 1)  Memory Usage: 536kB"
"                                            ->  Parallel Seq Scan on factura mf  (cost=0.00..2490.41 rows=294 width=13) (actual time=0.024..17.403 rows=4218 loops=2)"
"                                                  Filter: (date_part('MONTH'::text, (fecha)::timestamp without time zone) = '10'::double precision)"
"                                                  Rows Removed by Filter: 45782"
"  ->  Index Scan using pk_terapista on terapista t  (cost=0.42..7.36 rows=1 width=29) (actual time=0.004..0.004 rows=1 loops=15669)"
"        Index Cond: ((dni)::text = (mrb.dni_terapista)::text)"
"Planning Time: 1.286 ms"
"Execution Time: 152.123 ms"

ITERACION 5
"Nested Loop  (cost=10000.48..11530.57 rows=200 width=28) (actual time=67.753..138.393 rows=15669 loops=1)"
"  ->  Finalize GroupAggregate  (cost=10000.06..10057.57 rows=200 width=17) (actual time=67.726..83.493 rows=15669 loops=1)"
"        Group Key: mrb.dni_terapista"
"        ->  Gather Merge  (cost=10000.06..10053.57 rows=400 width=17) (actual time=67.701..78.197 rows=16493 loops=1)"
"              Workers Planned: 2"
"              Workers Launched: 2"
"              ->  Partial GroupAggregate  (cost=9000.04..9007.38 rows=200 width=17) (actual time=60.011..63.144 rows=5498 loops=3)"
"                    Group Key: mrb.dni_terapista"
"                    ->  Sort  (cost=9000.04..9001.82 rows=712 width=13) (actual time=59.999..60.756 rows=5682 loops=3)"
"                          Sort Key: mrb.dni_terapista"
"                          Sort Method: quicksort  Memory: 447kB"
"                          Worker 0:  Sort Method: quicksort  Memory: 565kB"
"                          Worker 1:  Sort Method: quicksort  Memory: 268kB"
"                          ->  Parallel Append  (cost=2494.09..8966.31 rows=712 width=13) (actual time=23.160..51.888 rows=5682 loops=3)"
"                                ->  Hash Join  (cost=2590.25..4525.04 rows=296 width=13) (actual time=19.752..28.352 rows=2850 loops=3)"
"                                      Hash Cond: ((mrb.id_boleta)::text = (mb.id_boleta)::text)"
"                                      ->  Parallel Seq Scan on realiza_boleta mrb  (cost=0.00..1711.24 rows=58824 width=18) (actual time=0.009..3.236 rows=33333 loops=3)"
"                                      ->  Hash  (cost=2584.00..2584.00 rows=500 width=13) (actual time=19.710..19.711 rows=8476 loops=3)"
"                                            Buckets: 16384 (originally 1024)  Batches: 1 (originally 1)  Memory Usage: 501kB"
"                                            ->  Seq Scan on boleta mb  (cost=0.00..2584.00 rows=500 width=13) (actual time=0.037..17.797 rows=8476 loops=3)"
"                                                  Filter: (date_part('MONTH'::text, (fecha)::timestamp without time zone) = '10'::double precision)"
"                                                  Rows Removed by Filter: 91524"
"                                ->  Parallel Hash Join  (cost=2494.09..4427.65 rows=296 width=13) (actual time=22.250..34.751 rows=4247 loops=2)"
"                                      Hash Cond: ((mrf.id_factura)::text = (mf.id_factura)::text)"
"                                      ->  Parallel Seq Scan on realiza_factura mrf  (cost=0.00..1711.24 rows=58824 width=18) (actual time=0.008..4.638 rows=50000 loops=2)"
"                                      ->  Parallel Hash  (cost=2490.41..2490.41 rows=294 width=13) (actual time=21.970..21.971 rows=4218 loops=2)"
"                                            Buckets: 8192 (originally 1024)  Batches: 1 (originally 1)  Memory Usage: 536kB"
"                                            ->  Parallel Seq Scan on factura mf  (cost=0.00..2490.41 rows=294 width=13) (actual time=0.022..18.471 rows=4218 loops=2)"
"                                                  Filter: (date_part('MONTH'::text, (fecha)::timestamp without time zone) = '10'::double precision)"
"                                                  Rows Removed by Filter: 45782"
"  ->  Index Scan using pk_terapista on terapista t  (cost=0.42..7.36 rows=1 width=29) (actual time=0.003..0.003 rows=1 loops=15669)"
"        Index Cond: ((dni)::text = (mrb.dni_terapista)::text)"
"Planning Time: 0.680 ms"
"Execution Time: 139.047 ms"

ITERACION 6
"Nested Loop  (cost=10000.48..11530.57 rows=200 width=28) (actual time=72.278..141.663 rows=15669 loops=1)"
"  ->  Finalize GroupAggregate  (cost=10000.06..10057.57 rows=200 width=17) (actual time=72.229..87.566 rows=15669 loops=1)"
"        Group Key: mrb.dni_terapista"
"        ->  Gather Merge  (cost=10000.06..10053.57 rows=400 width=17) (actual time=72.218..82.375 rows=16478 loops=1)"
"              Workers Planned: 2"
"              Workers Launched: 2"
"              ->  Partial GroupAggregate  (cost=9000.04..9007.38 rows=200 width=17) (actual time=61.878..64.545 rows=5493 loops=3)"
"                    Group Key: mrb.dni_terapista"
"                    ->  Sort  (cost=9000.04..9001.82 rows=712 width=13) (actual time=61.856..62.632 rows=5682 loops=3)"
"                          Sort Key: mrb.dni_terapista"
"                          Sort Method: quicksort  Memory: 426kB"
"                          Worker 0:  Sort Method: quicksort  Memory: 782kB"
"                          Worker 1:  Sort Method: quicksort  Memory: 264kB"
"                          ->  Parallel Append  (cost=2494.09..8966.31 rows=712 width=13) (actual time=23.224..53.349 rows=5682 loops=3)"
"                                ->  Hash Join  (cost=2590.25..4525.04 rows=296 width=13) (actual time=20.800..28.240 rows=2850 loops=3)"
"                                      Hash Cond: ((mrb.id_boleta)::text = (mb.id_boleta)::text)"
"                                      ->  Parallel Seq Scan on realiza_boleta mrb  (cost=0.00..1711.24 rows=58824 width=18) (actual time=0.010..2.789 rows=33333 loops=3)"
"                                      ->  Hash  (cost=2584.00..2584.00 rows=500 width=13) (actual time=20.759..20.760 rows=8476 loops=3)"
"                                            Buckets: 16384 (originally 1024)  Batches: 1 (originally 1)  Memory Usage: 501kB"
"                                            ->  Seq Scan on boleta mb  (cost=0.00..2584.00 rows=500 width=13) (actual time=0.037..18.877 rows=8476 loops=3)"
"                                                  Filter: (date_part('MONTH'::text, (fecha)::timestamp without time zone) = '10'::double precision)"
"                                                  Rows Removed by Filter: 91524"
"                                ->  Parallel Hash Join  (cost=2494.09..4427.65 rows=296 width=13) (actual time=21.029..37.075 rows=4247 loops=2)"
"                                      Hash Cond: ((mrf.id_factura)::text = (mf.id_factura)::text)"
"                                      ->  Parallel Seq Scan on realiza_factura mrf  (cost=0.00..1711.24 rows=58824 width=18) (actual time=0.009..5.767 rows=50000 loops=2)"
"                                      ->  Parallel Hash  (cost=2490.41..2490.41 rows=294 width=13) (actual time=20.679..20.680 rows=4218 loops=2)"
"                                            Buckets: 8192 (originally 1024)  Batches: 1 (originally 1)  Memory Usage: 536kB"
"                                            ->  Parallel Seq Scan on factura mf  (cost=0.00..2490.41 rows=294 width=13) (actual time=0.025..17.689 rows=4218 loops=2)"
"                                                  Filter: (date_part('MONTH'::text, (fecha)::timestamp without time zone) = '10'::double precision)"
"                                                  Rows Removed by Filter: 45782"
"  ->  Index Scan using pk_terapista on terapista t  (cost=0.42..7.36 rows=1 width=29) (actual time=0.003..0.003 rows=1 loops=15669)"
"        Index Cond: ((dni)::text = (mrb.dni_terapista)::text)"
"Planning Time: 0.849 ms"
"Execution Time: 142.403 ms"

ITERACION 7
"Nested Loop  (cost=10000.48..11530.57 rows=200 width=28) (actual time=112.674..186.235 rows=15669 loops=1)"
"  ->  Finalize GroupAggregate  (cost=10000.06..10057.57 rows=200 width=17) (actual time=112.654..128.527 rows=15669 loops=1)"
"        Group Key: mrb.dni_terapista"
"        ->  Gather Merge  (cost=10000.06..10053.57 rows=400 width=17) (actual time=112.648..122.927 rows=16487 loops=1)"
"              Workers Planned: 2"
"              Workers Launched: 2"
"              ->  Partial GroupAggregate  (cost=9000.04..9007.38 rows=200 width=17) (actual time=101.290..104.267 rows=5496 loops=3)"
"                    Group Key: mrb.dni_terapista"
"                    ->  Sort  (cost=9000.04..9001.82 rows=712 width=13) (actual time=101.280..102.076 rows=5682 loops=3)"
"                          Sort Key: mrb.dni_terapista"
"                          Sort Method: quicksort  Memory: 391kB"
"                          Worker 0:  Sort Method: quicksort  Memory: 392kB"
"                          Worker 1:  Sort Method: quicksort  Memory: 785kB"
"                          ->  Parallel Append  (cost=2494.09..8966.31 rows=712 width=13) (actual time=44.565..92.673 rows=5682 loops=3)"
"                                ->  Hash Join  (cost=2590.25..4525.04 rows=296 width=13) (actual time=36.096..45.729 rows=2850 loops=3)"
"                                      Hash Cond: ((mrb.id_boleta)::text = (mb.id_boleta)::text)"
"                                      ->  Parallel Seq Scan on realiza_boleta mrb  (cost=0.00..1711.24 rows=58824 width=18) (actual time=0.014..3.610 rows=33333 loops=3)"
"                                      ->  Hash  (cost=2584.00..2584.00 rows=500 width=13) (actual time=36.031..36.032 rows=8476 loops=3)"
"                                            Buckets: 16384 (originally 1024)  Batches: 1 (originally 1)  Memory Usage: 501kB"
"                                            ->  Seq Scan on boleta mb  (cost=0.00..2584.00 rows=500 width=13) (actual time=0.060..32.986 rows=8476 loops=3)"
"                                                  Filter: (date_part('MONTH'::text, (fecha)::timestamp without time zone) = '10'::double precision)"
"                                                  Rows Removed by Filter: 91524"
"                                ->  Parallel Hash Join  (cost=2494.09..4427.65 rows=296 width=13) (actual time=40.764..69.569 rows=4247 loops=2)"
"                                      Hash Cond: ((mrf.id_factura)::text = (mf.id_factura)::text)"
"                                      ->  Parallel Seq Scan on realiza_factura mrf  (cost=0.00..1711.24 rows=58824 width=18) (actual time=0.015..10.395 rows=50000 loops=2)"
"                                      ->  Parallel Hash  (cost=2490.41..2490.41 rows=294 width=13) (actual time=40.343..40.344 rows=4218 loops=2)"
"                                            Buckets: 8192 (originally 1024)  Batches: 1 (originally 1)  Memory Usage: 568kB"
"                                            ->  Parallel Seq Scan on factura mf  (cost=0.00..2490.41 rows=294 width=13) (actual time=0.028..33.938 rows=4218 loops=2)"
"                                                  Filter: (date_part('MONTH'::text, (fecha)::timestamp without time zone) = '10'::double precision)"
"                                                  Rows Removed by Filter: 45782"
"  ->  Index Scan using pk_terapista on terapista t  (cost=0.42..7.36 rows=1 width=29) (actual time=0.003..0.003 rows=1 loops=15669)"
"        Index Cond: ((dni)::text = (mrb.dni_terapista)::text)"
"Planning Time: 1.266 ms"
"Execution Time: 186.950 ms"

ITERACION 8
"Nested Loop  (cost=10000.48..11530.57 rows=200 width=28) (actual time=56.594..126.888 rows=15669 loops=1)"
"  ->  Finalize GroupAggregate  (cost=10000.06..10057.57 rows=200 width=17) (actual time=56.571..71.670 rows=15669 loops=1)"
"        Group Key: mrb.dni_terapista"
"        ->  Gather Merge  (cost=10000.06..10053.57 rows=400 width=17) (actual time=56.564..66.435 rows=16491 loops=1)"
"              Workers Planned: 2"
"              Workers Launched: 2"
"              ->  Partial GroupAggregate  (cost=9000.04..9007.38 rows=200 width=17) (actual time=49.517..52.391 rows=5497 loops=3)"
"                    Group Key: mrb.dni_terapista"
"                    ->  Sort  (cost=9000.04..9001.82 rows=712 width=13) (actual time=49.508..50.235 rows=5682 loops=3)"
"                          Sort Key: mrb.dni_terapista"
"                          Sort Method: quicksort  Memory: 397kB"
"                          Worker 0:  Sort Method: quicksort  Memory: 387kB"
"                          Worker 1:  Sort Method: quicksort  Memory: 784kB"
"                          ->  Parallel Append  (cost=2494.09..8966.31 rows=712 width=13) (actual time=12.812..42.280 rows=5682 loops=3)"
"                                ->  Hash Join  (cost=2590.25..4525.04 rows=296 width=13) (actual time=15.777..23.731 rows=2850 loops=3)"
"                                      Hash Cond: ((mrb.id_boleta)::text = (mb.id_boleta)::text)"
"                                      ->  Parallel Seq Scan on realiza_boleta mrb  (cost=0.00..1711.24 rows=58824 width=18) (actual time=0.008..2.992 rows=33333 loops=3)"
"                                      ->  Hash  (cost=2584.00..2584.00 rows=500 width=13) (actual time=15.745..15.746 rows=8476 loops=3)"
"                                            Buckets: 16384 (originally 1024)  Batches: 1 (originally 1)  Memory Usage: 501kB"
"                                            ->  Seq Scan on boleta mb  (cost=0.00..2584.00 rows=500 width=13) (actual time=0.026..14.280 rows=8476 loops=3)"
"                                                  Filter: (date_part('MONTH'::text, (fecha)::timestamp without time zone) = '10'::double precision)"
"                                                  Rows Removed by Filter: 91524"
"                                ->  Parallel Hash Join  (cost=2494.09..4427.65 rows=296 width=13) (actual time=10.795..27.241 rows=4247 loops=2)"
"                                      Hash Cond: ((mrf.id_factura)::text = (mf.id_factura)::text)"
"                                      ->  Parallel Seq Scan on realiza_factura mrf  (cost=0.00..1711.24 rows=58824 width=18) (actual time=0.004..6.208 rows=50000 loops=2)"
"                                      ->  Parallel Hash  (cost=2490.41..2490.41 rows=294 width=13) (actual time=10.620..10.620 rows=4218 loops=2)"
"                                            Buckets: 8192 (originally 1024)  Batches: 1 (originally 1)  Memory Usage: 568kB"
"                                            ->  Parallel Seq Scan on factura mf  (cost=0.00..2490.41 rows=294 width=13) (actual time=0.016..9.555 rows=4218 loops=2)"
"                                                  Filter: (date_part('MONTH'::text, (fecha)::timestamp without time zone) = '10'::double precision)"
"                                                  Rows Removed by Filter: 45782"
"  ->  Index Scan using pk_terapista on terapista t  (cost=0.42..7.36 rows=1 width=29) (actual time=0.003..0.003 rows=1 loops=15669)"
"        Index Cond: ((dni)::text = (mrb.dni_terapista)::text)"
"Planning Time: 0.395 ms"
"Execution Time: 127.527 ms"

ITERACION 9
"Nested Loop  (cost=10000.48..11530.57 rows=200 width=28) (actual time=73.554..142.802 rows=15669 loops=1)"
"  ->  Finalize GroupAggregate  (cost=10000.06..10057.57 rows=200 width=17) (actual time=73.516..88.429 rows=15669 loops=1)"
"        Group Key: mrb.dni_terapista"
"        ->  Gather Merge  (cost=10000.06..10053.57 rows=400 width=17) (actual time=73.507..83.345 rows=16482 loops=1)"
"              Workers Planned: 2"
"              Workers Launched: 2"
"              ->  Partial GroupAggregate  (cost=9000.04..9007.38 rows=200 width=17) (actual time=59.570..62.276 rows=5494 loops=3)"
"                    Group Key: mrb.dni_terapista"
"                    ->  Sort  (cost=9000.04..9001.82 rows=712 width=13) (actual time=59.559..60.253 rows=5682 loops=3)"
"                          Sort Key: mrb.dni_terapista"
"                          Sort Method: quicksort  Memory: 394kB"
"                          Worker 0:  Sort Method: quicksort  Memory: 390kB"
"                          Worker 1:  Sort Method: quicksort  Memory: 785kB"
"                          ->  Parallel Append  (cost=2494.09..8966.31 rows=712 width=13) (actual time=15.711..51.815 rows=5682 loops=3)"
"                                ->  Hash Join  (cost=2590.25..4525.04 rows=296 width=13) (actual time=23.391..30.420 rows=2850 loops=3)"
"                                      Hash Cond: ((mrb.id_boleta)::text = (mb.id_boleta)::text)"
"                                      ->  Parallel Seq Scan on realiza_boleta mrb  (cost=0.00..1711.24 rows=58824 width=18) (actual time=0.007..2.649 rows=33333 loops=3)"
"                                      ->  Hash  (cost=2584.00..2584.00 rows=500 width=13) (actual time=23.357..23.358 rows=8476 loops=3)"
"                                            Buckets: 16384 (originally 1024)  Batches: 1 (originally 1)  Memory Usage: 501kB"
"                                            ->  Seq Scan on boleta mb  (cost=0.00..2584.00 rows=500 width=13) (actual time=0.033..21.319 rows=8476 loops=3)"
"                                                  Filter: (date_part('MONTH'::text, (fecha)::timestamp without time zone) = '10'::double precision)"
"                                                  Rows Removed by Filter: 91524"
"                                ->  Parallel Hash Join  (cost=2494.09..4427.65 rows=296 width=13) (actual time=15.893..31.574 rows=4247 loops=2)"
"                                      Hash Cond: ((mrf.id_factura)::text = (mf.id_factura)::text)"
"                                      ->  Parallel Seq Scan on realiza_factura mrf  (cost=0.00..1711.24 rows=58824 width=18) (actual time=0.007..5.775 rows=50000 loops=2)"
"                                      ->  Parallel Hash  (cost=2490.41..2490.41 rows=294 width=13) (actual time=15.637..15.637 rows=4218 loops=2)"
"                                            Buckets: 8192 (originally 1024)  Batches: 1 (originally 1)  Memory Usage: 568kB"
"                                            ->  Parallel Seq Scan on factura mf  (cost=0.00..2490.41 rows=294 width=13) (actual time=0.017..13.558 rows=4218 loops=2)"
"                                                  Filter: (date_part('MONTH'::text, (fecha)::timestamp without time zone) = '10'::double precision)"
"                                                  Rows Removed by Filter: 45782"
"  ->  Index Scan using pk_terapista on terapista t  (cost=0.42..7.36 rows=1 width=29) (actual time=0.003..0.003 rows=1 loops=15669)"
"        Index Cond: ((dni)::text = (mrb.dni_terapista)::text)"
"Planning Time: 0.691 ms"
"Execution Time: 143.461 ms"

ITERACION 10
"Nested Loop  (cost=10000.48..11530.57 rows=200 width=28) (actual time=100.988..169.726 rows=15669 loops=1)"
"  ->  Finalize GroupAggregate  (cost=10000.06..10057.57 rows=200 width=17) (actual time=100.926..115.985 rows=15669 loops=1)"
"        Group Key: mrb.dni_terapista"
"        ->  Gather Merge  (cost=10000.06..10053.57 rows=400 width=17) (actual time=100.915..110.761 rows=16490 loops=1)"
"              Workers Planned: 2"
"              Workers Launched: 2"
"              ->  Partial GroupAggregate  (cost=9000.04..9007.38 rows=200 width=17) (actual time=85.340..88.113 rows=5497 loops=3)"
"                    Group Key: mrb.dni_terapista"
"                    ->  Sort  (cost=9000.04..9001.82 rows=712 width=13) (actual time=85.324..86.074 rows=5682 loops=3)"
"                          Sort Key: mrb.dni_terapista"
"                          Sort Method: quicksort  Memory: 402kB"
"                          Worker 0:  Sort Method: quicksort  Memory: 403kB"
"                          Worker 1:  Sort Method: quicksort  Memory: 571kB"
"                          ->  Parallel Append  (cost=2494.09..8966.31 rows=712 width=13) (actual time=40.001..75.329 rows=5682 loops=3)"
"                                ->  Hash Join  (cost=2590.25..4525.04 rows=296 width=13) (actual time=27.011..36.477 rows=2850 loops=3)"
"                                      Hash Cond: ((mrb.id_boleta)::text = (mb.id_boleta)::text)"
"                                      ->  Parallel Seq Scan on realiza_boleta mrb  (cost=0.00..1711.24 rows=58824 width=18) (actual time=0.020..3.566 rows=33333 loops=3)"
"                                      ->  Hash  (cost=2584.00..2584.00 rows=500 width=13) (actual time=26.925..26.926 rows=8476 loops=3)"
"                                            Buckets: 16384 (originally 1024)  Batches: 1 (originally 1)  Memory Usage: 501kB"
"                                            ->  Seq Scan on boleta mb  (cost=0.00..2584.00 rows=500 width=13) (actual time=0.077..24.416 rows=8476 loops=3)"
"                                                  Filter: (date_part('MONTH'::text, (fecha)::timestamp without time zone) = '10'::double precision)"
"                                                  Rows Removed by Filter: 91524"
"                                ->  Parallel Hash Join  (cost=2494.09..4427.65 rows=296 width=13) (actual time=38.486..57.592 rows=4247 loops=2)"
"                                      Hash Cond: ((mrf.id_factura)::text = (mf.id_factura)::text)"
"                                      ->  Parallel Seq Scan on realiza_factura mrf  (cost=0.00..1711.24 rows=58824 width=18) (actual time=0.006..6.680 rows=50000 loops=2)"
"                                      ->  Parallel Hash  (cost=2490.41..2490.41 rows=294 width=13) (actual time=37.895..37.895 rows=4218 loops=2)"
"                                            Buckets: 8192 (originally 1024)  Batches: 1 (originally 1)  Memory Usage: 536kB"
"                                            ->  Parallel Seq Scan on factura mf  (cost=0.00..2490.41 rows=294 width=13) (actual time=0.048..31.250 rows=4218 loops=2)"
"                                                  Filter: (date_part('MONTH'::text, (fecha)::timestamp without time zone) = '10'::double precision)"
"                                                  Rows Removed by Filter: 45782"
"  ->  Index Scan using pk_terapista on terapista t  (cost=0.42..7.36 rows=1 width=29) (actual time=0.003..0.003 rows=1 loops=15669)"
"        Index Cond: ((dni)::text = (mrb.dni_terapista)::text)"
"Planning Time: 1.524 ms"
"Execution Time: 170.487 ms"


MIL_100_I
ITERACION 1
"Nested Loop  (cost=10000.06..11479.07 rows=200 width=28) (actual time=754.033..820.785 rows=15669 loops=1)"
"  ->  Finalize GroupAggregate  (cost=10000.06..10057.57 rows=200 width=17) (actual time=725.189..750.643 rows=15669 loops=1)"
"        Group Key: mrb.dni_terapista"
"        ->  Gather Merge  (cost=10000.06..10053.57 rows=400 width=17) (actual time=725.178..741.534 rows=16326 loops=1)"
"              Workers Planned: 2"
"              Workers Launched: 2"
"              ->  Partial GroupAggregate  (cost=9000.04..9007.38 rows=200 width=17) (actual time=709.238..714.485 rows=5442 loops=3)"
"                    Group Key: mrb.dni_terapista"
"                    ->  Sort  (cost=9000.04..9001.82 rows=712 width=13) (actual time=709.224..710.328 rows=5682 loops=3)"
"                          Sort Key: mrb.dni_terapista"
"                          Sort Method: quicksort  Memory: 232kB"
"                          Worker 0:  Sort Method: quicksort  Memory: 235kB"
"                          Worker 1:  Sort Method: quicksort  Memory: 909kB"
"                          ->  Parallel Append  (cost=2494.09..8966.31 rows=712 width=13) (actual time=367.420..692.857 rows=5682 loops=3)"
"                                ->  Hash Join  (cost=2590.25..4525.04 rows=296 width=13) (actual time=35.661..566.125 rows=8551 loops=1)"
"                                      Hash Cond: ((mrb.id_boleta)::text = (mb.id_boleta)::text)"
"                                      ->  Parallel Seq Scan on realiza_boleta mrb  (cost=0.00..1711.24 rows=58824 width=18) (actual time=11.992..485.356 rows=100000 loops=1)"
"                                      ->  Hash  (cost=2584.00..2584.00 rows=500 width=13) (actual time=23.572..23.573 rows=8476 loops=1)"
"                                            Buckets: 16384 (originally 1024)  Batches: 1 (originally 1)  Memory Usage: 501kB"
"                                            ->  Seq Scan on boleta mb  (cost=0.00..2584.00 rows=500 width=13) (actual time=0.046..21.288 rows=8476 loops=1)"
"                                                  Filter: (date_part('MONTH'::text, (fecha)::timestamp without time zone) = '10'::double precision)"
"                                                  Rows Removed by Filter: 91524"
"                                ->  Parallel Hash Join  (cost=2494.09..4427.65 rows=296 width=13) (actual time=357.915..503.041 rows=2831 loops=3)"
"                                      Hash Cond: ((mrf.id_factura)::text = (mf.id_factura)::text)"
"                                      ->  Parallel Seq Scan on realiza_factura mrf  (cost=0.00..1711.24 rows=58824 width=18) (actual time=10.694..141.403 rows=33333 loops=3)"
"                                      ->  Parallel Hash  (cost=2490.41..2490.41 rows=294 width=13) (actual time=347.035..347.036 rows=2812 loops=3)"
"                                            Buckets: 8192 (originally 1024)  Batches: 1 (originally 1)  Memory Usage: 568kB"
"                                            ->  Parallel Seq Scan on factura mf  (cost=0.00..2490.41 rows=294 width=13) (actual time=4.206..495.988 rows=4218 loops=2)"
"                                                  Filter: (date_part('MONTH'::text, (fecha)::timestamp without time zone) = '10'::double precision)"
"                                                  Rows Removed by Filter: 45782"
"  ->  Index Scan using index_dni_t on terapista t  (cost=0.00..7.10 rows=1 width=29) (actual time=0.004..0.004 rows=1 loops=15669)"
"        Index Cond: ((dni)::text = (mrb.dni_terapista)::text)"
"Planning Time: 137.700 ms"
"Execution Time: 821.925 ms"

ITERACION 2
"Nested Loop  (cost=10000.06..11479.07 rows=200 width=28) (actual time=99.516..135.994 rows=15669 loops=1)"
"  ->  Finalize GroupAggregate  (cost=10000.06..10057.57 rows=200 width=17) (actual time=99.498..114.037 rows=15669 loops=1)"
"        Group Key: mrb.dni_terapista"
"        ->  Gather Merge  (cost=10000.06..10053.57 rows=400 width=17) (actual time=99.488..109.102 rows=16482 loops=1)"
"              Workers Planned: 2"
"              Workers Launched: 2"
"              ->  Partial GroupAggregate  (cost=9000.04..9007.38 rows=200 width=17) (actual time=83.653..86.271 rows=5494 loops=3)"
"                    Group Key: mrb.dni_terapista"
"                    ->  Sort  (cost=9000.04..9001.82 rows=712 width=13) (actual time=83.638..84.321 rows=5682 loops=3)"
"                          Sort Key: mrb.dni_terapista"
"                          Sort Method: quicksort  Memory: 401kB"
"                          Worker 0:  Sort Method: quicksort  Memory: 287kB"
"                          Worker 1:  Sort Method: quicksort  Memory: 785kB"
"                          ->  Parallel Append  (cost=2494.09..8966.31 rows=712 width=13) (actual time=42.761..74.807 rows=5682 loops=3)"
"                                ->  Hash Join  (cost=2590.25..4525.04 rows=296 width=13) (actual time=25.867..34.618 rows=2850 loops=3)"
"                                      Hash Cond: ((mrb.id_boleta)::text = (mb.id_boleta)::text)"
"                                      ->  Parallel Seq Scan on realiza_boleta mrb  (cost=0.00..1711.24 rows=58824 width=18) (actual time=0.019..3.350 rows=33333 loops=3)"
"                                      ->  Hash  (cost=2584.00..2584.00 rows=500 width=13) (actual time=25.779..25.780 rows=8476 loops=3)"
"                                            Buckets: 16384 (originally 1024)  Batches: 1 (originally 1)  Memory Usage: 501kB"
"                                            ->  Seq Scan on boleta mb  (cost=0.00..2584.00 rows=500 width=13) (actual time=0.066..23.390 rows=8476 loops=3)"
"                                                  Filter: (date_part('MONTH'::text, (fecha)::timestamp without time zone) = '10'::double precision)"
"                                                  Rows Removed by Filter: 91524"
"                                ->  Parallel Hash Join  (cost=2494.09..4427.65 rows=296 width=13) (actual time=43.967..59.659 rows=4247 loops=2)"
"                                      Hash Cond: ((mrf.id_factura)::text = (mf.id_factura)::text)"
"                                      ->  Parallel Seq Scan on realiza_factura mrf  (cost=0.00..1711.24 rows=58824 width=18) (actual time=0.009..5.976 rows=50000 loops=2)"
"                                      ->  Parallel Hash  (cost=2490.41..2490.41 rows=294 width=13) (actual time=41.693..41.694 rows=4218 loops=2)"
"                                            Buckets: 8192 (originally 1024)  Batches: 1 (originally 1)  Memory Usage: 536kB"
"                                            ->  Parallel Seq Scan on factura mf  (cost=0.00..2490.41 rows=294 width=13) (actual time=0.076..34.417 rows=4218 loops=2)"
"                                                  Filter: (date_part('MONTH'::text, (fecha)::timestamp without time zone) = '10'::double precision)"
"                                                  Rows Removed by Filter: 45782"
"  ->  Index Scan using index_dni_t on terapista t  (cost=0.00..7.10 rows=1 width=29) (actual time=0.001..0.001 rows=1 loops=15669)"
"        Index Cond: ((dni)::text = (mrb.dni_terapista)::text)"
"Planning Time: 1.549 ms"
"Execution Time: 136.617 ms"

ITERACION 3
"Nested Loop  (cost=10000.06..11479.07 rows=200 width=28) (actual time=86.255..129.711 rows=15669 loops=1)"
"  ->  Finalize GroupAggregate  (cost=10000.06..10057.57 rows=200 width=17) (actual time=86.232..102.223 rows=15669 loops=1)"
"        Group Key: mrb.dni_terapista"
"        ->  Gather Merge  (cost=10000.06..10053.57 rows=400 width=17) (actual time=86.224..96.761 rows=16516 loops=1)"
"              Workers Planned: 2"
"              Workers Launched: 2"
"              ->  Partial GroupAggregate  (cost=9000.04..9007.38 rows=200 width=17) (actual time=75.844..78.748 rows=5505 loops=3)"
"                    Group Key: mrb.dni_terapista"
"                    ->  Sort  (cost=9000.04..9001.82 rows=712 width=13) (actual time=75.827..76.604 rows=5682 loops=3)"
"                          Sort Key: mrb.dni_terapista"
"                          Sort Method: quicksort  Memory: 423kB"
"                          Worker 0:  Sort Method: quicksort  Memory: 385kB"
"                          Worker 1:  Sort Method: quicksort  Memory: 569kB"
"                          ->  Parallel Append  (cost=2494.09..8966.31 rows=712 width=13) (actual time=30.776..65.132 rows=5682 loops=3)"
"                                ->  Hash Join  (cost=2590.25..4525.04 rows=296 width=13) (actual time=25.783..34.995 rows=2850 loops=3)"
"                                      Hash Cond: ((mrb.id_boleta)::text = (mb.id_boleta)::text)"
"                                      ->  Parallel Seq Scan on realiza_boleta mrb  (cost=0.00..1711.24 rows=58824 width=18) (actual time=0.012..3.463 rows=33333 loops=3)"
"                                      ->  Hash  (cost=2584.00..2584.00 rows=500 width=13) (actual time=25.719..25.720 rows=8476 loops=3)"
"                                            Buckets: 16384 (originally 1024)  Batches: 1 (originally 1)  Memory Usage: 501kB"
"                                            ->  Seq Scan on boleta mb  (cost=0.00..2584.00 rows=500 width=13) (actual time=0.054..23.340 rows=8476 loops=3)"
"                                                  Filter: (date_part('MONTH'::text, (fecha)::timestamp without time zone) = '10'::double precision)"
"                                                  Rows Removed by Filter: 91524"
"                                ->  Parallel Hash Join  (cost=2494.09..4427.65 rows=296 width=13) (actual time=28.652..44.581 rows=4247 loops=2)"
"                                      Hash Cond: ((mrf.id_factura)::text = (mf.id_factura)::text)"
"                                      ->  Parallel Seq Scan on realiza_factura mrf  (cost=0.00..1711.24 rows=58824 width=18) (actual time=0.006..5.846 rows=50000 loops=2)"
"                                      ->  Parallel Hash  (cost=2490.41..2490.41 rows=294 width=13) (actual time=28.134..28.134 rows=4218 loops=2)"
"                                            Buckets: 8192 (originally 1024)  Batches: 1 (originally 1)  Memory Usage: 568kB"
"                                            ->  Parallel Seq Scan on factura mf  (cost=0.00..2490.41 rows=294 width=13) (actual time=0.032..21.648 rows=4218 loops=2)"
"                                                  Filter: (date_part('MONTH'::text, (fecha)::timestamp without time zone) = '10'::double precision)"
"                                                  Rows Removed by Filter: 45782"
"  ->  Index Scan using index_dni_t on terapista t  (cost=0.00..7.10 rows=1 width=29) (actual time=0.001..0.001 rows=1 loops=15669)"
"        Index Cond: ((dni)::text = (mrb.dni_terapista)::text)"
"Planning Time: 2.202 ms"
"Execution Time: 130.460 ms"

ITERACION 4
"Nested Loop  (cost=10000.06..11479.07 rows=200 width=28) (actual time=105.632..144.208 rows=15669 loops=1)"
"  ->  Finalize GroupAggregate  (cost=10000.06..10057.57 rows=200 width=17) (actual time=105.601..120.271 rows=15669 loops=1)"
"        Group Key: mrb.dni_terapista"
"        ->  Gather Merge  (cost=10000.06..10053.57 rows=400 width=17) (actual time=105.575..115.291 rows=16468 loops=1)"
"              Workers Planned: 2"
"              Workers Launched: 2"
"              ->  Partial GroupAggregate  (cost=9000.04..9007.38 rows=200 width=17) (actual time=96.424..99.443 rows=5489 loops=3)"
"                    Group Key: mrb.dni_terapista"
"                    ->  Sort  (cost=9000.04..9001.82 rows=712 width=13) (actual time=96.417..97.158 rows=5682 loops=3)"
"                          Sort Key: mrb.dni_terapista"
"                          Sort Method: quicksort  Memory: 403kB"
"                          Worker 0:  Sort Method: quicksort  Memory: 285kB"
"                          Worker 1:  Sort Method: quicksort  Memory: 784kB"
"                          ->  Parallel Append  (cost=2494.09..8966.31 rows=712 width=13) (actual time=46.375..89.023 rows=5682 loops=3)"
"                                ->  Hash Join  (cost=2590.25..4525.04 rows=296 width=13) (actual time=30.929..40.648 rows=2850 loops=3)"
"                                      Hash Cond: ((mrb.id_boleta)::text = (mb.id_boleta)::text)"
"                                      ->  Parallel Seq Scan on realiza_boleta mrb  (cost=0.00..1711.24 rows=58824 width=18) (actual time=0.009..3.577 rows=33333 loops=3)"
"                                      ->  Hash  (cost=2584.00..2584.00 rows=500 width=13) (actual time=30.886..30.886 rows=8476 loops=3)"
"                                            Buckets: 16384 (originally 1024)  Batches: 1 (originally 1)  Memory Usage: 501kB"
"                                            ->  Seq Scan on boleta mb  (cost=0.00..2584.00 rows=500 width=13) (actual time=0.042..27.862 rows=8476 loops=3)"
"                                                  Filter: (date_part('MONTH'::text, (fecha)::timestamp without time zone) = '10'::double precision)"
"                                                  Rows Removed by Filter: 91524"
"                                ->  Parallel Hash Join  (cost=2494.09..4427.65 rows=296 width=13) (actual time=42.261..71.559 rows=4247 loops=2)"
"                                      Hash Cond: ((mrf.id_factura)::text = (mf.id_factura)::text)"
"                                      ->  Parallel Seq Scan on realiza_factura mrf  (cost=0.00..1711.24 rows=58824 width=18) (actual time=0.014..10.412 rows=50000 loops=2)"
"                                      ->  Parallel Hash  (cost=2490.41..2490.41 rows=294 width=13) (actual time=41.860..41.860 rows=4218 loops=2)"
"                                            Buckets: 8192 (originally 1024)  Batches: 1 (originally 1)  Memory Usage: 536kB"
"                                            ->  Parallel Seq Scan on factura mf  (cost=0.00..2490.41 rows=294 width=13) (actual time=0.038..34.056 rows=4218 loops=2)"
"                                                  Filter: (date_part('MONTH'::text, (fecha)::timestamp without time zone) = '10'::double precision)"
"                                                  Rows Removed by Filter: 45782"
"  ->  Index Scan using index_dni_t on terapista t  (cost=0.00..7.10 rows=1 width=29) (actual time=0.001..0.001 rows=1 loops=15669)"
"        Index Cond: ((dni)::text = (mrb.dni_terapista)::text)"
"Planning Time: 0.861 ms"
"Execution Time: 144.903 ms"

ITERACION 5
"Nested Loop  (cost=10000.06..11479.07 rows=200 width=28) (actual time=108.301..149.380 rows=15669 loops=1)"
"  ->  Finalize GroupAggregate  (cost=10000.06..10057.57 rows=200 width=17) (actual time=108.286..124.016 rows=15669 loops=1)"
"        Group Key: mrb.dni_terapista"
"        ->  Gather Merge  (cost=10000.06..10053.57 rows=400 width=17) (actual time=108.280..118.769 rows=16485 loops=1)"
"              Workers Planned: 2"
"              Workers Launched: 2"
"              ->  Partial GroupAggregate  (cost=9000.04..9007.38 rows=200 width=17) (actual time=92.467..95.621 rows=5495 loops=3)"
"                    Group Key: mrb.dni_terapista"
"                    ->  Sort  (cost=9000.04..9001.82 rows=712 width=13) (actual time=92.458..93.293 rows=5682 loops=3)"
"                          Sort Key: mrb.dni_terapista"
"                          Sort Method: quicksort  Memory: 399kB"
"                          Worker 0:  Sort Method: quicksort  Memory: 385kB"
"                          Worker 1:  Sort Method: quicksort  Memory: 785kB"
"                          ->  Parallel Append  (cost=2494.09..8966.31 rows=712 width=13) (actual time=40.498..82.073 rows=5682 loops=3)"
"                                ->  Hash Join  (cost=2590.25..4525.04 rows=296 width=13) (actual time=34.672..42.303 rows=2850 loops=3)"
"                                      Hash Cond: ((mrb.id_boleta)::text = (mb.id_boleta)::text)"
"                                      ->  Parallel Seq Scan on realiza_boleta mrb  (cost=0.00..1711.24 rows=58824 width=18) (actual time=0.013..2.817 rows=33333 loops=3)"
"                                      ->  Hash  (cost=2584.00..2584.00 rows=500 width=13) (actual time=34.608..34.608 rows=8476 loops=3)"
"                                            Buckets: 16384 (originally 1024)  Batches: 1 (originally 1)  Memory Usage: 501kB"
"                                            ->  Seq Scan on boleta mb  (cost=0.00..2584.00 rows=500 width=13) (actual time=0.062..31.777 rows=8476 loops=3)"
"                                                  Filter: (date_part('MONTH'::text, (fecha)::timestamp without time zone) = '10'::double precision)"
"                                                  Rows Removed by Filter: 91524"
"                                ->  Parallel Hash Join  (cost=2494.09..4427.65 rows=296 width=13) (actual time=38.206..59.026 rows=4247 loops=2)"
"                                      Hash Cond: ((mrf.id_factura)::text = (mf.id_factura)::text)"
"                                      ->  Parallel Seq Scan on realiza_factura mrf  (cost=0.00..1711.24 rows=58824 width=18) (actual time=0.011..7.513 rows=50000 loops=2)"
"                                      ->  Parallel Hash  (cost=2490.41..2490.41 rows=294 width=13) (actual time=37.361..37.361 rows=4218 loops=2)"
"                                            Buckets: 8192 (originally 1024)  Batches: 1 (originally 1)  Memory Usage: 568kB"
"                                            ->  Parallel Seq Scan on factura mf  (cost=0.00..2490.41 rows=294 width=13) (actual time=0.045..30.801 rows=4218 loops=2)"
"                                                  Filter: (date_part('MONTH'::text, (fecha)::timestamp without time zone) = '10'::double precision)"
"                                                  Rows Removed by Filter: 45782"
"  ->  Index Scan using index_dni_t on terapista t  (cost=0.00..7.10 rows=1 width=29) (actual time=0.001..0.001 rows=1 loops=15669)"
"        Index Cond: ((dni)::text = (mrb.dni_terapista)::text)"
"Planning Time: 1.763 ms"
"Execution Time: 150.094 ms"

ITERACION 6
"Nested Loop  (cost=10000.06..11479.07 rows=200 width=28) (actual time=116.308..158.450 rows=15669 loops=1)"
"  ->  Finalize GroupAggregate  (cost=10000.06..10057.57 rows=200 width=17) (actual time=116.293..132.123 rows=15669 loops=1)"
"        Group Key: mrb.dni_terapista"
"        ->  Gather Merge  (cost=10000.06..10053.57 rows=400 width=17) (actual time=116.285..126.662 rows=16486 loops=1)"
"              Workers Planned: 2"
"              Workers Launched: 2"
"              ->  Partial GroupAggregate  (cost=9000.04..9007.38 rows=200 width=17) (actual time=106.696..109.818 rows=5495 loops=3)"
"                    Group Key: mrb.dni_terapista"
"                    ->  Sort  (cost=9000.04..9001.82 rows=712 width=13) (actual time=106.686..107.452 rows=5682 loops=3)"
"                          Sort Key: mrb.dni_terapista"
"                          Sort Method: quicksort  Memory: 390kB"
"                          Worker 0:  Sort Method: quicksort  Memory: 396kB"
"                          Worker 1:  Sort Method: quicksort  Memory: 782kB"
"                          ->  Parallel Append  (cost=2494.09..8966.31 rows=712 width=13) (actual time=34.821..94.952 rows=5682 loops=3)"
"                                ->  Hash Join  (cost=2590.25..4525.04 rows=296 width=13) (actual time=37.266..52.841 rows=2850 loops=3)"
"                                      Hash Cond: ((mrb.id_boleta)::text = (mb.id_boleta)::text)"
"                                      ->  Parallel Seq Scan on realiza_boleta mrb  (cost=0.00..1711.24 rows=58824 width=18) (actual time=0.011..5.481 rows=33333 loops=3)"
"                                      ->  Hash  (cost=2584.00..2584.00 rows=500 width=13) (actual time=37.213..37.214 rows=8476 loops=3)"
"                                            Buckets: 16384 (originally 1024)  Batches: 1 (originally 1)  Memory Usage: 501kB"
"                                            ->  Seq Scan on boleta mb  (cost=0.00..2584.00 rows=500 width=13) (actual time=0.055..34.037 rows=8476 loops=3)"
"                                                  Filter: (date_part('MONTH'::text, (fecha)::timestamp without time zone) = '10'::double precision)"
"                                                  Rows Removed by Filter: 91524"
"                                ->  Parallel Hash Join  (cost=2494.09..4427.65 rows=296 width=13) (actual time=29.415..62.090 rows=4247 loops=2)"
"                                      Hash Cond: ((mrf.id_factura)::text = (mf.id_factura)::text)"
"                                      ->  Parallel Seq Scan on realiza_factura mrf  (cost=0.00..1711.24 rows=58824 width=18) (actual time=0.015..11.541 rows=50000 loops=2)"
"                                      ->  Parallel Hash  (cost=2490.41..2490.41 rows=294 width=13) (actual time=28.724..28.725 rows=4218 loops=2)"
"                                            Buckets: 8192 (originally 1024)  Batches: 1 (originally 1)  Memory Usage: 536kB"
"                                            ->  Parallel Seq Scan on factura mf  (cost=0.00..2490.41 rows=294 width=13) (actual time=0.033..23.237 rows=4218 loops=2)"
"                                                  Filter: (date_part('MONTH'::text, (fecha)::timestamp without time zone) = '10'::double precision)"
"                                                  Rows Removed by Filter: 45782"
"  ->  Index Scan using index_dni_t on terapista t  (cost=0.00..7.10 rows=1 width=29) (actual time=0.001..0.001 rows=1 loops=15669)"
"        Index Cond: ((dni)::text = (mrb.dni_terapista)::text)"
"Planning Time: 0.791 ms"
"Execution Time: 159.142 ms"

ITERACION 7
"Nested Loop  (cost=10000.06..11479.07 rows=200 width=28) (actual time=75.000..112.283 rows=15669 loops=1)"
"  ->  Finalize GroupAggregate  (cost=10000.06..10057.57 rows=200 width=17) (actual time=74.988..89.480 rows=15669 loops=1)"
"        Group Key: mrb.dni_terapista"
"        ->  Gather Merge  (cost=10000.06..10053.57 rows=400 width=17) (actual time=74.984..84.488 rows=16483 loops=1)"
"              Workers Planned: 2"
"              Workers Launched: 2"
"              ->  Partial GroupAggregate  (cost=9000.04..9007.38 rows=200 width=17) (actual time=67.076..69.815 rows=5494 loops=3)"
"                    Group Key: mrb.dni_terapista"
"                    ->  Sort  (cost=9000.04..9001.82 rows=712 width=13) (actual time=67.068..67.743 rows=5682 loops=3)"
"                          Sort Key: mrb.dni_terapista"
"                          Sort Method: quicksort  Memory: 393kB"
"                          Worker 0:  Sort Method: quicksort  Memory: 391kB"
"                          Worker 1:  Sort Method: quicksort  Memory: 785kB"
"                          ->  Parallel Append  (cost=2494.09..8966.31 rows=712 width=13) (actual time=18.763..56.933 rows=5682 loops=3)"
"                                ->  Hash Join  (cost=2590.25..4525.04 rows=296 width=13) (actual time=25.618..33.068 rows=2850 loops=3)"
"                                      Hash Cond: ((mrb.id_boleta)::text = (mb.id_boleta)::text)"
"                                      ->  Parallel Seq Scan on realiza_boleta mrb  (cost=0.00..1711.24 rows=58824 width=18) (actual time=0.007..2.830 rows=33333 loops=3)"
"                                      ->  Hash  (cost=2584.00..2584.00 rows=500 width=13) (actual time=25.581..25.582 rows=8476 loops=3)"
"                                            Buckets: 16384 (originally 1024)  Batches: 1 (originally 1)  Memory Usage: 501kB"
"                                            ->  Seq Scan on boleta mb  (cost=0.00..2584.00 rows=500 width=13) (actual time=0.028..23.421 rows=8476 loops=3)"
"                                                  Filter: (date_part('MONTH'::text, (fecha)::timestamp without time zone) = '10'::double precision)"
"                                                  Rows Removed by Filter: 91524"
"                                ->  Parallel Hash Join  (cost=2494.09..4427.65 rows=296 width=13) (actual time=17.695..35.246 rows=4247 loops=2)"
"                                      Hash Cond: ((mrf.id_factura)::text = (mf.id_factura)::text)"
"                                      ->  Parallel Seq Scan on realiza_factura mrf  (cost=0.00..1711.24 rows=58824 width=18) (actual time=0.006..7.021 rows=50000 loops=2)"
"                                      ->  Parallel Hash  (cost=2490.41..2490.41 rows=294 width=13) (actual time=17.552..17.552 rows=4218 loops=2)"
"                                            Buckets: 8192 (originally 1024)  Batches: 1 (originally 1)  Memory Usage: 568kB"
"                                            ->  Parallel Seq Scan on factura mf  (cost=0.00..2490.41 rows=294 width=13) (actual time=0.013..14.733 rows=4218 loops=2)"
"                                                  Filter: (date_part('MONTH'::text, (fecha)::timestamp without time zone) = '10'::double precision)"
"                                                  Rows Removed by Filter: 45782"
"  ->  Index Scan using index_dni_t on terapista t  (cost=0.00..7.10 rows=1 width=29) (actual time=0.001..0.001 rows=1 loops=15669)"
"        Index Cond: ((dni)::text = (mrb.dni_terapista)::text)"
"Planning Time: 0.381 ms"
"Execution Time: 112.823 ms"

ITERACION 8
"Nested Loop  (cost=10000.06..11479.07 rows=200 width=28) (actual time=101.393..144.524 rows=15669 loops=1)"
"  ->  Finalize GroupAggregate  (cost=10000.06..10057.57 rows=200 width=17) (actual time=101.377..117.853 rows=15669 loops=1)"
"        Group Key: mrb.dni_terapista"
"        ->  Gather Merge  (cost=10000.06..10053.57 rows=400 width=17) (actual time=101.370..112.198 rows=16489 loops=1)"
"              Workers Planned: 2"
"              Workers Launched: 2"
"              ->  Partial GroupAggregate  (cost=9000.04..9007.38 rows=200 width=17) (actual time=87.464..90.561 rows=5496 loops=3)"
"                    Group Key: mrb.dni_terapista"
"                    ->  Sort  (cost=9000.04..9001.82 rows=712 width=13) (actual time=87.455..88.204 rows=5682 loops=3)"
"                          Sort Key: mrb.dni_terapista"
"                          Sort Method: quicksort  Memory: 405kB"
"                          Worker 0:  Sort Method: quicksort  Memory: 782kB"
"                          Worker 1:  Sort Method: quicksort  Memory: 285kB"
"                          ->  Parallel Append  (cost=2494.09..8966.31 rows=712 width=13) (actual time=45.302..79.794 rows=5682 loops=3)"
"                                ->  Hash Join  (cost=2590.25..4525.04 rows=296 width=13) (actual time=29.822..37.504 rows=2850 loops=3)"
"                                      Hash Cond: ((mrb.id_boleta)::text = (mb.id_boleta)::text)"
"                                      ->  Parallel Seq Scan on realiza_boleta mrb  (cost=0.00..1711.24 rows=58824 width=18) (actual time=0.016..2.884 rows=33333 loops=3)"
"                                      ->  Hash  (cost=2584.00..2584.00 rows=500 width=13) (actual time=29.722..29.722 rows=8476 loops=3)"
"                                            Buckets: 16384 (originally 1024)  Batches: 1 (originally 1)  Memory Usage: 501kB"
"                                            ->  Seq Scan on boleta mb  (cost=0.00..2584.00 rows=500 width=13) (actual time=0.073..27.061 rows=8476 loops=3)"
"                                                  Filter: (date_part('MONTH'::text, (fecha)::timestamp without time zone) = '10'::double precision)"
"                                                  Rows Removed by Filter: 91524"
"                                ->  Parallel Hash Join  (cost=2494.09..4427.65 rows=296 width=13) (actual time=41.875..62.724 rows=4247 loops=2)"
"                                      Hash Cond: ((mrf.id_factura)::text = (mf.id_factura)::text)"
"                                      ->  Parallel Seq Scan on realiza_factura mrf  (cost=0.00..1711.24 rows=58824 width=18) (actual time=0.016..7.464 rows=50000 loops=2)"
"                                      ->  Parallel Hash  (cost=2490.41..2490.41 rows=294 width=13) (actual time=41.249..41.249 rows=4218 loops=2)"
"                                            Buckets: 8192 (originally 1024)  Batches: 1 (originally 1)  Memory Usage: 568kB"
"                                            ->  Parallel Seq Scan on factura mf  (cost=0.00..2490.41 rows=294 width=13) (actual time=0.054..31.863 rows=4218 loops=2)"
"                                                  Filter: (date_part('MONTH'::text, (fecha)::timestamp without time zone) = '10'::double precision)"
"                                                  Rows Removed by Filter: 45782"
"  ->  Index Scan using index_dni_t on terapista t  (cost=0.00..7.10 rows=1 width=29) (actual time=0.001..0.001 rows=1 loops=15669)"
"        Index Cond: ((dni)::text = (mrb.dni_terapista)::text)"
"Planning Time: 1.888 ms"
"Execution Time: 145.281 ms"

ITERACION 9
"Nested Loop  (cost=10000.06..11479.07 rows=200 width=28) (actual time=100.141..139.335 rows=15669 loops=1)"
"  ->  Finalize GroupAggregate  (cost=10000.06..10057.57 rows=200 width=17) (actual time=100.126..115.737 rows=15669 loops=1)"
"        Group Key: mrb.dni_terapista"
"        ->  Gather Merge  (cost=10000.06..10053.57 rows=400 width=17) (actual time=100.120..110.804 rows=16523 loops=1)"
"              Workers Planned: 2"
"              Workers Launched: 2"
"              ->  Partial GroupAggregate  (cost=9000.04..9007.38 rows=200 width=17) (actual time=90.801..93.714 rows=5508 loops=3)"
"                    Group Key: mrb.dni_terapista"
"                    ->  Sort  (cost=9000.04..9001.82 rows=712 width=13) (actual time=90.792..91.511 rows=5682 loops=3)"
"                          Sort Key: mrb.dni_terapista"
"                          Sort Method: quicksort  Memory: 468kB"
"                          Worker 0:  Sort Method: quicksort  Memory: 272kB"
"                          Worker 1:  Sort Method: quicksort  Memory: 541kB"
"                          ->  Parallel Append  (cost=2494.09..8966.31 rows=712 width=13) (actual time=39.366..80.208 rows=5682 loops=3)"
"                                ->  Hash Join  (cost=2590.25..4525.04 rows=296 width=13) (actual time=32.568..43.019 rows=2850 loops=3)"
"                                      Hash Cond: ((mrb.id_boleta)::text = (mb.id_boleta)::text)"
"                                      ->  Parallel Seq Scan on realiza_boleta mrb  (cost=0.00..1711.24 rows=58824 width=18) (actual time=0.014..3.913 rows=33333 loops=3)"
"                                      ->  Hash  (cost=2584.00..2584.00 rows=500 width=13) (actual time=32.511..32.512 rows=8476 loops=3)"
"                                            Buckets: 16384 (originally 1024)  Batches: 1 (originally 1)  Memory Usage: 501kB"
"                                            ->  Seq Scan on boleta mb  (cost=0.00..2584.00 rows=500 width=13) (actual time=0.052..29.867 rows=8476 loops=3)"
"                                                  Filter: (date_part('MONTH'::text, (fecha)::timestamp without time zone) = '10'::double precision)"
"                                                  Rows Removed by Filter: 91524"
"                                ->  Parallel Hash Join  (cost=2494.09..4427.65 rows=296 width=13) (actual time=35.445..55.090 rows=4247 loops=2)"
"                                      Hash Cond: ((mrf.id_factura)::text = (mf.id_factura)::text)"
"                                      ->  Parallel Seq Scan on realiza_factura mrf  (cost=0.00..1711.24 rows=58824 width=18) (actual time=0.007..7.078 rows=50000 loops=2)"
"                                      ->  Parallel Hash  (cost=2490.41..2490.41 rows=294 width=13) (actual time=35.080..35.080 rows=4218 loops=2)"
"                                            Buckets: 8192 (originally 1024)  Batches: 1 (originally 1)  Memory Usage: 536kB"
"                                            ->  Parallel Seq Scan on factura mf  (cost=0.00..2490.41 rows=294 width=13) (actual time=0.027..28.230 rows=4218 loops=2)"
"                                                  Filter: (date_part('MONTH'::text, (fecha)::timestamp without time zone) = '10'::double precision)"
"                                                  Rows Removed by Filter: 45782"
"  ->  Index Scan using index_dni_t on terapista t  (cost=0.00..7.10 rows=1 width=29) (actual time=0.001..0.001 rows=1 loops=15669)"
"        Index Cond: ((dni)::text = (mrb.dni_terapista)::text)"
"Planning Time: 1.155 ms"
"Execution Time: 140.354 ms"

ITERACION 10
"Nested Loop  (cost=10000.06..11479.07 rows=200 width=28) (actual time=97.648..139.004 rows=15669 loops=1)"
"  ->  Finalize GroupAggregate  (cost=10000.06..10057.57 rows=200 width=17) (actual time=97.631..112.752 rows=15669 loops=1)"
"        Group Key: mrb.dni_terapista"
"        ->  Gather Merge  (cost=10000.06..10053.57 rows=400 width=17) (actual time=97.624..107.731 rows=16490 loops=1)"
"              Workers Planned: 2"
"              Workers Launched: 2"
"              ->  Partial GroupAggregate  (cost=9000.04..9007.38 rows=200 width=17) (actual time=81.653..84.582 rows=5497 loops=3)"
"                    Group Key: mrb.dni_terapista"
"                    ->  Sort  (cost=9000.04..9001.82 rows=712 width=13) (actual time=81.644..82.401 rows=5682 loops=3)"
"                          Sort Key: mrb.dni_terapista"
"                          Sort Method: quicksort  Memory: 402kB"
"                          Worker 0:  Sort Method: quicksort  Memory: 784kB"
"                          Worker 1:  Sort Method: quicksort  Memory: 286kB"
"                          ->  Parallel Append  (cost=2494.09..8966.31 rows=712 width=13) (actual time=32.824..72.649 rows=5682 loops=3)"
"                                ->  Hash Join  (cost=2590.25..4525.04 rows=296 width=13) (actual time=29.299..36.670 rows=2850 loops=3)"
"                                      Hash Cond: ((mrb.id_boleta)::text = (mb.id_boleta)::text)"
"                                      ->  Parallel Seq Scan on realiza_boleta mrb  (cost=0.00..1711.24 rows=58824 width=18) (actual time=0.015..2.782 rows=33333 loops=3)"
"                                      ->  Hash  (cost=2584.00..2584.00 rows=500 width=13) (actual time=29.226..29.227 rows=8476 loops=3)"
"                                            Buckets: 16384 (originally 1024)  Batches: 1 (originally 1)  Memory Usage: 501kB"
"                                            ->  Seq Scan on boleta mb  (cost=0.00..2584.00 rows=500 width=13) (actual time=0.061..26.692 rows=8476 loops=3)"
"                                                  Filter: (date_part('MONTH'::text, (fecha)::timestamp without time zone) = '10'::double precision)"
"                                                  Rows Removed by Filter: 91524"
"                                ->  Parallel Hash Join  (cost=2494.09..4427.65 rows=296 width=13) (actual time=32.829..53.367 rows=4247 loops=2)"
"                                      Hash Cond: ((mrf.id_factura)::text = (mf.id_factura)::text)"
"                                      ->  Parallel Seq Scan on realiza_factura mrf  (cost=0.00..1711.24 rows=58824 width=18) (actual time=0.009..7.521 rows=50000 loops=2)"
"                                      ->  Parallel Hash  (cost=2490.41..2490.41 rows=294 width=13) (actual time=32.249..32.249 rows=4218 loops=2)"
"                                            Buckets: 8192 (originally 1024)  Batches: 1 (originally 1)  Memory Usage: 568kB"
"                                            ->  Parallel Seq Scan on factura mf  (cost=0.00..2490.41 rows=294 width=13) (actual time=0.042..27.036 rows=4218 loops=2)"
"                                                  Filter: (date_part('MONTH'::text, (fecha)::timestamp without time zone) = '10'::double precision)"
"                                                  Rows Removed by Filter: 45782"
"  ->  Index Scan using index_dni_t on terapista t  (cost=0.00..7.10 rows=1 width=29) (actual time=0.001..0.001 rows=1 loops=15669)"
"        Index Cond: ((dni)::text = (mrb.dni_terapista)::text)"
"Planning Time: 1.703 ms"
"Execution Time: 139.749 ms"


MILLON
ITERACION 1
"Nested Loop  (cost=73102.22..74818.96 rows=200 width=28) (actual time=8772.301..56467.409 rows=166156 loops=1)"
"  ->  Finalize GroupAggregate  (cost=73101.79..73152.46 rows=200 width=17) (actual time=8622.831..8969.892 rows=166156 loops=1)"
"        Group Key: mrf.dni_terapista"
"        ->  Gather Merge  (cost=73101.79..73148.46 rows=400 width=17) (actual time=8622.820..8821.467 rows=175507 loops=1)"
"              Workers Planned: 2"
"              Workers Launched: 2"
"              ->  Sort  (cost=72101.77..72102.27 rows=200 width=17) (actual time=8564.032..8596.707 rows=58502 loops=3)"
"                    Sort Key: mrf.dni_terapista"
"                    Sort Method: external merge  Disk: 1424kB"
"                    Worker 0:  Sort Method: external merge  Disk: 1400kB"
"                    Worker 1:  Sort Method: external merge  Disk: 3032kB"
"                    ->  Partial HashAggregate  (cost=72092.12..72094.12 rows=200 width=17) (actual time=8311.349..8338.586 rows=58502 loops=3)"
"                          Group Key: mrf.dni_terapista"
"                          ->  Parallel Append  (cost=15651.70..72038.67 rows=10691 width=13) (actual time=4202.072..8237.830 rows=60914 loops=3)"
"                                ->  Parallel Hash Join  (cost=21920.70..39074.16 rows=2230 width=13) (actual time=4480.441..8037.124 rows=91405 loops=1)"
"                                      Hash Cond: ((mrf.id_factura)::text = (mf.id_factura)::text)"
"                                      ->  Parallel Seq Scan on realiza_factura mrf  (cost=0.00..15581.67 rows=416667 width=18) (actual time=46.928..3090.636 rows=1000000 loops=1)"
"                                      ->  Parallel Hash  (cost=21894.67..21894.67 rows=2083 width=13) (actual time=4433.361..4433.361 rows=84886 loops=1)"
"                                            Buckets: 131072 (originally 8192)  Batches: 1 (originally 1)  Memory Usage: 5984kB"
"                                            ->  Parallel Seq Scan on factura mf  (cost=0.00..21894.67 rows=2083 width=13) (actual time=56.627..4353.868 rows=84886 loops=1)"
"                                                  Filter: (date_part('MONTH'::text, (fecha)::timestamp without time zone) = '10'::double precision)"
"                                                  Rows Removed by Filter: 915114"
"                                ->  Parallel Hash Join  (cost=15651.70..32804.14 rows=2225 width=13) (actual time=2711.407..5547.187 rows=30446 loops=3)"
"                                      Hash Cond: ((mrb.id_boleta)::text = (mb.id_boleta)::text)"
"                                      ->  Parallel Seq Scan on realiza_boleta mrb  (cost=0.00..15580.67 rows=416667 width=18) (actual time=27.737..2656.635 rows=333333 loops=3)"
"                                      ->  Parallel Hash  (cost=15625.67..15625.67 rows=2083 width=13) (actual time=2683.494..2683.494 rows=28280 loops=3)"
"                                            Buckets: 131072 (originally 8192)  Batches: 1 (originally 1)  Memory Usage: 5984kB"
"                                            ->  Parallel Seq Scan on boleta mb  (cost=0.00..15625.67 rows=2083 width=13) (actual time=6.394..3945.133 rows=42420 loops=2)"
"                                                  Filter: (date_part('MONTH'::text, (fecha)::timestamp without time zone) = '10'::double precision)"
"                                                  Rows Removed by Filter: 457580"
"  ->  Index Scan using pk_terapista on terapista t  (cost=0.42..8.32 rows=1 width=29) (actual time=0.285..0.285 rows=1 loops=166156)"
"        Index Cond: ((dni)::text = (mrf.dni_terapista)::text)"
"Planning Time: 260.188 ms"
"Execution Time: 56485.870 ms"

ITERACION 2
"Nested Loop  (cost=73102.22..74818.96 rows=200 width=28) (actual time=950.108..1779.732 rows=166156 loops=1)"
"  ->  Finalize GroupAggregate  (cost=73101.79..73152.46 rows=200 width=17) (actual time=950.071..1115.773 rows=166156 loops=1)"
"        Group Key: mrf.dni_terapista"
"        ->  Gather Merge  (cost=73101.79..73148.46 rows=400 width=17) (actual time=950.062..1062.357 rows=174074 loops=1)"
"              Workers Planned: 2"
"              Workers Launched: 2"
"              ->  Sort  (cost=72101.77..72102.27 rows=200 width=17) (actual time=503.123..520.469 rows=58025 loops=3)"
"                    Sort Key: mrf.dni_terapista"
"                    Sort Method: external merge  Disk: 3688kB"
"                    Worker 0:  Sort Method: quicksort  Memory: 3619kB"
"                    Worker 1:  Sort Method: quicksort  Memory: 3052kB"
"                    ->  Partial HashAggregate  (cost=72092.12..72094.12 rows=200 width=17) (actual time=394.569..408.038 rows=58025 loops=3)"
"                          Group Key: mrf.dni_terapista"
"                          ->  Parallel Append  (cost=15651.70..72038.67 rows=10691 width=13) (actual time=112.017..367.794 rows=60914 loops=3)"
"                                ->  Parallel Hash Join  (cost=21920.70..39074.16 rows=2230 width=13) (actual time=93.444..213.064 rows=30468 loops=3)"
"                                      Hash Cond: ((mrf.id_factura)::text = (mf.id_factura)::text)"
"                                      ->  Parallel Seq Scan on realiza_factura mrf  (cost=0.00..15581.67 rows=416667 width=18) (actual time=0.021..38.117 rows=333333 loops=3)"
"                                      ->  Parallel Hash  (cost=21894.67..21894.67 rows=2083 width=13) (actual time=83.735..83.735 rows=28295 loops=3)"
"                                            Buckets: 131072 (originally 8192)  Batches: 1 (originally 1)  Memory Usage: 5984kB"
"                                            ->  Parallel Seq Scan on factura mf  (cost=0.00..21894.67 rows=2083 width=13) (actual time=0.031..73.245 rows=28295 loops=3)"
"                                                  Filter: (date_part('MONTH'::text, (fecha)::timestamp without time zone) = '10'::double precision)"
"                                                  Rows Removed by Filter: 305038"
"                                ->  Parallel Hash Join  (cost=15651.70..32804.14 rows=2225 width=13) (actual time=173.756..454.012 rows=91337 loops=1)"
"                                      Hash Cond: ((mrb.id_boleta)::text = (mb.id_boleta)::text)"
"                                      ->  Parallel Seq Scan on realiza_boleta mrb  (cost=0.00..15580.67 rows=416667 width=18) (actual time=0.006..85.105 rows=1000000 loops=1)"
"                                      ->  Parallel Hash  (cost=15625.67..15625.67 rows=2083 width=13) (actual time=173.556..173.556 rows=84841 loops=1)"
"                                            Buckets: 131072 (originally 8192)  Batches: 1 (originally 1)  Memory Usage: 5984kB"
"                                            ->  Parallel Seq Scan on boleta mb  (cost=0.00..15625.67 rows=2083 width=13) (actual time=0.021..151.018 rows=84841 loops=1)"
"                                                  Filter: (date_part('MONTH'::text, (fecha)::timestamp without time zone) = '10'::double precision)"
"                                                  Rows Removed by Filter: 915159"
"  ->  Index Scan using pk_terapista on terapista t  (cost=0.42..8.32 rows=1 width=29) (actual time=0.004..0.004 rows=1 loops=166156)"
"        Index Cond: ((dni)::text = (mrf.dni_terapista)::text)"
"Planning Time: 0.707 ms"
"Execution Time: 1785.781 ms"

ITERACION 3
"Nested Loop  (cost=73102.22..74818.96 rows=200 width=28) (actual time=577.423..1458.121 rows=166156 loops=1)"
"  ->  Finalize GroupAggregate  (cost=73101.79..73152.46 rows=200 width=17) (actual time=577.395..739.661 rows=166156 loops=1)"
"        Group Key: mrf.dni_terapista"
"        ->  Gather Merge  (cost=73101.79..73148.46 rows=400 width=17) (actual time=577.387..681.803 rows=175791 loops=1)"
"              Workers Planned: 2"
"              Workers Launched: 2"
"              ->  Sort  (cost=72101.77..72102.27 rows=200 width=17) (actual time=534.377..549.097 rows=58597 loops=3)"
"                    Sort Key: mrf.dni_terapista"
"                    Sort Method: external merge  Disk: 2328kB"
"                    Worker 0:  Sort Method: external merge  Disk: 2312kB"
"                    Worker 1:  Sort Method: quicksort  Memory: 3814kB"
"                    ->  Partial HashAggregate  (cost=72092.12..72094.12 rows=200 width=17) (actual time=410.938..425.424 rows=58597 loops=3)"
"                          Group Key: mrf.dni_terapista"
"                          ->  Parallel Append  (cost=15651.70..72038.67 rows=10691 width=13) (actual time=173.216..385.691 rows=60914 loops=3)"
"                                ->  Parallel Hash Join  (cost=21920.70..39074.16 rows=2230 width=13) (actual time=87.508..187.911 rows=30468 loops=3)"
"                                      Hash Cond: ((mrf.id_factura)::text = (mf.id_factura)::text)"
"                                      ->  Parallel Seq Scan on realiza_factura mrf  (cost=0.00..15581.67 rows=416667 width=18) (actual time=0.031..31.013 rows=333333 loops=3)"
"                                      ->  Parallel Hash  (cost=21894.67..21894.67 rows=2083 width=13) (actual time=87.220..87.220 rows=28295 loops=3)"
"                                            Buckets: 131072 (originally 8192)  Batches: 1 (originally 1)  Memory Usage: 5984kB"
"                                            ->  Parallel Seq Scan on factura mf  (cost=0.00..21894.67 rows=2083 width=13) (actual time=0.067..219.656 rows=84886 loops=1)"
"                                                  Filter: (date_part('MONTH'::text, (fecha)::timestamp without time zone) = '10'::double precision)"
"                                                  Rows Removed by Filter: 915114"
"                                ->  Parallel Hash Join  (cost=15651.70..32804.14 rows=2225 width=13) (actual time=128.675..291.552 rows=45668 loops=2)"
"                                      Hash Cond: ((mrb.id_boleta)::text = (mb.id_boleta)::text)"
"                                      ->  Parallel Seq Scan on realiza_boleta mrb  (cost=0.00..15580.67 rows=416667 width=18) (actual time=0.022..49.237 rows=500000 loops=2)"
"                                      ->  Parallel Hash  (cost=15625.67..15625.67 rows=2083 width=13) (actual time=128.049..128.050 rows=42420 loops=2)"
"                                            Buckets: 131072 (originally 8192)  Batches: 1 (originally 1)  Memory Usage: 6016kB"
"                                            ->  Parallel Seq Scan on boleta mb  (cost=0.00..15625.67 rows=2083 width=13) (actual time=0.075..110.407 rows=42420 loops=2)"
"                                                  Filter: (date_part('MONTH'::text, (fecha)::timestamp without time zone) = '10'::double precision)"
"                                                  Rows Removed by Filter: 457580"
"  ->  Index Scan using pk_terapista on terapista t  (cost=0.42..8.32 rows=1 width=29) (actual time=0.004..0.004 rows=1 loops=166156)"
"        Index Cond: ((dni)::text = (mrf.dni_terapista)::text)"
"Planning Time: 2.127 ms"
"Execution Time: 1465.041 ms"

ITERACION 4
"Nested Loop  (cost=73102.22..74818.96 rows=200 width=28) (actual time=647.762..1537.425 rows=166156 loops=1)"
"  ->  Finalize GroupAggregate  (cost=73101.79..73152.46 rows=200 width=17) (actual time=647.722..812.684 rows=166156 loops=1)"
"        Group Key: mrf.dni_terapista"
"        ->  Gather Merge  (cost=73101.79..73148.46 rows=400 width=17) (actual time=647.712..753.529 rows=175879 loops=1)"
"              Workers Planned: 2"
"              Workers Launched: 2"
"              ->  Sort  (cost=72101.77..72102.27 rows=200 width=17) (actual time=549.402..564.369 rows=58626 loops=3)"
"                    Sort Key: mrf.dni_terapista"
"                    Sort Method: external merge  Disk: 2288kB"
"                    Worker 0:  Sort Method: quicksort  Memory: 4040kB"
"                    Worker 1:  Sort Method: external merge  Disk: 2256kB"
"                    ->  Partial HashAggregate  (cost=72092.12..72094.12 rows=200 width=17) (actual time=424.996..435.987 rows=58626 loops=3)"
"                          Group Key: mrf.dni_terapista"
"                          ->  Parallel Append  (cost=15651.70..72038.67 rows=10691 width=13) (actual time=155.578..395.712 rows=60914 loops=3)"
"                                ->  Parallel Hash Join  (cost=21920.70..39074.16 rows=2230 width=13) (actual time=74.918..177.417 rows=30468 loops=3)"
"                                      Hash Cond: ((mrf.id_factura)::text = (mf.id_factura)::text)"
"                                      ->  Parallel Seq Scan on realiza_factura mrf  (cost=0.00..15581.67 rows=416667 width=18) (actual time=0.019..31.710 rows=333333 loops=3)"
"                                      ->  Parallel Hash  (cost=21894.67..21894.67 rows=2083 width=13) (actual time=74.793..74.794 rows=28295 loops=3)"
"                                            Buckets: 131072 (originally 8192)  Batches: 1 (originally 1)  Memory Usage: 5984kB"
"                                            ->  Parallel Seq Scan on factura mf  (cost=0.00..21894.67 rows=2083 width=13) (actual time=0.028..199.067 rows=84886 loops=1)"
"                                                  Filter: (date_part('MONTH'::text, (fecha)::timestamp without time zone) = '10'::double precision)"
"                                                  Rows Removed by Filter: 915114"
"                                ->  Parallel Hash Join  (cost=15651.70..32804.14 rows=2225 width=13) (actual time=121.097..321.645 rows=45668 loops=2)"
"                                      Hash Cond: ((mrb.id_boleta)::text = (mb.id_boleta)::text)"
"                                      ->  Parallel Seq Scan on realiza_boleta mrb  (cost=0.00..15580.67 rows=416667 width=18) (actual time=0.015..62.415 rows=500000 loops=2)"
"                                      ->  Parallel Hash  (cost=15625.67..15625.67 rows=2083 width=13) (actual time=120.919..120.919 rows=42420 loops=2)"
"                                            Buckets: 131072 (originally 8192)  Batches: 1 (originally 1)  Memory Usage: 6016kB"
"                                            ->  Parallel Seq Scan on boleta mb  (cost=0.00..15625.67 rows=2083 width=13) (actual time=0.223..105.521 rows=42420 loops=2)"
"                                                  Filter: (date_part('MONTH'::text, (fecha)::timestamp without time zone) = '10'::double precision)"
"                                                  Rows Removed by Filter: 457580"
"  ->  Index Scan using pk_terapista on terapista t  (cost=0.42..8.32 rows=1 width=29) (actual time=0.004..0.004 rows=1 loops=166156)"
"        Index Cond: ((dni)::text = (mrf.dni_terapista)::text)"
"Planning Time: 0.508 ms"
"Execution Time: 1543.952 ms"

ITERACION 5
"Nested Loop  (cost=73102.22..74818.96 rows=200 width=28) (actual time=550.183..1371.728 rows=166156 loops=1)"
"  ->  Finalize GroupAggregate  (cost=73101.79..73152.46 rows=200 width=17) (actual time=550.156..702.004 rows=166156 loops=1)"
"        Group Key: mrf.dni_terapista"
"        ->  Gather Merge  (cost=73101.79..73148.46 rows=400 width=17) (actual time=550.148..647.702 rows=176005 loops=1)"
"              Workers Planned: 2"
"              Workers Launched: 2"
"              ->  Sort  (cost=72101.77..72102.27 rows=200 width=17) (actual time=520.973..534.864 rows=58668 loops=3)"
"                    Sort Key: mrf.dni_terapista"
"                    Sort Method: external merge  Disk: 2288kB"
"                    Worker 0:  Sort Method: quicksort  Memory: 3949kB"
"                    Worker 1:  Sort Method: external merge  Disk: 2304kB"
"                    ->  Partial HashAggregate  (cost=72092.12..72094.12 rows=200 width=17) (actual time=400.735..411.385 rows=58668 loops=3)"
"                          Group Key: mrf.dni_terapista"
"                          ->  Parallel Append  (cost=15651.70..72038.67 rows=10691 width=13) (actual time=154.603..373.205 rows=60914 loops=3)"
"                                ->  Parallel Hash Join  (cost=21920.70..39074.16 rows=2230 width=13) (actual time=79.413..186.648 rows=30468 loops=3)"
"                                      Hash Cond: ((mrf.id_factura)::text = (mf.id_factura)::text)"
"                                      ->  Parallel Seq Scan on realiza_factura mrf  (cost=0.00..15581.67 rows=416667 width=18) (actual time=0.019..32.949 rows=333333 loops=3)"
"                                      ->  Parallel Hash  (cost=21894.67..21894.67 rows=2083 width=13) (actual time=79.237..79.237 rows=28295 loops=3)"
"                                            Buckets: 131072 (originally 8192)  Batches: 1 (originally 1)  Memory Usage: 5984kB"
"                                            ->  Parallel Seq Scan on factura mf  (cost=0.00..21894.67 rows=2083 width=13) (actual time=0.034..209.856 rows=84886 loops=1)"
"                                                  Filter: (date_part('MONTH'::text, (fecha)::timestamp without time zone) = '10'::double precision)"
"                                                  Rows Removed by Filter: 915114"
"                                ->  Parallel Hash Join  (cost=15651.70..32804.14 rows=2225 width=13) (actual time=112.857..274.544 rows=45668 loops=2)"
"                                      Hash Cond: ((mrb.id_boleta)::text = (mb.id_boleta)::text)"
"                                      ->  Parallel Seq Scan on realiza_boleta mrb  (cost=0.00..15580.67 rows=416667 width=18) (actual time=0.028..48.641 rows=500000 loops=2)"
"                                      ->  Parallel Hash  (cost=15625.67..15625.67 rows=2083 width=13) (actual time=112.500..112.501 rows=42420 loops=2)"
"                                            Buckets: 131072 (originally 8192)  Batches: 1 (originally 1)  Memory Usage: 5984kB"
"                                            ->  Parallel Seq Scan on boleta mb  (cost=0.00..15625.67 rows=2083 width=13) (actual time=0.029..95.820 rows=42420 loops=2)"
"                                                  Filter: (date_part('MONTH'::text, (fecha)::timestamp without time zone) = '10'::double precision)"
"                                                  Rows Removed by Filter: 457580"
"  ->  Index Scan using pk_terapista on terapista t  (cost=0.42..8.32 rows=1 width=29) (actual time=0.004..0.004 rows=1 loops=166156)"
"        Index Cond: ((dni)::text = (mrf.dni_terapista)::text)"
"Planning Time: 1.148 ms"
"Execution Time: 1377.779 ms"

ITERACION 6
"Nested Loop  (cost=73102.22..74818.96 rows=200 width=28) (actual time=621.401..1482.016 rows=166156 loops=1)"
"  ->  Finalize GroupAggregate  (cost=73101.79..73152.46 rows=200 width=17) (actual time=621.348..780.070 rows=166156 loops=1)"
"        Group Key: mrf.dni_terapista"
"        ->  Gather Merge  (cost=73101.79..73148.46 rows=400 width=17) (actual time=621.334..723.413 rows=176246 loops=1)"
"              Workers Planned: 2"
"              Workers Launched: 2"
"              ->  Sort  (cost=72101.77..72102.27 rows=200 width=17) (actual time=596.265..612.372 rows=58749 loops=3)"
"                    Sort Key: mrf.dni_terapista"
"                    Sort Method: external merge  Disk: 2120kB"
"                    Worker 0:  Sort Method: external merge  Disk: 1712kB"
"                    Worker 1:  Sort Method: external merge  Disk: 2048kB"
"                    ->  Partial HashAggregate  (cost=72092.12..72094.12 rows=200 width=17) (actual time=470.487..482.214 rows=58749 loops=3)"
"                          Group Key: mrf.dni_terapista"
"                          ->  Parallel Append  (cost=15651.70..72038.67 rows=10691 width=13) (actual time=204.783..441.805 rows=60914 loops=3)"
"                                ->  Parallel Hash Join  (cost=21920.70..39074.16 rows=2230 width=13) (actual time=83.276..187.460 rows=30468 loops=3)"
"                                      Hash Cond: ((mrf.id_factura)::text = (mf.id_factura)::text)"
"                                      ->  Parallel Seq Scan on realiza_factura mrf  (cost=0.00..15581.67 rows=416667 width=18) (actual time=0.015..31.276 rows=333333 loops=3)"
"                                      ->  Parallel Hash  (cost=21894.67..21894.67 rows=2083 width=13) (actual time=83.031..83.032 rows=28295 loops=3)"
"                                            Buckets: 131072 (originally 8192)  Batches: 1 (originally 1)  Memory Usage: 5984kB"
"                                            ->  Parallel Seq Scan on factura mf  (cost=0.00..21894.67 rows=2083 width=13) (actual time=0.741..219.382 rows=84886 loops=1)"
"                                                  Filter: (date_part('MONTH'::text, (fecha)::timestamp without time zone) = '10'::double precision)"
"                                                  Rows Removed by Filter: 915114"
"                                ->  Parallel Hash Join  (cost=15651.70..32804.14 rows=2225 width=13) (actual time=182.321..375.842 rows=45668 loops=2)"
"                                      Hash Cond: ((mrb.id_boleta)::text = (mb.id_boleta)::text)"
"                                      ->  Parallel Seq Scan on realiza_boleta mrb  (cost=0.00..15580.67 rows=416667 width=18) (actual time=0.023..60.094 rows=500000 loops=2)"
"                                      ->  Parallel Hash  (cost=15625.67..15625.67 rows=2083 width=13) (actual time=181.579..181.580 rows=42420 loops=2)"
"                                            Buckets: 131072 (originally 8192)  Batches: 1 (originally 1)  Memory Usage: 5984kB"
"                                            ->  Parallel Seq Scan on boleta mb  (cost=0.00..15625.67 rows=2083 width=13) (actual time=0.546..159.776 rows=42420 loops=2)"
"                                                  Filter: (date_part('MONTH'::text, (fecha)::timestamp without time zone) = '10'::double precision)"
"                                                  Rows Removed by Filter: 457580"
"  ->  Index Scan using pk_terapista on terapista t  (cost=0.42..8.32 rows=1 width=29) (actual time=0.004..0.004 rows=1 loops=166156)"
"        Index Cond: ((dni)::text = (mrf.dni_terapista)::text)"
"Planning Time: 2.132 ms"
"Execution Time: 1488.519 ms"

ITERACION 7
"Nested Loop  (cost=73102.22..74818.96 rows=200 width=28) (actual time=589.149..1384.543 rows=166156 loops=1)"
"  ->  Finalize GroupAggregate  (cost=73101.79..73152.46 rows=200 width=17) (actual time=589.078..736.504 rows=166156 loops=1)"
"        Group Key: mrf.dni_terapista"
"        ->  Gather Merge  (cost=73101.79..73148.46 rows=400 width=17) (actual time=589.062..683.719 rows=176023 loops=1)"
"              Workers Planned: 2"
"              Workers Launched: 2"
"              ->  Sort  (cost=72101.77..72102.27 rows=200 width=17) (actual time=556.243..570.317 rows=58674 loops=3)"
"                    Sort Key: mrf.dni_terapista"
"                    Sort Method: external merge  Disk: 2312kB"
"                    Worker 0:  Sort Method: quicksort  Memory: 4026kB"
"                    Worker 1:  Sort Method: external merge  Disk: 2248kB"
"                    ->  Partial HashAggregate  (cost=72092.12..72094.12 rows=200 width=17) (actual time=433.415..444.382 rows=58674 loops=3)"
"                          Group Key: mrf.dni_terapista"
"                          ->  Parallel Append  (cost=15651.70..72038.67 rows=10691 width=13) (actual time=183.566..406.092 rows=60914 loops=3)"
"                                ->  Parallel Hash Join  (cost=21920.70..39074.16 rows=2230 width=13) (actual time=88.544..197.676 rows=30468 loops=3)"
"                                      Hash Cond: ((mrf.id_factura)::text = (mf.id_factura)::text)"
"                                      ->  Parallel Seq Scan on realiza_factura mrf  (cost=0.00..15581.67 rows=416667 width=18) (actual time=0.017..33.258 rows=333333 loops=3)"
"                                      ->  Parallel Hash  (cost=21894.67..21894.67 rows=2083 width=13) (actual time=88.426..88.427 rows=28295 loops=3)"
"                                            Buckets: 131072 (originally 8192)  Batches: 1 (originally 1)  Memory Usage: 5984kB"
"                                            ->  Parallel Seq Scan on factura mf  (cost=0.00..21894.67 rows=2083 width=13) (actual time=0.048..234.767 rows=84886 loops=1)"
"                                                  Filter: (date_part('MONTH'::text, (fecha)::timestamp without time zone) = '10'::double precision)"
"                                                  Rows Removed by Filter: 915114"
"                                ->  Parallel Hash Join  (cost=15651.70..32804.14 rows=2225 width=13) (actual time=142.603..307.147 rows=45668 loops=2)"
"                                      Hash Cond: ((mrb.id_boleta)::text = (mb.id_boleta)::text)"
"                                      ->  Parallel Seq Scan on realiza_boleta mrb  (cost=0.00..15580.67 rows=416667 width=18) (actual time=0.017..49.494 rows=500000 loops=2)"
"                                      ->  Parallel Hash  (cost=15625.67..15625.67 rows=2083 width=13) (actual time=142.302..142.303 rows=42420 loops=2)"
"                                            Buckets: 131072 (originally 8192)  Batches: 1 (originally 1)  Memory Usage: 5984kB"
"                                            ->  Parallel Seq Scan on boleta mb  (cost=0.00..15625.67 rows=2083 width=13) (actual time=0.037..121.666 rows=42420 loops=2)"
"                                                  Filter: (date_part('MONTH'::text, (fecha)::timestamp without time zone) = '10'::double precision)"
"                                                  Rows Removed by Filter: 457580"
"  ->  Index Scan using pk_terapista on terapista t  (cost=0.42..8.32 rows=1 width=29) (actual time=0.004..0.004 rows=1 loops=166156)"
"        Index Cond: ((dni)::text = (mrf.dni_terapista)::text)"
"Planning Time: 0.932 ms"
"Execution Time: 1390.464 ms"

ITERACION 8
"Nested Loop  (cost=73102.22..74818.96 rows=200 width=28) (actual time=671.339..1491.118 rows=166156 loops=1)"
"  ->  Finalize GroupAggregate  (cost=73101.79..73152.46 rows=200 width=17) (actual time=671.310..830.728 rows=166156 loops=1)"
"        Group Key: mrf.dni_terapista"
"        ->  Gather Merge  (cost=73101.79..73148.46 rows=400 width=17) (actual time=671.302..776.751 rows=175544 loops=1)"
"              Workers Planned: 2"
"              Workers Launched: 2"
"              ->  Sort  (cost=72101.77..72102.27 rows=200 width=17) (actual time=623.702..641.441 rows=58515 loops=3)"
"                    Sort Key: mrf.dni_terapista"
"                    Sort Method: external merge  Disk: 2672kB"
"                    Worker 0:  Sort Method: quicksort  Memory: 3291kB"
"                    Worker 1:  Sort Method: external merge  Disk: 2112kB"
"                    ->  Partial HashAggregate  (cost=72092.12..72094.12 rows=200 width=17) (actual time=494.707..507.925 rows=58515 loops=3)"
"                          Group Key: mrf.dni_terapista"
"                          ->  Parallel Append  (cost=15651.70..72038.67 rows=10691 width=13) (actual time=186.248..461.420 rows=60914 loops=3)"
"                                ->  Parallel Hash Join  (cost=21920.70..39074.16 rows=2230 width=13) (actual time=103.135..243.338 rows=30468 loops=3)"
"                                      Hash Cond: ((mrf.id_factura)::text = (mf.id_factura)::text)"
"                                      ->  Parallel Seq Scan on realiza_factura mrf  (cost=0.00..15581.67 rows=416667 width=18) (actual time=0.021..44.244 rows=333333 loops=3)"
"                                      ->  Parallel Hash  (cost=21894.67..21894.67 rows=2083 width=13) (actual time=102.848..102.849 rows=28295 loops=3)"
"                                            Buckets: 131072 (originally 8192)  Batches: 1 (originally 1)  Memory Usage: 5984kB"
"                                            ->  Parallel Seq Scan on factura mf  (cost=0.00..21894.67 rows=2083 width=13) (actual time=0.060..274.424 rows=84886 loops=1)"
"                                                  Filter: (date_part('MONTH'::text, (fecha)::timestamp without time zone) = '10'::double precision)"
"                                                  Rows Removed by Filter: 915114"
"                                ->  Parallel Hash Join  (cost=15651.70..32804.14 rows=2225 width=13) (actual time=124.797..320.410 rows=45668 loops=2)"
"                                      Hash Cond: ((mrb.id_boleta)::text = (mb.id_boleta)::text)"
"                                      ->  Parallel Seq Scan on realiza_boleta mrb  (cost=0.00..15580.67 rows=416667 width=18) (actual time=0.021..61.006 rows=500000 loops=2)"
"                                      ->  Parallel Hash  (cost=15625.67..15625.67 rows=2083 width=13) (actual time=124.313..124.314 rows=42420 loops=2)"
"                                            Buckets: 131072 (originally 8192)  Batches: 1 (originally 1)  Memory Usage: 6016kB"
"                                            ->  Parallel Seq Scan on boleta mb  (cost=0.00..15625.67 rows=2083 width=13) (actual time=0.056..106.986 rows=42420 loops=2)"
"                                                  Filter: (date_part('MONTH'::text, (fecha)::timestamp without time zone) = '10'::double precision)"
"                                                  Rows Removed by Filter: 457580"
"  ->  Index Scan using pk_terapista on terapista t  (cost=0.42..8.32 rows=1 width=29) (actual time=0.004..0.004 rows=1 loops=166156)"
"        Index Cond: ((dni)::text = (mrf.dni_terapista)::text)"
"Planning Time: 0.577 ms"
"Execution Time: 1497.093 ms"

ITERACION 9
"Nested Loop  (cost=73102.22..74818.96 rows=200 width=28) (actual time=566.622..1470.954 rows=166156 loops=1)"
"  ->  Finalize GroupAggregate  (cost=73101.79..73152.46 rows=200 width=17) (actual time=566.592..734.348 rows=166156 loops=1)"
"        Group Key: mrf.dni_terapista"
"        ->  Gather Merge  (cost=73101.79..73148.46 rows=400 width=17) (actual time=566.584..674.642 rows=175913 loops=1)"
"              Workers Planned: 2"
"              Workers Launched: 2"
"              ->  Sort  (cost=72101.77..72102.27 rows=200 width=17) (actual time=540.064..555.359 rows=58638 loops=3)"
"                    Sort Key: mrf.dni_terapista"
"                    Sort Method: external merge  Disk: 2256kB"
"                    Worker 0:  Sort Method: quicksort  Memory: 4056kB"
"                    Worker 1:  Sort Method: external merge  Disk: 2280kB"
"                    ->  Partial HashAggregate  (cost=72092.12..72094.12 rows=200 width=17) (actual time=412.569..424.389 rows=58638 loops=3)"
"                          Group Key: mrf.dni_terapista"
"                          ->  Parallel Append  (cost=15651.70..72038.67 rows=10691 width=13) (actual time=161.787..384.655 rows=60914 loops=3)"
"                                ->  Parallel Hash Join  (cost=21920.70..39074.16 rows=2230 width=13) (actual time=81.104..182.540 rows=30468 loops=3)"
"                                      Hash Cond: ((mrf.id_factura)::text = (mf.id_factura)::text)"
"                                      ->  Parallel Seq Scan on realiza_factura mrf  (cost=0.00..15581.67 rows=416667 width=18) (actual time=0.036..31.719 rows=333333 loops=3)"
"                                      ->  Parallel Hash  (cost=21894.67..21894.67 rows=2083 width=13) (actual time=80.974..80.976 rows=28295 loops=3)"
"                                            Buckets: 131072 (originally 8192)  Batches: 1 (originally 1)  Memory Usage: 5984kB"
"                                            ->  Parallel Seq Scan on factura mf  (cost=0.00..21894.67 rows=2083 width=13) (actual time=0.024..214.118 rows=84886 loops=1)"
"                                                  Filter: (date_part('MONTH'::text, (fecha)::timestamp without time zone) = '10'::double precision)"
"                                                  Rows Removed by Filter: 915114"
"                                ->  Parallel Hash Join  (cost=15651.70..32804.14 rows=2225 width=13) (actual time=121.116..297.661 rows=45668 loops=2)"
"                                      Hash Cond: ((mrb.id_boleta)::text = (mb.id_boleta)::text)"
"                                      ->  Parallel Seq Scan on realiza_boleta mrb  (cost=0.00..15580.67 rows=416667 width=18) (actual time=0.016..53.143 rows=500000 loops=2)"
"                                      ->  Parallel Hash  (cost=15625.67..15625.67 rows=2083 width=13) (actual time=120.742..120.743 rows=42420 loops=2)"
"                                            Buckets: 131072 (originally 8192)  Batches: 1 (originally 1)  Memory Usage: 5984kB"
"                                            ->  Parallel Seq Scan on boleta mb  (cost=0.00..15625.67 rows=2083 width=13) (actual time=0.034..103.207 rows=42420 loops=2)"
"                                                  Filter: (date_part('MONTH'::text, (fecha)::timestamp without time zone) = '10'::double precision)"
"                                                  Rows Removed by Filter: 457580"
"  ->  Index Scan using pk_terapista on terapista t  (cost=0.42..8.32 rows=1 width=29) (actual time=0.004..0.004 rows=1 loops=166156)"
"        Index Cond: ((dni)::text = (mrf.dni_terapista)::text)"
"Planning Time: 0.955 ms"
"Execution Time: 1477.561 ms"

ITERACION 10
"Nested Loop  (cost=73102.22..74818.96 rows=200 width=28) (actual time=555.585..1407.304 rows=166156 loops=1)"
"  ->  Finalize GroupAggregate  (cost=73101.79..73152.46 rows=200 width=17) (actual time=555.537..713.864 rows=166156 loops=1)"
"        Group Key: mrf.dni_terapista"
"        ->  Gather Merge  (cost=73101.79..73148.46 rows=400 width=17) (actual time=555.527..657.189 rows=176054 loops=1)"
"              Workers Planned: 2"
"              Workers Launched: 2"
"              ->  Sort  (cost=72101.77..72102.27 rows=200 width=17) (actual time=527.441..544.109 rows=58685 loops=3)"
"                    Sort Key: mrf.dni_terapista"
"                    Sort Method: external merge  Disk: 2208kB"
"                    Worker 0:  Sort Method: external merge  Disk: 1392kB"
"                    Worker 1:  Sort Method: external merge  Disk: 2272kB"
"                    ->  Partial HashAggregate  (cost=72092.12..72094.12 rows=200 width=17) (actual time=403.759..415.090 rows=58685 loops=3)"
"                          Group Key: mrf.dni_terapista"
"                          ->  Parallel Append  (cost=15651.70..72038.67 rows=10691 width=13) (actual time=152.476..375.964 rows=60914 loops=3)"
"                                ->  Parallel Hash Join  (cost=21920.70..39074.16 rows=2230 width=13) (actual time=75.210..181.227 rows=30468 loops=3)"
"                                      Hash Cond: ((mrf.id_factura)::text = (mf.id_factura)::text)"
"                                      ->  Parallel Seq Scan on realiza_factura mrf  (cost=0.00..15581.67 rows=416667 width=18) (actual time=0.018..32.943 rows=333333 loops=3)"
"                                      ->  Parallel Hash  (cost=21894.67..21894.67 rows=2083 width=13) (actual time=75.107..75.108 rows=28295 loops=3)"
"                                            Buckets: 131072 (originally 8192)  Batches: 1 (originally 1)  Memory Usage: 5984kB"
"                                            ->  Parallel Seq Scan on factura mf  (cost=0.00..21894.67 rows=2083 width=13) (actual time=0.041..198.104 rows=84886 loops=1)"
"                                                  Filter: (date_part('MONTH'::text, (fecha)::timestamp without time zone) = '10'::double precision)"
"                                                  Rows Removed by Filter: 915114"
"                                ->  Parallel Hash Join  (cost=15651.70..32804.14 rows=2225 width=13) (actual time=115.977..286.637 rows=45668 loops=2)"
"                                      Hash Cond: ((mrb.id_boleta)::text = (mb.id_boleta)::text)"
"                                      ->  Parallel Seq Scan on realiza_boleta mrb  (cost=0.00..15580.67 rows=416667 width=18) (actual time=0.016..51.248 rows=500000 loops=2)"
"                                      ->  Parallel Hash  (cost=15625.67..15625.67 rows=2083 width=13) (actual time=115.743..115.744 rows=42420 loops=2)"
"                                            Buckets: 131072 (originally 8192)  Batches: 1 (originally 1)  Memory Usage: 6016kB"
"                                            ->  Parallel Seq Scan on boleta mb  (cost=0.00..15625.67 rows=2083 width=13) (actual time=0.153..98.640 rows=42420 loops=2)"
"                                                  Filter: (date_part('MONTH'::text, (fecha)::timestamp without time zone) = '10'::double precision)"
"                                                  Rows Removed by Filter: 457580"
"  ->  Index Scan using pk_terapista on terapista t  (cost=0.42..8.32 rows=1 width=29) (actual time=0.004..0.004 rows=1 loops=166156)"
"        Index Cond: ((dni)::text = (mrf.dni_terapista)::text)"
"Planning Time: 0.780 ms"
"Execution Time: 1413.975 ms"


MILLON_I
ITERACION 1
"Nested Loop  (cost=73101.78..74737.95 rows=200 width=28) (actual time=9085.513..82092.146 rows=166156 loops=1)"
"  ->  Finalize GroupAggregate  (cost=73101.78..73152.45 rows=200 width=17) (actual time=9014.004..9434.046 rows=166156 loops=1)"
"        Group Key: mrf.dni_terapista"
"        ->  Gather Merge  (cost=73101.78..73148.45 rows=400 width=17) (actual time=9013.995..9264.645 rows=175944 loops=1)"
"              Workers Planned: 2"
"              Workers Launched: 2"
"              ->  Sort  (cost=72101.76..72102.26 rows=200 width=17) (actual time=8991.156..9031.400 rows=58648 loops=3)"
"                    Sort Key: mrf.dni_terapista"
"                    Sort Method: external merge  Disk: 1608kB"
"                    Worker 0:  Sort Method: external merge  Disk: 2672kB"
"                    Worker 1:  Sort Method: external merge  Disk: 1592kB"
"                    ->  Partial HashAggregate  (cost=72092.11..72094.11 rows=200 width=17) (actual time=8827.042..8840.299 rows=58648 loops=3)"
"                          Group Key: mrf.dni_terapista"
"                          ->  Parallel Append  (cost=15651.70..72038.66 rows=10691 width=13) (actual time=3832.038..8739.757 rows=60914 loops=3)"
"                                ->  Parallel Hash Join  (cost=21920.70..39074.08 rows=2211 width=13) (actual time=1496.309..2981.443 rows=30468 loops=3)"
"                                      Hash Cond: ((mrf.id_factura)::text = (mf.id_factura)::text)"
"                                      ->  Parallel Seq Scan on realiza_factura mrf  (cost=0.00..15581.67 rows=416667 width=18) (actual time=41.644..1307.959 rows=333333 loops=3)"
"                                      ->  Parallel Hash  (cost=21894.67..21894.67 rows=2083 width=13) (actual time=1454.469..1454.470 rows=28295 loops=3)"
"                                            Buckets: 131072 (originally 8192)  Batches: 1 (originally 1)  Memory Usage: 5984kB"
"                                            ->  Parallel Seq Scan on factura mf  (cost=0.00..21894.67 rows=2083 width=13) (actual time=20.340..4276.493 rows=84886 loops=1)"
"                                                  Filter: (date_part('MONTH'::text, (fecha)::timestamp without time zone) = '10'::double precision)"
"                                                  Rows Removed by Filter: 915114"
"                                ->  Parallel Hash Join  (cost=15651.70..32804.21 rows=2243 width=13) (actual time=3529.771..8616.261 rows=45668 loops=2)"
"                                      Hash Cond: ((mrb.id_boleta)::text = (mb.id_boleta)::text)"
"                                      ->  Parallel Seq Scan on realiza_boleta mrb  (cost=0.00..15580.67 rows=416667 width=18) (actual time=44.545..4775.239 rows=500000 loops=2)"
"                                      ->  Parallel Hash  (cost=15625.67..15625.67 rows=2083 width=13) (actual time=3484.568..3484.568 rows=42420 loops=2)"
"                                            Buckets: 131072 (originally 8192)  Batches: 1 (originally 1)  Memory Usage: 5984kB"
"                                            ->  Parallel Seq Scan on boleta mb  (cost=0.00..15625.67 rows=2083 width=13) (actual time=3.294..3414.022 rows=42420 loops=2)"
"                                                  Filter: (date_part('MONTH'::text, (fecha)::timestamp without time zone) = '10'::double precision)"
"                                                  Rows Removed by Filter: 457580"
"  ->  Index Scan using index_dni_t on terapista t  (cost=0.00..7.92 rows=1 width=29) (actual time=0.436..0.436 rows=1 loops=166156)"
"        Index Cond: ((dni)::text = (mrf.dni_terapista)::text)"
"        Rows Removed by Index Recheck: 0"
"Planning Time: 230.282 ms"
"Execution Time: 82112.349 ms"

ITERACION 2
"Nested Loop  (cost=73101.78..74737.95 rows=200 width=28) (actual time=566.606..1045.233 rows=166156 loops=1)"
"  ->  Finalize GroupAggregate  (cost=73101.78..73152.45 rows=200 width=17) (actual time=566.592..716.681 rows=166156 loops=1)"
"        Group Key: mrf.dni_terapista"
"        ->  Gather Merge  (cost=73101.78..73148.45 rows=400 width=17) (actual time=566.585..663.866 rows=175929 loops=1)"
"              Workers Planned: 2"
"              Workers Launched: 2"
"              ->  Sort  (cost=72101.76..72102.26 rows=200 width=17) (actual time=523.378..536.771 rows=58643 loops=3)"
"                    Sort Key: mrf.dni_terapista"
"                    Sort Method: external merge  Disk: 2248kB"
"                    Worker 0:  Sort Method: quicksort  Memory: 4031kB"
"                    Worker 1:  Sort Method: external merge  Disk: 2304kB"
"                    ->  Partial HashAggregate  (cost=72092.11..72094.11 rows=200 width=17) (actual time=399.648..411.636 rows=58643 loops=3)"
"                          Group Key: mrf.dni_terapista"
"                          ->  Parallel Append  (cost=15651.70..72038.66 rows=10691 width=13) (actual time=151.164..373.452 rows=60914 loops=3)"
"                                ->  Parallel Hash Join  (cost=21920.70..39074.08 rows=2211 width=13) (actual time=77.583..179.612 rows=30468 loops=3)"
"                                      Hash Cond: ((mrf.id_factura)::text = (mf.id_factura)::text)"
"                                      ->  Parallel Seq Scan on realiza_factura mrf  (cost=0.00..15581.67 rows=416667 width=18) (actual time=0.021..32.849 rows=333333 loops=3)"
"                                      ->  Parallel Hash  (cost=21894.67..21894.67 rows=2083 width=13) (actual time=77.471..77.472 rows=28295 loops=3)"
"                                            Buckets: 131072 (originally 8192)  Batches: 1 (originally 1)  Memory Usage: 5984kB"
"                                            ->  Parallel Seq Scan on factura mf  (cost=0.00..21894.67 rows=2083 width=13) (actual time=0.026..205.565 rows=84886 loops=1)"
"                                                  Filter: (date_part('MONTH'::text, (fecha)::timestamp without time zone) = '10'::double precision)"
"                                                  Rows Removed by Filter: 915114"
"                                ->  Parallel Hash Join  (cost=15651.70..32804.21 rows=2243 width=13) (actual time=110.480..285.285 rows=45668 loops=2)"
"                                      Hash Cond: ((mrb.id_boleta)::text = (mb.id_boleta)::text)"
"                                      ->  Parallel Seq Scan on realiza_boleta mrb  (cost=0.00..15580.67 rows=416667 width=18) (actual time=0.017..54.146 rows=500000 loops=2)"
"                                      ->  Parallel Hash  (cost=15625.67..15625.67 rows=2083 width=13) (actual time=110.293..110.293 rows=42420 loops=2)"
"                                            Buckets: 131072 (originally 8192)  Batches: 1 (originally 1)  Memory Usage: 6016kB"
"                                            ->  Parallel Seq Scan on boleta mb  (cost=0.00..15625.67 rows=2083 width=13) (actual time=0.023..95.253 rows=42420 loops=2)"
"                                                  Filter: (date_part('MONTH'::text, (fecha)::timestamp without time zone) = '10'::double precision)"
"                                                  Rows Removed by Filter: 457580"
"  ->  Index Scan using index_dni_t on terapista t  (cost=0.00..7.92 rows=1 width=29) (actual time=0.002..0.002 rows=1 loops=166156)"
"        Index Cond: ((dni)::text = (mrf.dni_terapista)::text)"
"        Rows Removed by Index Recheck: 0"
"Planning Time: 0.444 ms"
"Execution Time: 1051.558 ms"

ITERACION 3
"Nested Loop  (cost=73101.78..74737.95 rows=200 width=28) (actual time=625.089..1105.788 rows=166156 loops=1)"
"  ->  Finalize GroupAggregate  (cost=73101.78..73152.45 rows=200 width=17) (actual time=625.073..774.414 rows=166156 loops=1)"
"        Group Key: mrf.dni_terapista"
"        ->  Gather Merge  (cost=73101.78..73148.45 rows=400 width=17) (actual time=625.065..722.525 rows=175723 loops=1)"
"              Workers Planned: 2"
"              Workers Launched: 2"
"              ->  Sort  (cost=72101.76..72102.26 rows=200 width=17) (actual time=581.455..595.761 rows=58574 loops=3)"
"                    Sort Key: mrf.dni_terapista"
"                    Sort Method: external merge  Disk: 2312kB"
"                    Worker 0:  Sort Method: external merge  Disk: 2416kB"
"                    Worker 1:  Sort Method: quicksort  Memory: 3590kB"
"                    ->  Partial HashAggregate  (cost=72092.11..72094.11 rows=200 width=17) (actual time=461.856..474.588 rows=58574 loops=3)"
"                          Group Key: mrf.dni_terapista"
"                          ->  Parallel Append  (cost=15651.70..72038.66 rows=10691 width=13) (actual time=208.350..433.915 rows=60914 loops=3)"
"                                ->  Parallel Hash Join  (cost=21920.70..39074.08 rows=2211 width=13) (actual time=103.500..218.958 rows=30468 loops=3)"
"                                      Hash Cond: ((mrf.id_factura)::text = (mf.id_factura)::text)"
"                                      ->  Parallel Seq Scan on realiza_factura mrf  (cost=0.00..15581.67 rows=416667 width=18) (actual time=0.024..35.797 rows=333333 loops=3)"
"                                      ->  Parallel Hash  (cost=21894.67..21894.67 rows=2083 width=13) (actual time=103.258..103.258 rows=28295 loops=3)"
"                                            Buckets: 131072 (originally 8192)  Batches: 1 (originally 1)  Memory Usage: 5984kB"
"                                            ->  Parallel Seq Scan on factura mf  (cost=0.00..21894.67 rows=2083 width=13) (actual time=0.107..274.321 rows=84886 loops=1)"
"                                                  Filter: (date_part('MONTH'::text, (fecha)::timestamp without time zone) = '10'::double precision)"
"                                                  Rows Removed by Filter: 915114"
"                                ->  Parallel Hash Join  (cost=15651.70..32804.21 rows=2243 width=13) (actual time=157.423..316.757 rows=45668 loops=2)"
"                                      Hash Cond: ((mrb.id_boleta)::text = (mb.id_boleta)::text)"
"                                      ->  Parallel Seq Scan on realiza_boleta mrb  (cost=0.00..15580.67 rows=416667 width=18) (actual time=0.019..48.137 rows=500000 loops=2)"
"                                      ->  Parallel Hash  (cost=15625.67..15625.67 rows=2083 width=13) (actual time=156.798..156.798 rows=42420 loops=2)"
"                                            Buckets: 131072 (originally 8192)  Batches: 1 (originally 1)  Memory Usage: 6016kB"
"                                            ->  Parallel Seq Scan on boleta mb  (cost=0.00..15625.67 rows=2083 width=13) (actual time=0.090..134.473 rows=42420 loops=2)"
"                                                  Filter: (date_part('MONTH'::text, (fecha)::timestamp without time zone) = '10'::double precision)"
"                                                  Rows Removed by Filter: 457580"
"  ->  Index Scan using index_dni_t on terapista t  (cost=0.00..7.92 rows=1 width=29) (actual time=0.002..0.002 rows=1 loops=166156)"
"        Index Cond: ((dni)::text = (mrf.dni_terapista)::text)"
"        Rows Removed by Index Recheck: 0"
"Planning Time: 2.293 ms"
"Execution Time: 1111.920 ms"

ITERACION 4
"Nested Loop  (cost=73101.78..74737.95 rows=200 width=28) (actual time=548.890..1031.135 rows=166156 loops=1)"
"  ->  Finalize GroupAggregate  (cost=73101.78..73152.45 rows=200 width=17) (actual time=548.870..703.046 rows=166156 loops=1)"
"        Group Key: mrf.dni_terapista"
"        ->  Gather Merge  (cost=73101.78..73148.45 rows=400 width=17) (actual time=548.828..649.190 rows=175962 loops=1)"
"              Workers Planned: 2"
"              Workers Launched: 2"
"              ->  Sort  (cost=72101.76..72102.26 rows=200 width=17) (actual time=523.443..538.084 rows=58654 loops=3)"
"                    Sort Key: mrf.dni_terapista"
"                    Sort Method: external merge  Disk: 2256kB"
"                    Worker 0:  Sort Method: external merge  Disk: 2224kB"
"                    Worker 1:  Sort Method: external merge  Disk: 1384kB"
"                    ->  Partial HashAggregate  (cost=72092.11..72094.11 rows=200 width=17) (actual time=396.738..409.192 rows=58654 loops=3)"
"                          Group Key: mrf.dni_terapista"
"                          ->  Parallel Append  (cost=15651.70..72038.66 rows=10691 width=13) (actual time=139.187..368.356 rows=60914 loops=3)"
"                                ->  Parallel Hash Join  (cost=21920.70..39074.08 rows=2211 width=13) (actual time=72.358..182.648 rows=30468 loops=3)"
"                                      Hash Cond: ((mrf.id_factura)::text = (mf.id_factura)::text)"
"                                      ->  Parallel Seq Scan on realiza_factura mrf  (cost=0.00..15581.67 rows=416667 width=18) (actual time=0.022..33.774 rows=333333 loops=3)"
"                                      ->  Parallel Hash  (cost=21894.67..21894.67 rows=2083 width=13) (actual time=72.278..72.279 rows=28295 loops=3)"
"                                            Buckets: 131072 (originally 8192)  Batches: 1 (originally 1)  Memory Usage: 5984kB"
"                                            ->  Parallel Seq Scan on factura mf  (cost=0.00..21894.67 rows=2083 width=13) (actual time=0.025..191.178 rows=84886 loops=1)"
"                                                  Filter: (date_part('MONTH'::text, (fecha)::timestamp without time zone) = '10'::double precision)"
"                                                  Rows Removed by Filter: 915114"
"                                ->  Parallel Hash Join  (cost=15651.70..32804.21 rows=2243 width=13) (actual time=100.302..272.919 rows=45668 loops=2)"
"                                      Hash Cond: ((mrb.id_boleta)::text = (mb.id_boleta)::text)"
"                                      ->  Parallel Seq Scan on realiza_boleta mrb  (cost=0.00..15580.67 rows=416667 width=18) (actual time=0.023..52.453 rows=500000 loops=2)"
"                                      ->  Parallel Hash  (cost=15625.67..15625.67 rows=2083 width=13) (actual time=100.073..100.074 rows=42420 loops=2)"
"                                            Buckets: 131072 (originally 8192)  Batches: 1 (originally 1)  Memory Usage: 5984kB"
"                                            ->  Parallel Seq Scan on boleta mb  (cost=0.00..15625.67 rows=2083 width=13) (actual time=0.030..86.516 rows=42420 loops=2)"
"                                                  Filter: (date_part('MONTH'::text, (fecha)::timestamp without time zone) = '10'::double precision)"
"                                                  Rows Removed by Filter: 457580"
"  ->  Index Scan using index_dni_t on terapista t  (cost=0.00..7.92 rows=1 width=29) (actual time=0.002..0.002 rows=1 loops=166156)"
"        Index Cond: ((dni)::text = (mrf.dni_terapista)::text)"
"        Rows Removed by Index Recheck: 0"
"Planning Time: 0.908 ms"
"Execution Time: 1037.509 ms"

ITERACION 5
"Nested Loop  (cost=73101.78..74737.95 rows=200 width=28) (actual time=597.297..1086.017 rows=166156 loops=1)"
"  ->  Finalize GroupAggregate  (cost=73101.78..73152.45 rows=200 width=17) (actual time=597.282..752.071 rows=166156 loops=1)"
"        Group Key: mrf.dni_terapista"
"        ->  Gather Merge  (cost=73101.78..73148.45 rows=400 width=17) (actual time=597.274..698.663 rows=175921 loops=1)"
"              Workers Planned: 2"
"              Workers Launched: 2"
"              ->  Sort  (cost=72101.76..72102.26 rows=200 width=17) (actual time=560.791..575.143 rows=58640 loops=3)"
"                    Sort Key: mrf.dni_terapista"
"                    Sort Method: external merge  Disk: 2272kB"
"                    Worker 0:  Sort Method: quicksort  Memory: 4080kB"
"                    Worker 1:  Sort Method: external merge  Disk: 2256kB"
"                    ->  Partial HashAggregate  (cost=72092.11..72094.11 rows=200 width=17) (actual time=429.471..440.556 rows=58640 loops=3)"
"                          Group Key: mrf.dni_terapista"
"                          ->  Parallel Append  (cost=15651.70..72038.66 rows=10691 width=13) (actual time=187.758..402.581 rows=60914 loops=3)"
"                                ->  Parallel Hash Join  (cost=21920.70..39074.08 rows=2211 width=13) (actual time=85.523..189.253 rows=30468 loops=3)"
"                                      Hash Cond: ((mrf.id_factura)::text = (mf.id_factura)::text)"
"                                      ->  Parallel Seq Scan on realiza_factura mrf  (cost=0.00..15581.67 rows=416667 width=18) (actual time=0.025..32.371 rows=333333 loops=3)"
"                                      ->  Parallel Hash  (cost=21894.67..21894.67 rows=2083 width=13) (actual time=85.350..85.351 rows=28295 loops=3)"
"                                            Buckets: 131072 (originally 8192)  Batches: 1 (originally 1)  Memory Usage: 5984kB"
"                                            ->  Parallel Seq Scan on factura mf  (cost=0.00..21894.67 rows=2083 width=13) (actual time=0.095..226.567 rows=84886 loops=1)"
"                                                  Filter: (date_part('MONTH'::text, (fecha)::timestamp without time zone) = '10'::double precision)"
"                                                  Rows Removed by Filter: 915114"
"                                ->  Parallel Hash Join  (cost=15651.70..32804.21 rows=2243 width=13) (actual time=153.426..314.737 rows=45668 loops=2)"
"                                      Hash Cond: ((mrb.id_boleta)::text = (mb.id_boleta)::text)"
"                                      ->  Parallel Seq Scan on realiza_boleta mrb  (cost=0.00..15580.67 rows=416667 width=18) (actual time=0.019..48.576 rows=500000 loops=2)"
"                                      ->  Parallel Hash  (cost=15625.67..15625.67 rows=2083 width=13) (actual time=152.845..152.845 rows=42420 loops=2)"
"                                            Buckets: 131072 (originally 8192)  Batches: 1 (originally 1)  Memory Usage: 5984kB"
"                                            ->  Parallel Seq Scan on boleta mb  (cost=0.00..15625.67 rows=2083 width=13) (actual time=0.078..132.227 rows=42420 loops=2)"
"                                                  Filter: (date_part('MONTH'::text, (fecha)::timestamp without time zone) = '10'::double precision)"
"                                                  Rows Removed by Filter: 457580"
"  ->  Index Scan using index_dni_t on terapista t  (cost=0.00..7.92 rows=1 width=29) (actual time=0.002..0.002 rows=1 loops=166156)"
"        Index Cond: ((dni)::text = (mrf.dni_terapista)::text)"
"        Rows Removed by Index Recheck: 0"
"Planning Time: 2.021 ms"
"Execution Time: 1092.441 ms"

ITERACION 6
"Nested Loop  (cost=73101.78..74737.95 rows=200 width=28) (actual time=575.473..1057.608 rows=166156 loops=1)"
"  ->  Finalize GroupAggregate  (cost=73101.78..73152.45 rows=200 width=17) (actual time=575.456..728.158 rows=166156 loops=1)"
"        Group Key: mrf.dni_terapista"
"        ->  Gather Merge  (cost=73101.78..73148.45 rows=400 width=17) (actual time=575.446..674.310 rows=175926 loops=1)"
"              Workers Planned: 2"
"              Workers Launched: 2"
"              ->  Sort  (cost=72101.76..72102.26 rows=200 width=17) (actual time=542.008..555.900 rows=58642 loops=3)"
"                    Sort Key: mrf.dni_terapista"
"                    Sort Method: external merge  Disk: 2336kB"
"                    Worker 0:  Sort Method: quicksort  Memory: 3944kB"
"                    Worker 1:  Sort Method: external merge  Disk: 2248kB"
"                    ->  Partial HashAggregate  (cost=72092.11..72094.11 rows=200 width=17) (actual time=422.579..434.850 rows=58642 loops=3)"
"                          Group Key: mrf.dni_terapista"
"                          ->  Parallel Append  (cost=15651.70..72038.66 rows=10691 width=13) (actual time=185.680..396.066 rows=60914 loops=3)"
"                                ->  Parallel Hash Join  (cost=21920.70..39074.08 rows=2211 width=13) (actual time=89.598..189.960 rows=30468 loops=3)"
"                                      Hash Cond: ((mrf.id_factura)::text = (mf.id_factura)::text)"
"                                      ->  Parallel Seq Scan on realiza_factura mrf  (cost=0.00..15581.67 rows=416667 width=18) (actual time=0.016..31.381 rows=333333 loops=3)"
"                                      ->  Parallel Hash  (cost=21894.67..21894.67 rows=2083 width=13) (actual time=89.449..89.449 rows=28295 loops=3)"
"                                            Buckets: 131072 (originally 8192)  Batches: 1 (originally 1)  Memory Usage: 5984kB"
"                                            ->  Parallel Seq Scan on factura mf  (cost=0.00..21894.67 rows=2083 width=13) (actual time=0.067..238.369 rows=84886 loops=1)"
"                                                  Filter: (date_part('MONTH'::text, (fecha)::timestamp without time zone) = '10'::double precision)"
"                                                  Rows Removed by Filter: 915114"
"                                ->  Parallel Hash Join  (cost=15651.70..32804.21 rows=2243 width=13) (actual time=144.207..303.914 rows=45668 loops=2)"
"                                      Hash Cond: ((mrb.id_boleta)::text = (mb.id_boleta)::text)"
"                                      ->  Parallel Seq Scan on realiza_boleta mrb  (cost=0.00..15580.67 rows=416667 width=18) (actual time=0.015..48.387 rows=500000 loops=2)"
"                                      ->  Parallel Hash  (cost=15625.67..15625.67 rows=2083 width=13) (actual time=143.736..143.737 rows=42420 loops=2)"
"                                            Buckets: 131072 (originally 8192)  Batches: 1 (originally 1)  Memory Usage: 6016kB"
"                                            ->  Parallel Seq Scan on boleta mb  (cost=0.00..15625.67 rows=2083 width=13) (actual time=0.072..124.261 rows=42420 loops=2)"
"                                                  Filter: (date_part('MONTH'::text, (fecha)::timestamp without time zone) = '10'::double precision)"
"                                                  Rows Removed by Filter: 457580"
"  ->  Index Scan using index_dni_t on terapista t  (cost=0.00..7.92 rows=1 width=29) (actual time=0.002..0.002 rows=1 loops=166156)"
"        Index Cond: ((dni)::text = (mrf.dni_terapista)::text)"
"        Rows Removed by Index Recheck: 0"
"Planning Time: 1.226 ms"
"Execution Time: 1063.750 ms"

ITERACION 7
"Nested Loop  (cost=73101.78..74737.95 rows=200 width=28) (actual time=591.616..1047.261 rows=166156 loops=1)"
"  ->  Finalize GroupAggregate  (cost=73101.78..73152.45 rows=200 width=17) (actual time=591.601..733.775 rows=166156 loops=1)"
"        Group Key: mrf.dni_terapista"
"        ->  Gather Merge  (cost=73101.78..73148.45 rows=400 width=17) (actual time=591.594..683.746 rows=176100 loops=1)"
"              Workers Planned: 2"
"              Workers Launched: 2"
"              ->  Sort  (cost=72101.76..72102.26 rows=200 width=17) (actual time=570.044..584.220 rows=58700 loops=3)"
"                    Sort Key: mrf.dni_terapista"
"                    Sort Method: external merge  Disk: 2192kB"
"                    Worker 0:  Sort Method: external merge  Disk: 1552kB"
"                    Worker 1:  Sort Method: external merge  Disk: 2128kB"
"                    ->  Partial HashAggregate  (cost=72092.11..72094.11 rows=200 width=17) (actual time=446.614..457.156 rows=58700 loops=3)"
"                          Group Key: mrf.dni_terapista"
"                          ->  Parallel Append  (cost=15651.70..72038.66 rows=10691 width=13) (actual time=189.470..418.218 rows=60914 loops=3)"
"                                ->  Parallel Hash Join  (cost=21920.70..39074.08 rows=2211 width=13) (actual time=80.213..193.495 rows=30468 loops=3)"
"                                      Hash Cond: ((mrf.id_factura)::text = (mf.id_factura)::text)"
"                                      ->  Parallel Seq Scan on realiza_factura mrf  (cost=0.00..15581.67 rows=416667 width=18) (actual time=0.022..34.312 rows=333333 loops=3)"
"                                      ->  Parallel Hash  (cost=21894.67..21894.67 rows=2083 width=13) (actual time=80.107..80.107 rows=28295 loops=3)"
"                                            Buckets: 131072 (originally 8192)  Batches: 1 (originally 1)  Memory Usage: 5984kB"
"                                            ->  Parallel Seq Scan on factura mf  (cost=0.00..21894.67 rows=2083 width=13) (actual time=0.049..211.345 rows=84886 loops=1)"
"                                                  Filter: (date_part('MONTH'::text, (fecha)::timestamp without time zone) = '10'::double precision)"
"                                                  Rows Removed by Filter: 915114"
"                                ->  Parallel Hash Join  (cost=15651.70..32804.21 rows=2243 width=13) (actual time=163.942..331.509 rows=45668 loops=2)"
"                                      Hash Cond: ((mrb.id_boleta)::text = (mb.id_boleta)::text)"
"                                      ->  Parallel Seq Scan on realiza_boleta mrb  (cost=0.00..15580.67 rows=416667 width=18) (actual time=0.025..50.675 rows=500000 loops=2)"
"                                      ->  Parallel Hash  (cost=15625.67..15625.67 rows=2083 width=13) (actual time=163.562..163.563 rows=42420 loops=2)"
"                                            Buckets: 131072 (originally 8192)  Batches: 1 (originally 1)  Memory Usage: 5984kB"
"                                            ->  Parallel Seq Scan on boleta mb  (cost=0.00..15625.67 rows=2083 width=13) (actual time=0.038..143.620 rows=42420 loops=2)"
"                                                  Filter: (date_part('MONTH'::text, (fecha)::timestamp without time zone) = '10'::double precision)"
"                                                  Rows Removed by Filter: 457580"
"  ->  Index Scan using index_dni_t on terapista t  (cost=0.00..7.92 rows=1 width=29) (actual time=0.002..0.002 rows=1 loops=166156)"
"        Index Cond: ((dni)::text = (mrf.dni_terapista)::text)"
"        Rows Removed by Index Recheck: 0"
"Planning Time: 1.229 ms"
"Execution Time: 1053.405 ms"

ITERACION 8
"Nested Loop  (cost=73101.78..74737.95 rows=200 width=28) (actual time=567.608..1040.119 rows=166156 loops=1)"
"  ->  Finalize GroupAggregate  (cost=73101.78..73152.45 rows=200 width=17) (actual time=567.577..718.608 rows=166156 loops=1)"
"        Group Key: mrf.dni_terapista"
"        ->  Gather Merge  (cost=73101.78..73148.45 rows=400 width=17) (actual time=567.565..665.681 rows=176099 loops=1)"
"              Workers Planned: 2"
"              Workers Launched: 2"
"              ->  Sort  (cost=72101.76..72102.26 rows=200 width=17) (actual time=542.823..557.823 rows=58700 loops=3)"
"                    Sort Key: mrf.dni_terapista"
"                    Sort Method: external merge  Disk: 2200kB"
"                    Worker 0:  Sort Method: external merge  Disk: 2200kB"
"                    Worker 1:  Sort Method: external merge  Disk: 1472kB"
"                    ->  Partial HashAggregate  (cost=72092.11..72094.11 rows=200 width=17) (actual time=412.953..426.729 rows=58700 loops=3)"
"                          Group Key: mrf.dni_terapista"
"                          ->  Parallel Append  (cost=15651.70..72038.66 rows=10691 width=13) (actual time=166.667..385.604 rows=60914 loops=3)"
"                                ->  Parallel Hash Join  (cost=21920.70..39074.08 rows=2211 width=13) (actual time=77.515..181.005 rows=30468 loops=3)"
"                                      Hash Cond: ((mrf.id_factura)::text = (mf.id_factura)::text)"
"                                      ->  Parallel Seq Scan on realiza_factura mrf  (cost=0.00..15581.67 rows=416667 width=18) (actual time=0.022..31.697 rows=333333 loops=3)"
"                                      ->  Parallel Hash  (cost=21894.67..21894.67 rows=2083 width=13) (actual time=77.443..77.444 rows=28295 loops=3)"
"                                            Buckets: 131072 (originally 8192)  Batches: 1 (originally 1)  Memory Usage: 5984kB"
"                                            ->  Parallel Seq Scan on factura mf  (cost=0.00..21894.67 rows=2083 width=13) (actual time=0.019..205.480 rows=84886 loops=1)"
"                                                  Filter: (date_part('MONTH'::text, (fecha)::timestamp without time zone) = '10'::double precision)"
"                                                  Rows Removed by Filter: 915114"
"                                ->  Parallel Hash Join  (cost=15651.70..32804.21 rows=2243 width=13) (actual time=133.788..301.512 rows=45668 loops=2)"
"                                      Hash Cond: ((mrb.id_boleta)::text = (mb.id_boleta)::text)"
"                                      ->  Parallel Seq Scan on realiza_boleta mrb  (cost=0.00..15580.67 rows=416667 width=18) (actual time=0.029..50.883 rows=500000 loops=2)"
"                                      ->  Parallel Hash  (cost=15625.67..15625.67 rows=2083 width=13) (actual time=133.591..133.592 rows=42420 loops=2)"
"                                            Buckets: 131072 (originally 8192)  Batches: 1 (originally 1)  Memory Usage: 5984kB"
"                                            ->  Parallel Seq Scan on boleta mb  (cost=0.00..15625.67 rows=2083 width=13) (actual time=0.026..115.911 rows=42420 loops=2)"
"                                                  Filter: (date_part('MONTH'::text, (fecha)::timestamp without time zone) = '10'::double precision)"
"                                                  Rows Removed by Filter: 457580"
"  ->  Index Scan using index_dni_t on terapista t  (cost=0.00..7.92 rows=1 width=29) (actual time=0.002..0.002 rows=1 loops=166156)"
"        Index Cond: ((dni)::text = (mrf.dni_terapista)::text)"
"        Rows Removed by Index Recheck: 0"
"Planning Time: 0.473 ms"
"Execution Time: 1046.465 ms"

ITERACION 9
"Nested Loop  (cost=73101.78..74737.95 rows=200 width=28) (actual time=530.756..992.927 rows=166156 loops=1)"
"  ->  Finalize GroupAggregate  (cost=73101.78..73152.45 rows=200 width=17) (actual time=530.737..675.781 rows=166156 loops=1)"
"        Group Key: mrf.dni_terapista"
"        ->  Gather Merge  (cost=73101.78..73148.45 rows=400 width=17) (actual time=530.729..624.449 rows=175802 loops=1)"
"              Workers Planned: 2"
"              Workers Launched: 2"
"              ->  Sort  (cost=72101.76..72102.26 rows=200 width=17) (actual time=503.237..516.543 rows=58601 loops=3)"
"                    Sort Key: mrf.dni_terapista"
"                    Sort Method: external merge  Disk: 2288kB"
"                    Worker 0:  Sort Method: external merge  Disk: 2344kB"
"                    Worker 1:  Sort Method: quicksort  Memory: 3832kB"
"                    ->  Partial HashAggregate  (cost=72092.11..72094.11 rows=200 width=17) (actual time=384.045..394.835 rows=58601 loops=3)"
"                          Group Key: mrf.dni_terapista"
"                          ->  Parallel Append  (cost=15651.70..72038.66 rows=10691 width=13) (actual time=149.946..357.682 rows=60914 loops=3)"
"                                ->  Parallel Hash Join  (cost=21920.70..39074.08 rows=2211 width=13) (actual time=78.601..176.170 rows=30468 loops=3)"
"                                      Hash Cond: ((mrf.id_factura)::text = (mf.id_factura)::text)"
"                                      ->  Parallel Seq Scan on realiza_factura mrf  (cost=0.00..15581.67 rows=416667 width=18) (actual time=0.020..30.329 rows=333333 loops=3)"
"                                      ->  Parallel Hash  (cost=21894.67..21894.67 rows=2083 width=13) (actual time=78.494..78.494 rows=28295 loops=3)"
"                                            Buckets: 131072 (originally 8192)  Batches: 1 (originally 1)  Memory Usage: 5984kB"
"                                            ->  Parallel Seq Scan on factura mf  (cost=0.00..21894.67 rows=2083 width=13) (actual time=0.039..206.982 rows=84886 loops=1)"
"                                                  Filter: (date_part('MONTH'::text, (fecha)::timestamp without time zone) = '10'::double precision)"
"                                                  Rows Removed by Filter: 915114"
"                                ->  Parallel Hash Join  (cost=15651.70..32804.21 rows=2243 width=13) (actual time=107.090..267.228 rows=45668 loops=2)"
"                                      Hash Cond: ((mrb.id_boleta)::text = (mb.id_boleta)::text)"
"                                      ->  Parallel Seq Scan on realiza_boleta mrb  (cost=0.00..15580.67 rows=416667 width=18) (actual time=0.022..48.352 rows=500000 loops=2)"
"                                      ->  Parallel Hash  (cost=15625.67..15625.67 rows=2083 width=13) (actual time=106.853..106.853 rows=42420 loops=2)"
"                                            Buckets: 131072 (originally 8192)  Batches: 1 (originally 1)  Memory Usage: 6016kB"
"                                            ->  Parallel Seq Scan on boleta mb  (cost=0.00..15625.67 rows=2083 width=13) (actual time=0.049..90.777 rows=42420 loops=2)"
"                                                  Filter: (date_part('MONTH'::text, (fecha)::timestamp without time zone) = '10'::double precision)"
"                                                  Rows Removed by Filter: 457580"
"  ->  Index Scan using index_dni_t on terapista t  (cost=0.00..7.92 rows=1 width=29) (actual time=0.002..0.002 rows=1 loops=166156)"
"        Index Cond: ((dni)::text = (mrf.dni_terapista)::text)"
"        Rows Removed by Index Recheck: 0"
"Planning Time: 0.538 ms"
"Execution Time: 998.904 ms"

ITERACION 10
"Nested Loop  (cost=73101.78..74737.95 rows=200 width=28) (actual time=593.837..1062.770 rows=166156 loops=1)"
"  ->  Finalize GroupAggregate  (cost=73101.78..73152.45 rows=200 width=17) (actual time=593.820..740.252 rows=166156 loops=1)"
"        Group Key: mrf.dni_terapista"
"        ->  Gather Merge  (cost=73101.78..73148.45 rows=400 width=17) (actual time=593.810..688.744 rows=175821 loops=1)"
"              Workers Planned: 2"
"              Workers Launched: 2"
"              ->  Sort  (cost=72101.76..72102.26 rows=200 width=17) (actual time=557.941..571.079 rows=58607 loops=3)"
"                    Sort Key: mrf.dni_terapista"
"                    Sort Method: external merge  Disk: 2288kB"
"                    Worker 0:  Sort Method: external merge  Disk: 2328kB"
"                    Worker 1:  Sort Method: quicksort  Memory: 3873kB"
"                    ->  Partial HashAggregate  (cost=72092.11..72094.11 rows=200 width=17) (actual time=442.821..453.983 rows=58607 loops=3)"
"                          Group Key: mrf.dni_terapista"
"                          ->  Parallel Append  (cost=15651.70..72038.66 rows=10691 width=13) (actual time=189.953..414.717 rows=60914 loops=3)"
"                                ->  Parallel Hash Join  (cost=21920.70..39074.08 rows=2211 width=13) (actual time=92.020..200.771 rows=30468 loops=3)"
"                                      Hash Cond: ((mrf.id_factura)::text = (mf.id_factura)::text)"
"                                      ->  Parallel Seq Scan on realiza_factura mrf  (cost=0.00..15581.67 rows=416667 width=18) (actual time=0.023..33.850 rows=333333 loops=3)"
"                                      ->  Parallel Hash  (cost=21894.67..21894.67 rows=2083 width=13) (actual time=91.859..91.860 rows=28295 loops=3)"
"                                            Buckets: 131072 (originally 8192)  Batches: 1 (originally 1)  Memory Usage: 5984kB"
"                                            ->  Parallel Seq Scan on factura mf  (cost=0.00..21894.67 rows=2083 width=13) (actual time=0.123..245.066 rows=84886 loops=1)"
"                                                  Filter: (date_part('MONTH'::text, (fecha)::timestamp without time zone) = '10'::double precision)"
"                                                  Rows Removed by Filter: 915114"
"                                ->  Parallel Hash Join  (cost=15651.70..32804.21 rows=2243 width=13) (actual time=146.952..315.301 rows=45668 loops=2)"
"                                      Hash Cond: ((mrb.id_boleta)::text = (mb.id_boleta)::text)"
"                                      ->  Parallel Seq Scan on realiza_boleta mrb  (cost=0.00..15580.67 rows=416667 width=18) (actual time=0.015..51.116 rows=500000 loops=2)"
"                                      ->  Parallel Hash  (cost=15625.67..15625.67 rows=2083 width=13) (actual time=146.346..146.347 rows=42420 loops=2)"
"                                            Buckets: 131072 (originally 8192)  Batches: 1 (originally 1)  Memory Usage: 5984kB"
"                                            ->  Parallel Seq Scan on boleta mb  (cost=0.00..15625.67 rows=2083 width=13) (actual time=0.108..126.546 rows=42420 loops=2)"
"                                                  Filter: (date_part('MONTH'::text, (fecha)::timestamp without time zone) = '10'::double precision)"
"                                                  Rows Removed by Filter: 457580"
"  ->  Index Scan using index_dni_t on terapista t  (cost=0.00..7.92 rows=1 width=29) (actual time=0.002..0.002 rows=1 loops=166156)"
"        Index Cond: ((dni)::text = (mrf.dni_terapista)::text)"
"        Rows Removed by Index Recheck: 0"
"Planning Time: 2.355 ms"
"Execution Time: 1069.028 ms"